QUATERNIONS MAIN...
HASH STRING: 0912910987_82925_044_[1000;1000;1000;10;float32;10;TTTTTT]
================================================================================================================================================================================================================
EXPERIMENT INFO:
{
  M: 1000,
  N: 1000,
  P: 1000,
  SEED: 0,
  RANGE: 10,
  DTYPE: <class 'numpy.float32'>,
  REPETITIONS: 10,
  NUMPY_SINGLE_THREAD: True,
  QMATMUL_NAIVE_NUMBA_ST: (True, 'qmatmul_naive_numba_st_float32'),
  QMATMUL_NAIVE_NUMBA_PARALLEL: (True, 'qmatmul_naive_numba_parallel_float32'),
  QMATMUL_DIRECT_NUMPY: (True, 'qmatmul_direct_numpy'),
  QMATMUL_ALGO_NUMPY: (True, 'qmatmul_algo_numpy'),
  QMATMUL_DIRECT_NUMBA_CUDA: (True, 'qmatmul_direct_numba_cuda_float32'),
  QMATMUL_ALGO_NUMBA_CUDA: (True, 'qmatmul_algo_numba_cuda_float32')
}
================================================================================================================================================================================================================
CPU AND SYSTEM PROPS:
{
  cpu_name: Intel(R) Core(TM) i7-10700 CPU @ 2.90GHz,
  ram_size: 125.7 GB,
  os_name: Linux 6.8.0-71-generic,
  os_version: #71-Ubuntu SMP PREEMPT_DYNAMIC Tue Jul 22 16:52:38 UTC 2025,
  os_machine: x86_64
}
GPU PROPS:
{
  name: NVIDIA GeForce RTX 3090,
  max_threads_per_block: 1024,
  max_block_dim_x: 1024,
  max_block_dim_y: 1024,
  max_block_dim_z: 64,
  max_grid_dim_x: 2147483647,
  max_grid_dim_y: 65535,
  max_grid_dim_z: 65535,
  max_shared_memory_per_block: 49152,
  async_engine_count: 2,
  can_map_host_memory: 1,
  multiprocessor_count: 82,
  warp_size: 32,
  unified_addressing: 1,
  pci_bus_id: 1,
  pci_device_id: 0,
  compute_capability: (8, 6),
  cores_per_SM: 128,
  cores_total: 10496
}
================================================================================================================================================================================================================
MEMORY INFO:
A: 15.259 MB
B: 15.259 MB
C: 15.259 MB
================================================================================================================================================================================================================
REPETITION: 1/10:
APPROACH 1: QMATMUL_NAIVE_NUMBA_ST...
APPROACH 1: QMATMUL_NAIVE_NUMBA_ST DONE. [time: 74.85044741630554 s, all close: True, d_inf: 0.0, speed-up vs reference: 1.00, reference]
APPROACH 2: QMATMUL_NAIVE_NUMBA_PARALLEL...
APPROACH 2: QMATMUL_NAIVE_NUMBA_PARALLEL DONE. [time: 6.182906866073608 s, all close: True, d_inf: 0.0, speed-up vs reference: 12.11]
APPROACH 3: QMATMUL_DIRECT_NUMPY...
APPROACH 3: QMATMUL_DIRECT_NUMPY DONE. [time: 0.26663994789123535 s, all close: True, d_inf: 0.0146484375, speed-up vs reference: 280.72]
APPROACH 4: QMATMUL_ALGO_NUMPY...
APPROACH 4: QMATMUL_ALGO_NUMPY DONE. [time: 0.18573904037475586 s, all close: True, d_inf: 0.0166015625, speed-up vs reference: 402.99]
APPROACH 5: QMATMUL_DIRECT_NUMBA_CUDA...
APPROACH 5: QMATMUL_DIRECT_NUMBA_CUDA DONE. [time: 0.07379007339477539 s, all close: True, d_inf: 0.03125, speed-up vs reference: 1014.37]
APPROACH 6: QMATMUL_ALGO_NUMBA_CUDA...
APPROACH 6: QMATMUL_ALGO_NUMBA_CUDA DONE. [time: 0.026779890060424805 s, all close: True, d_inf: 0.01904296875, speed-up vs reference: 2795.02]
REPETITION: 2/10:
APPROACH 1: QMATMUL_NAIVE_NUMBA_ST...
APPROACH 1: QMATMUL_NAIVE_NUMBA_ST DONE. [time: 76.77738833427429 s, all close: True, d_inf: 0.0, speed-up vs reference: 0.97]
APPROACH 2: QMATMUL_NAIVE_NUMBA_PARALLEL...
APPROACH 2: QMATMUL_NAIVE_NUMBA_PARALLEL DONE. [time: 5.86297082901001 s, all close: True, d_inf: 0.0, speed-up vs reference: 12.77]
APPROACH 3: QMATMUL_DIRECT_NUMPY...
APPROACH 3: QMATMUL_DIRECT_NUMPY DONE. [time: 0.2680535316467285 s, all close: True, d_inf: 0.0146484375, speed-up vs reference: 279.24]
APPROACH 4: QMATMUL_ALGO_NUMPY...
APPROACH 4: QMATMUL_ALGO_NUMPY DONE. [time: 0.1889495849609375 s, all close: True, d_inf: 0.0166015625, speed-up vs reference: 396.14]
APPROACH 5: QMATMUL_DIRECT_NUMBA_CUDA...
APPROACH 5: QMATMUL_DIRECT_NUMBA_CUDA DONE. [time: 0.058320045471191406 s, all close: True, d_inf: 0.03125, speed-up vs reference: 1283.44]
APPROACH 6: QMATMUL_ALGO_NUMBA_CUDA...
APPROACH 6: QMATMUL_ALGO_NUMBA_CUDA DONE. [time: 0.0264284610748291 s, all close: True, d_inf: 0.01904296875, speed-up vs reference: 2832.19]
REPETITION: 3/10:
APPROACH 1: QMATMUL_NAIVE_NUMBA_ST...
APPROACH 1: QMATMUL_NAIVE_NUMBA_ST DONE. [time: 75.0098352432251 s, all close: True, d_inf: 0.0, speed-up vs reference: 1.00]
APPROACH 2: QMATMUL_NAIVE_NUMBA_PARALLEL...
APPROACH 2: QMATMUL_NAIVE_NUMBA_PARALLEL DONE. [time: 5.934562921524048 s, all close: True, d_inf: 0.0, speed-up vs reference: 12.61]
APPROACH 3: QMATMUL_DIRECT_NUMPY...
APPROACH 3: QMATMUL_DIRECT_NUMPY DONE. [time: 0.2754955291748047 s, all close: True, d_inf: 0.0146484375, speed-up vs reference: 271.69]
APPROACH 4: QMATMUL_ALGO_NUMPY...
APPROACH 4: QMATMUL_ALGO_NUMPY DONE. [time: 0.18596649169921875 s, all close: True, d_inf: 0.0166015625, speed-up vs reference: 402.49]
APPROACH 5: QMATMUL_DIRECT_NUMBA_CUDA...
APPROACH 5: QMATMUL_DIRECT_NUMBA_CUDA DONE. [time: 0.05919766426086426 s, all close: True, d_inf: 0.03125, speed-up vs reference: 1264.42]
APPROACH 6: QMATMUL_ALGO_NUMBA_CUDA...
APPROACH 6: QMATMUL_ALGO_NUMBA_CUDA DONE. [time: 0.027695655822753906 s, all close: True, d_inf: 0.01904296875, speed-up vs reference: 2702.61]
REPETITION: 4/10:
APPROACH 1: QMATMUL_NAIVE_NUMBA_ST...
APPROACH 1: QMATMUL_NAIVE_NUMBA_ST DONE. [time: 75.03017663955688 s, all close: True, d_inf: 0.0, speed-up vs reference: 1.00]
APPROACH 2: QMATMUL_NAIVE_NUMBA_PARALLEL...
APPROACH 2: QMATMUL_NAIVE_NUMBA_PARALLEL DONE. [time: 6.0502095222473145 s, all close: True, d_inf: 0.0, speed-up vs reference: 12.37]
APPROACH 3: QMATMUL_DIRECT_NUMPY...
APPROACH 3: QMATMUL_DIRECT_NUMPY DONE. [time: 0.2674424648284912 s, all close: True, d_inf: 0.0146484375, speed-up vs reference: 279.87]
APPROACH 4: QMATMUL_ALGO_NUMPY...
APPROACH 4: QMATMUL_ALGO_NUMPY DONE. [time: 0.18623971939086914 s, all close: True, d_inf: 0.0166015625, speed-up vs reference: 401.90]
APPROACH 5: QMATMUL_DIRECT_NUMBA_CUDA...
APPROACH 5: QMATMUL_DIRECT_NUMBA_CUDA DONE. [time: 0.05883479118347168 s, all close: True, d_inf: 0.03125, speed-up vs reference: 1272.21]
APPROACH 6: QMATMUL_ALGO_NUMBA_CUDA...
APPROACH 6: QMATMUL_ALGO_NUMBA_CUDA DONE. [time: 0.02648758888244629 s, all close: True, d_inf: 0.01904296875, speed-up vs reference: 2825.87]
REPETITION: 5/10:
APPROACH 1: QMATMUL_NAIVE_NUMBA_ST...
APPROACH 1: QMATMUL_NAIVE_NUMBA_ST DONE. [time: 74.95298171043396 s, all close: True, d_inf: 0.0, speed-up vs reference: 1.00]
APPROACH 2: QMATMUL_NAIVE_NUMBA_PARALLEL...
APPROACH 2: QMATMUL_NAIVE_NUMBA_PARALLEL DONE. [time: 6.201730966567993 s, all close: True, d_inf: 0.0, speed-up vs reference: 12.07]
APPROACH 3: QMATMUL_DIRECT_NUMPY...
APPROACH 3: QMATMUL_DIRECT_NUMPY DONE. [time: 0.2678799629211426 s, all close: True, d_inf: 0.0146484375, speed-up vs reference: 279.42]
APPROACH 4: QMATMUL_ALGO_NUMPY...
APPROACH 4: QMATMUL_ALGO_NUMPY DONE. [time: 0.1889808177947998 s, all close: True, d_inf: 0.0166015625, speed-up vs reference: 396.07]
APPROACH 5: QMATMUL_DIRECT_NUMBA_CUDA...
APPROACH 5: QMATMUL_DIRECT_NUMBA_CUDA DONE. [time: 0.05978655815124512 s, all close: True, d_inf: 0.03125, speed-up vs reference: 1251.96]
APPROACH 6: QMATMUL_ALGO_NUMBA_CUDA...
APPROACH 6: QMATMUL_ALGO_NUMBA_CUDA DONE. [time: 0.02525925636291504 s, all close: True, d_inf: 0.01904296875, speed-up vs reference: 2963.29]
REPETITION: 6/10:
APPROACH 1: QMATMUL_NAIVE_NUMBA_ST...
APPROACH 1: QMATMUL_NAIVE_NUMBA_ST DONE. [time: 78.0984137058258 s, all close: True, d_inf: 0.0, speed-up vs reference: 0.96]
APPROACH 2: QMATMUL_NAIVE_NUMBA_PARALLEL...
APPROACH 2: QMATMUL_NAIVE_NUMBA_PARALLEL DONE. [time: 6.185945987701416 s, all close: True, d_inf: 0.0, speed-up vs reference: 12.10]
APPROACH 3: QMATMUL_DIRECT_NUMPY...
APPROACH 3: QMATMUL_DIRECT_NUMPY DONE. [time: 0.2691774368286133 s, all close: True, d_inf: 0.0146484375, speed-up vs reference: 278.07]
APPROACH 4: QMATMUL_ALGO_NUMPY...
APPROACH 4: QMATMUL_ALGO_NUMPY DONE. [time: 0.18871378898620605 s, all close: True, d_inf: 0.0166015625, speed-up vs reference: 396.63]
APPROACH 5: QMATMUL_DIRECT_NUMBA_CUDA...
APPROACH 5: QMATMUL_DIRECT_NUMBA_CUDA DONE. [time: 0.05961418151855469 s, all close: True, d_inf: 0.03125, speed-up vs reference: 1255.58]
APPROACH 6: QMATMUL_ALGO_NUMBA_CUDA...
APPROACH 6: QMATMUL_ALGO_NUMBA_CUDA DONE. [time: 0.024376869201660156 s, all close: True, d_inf: 0.01904296875, speed-up vs reference: 3070.55]
REPETITION: 7/10:
APPROACH 1: QMATMUL_NAIVE_NUMBA_ST...
APPROACH 1: QMATMUL_NAIVE_NUMBA_ST DONE. [time: 74.94653010368347 s, all close: True, d_inf: 0.0, speed-up vs reference: 1.00]
APPROACH 2: QMATMUL_NAIVE_NUMBA_PARALLEL...
APPROACH 2: QMATMUL_NAIVE_NUMBA_PARALLEL DONE. [time: 6.346156597137451 s, all close: True, d_inf: 0.0, speed-up vs reference: 11.79]
APPROACH 3: QMATMUL_DIRECT_NUMPY...
APPROACH 3: QMATMUL_DIRECT_NUMPY DONE. [time: 0.26874494552612305 s, all close: True, d_inf: 0.0146484375, speed-up vs reference: 278.52]
APPROACH 4: QMATMUL_ALGO_NUMPY...
APPROACH 4: QMATMUL_ALGO_NUMPY DONE. [time: 0.18935680389404297 s, all close: True, d_inf: 0.0166015625, speed-up vs reference: 395.29]
APPROACH 5: QMATMUL_DIRECT_NUMBA_CUDA...
APPROACH 5: QMATMUL_DIRECT_NUMBA_CUDA DONE. [time: 0.06109023094177246 s, all close: True, d_inf: 0.03125, speed-up vs reference: 1225.24]
APPROACH 6: QMATMUL_ALGO_NUMBA_CUDA...
APPROACH 6: QMATMUL_ALGO_NUMBA_CUDA DONE. [time: 0.024511337280273438 s, all close: True, d_inf: 0.01904296875, speed-up vs reference: 3053.71]
REPETITION: 8/10:
APPROACH 1: QMATMUL_NAIVE_NUMBA_ST...
APPROACH 1: QMATMUL_NAIVE_NUMBA_ST DONE. [time: 74.94392585754395 s, all close: True, d_inf: 0.0, speed-up vs reference: 1.00]
APPROACH 2: QMATMUL_NAIVE_NUMBA_PARALLEL...
APPROACH 2: QMATMUL_NAIVE_NUMBA_PARALLEL DONE. [time: 6.501464605331421 s, all close: True, d_inf: 0.0, speed-up vs reference: 11.51]
APPROACH 3: QMATMUL_DIRECT_NUMPY...
APPROACH 3: QMATMUL_DIRECT_NUMPY DONE. [time: 0.26923561096191406 s, all close: True, d_inf: 0.0146484375, speed-up vs reference: 278.01]
APPROACH 4: QMATMUL_ALGO_NUMPY...
APPROACH 4: QMATMUL_ALGO_NUMPY DONE. [time: 0.1859748363494873 s, all close: True, d_inf: 0.0166015625, speed-up vs reference: 402.48]
APPROACH 5: QMATMUL_DIRECT_NUMBA_CUDA...
APPROACH 5: QMATMUL_DIRECT_NUMBA_CUDA DONE. [time: 0.054859161376953125 s, all close: True, d_inf: 0.03125, speed-up vs reference: 1364.41]
APPROACH 6: QMATMUL_ALGO_NUMBA_CUDA...
APPROACH 6: QMATMUL_ALGO_NUMBA_CUDA DONE. [time: 0.030383586883544922 s, all close: True, d_inf: 0.01904296875, speed-up vs reference: 2463.52]
REPETITION: 9/10:
APPROACH 1: QMATMUL_NAIVE_NUMBA_ST...
APPROACH 1: QMATMUL_NAIVE_NUMBA_ST DONE. [time: 74.94108033180237 s, all close: True, d_inf: 0.0, speed-up vs reference: 1.00]
APPROACH 2: QMATMUL_NAIVE_NUMBA_PARALLEL...
APPROACH 2: QMATMUL_NAIVE_NUMBA_PARALLEL DONE. [time: 6.234835624694824 s, all close: True, d_inf: 0.0, speed-up vs reference: 12.01]
APPROACH 3: QMATMUL_DIRECT_NUMPY...
APPROACH 3: QMATMUL_DIRECT_NUMPY DONE. [time: 0.2649965286254883 s, all close: True, d_inf: 0.0146484375, speed-up vs reference: 282.46]
APPROACH 4: QMATMUL_ALGO_NUMPY...
APPROACH 4: QMATMUL_ALGO_NUMPY DONE. [time: 0.18744945526123047 s, all close: True, d_inf: 0.0166015625, speed-up vs reference: 399.31]
APPROACH 5: QMATMUL_DIRECT_NUMBA_CUDA...
APPROACH 5: QMATMUL_DIRECT_NUMBA_CUDA DONE. [time: 0.054891347885131836 s, all close: True, d_inf: 0.03125, speed-up vs reference: 1363.61]
APPROACH 6: QMATMUL_ALGO_NUMBA_CUDA...
APPROACH 6: QMATMUL_ALGO_NUMBA_CUDA DONE. [time: 0.030440807342529297 s, all close: True, d_inf: 0.01904296875, speed-up vs reference: 2458.89]
REPETITION: 10/10:
APPROACH 1: QMATMUL_NAIVE_NUMBA_ST...
APPROACH 1: QMATMUL_NAIVE_NUMBA_ST DONE. [time: 78.0668797492981 s, all close: True, d_inf: 0.0, speed-up vs reference: 0.96]
APPROACH 2: QMATMUL_NAIVE_NUMBA_PARALLEL...
APPROACH 2: QMATMUL_NAIVE_NUMBA_PARALLEL DONE. [time: 6.2815117835998535 s, all close: True, d_inf: 0.0, speed-up vs reference: 11.92]
APPROACH 3: QMATMUL_DIRECT_NUMPY...
APPROACH 3: QMATMUL_DIRECT_NUMPY DONE. [time: 0.26482129096984863 s, all close: True, d_inf: 0.0146484375, speed-up vs reference: 282.65]
APPROACH 4: QMATMUL_ALGO_NUMPY...
APPROACH 4: QMATMUL_ALGO_NUMPY DONE. [time: 0.1864795684814453 s, all close: True, d_inf: 0.0166015625, speed-up vs reference: 401.39]
APPROACH 5: QMATMUL_DIRECT_NUMBA_CUDA...
APPROACH 5: QMATMUL_DIRECT_NUMBA_CUDA DONE. [time: 0.055502891540527344 s, all close: True, d_inf: 0.03125, speed-up vs reference: 1348.59]
APPROACH 6: QMATMUL_ALGO_NUMBA_CUDA...
APPROACH 6: QMATMUL_ALGO_NUMBA_CUDA DONE. [time: 0.03101801872253418 s, all close: True, d_inf: 0.01904296875, speed-up vs reference: 2413.13]
================================================================================================================================================================================================================
SUMMARY:
APPROACH 1: QMATMUL_NAIVE_NUMBA_ST (REFERENCE) -> MEAN TIME: 75.76176590919495, STD: 1.2805160716990127, SPEED-UP: 1.00
APPROACH 2: QMATMUL_NAIVE_NUMBA_PARALLEL -> MEAN TIME: 6.178229570388794, STD: 0.17953724220928988, SPEED-UP: 12.26
APPROACH 3: QMATMUL_DIRECT_NUMPY -> MEAN TIME: 0.26824872493743895, STD: 0.0028343472895215162, SPEED-UP: 282.43
APPROACH 4: QMATMUL_ALGO_NUMPY -> MEAN TIME: 0.1873850107192993, STD: 0.0013962016364822856, SPEED-UP: 404.31
APPROACH 5: QMATMUL_DIRECT_NUMBA_CUDA -> MEAN TIME: 0.05958869457244873, STD: 0.005171379444928363, SPEED-UP: 1271.41
APPROACH 6: QMATMUL_ALGO_NUMBA_CUDA -> MEAN TIME: 0.027338147163391113, STD: 0.0023561601773618526, SPEED-UP: 2771.28
================================================================================================================================================================================================================
QUATERNIONS MAIN DONE. [time: 826.7472848892212 s]
