QUATERNIONS MAIN...
HASH STRING: 1129058578_82804_044_[3000;3000;3000;10;float64;10;TTTTTT]
================================================================================================================================================================================================================
EXPERIMENT INFO:
{
  M: 3000,
  N: 3000,
  P: 3000,
  SEED: 0,
  RANGE: 10,
  DTYPE: <class 'numpy.float64'>,
  REPETITIONS: 10,
  NUMPY_SINGLE_THREAD: True,
  QMATMUL_NAIVE_NUMBA_ST: (True, 'qmatmul_naive_numba_st_float64'),
  QMATMUL_NAIVE_NUMBA_PARALLEL: (True, 'qmatmul_naive_numba_parallel_float64'),
  QMATMUL_DIRECT_NUMPY: (True, 'qmatmul_direct_numpy'),
  QMATMUL_ALGO_NUMPY: (True, 'qmatmul_algo_numpy'),
  QMATMUL_DIRECT_NUMBA_CUDA: (True, 'qmatmul_direct_numba_cuda_float64'),
  QMATMUL_ALGO_NUMBA_CUDA: (True, 'qmatmul_algo_numba_cuda_float64')
}
================================================================================================================================================================================================================
CPU AND SYSTEM PROPS:
{
  cpu_name: Intel(R) Core(TM) i7-10700 CPU @ 2.90GHz,
  ram_size: 125.7 GB,
  os_name: Linux 6.8.0-71-generic,
  os_version: #71-Ubuntu SMP PREEMPT_DYNAMIC Tue Jul 22 16:52:38 UTC 2025,
  os_machine: x86_64
}
GPU PROPS:
{
  name: NVIDIA GeForce RTX 3090,
  max_threads_per_block: 1024,
  max_block_dim_x: 1024,
  max_block_dim_y: 1024,
  max_block_dim_z: 64,
  max_grid_dim_x: 2147483647,
  max_grid_dim_y: 65535,
  max_grid_dim_z: 65535,
  max_shared_memory_per_block: 49152,
  async_engine_count: 2,
  can_map_host_memory: 1,
  multiprocessor_count: 82,
  warp_size: 32,
  unified_addressing: 1,
  pci_bus_id: 1,
  pci_device_id: 0,
  compute_capability: (8, 6),
  cores_per_SM: 128,
  cores_total: 10496
}
================================================================================================================================================================================================================
MEMORY INFO:
A: 274.658 MB
B: 274.658 MB
C: 274.658 MB
================================================================================================================================================================================================================
REPETITION: 1/10:
APPROACH 1: QMATMUL_NAIVE_NUMBA_ST...
APPROACH 1: QMATMUL_NAIVE_NUMBA_ST DONE. [time: 2192.716319322586 s, all close: True, d_inf: 0.0, speed-up vs reference: 1.00, reference]
APPROACH 2: QMATMUL_NAIVE_NUMBA_PARALLEL...
APPROACH 2: QMATMUL_NAIVE_NUMBA_PARALLEL DONE. [time: 196.20841479301453 s, all close: True, d_inf: 0.0, speed-up vs reference: 11.18]
APPROACH 3: QMATMUL_DIRECT_NUMPY...
APPROACH 3: QMATMUL_DIRECT_NUMPY DONE. [time: 13.447309255599976 s, all close: True, d_inf: 9.276845958083868e-11, speed-up vs reference: 163.06]
APPROACH 4: QMATMUL_ALGO_NUMPY...
APPROACH 4: QMATMUL_ALGO_NUMPY DONE. [time: 7.552492380142212 s, all close: True, d_inf: 9.458744898438454e-11, speed-up vs reference: 290.33]
APPROACH 5: QMATMUL_DIRECT_NUMBA_CUDA...
APPROACH 5: QMATMUL_DIRECT_NUMBA_CUDA DONE. [time: 2.430091619491577 s, all close: True, d_inf: 2.128217602148652e-10, speed-up vs reference: 902.32]
APPROACH 6: QMATMUL_ALGO_NUMBA_CUDA...
APPROACH 6: QMATMUL_ALGO_NUMBA_CUDA DONE. [time: 1.2380728721618652 s, all close: True, d_inf: 1.1823431123048067e-10, speed-up vs reference: 1771.07]
REPETITION: 2/10:
APPROACH 1: QMATMUL_NAIVE_NUMBA_ST...
APPROACH 1: QMATMUL_NAIVE_NUMBA_ST DONE. [time: 2049.739993095398 s, all close: True, d_inf: 0.0, speed-up vs reference: 1.07]
APPROACH 2: QMATMUL_NAIVE_NUMBA_PARALLEL...
APPROACH 2: QMATMUL_NAIVE_NUMBA_PARALLEL DONE. [time: 196.08650612831116 s, all close: True, d_inf: 0.0, speed-up vs reference: 11.18]
APPROACH 3: QMATMUL_DIRECT_NUMPY...
APPROACH 3: QMATMUL_DIRECT_NUMPY DONE. [time: 13.448946714401245 s, all close: True, d_inf: 9.276845958083868e-11, speed-up vs reference: 163.04]
APPROACH 4: QMATMUL_ALGO_NUMPY...
APPROACH 4: QMATMUL_ALGO_NUMPY DONE. [time: 7.554492712020874 s, all close: True, d_inf: 9.458744898438454e-11, speed-up vs reference: 290.25]
APPROACH 5: QMATMUL_DIRECT_NUMBA_CUDA...
APPROACH 5: QMATMUL_DIRECT_NUMBA_CUDA DONE. [time: 2.432227849960327 s, all close: True, d_inf: 2.128217602148652e-10, speed-up vs reference: 901.53]
APPROACH 6: QMATMUL_ALGO_NUMBA_CUDA...
APPROACH 6: QMATMUL_ALGO_NUMBA_CUDA DONE. [time: 1.2395386695861816 s, all close: True, d_inf: 1.1823431123048067e-10, speed-up vs reference: 1768.98]
REPETITION: 3/10:
APPROACH 1: QMATMUL_NAIVE_NUMBA_ST...
APPROACH 1: QMATMUL_NAIVE_NUMBA_ST DONE. [time: 2049.6146335601807 s, all close: True, d_inf: 0.0, speed-up vs reference: 1.07]
APPROACH 2: QMATMUL_NAIVE_NUMBA_PARALLEL...
APPROACH 2: QMATMUL_NAIVE_NUMBA_PARALLEL DONE. [time: 195.1392810344696 s, all close: True, d_inf: 0.0, speed-up vs reference: 11.24]
APPROACH 3: QMATMUL_DIRECT_NUMPY...
APPROACH 3: QMATMUL_DIRECT_NUMPY DONE. [time: 13.478161096572876 s, all close: True, d_inf: 9.276845958083868e-11, speed-up vs reference: 162.69]
APPROACH 4: QMATMUL_ALGO_NUMPY...
APPROACH 4: QMATMUL_ALGO_NUMPY DONE. [time: 7.599822282791138 s, all close: True, d_inf: 9.458744898438454e-11, speed-up vs reference: 288.52]
APPROACH 5: QMATMUL_DIRECT_NUMBA_CUDA...
APPROACH 5: QMATMUL_DIRECT_NUMBA_CUDA DONE. [time: 2.42350172996521 s, all close: True, d_inf: 2.128217602148652e-10, speed-up vs reference: 904.77]
APPROACH 6: QMATMUL_ALGO_NUMBA_CUDA...
APPROACH 6: QMATMUL_ALGO_NUMBA_CUDA DONE. [time: 1.243168592453003 s, all close: True, d_inf: 1.1823431123048067e-10, speed-up vs reference: 1763.81]
REPETITION: 4/10:
APPROACH 1: QMATMUL_NAIVE_NUMBA_ST...
APPROACH 1: QMATMUL_NAIVE_NUMBA_ST DONE. [time: 2049.5727384090424 s, all close: True, d_inf: 0.0, speed-up vs reference: 1.07]
APPROACH 2: QMATMUL_NAIVE_NUMBA_PARALLEL...
APPROACH 2: QMATMUL_NAIVE_NUMBA_PARALLEL DONE. [time: 195.09581518173218 s, all close: True, d_inf: 0.0, speed-up vs reference: 11.24]
APPROACH 3: QMATMUL_DIRECT_NUMPY...
APPROACH 3: QMATMUL_DIRECT_NUMPY DONE. [time: 13.48599362373352 s, all close: True, d_inf: 9.276845958083868e-11, speed-up vs reference: 162.59]
APPROACH 4: QMATMUL_ALGO_NUMPY...
APPROACH 4: QMATMUL_ALGO_NUMPY DONE. [time: 7.598652362823486 s, all close: True, d_inf: 9.458744898438454e-11, speed-up vs reference: 288.57]
APPROACH 5: QMATMUL_DIRECT_NUMBA_CUDA...
APPROACH 5: QMATMUL_DIRECT_NUMBA_CUDA DONE. [time: 2.4272077083587646 s, all close: True, d_inf: 2.128217602148652e-10, speed-up vs reference: 903.39]
APPROACH 6: QMATMUL_ALGO_NUMBA_CUDA...
APPROACH 6: QMATMUL_ALGO_NUMBA_CUDA DONE. [time: 1.2380504608154297 s, all close: True, d_inf: 1.1823431123048067e-10, speed-up vs reference: 1771.10]
REPETITION: 5/10:
APPROACH 1: QMATMUL_NAIVE_NUMBA_ST...
APPROACH 1: QMATMUL_NAIVE_NUMBA_ST DONE. [time: 2049.844523191452 s, all close: True, d_inf: 0.0, speed-up vs reference: 1.07]
APPROACH 2: QMATMUL_NAIVE_NUMBA_PARALLEL...
APPROACH 2: QMATMUL_NAIVE_NUMBA_PARALLEL DONE. [time: 194.4849362373352 s, all close: True, d_inf: 0.0, speed-up vs reference: 11.27]
APPROACH 3: QMATMUL_DIRECT_NUMPY...
APPROACH 3: QMATMUL_DIRECT_NUMPY DONE. [time: 13.484294891357422 s, all close: True, d_inf: 9.276845958083868e-11, speed-up vs reference: 162.61]
APPROACH 4: QMATMUL_ALGO_NUMPY...
APPROACH 4: QMATMUL_ALGO_NUMPY DONE. [time: 7.594350099563599 s, all close: True, d_inf: 9.458744898438454e-11, speed-up vs reference: 288.73]
APPROACH 5: QMATMUL_DIRECT_NUMBA_CUDA...
APPROACH 5: QMATMUL_DIRECT_NUMBA_CUDA DONE. [time: 2.421618700027466 s, all close: True, d_inf: 2.128217602148652e-10, speed-up vs reference: 905.48]
APPROACH 6: QMATMUL_ALGO_NUMBA_CUDA...
APPROACH 6: QMATMUL_ALGO_NUMBA_CUDA DONE. [time: 1.2380828857421875 s, all close: True, d_inf: 1.1823431123048067e-10, speed-up vs reference: 1771.06]
REPETITION: 6/10:
APPROACH 1: QMATMUL_NAIVE_NUMBA_ST...
APPROACH 1: QMATMUL_NAIVE_NUMBA_ST DONE. [time: 2137.8913249969482 s, all close: True, d_inf: 0.0, speed-up vs reference: 1.03]
APPROACH 2: QMATMUL_NAIVE_NUMBA_PARALLEL...
APPROACH 2: QMATMUL_NAIVE_NUMBA_PARALLEL DONE. [time: 195.31947112083435 s, all close: True, d_inf: 0.0, speed-up vs reference: 11.23]
APPROACH 3: QMATMUL_DIRECT_NUMPY...
APPROACH 3: QMATMUL_DIRECT_NUMPY DONE. [time: 13.495888710021973 s, all close: True, d_inf: 9.276845958083868e-11, speed-up vs reference: 162.47]
APPROACH 4: QMATMUL_ALGO_NUMPY...
APPROACH 4: QMATMUL_ALGO_NUMPY DONE. [time: 7.5961503982543945 s, all close: True, d_inf: 9.458744898438454e-11, speed-up vs reference: 288.66]
APPROACH 5: QMATMUL_DIRECT_NUMBA_CUDA...
APPROACH 5: QMATMUL_DIRECT_NUMBA_CUDA DONE. [time: 2.4261984825134277 s, all close: True, d_inf: 2.128217602148652e-10, speed-up vs reference: 903.77]
APPROACH 6: QMATMUL_ALGO_NUMBA_CUDA...
APPROACH 6: QMATMUL_ALGO_NUMBA_CUDA DONE. [time: 1.236616849899292 s, all close: True, d_inf: 1.1823431123048067e-10, speed-up vs reference: 1773.16]
REPETITION: 7/10:
APPROACH 1: QMATMUL_NAIVE_NUMBA_ST...
APPROACH 1: QMATMUL_NAIVE_NUMBA_ST DONE. [time: 2059.383470773697 s, all close: True, d_inf: 0.0, speed-up vs reference: 1.06]
APPROACH 2: QMATMUL_NAIVE_NUMBA_PARALLEL...
APPROACH 2: QMATMUL_NAIVE_NUMBA_PARALLEL DONE. [time: 195.71051144599915 s, all close: True, d_inf: 0.0, speed-up vs reference: 11.20]
APPROACH 3: QMATMUL_DIRECT_NUMPY...
APPROACH 3: QMATMUL_DIRECT_NUMPY DONE. [time: 13.483959197998047 s, all close: True, d_inf: 9.276845958083868e-11, speed-up vs reference: 162.62]
APPROACH 4: QMATMUL_ALGO_NUMPY...
APPROACH 4: QMATMUL_ALGO_NUMPY DONE. [time: 7.597384691238403 s, all close: True, d_inf: 9.458744898438454e-11, speed-up vs reference: 288.61]
APPROACH 5: QMATMUL_DIRECT_NUMBA_CUDA...
APPROACH 5: QMATMUL_DIRECT_NUMBA_CUDA DONE. [time: 2.443187713623047 s, all close: True, d_inf: 2.128217602148652e-10, speed-up vs reference: 897.48]
APPROACH 6: QMATMUL_ALGO_NUMBA_CUDA...
APPROACH 6: QMATMUL_ALGO_NUMBA_CUDA DONE. [time: 1.2377862930297852 s, all close: True, d_inf: 1.1823431123048067e-10, speed-up vs reference: 1771.48]
REPETITION: 8/10:
APPROACH 1: QMATMUL_NAIVE_NUMBA_ST...
APPROACH 1: QMATMUL_NAIVE_NUMBA_ST DONE. [time: 2037.3226809501648 s, all close: True, d_inf: 0.0, speed-up vs reference: 1.08]
APPROACH 2: QMATMUL_NAIVE_NUMBA_PARALLEL...
APPROACH 2: QMATMUL_NAIVE_NUMBA_PARALLEL DONE. [time: 195.90323281288147 s, all close: True, d_inf: 0.0, speed-up vs reference: 11.19]
APPROACH 3: QMATMUL_DIRECT_NUMPY...
APPROACH 3: QMATMUL_DIRECT_NUMPY DONE. [time: 13.312313795089722 s, all close: True, d_inf: 9.276845958083868e-11, speed-up vs reference: 164.71]
APPROACH 4: QMATMUL_ALGO_NUMPY...
APPROACH 4: QMATMUL_ALGO_NUMPY DONE. [time: 7.4558892250061035 s, all close: True, d_inf: 9.458744898438454e-11, speed-up vs reference: 294.09]
APPROACH 5: QMATMUL_DIRECT_NUMBA_CUDA...
APPROACH 5: QMATMUL_DIRECT_NUMBA_CUDA DONE. [time: 2.40971040725708 s, all close: True, d_inf: 2.128217602148652e-10, speed-up vs reference: 909.95]
APPROACH 6: QMATMUL_ALGO_NUMBA_CUDA...
APPROACH 6: QMATMUL_ALGO_NUMBA_CUDA DONE. [time: 1.2510223388671875 s, all close: True, d_inf: 1.1823431123048067e-10, speed-up vs reference: 1752.74]
REPETITION: 9/10:
APPROACH 1: QMATMUL_NAIVE_NUMBA_ST...
APPROACH 1: QMATMUL_NAIVE_NUMBA_ST DONE. [time: 2018.8653028011322 s, all close: True, d_inf: 0.0, speed-up vs reference: 1.09]
APPROACH 2: QMATMUL_NAIVE_NUMBA_PARALLEL...
APPROACH 2: QMATMUL_NAIVE_NUMBA_PARALLEL DONE. [time: 195.97387218475342 s, all close: True, d_inf: 0.0, speed-up vs reference: 11.19]
APPROACH 3: QMATMUL_DIRECT_NUMPY...
APPROACH 3: QMATMUL_DIRECT_NUMPY DONE. [time: 13.454001665115356 s, all close: True, d_inf: 9.276845958083868e-11, speed-up vs reference: 162.98]
APPROACH 4: QMATMUL_ALGO_NUMPY...
APPROACH 4: QMATMUL_ALGO_NUMPY DONE. [time: 7.636910676956177 s, all close: True, d_inf: 9.458744898438454e-11, speed-up vs reference: 287.12]
APPROACH 5: QMATMUL_DIRECT_NUMBA_CUDA...
APPROACH 5: QMATMUL_DIRECT_NUMBA_CUDA DONE. [time: 2.405792474746704 s, all close: True, d_inf: 2.128217602148652e-10, speed-up vs reference: 911.43]
APPROACH 6: QMATMUL_ALGO_NUMBA_CUDA...
APPROACH 6: QMATMUL_ALGO_NUMBA_CUDA DONE. [time: 1.2551205158233643 s, all close: True, d_inf: 1.1823431123048067e-10, speed-up vs reference: 1747.02]
REPETITION: 10/10:
APPROACH 1: QMATMUL_NAIVE_NUMBA_ST...
APPROACH 1: QMATMUL_NAIVE_NUMBA_ST DONE. [time: 2049.1354660987854 s, all close: True, d_inf: 0.0, speed-up vs reference: 1.07]
APPROACH 2: QMATMUL_NAIVE_NUMBA_PARALLEL...
APPROACH 2: QMATMUL_NAIVE_NUMBA_PARALLEL DONE. [time: 195.12656712532043 s, all close: True, d_inf: 0.0, speed-up vs reference: 11.24]
APPROACH 3: QMATMUL_DIRECT_NUMPY...
APPROACH 3: QMATMUL_DIRECT_NUMPY DONE. [time: 13.470340490341187 s, all close: True, d_inf: 9.276845958083868e-11, speed-up vs reference: 162.78]
APPROACH 4: QMATMUL_ALGO_NUMPY...
APPROACH 4: QMATMUL_ALGO_NUMPY DONE. [time: 7.602927207946777 s, all close: True, d_inf: 9.458744898438454e-11, speed-up vs reference: 288.40]
APPROACH 5: QMATMUL_DIRECT_NUMBA_CUDA...
APPROACH 5: QMATMUL_DIRECT_NUMBA_CUDA DONE. [time: 2.4088826179504395 s, all close: True, d_inf: 2.128217602148652e-10, speed-up vs reference: 910.26]
APPROACH 6: QMATMUL_ALGO_NUMBA_CUDA...
APPROACH 6: QMATMUL_ALGO_NUMBA_CUDA DONE. [time: 1.257042407989502 s, all close: True, d_inf: 1.1823431123048067e-10, speed-up vs reference: 1744.35]
================================================================================================================================================================================================================
SUMMARY:
APPROACH 1: QMATMUL_NAIVE_NUMBA_ST (REFERENCE) -> MEAN TIME: 2069.408645319939, STD: 50.542240993179085, SPEED-UP: 1.00
APPROACH 2: QMATMUL_NAIVE_NUMBA_PARALLEL -> MEAN TIME: 195.50486080646516, STD: 0.526588270916505, SPEED-UP: 10.58
APPROACH 3: QMATMUL_DIRECT_NUMPY -> MEAN TIME: 13.456120944023132, STD: 0.05054172392318236, SPEED-UP: 153.79
APPROACH 4: QMATMUL_ALGO_NUMPY -> MEAN TIME: 7.578907203674317, STD: 0.04698205730094545, SPEED-UP: 273.05
APPROACH 5: QMATMUL_DIRECT_NUMBA_CUDA -> MEAN TIME: 2.422841930389404, STD: 0.01115726535650118, SPEED-UP: 854.12
APPROACH 6: QMATMUL_ALGO_NUMBA_CUDA -> MEAN TIME: 1.2434501886367797, STD: 0.007478746322123474, SPEED-UP: 1664.25
================================================================================================================================================================================================================
QUATERNIONS MAIN DONE. [time: 22915.85981798172 s]
