QUATERNIONS MAIN...
HASH STRING: 1776170957_75631_044_[3000;3000;3000;10;float32;10;TTTTTT]
================================================================================================================================================================================================================
EXPERIMENT INFO:
{
  M: 3000,
  N: 3000,
  P: 3000,
  SEED: 0,
  RANGE: 10,
  DTYPE: <class 'numpy.float32'>,
  REPETITIONS: 10,
  NUMPY_SINGLE_THREAD: True,
  QMATMUL_NAIVE_NUMBA_ST: (True, 'qmatmul_naive_numba_st_float32'),
  QMATMUL_NAIVE_NUMBA_PARALLEL: (True, 'qmatmul_naive_numba_parallel_float32'),
  QMATMUL_DIRECT_NUMPY: (True, 'qmatmul_direct_numpy'),
  QMATMUL_ALGO_NUMPY: (True, 'qmatmul_algo_numpy'),
  QMATMUL_DIRECT_NUMBA_CUDA: (True, 'qmatmul_direct_numba_cuda_float32'),
  QMATMUL_ALGO_NUMBA_CUDA: (True, 'qmatmul_algo_numba_cuda_float32')
}
================================================================================================================================================================================================================
CPU AND SYSTEM PROPS:
{
  cpu_name: Intel(R) Core(TM) i7-10700 CPU @ 2.90GHz,
  ram_size: 125.7 GB,
  os_name: Linux 6.8.0-71-generic,
  os_version: #71-Ubuntu SMP PREEMPT_DYNAMIC Tue Jul 22 16:52:38 UTC 2025,
  os_machine: x86_64
}
GPU PROPS:
{
  name: NVIDIA GeForce RTX 3090,
  max_threads_per_block: 1024,
  max_block_dim_x: 1024,
  max_block_dim_y: 1024,
  max_block_dim_z: 64,
  max_grid_dim_x: 2147483647,
  max_grid_dim_y: 65535,
  max_grid_dim_z: 65535,
  max_shared_memory_per_block: 49152,
  async_engine_count: 2,
  can_map_host_memory: 1,
  multiprocessor_count: 82,
  warp_size: 32,
  unified_addressing: 1,
  pci_bus_id: 1,
  pci_device_id: 0,
  compute_capability: (8, 6),
  cores_per_SM: 128,
  cores_total: 10496
}
================================================================================================================================================================================================================
MEMORY INFO:
A: 137.329 MB
B: 137.329 MB
C: 137.329 MB
================================================================================================================================================================================================================
REPETITION: 1/10:
APPROACH 1: QMATMUL_NAIVE_NUMBA_ST...
APPROACH 1: QMATMUL_NAIVE_NUMBA_ST DONE. [time: 1994.9542150497437 s, all close: True, d_inf: 0.0, speed-up vs reference: 1.00, reference]
APPROACH 2: QMATMUL_NAIVE_NUMBA_PARALLEL...
APPROACH 2: QMATMUL_NAIVE_NUMBA_PARALLEL DONE. [time: 185.44846367835999 s, all close: True, d_inf: 0.0, speed-up vs reference: 10.76]
APPROACH 3: QMATMUL_DIRECT_NUMPY...
APPROACH 3: QMATMUL_DIRECT_NUMPY DONE. [time: 6.512250661849976 s, all close: True, d_inf: 0.060546875, speed-up vs reference: 306.34]
APPROACH 4: QMATMUL_ALGO_NUMPY...
APPROACH 4: QMATMUL_ALGO_NUMPY DONE. [time: 3.8640801906585693 s, all close: True, d_inf: 0.056640625, speed-up vs reference: 516.28]
APPROACH 5: QMATMUL_DIRECT_NUMBA_CUDA...
APPROACH 5: QMATMUL_DIRECT_NUMBA_CUDA DONE. [time: 1.091552495956421 s, all close: True, d_inf: 0.1171875, speed-up vs reference: 1827.63]
APPROACH 6: QMATMUL_ALGO_NUMBA_CUDA...
APPROACH 6: QMATMUL_ALGO_NUMBA_CUDA DONE. [time: 0.47188544273376465 s, all close: True, d_inf: 0.06640625, speed-up vs reference: 4227.62]
REPETITION: 2/10:
APPROACH 1: QMATMUL_NAIVE_NUMBA_ST...
APPROACH 1: QMATMUL_NAIVE_NUMBA_ST DONE. [time: 2022.1795704364777 s, all close: True, d_inf: 0.0, speed-up vs reference: 0.99]
APPROACH 2: QMATMUL_NAIVE_NUMBA_PARALLEL...
APPROACH 2: QMATMUL_NAIVE_NUMBA_PARALLEL DONE. [time: 185.5391812324524 s, all close: True, d_inf: 0.0, speed-up vs reference: 10.75]
APPROACH 3: QMATMUL_DIRECT_NUMPY...
APPROACH 3: QMATMUL_DIRECT_NUMPY DONE. [time: 6.602346658706665 s, all close: True, d_inf: 0.060546875, speed-up vs reference: 302.16]
APPROACH 4: QMATMUL_ALGO_NUMPY...
APPROACH 4: QMATMUL_ALGO_NUMPY DONE. [time: 3.914536952972412 s, all close: True, d_inf: 0.056640625, speed-up vs reference: 509.63]
APPROACH 5: QMATMUL_DIRECT_NUMBA_CUDA...
APPROACH 5: QMATMUL_DIRECT_NUMBA_CUDA DONE. [time: 1.1019010543823242 s, all close: True, d_inf: 0.1171875, speed-up vs reference: 1810.47]
APPROACH 6: QMATMUL_ALGO_NUMBA_CUDA...
APPROACH 6: QMATMUL_ALGO_NUMBA_CUDA DONE. [time: 0.4728219509124756 s, all close: True, d_inf: 0.06640625, speed-up vs reference: 4219.25]
REPETITION: 3/10:
APPROACH 1: QMATMUL_NAIVE_NUMBA_ST...
APPROACH 1: QMATMUL_NAIVE_NUMBA_ST DONE. [time: 2061.183654308319 s, all close: True, d_inf: 0.0, speed-up vs reference: 0.97]
APPROACH 2: QMATMUL_NAIVE_NUMBA_PARALLEL...
APPROACH 2: QMATMUL_NAIVE_NUMBA_PARALLEL DONE. [time: 185.5830385684967 s, all close: True, d_inf: 0.0, speed-up vs reference: 10.75]
APPROACH 3: QMATMUL_DIRECT_NUMPY...
APPROACH 3: QMATMUL_DIRECT_NUMPY DONE. [time: 6.594820022583008 s, all close: True, d_inf: 0.060546875, speed-up vs reference: 302.50]
APPROACH 4: QMATMUL_ALGO_NUMPY...
APPROACH 4: QMATMUL_ALGO_NUMPY DONE. [time: 3.913098096847534 s, all close: True, d_inf: 0.056640625, speed-up vs reference: 509.81]
APPROACH 5: QMATMUL_DIRECT_NUMBA_CUDA...
APPROACH 5: QMATMUL_DIRECT_NUMBA_CUDA DONE. [time: 1.0881638526916504 s, all close: True, d_inf: 0.1171875, speed-up vs reference: 1833.32]
APPROACH 6: QMATMUL_ALGO_NUMBA_CUDA...
APPROACH 6: QMATMUL_ALGO_NUMBA_CUDA DONE. [time: 0.4716043472290039 s, all close: True, d_inf: 0.06640625, speed-up vs reference: 4230.14]
REPETITION: 4/10:
APPROACH 1: QMATMUL_NAIVE_NUMBA_ST...
APPROACH 1: QMATMUL_NAIVE_NUMBA_ST DONE. [time: 2060.1768820285797 s, all close: True, d_inf: 0.0, speed-up vs reference: 0.97]
APPROACH 2: QMATMUL_NAIVE_NUMBA_PARALLEL...
APPROACH 2: QMATMUL_NAIVE_NUMBA_PARALLEL DONE. [time: 185.0542232990265 s, all close: True, d_inf: 0.0, speed-up vs reference: 10.78]
APPROACH 3: QMATMUL_DIRECT_NUMPY...
APPROACH 3: QMATMUL_DIRECT_NUMPY DONE. [time: 6.602748155593872 s, all close: True, d_inf: 0.060546875, speed-up vs reference: 302.14]
APPROACH 4: QMATMUL_ALGO_NUMPY...
APPROACH 4: QMATMUL_ALGO_NUMPY DONE. [time: 3.926833391189575 s, all close: True, d_inf: 0.056640625, speed-up vs reference: 508.03]
APPROACH 5: QMATMUL_DIRECT_NUMBA_CUDA...
APPROACH 5: QMATMUL_DIRECT_NUMBA_CUDA DONE. [time: 1.0866177082061768 s, all close: True, d_inf: 0.1171875, speed-up vs reference: 1835.93]
APPROACH 6: QMATMUL_ALGO_NUMBA_CUDA...
APPROACH 6: QMATMUL_ALGO_NUMBA_CUDA DONE. [time: 0.4702420234680176 s, all close: True, d_inf: 0.06640625, speed-up vs reference: 4242.40]
REPETITION: 5/10:
APPROACH 1: QMATMUL_NAIVE_NUMBA_ST...
APPROACH 1: QMATMUL_NAIVE_NUMBA_ST DONE. [time: 2036.203714132309 s, all close: True, d_inf: 0.0, speed-up vs reference: 0.98]
APPROACH 2: QMATMUL_NAIVE_NUMBA_PARALLEL...
APPROACH 2: QMATMUL_NAIVE_NUMBA_PARALLEL DONE. [time: 185.3750524520874 s, all close: True, d_inf: 0.0, speed-up vs reference: 10.76]
APPROACH 3: QMATMUL_DIRECT_NUMPY...
APPROACH 3: QMATMUL_DIRECT_NUMPY DONE. [time: 6.531773805618286 s, all close: True, d_inf: 0.060546875, speed-up vs reference: 305.42]
APPROACH 4: QMATMUL_ALGO_NUMPY...
APPROACH 4: QMATMUL_ALGO_NUMPY DONE. [time: 3.8635077476501465 s, all close: True, d_inf: 0.056640625, speed-up vs reference: 516.36]
APPROACH 5: QMATMUL_DIRECT_NUMBA_CUDA...
APPROACH 5: QMATMUL_DIRECT_NUMBA_CUDA DONE. [time: 1.088674545288086 s, all close: True, d_inf: 0.1171875, speed-up vs reference: 1832.46]
APPROACH 6: QMATMUL_ALGO_NUMBA_CUDA...
APPROACH 6: QMATMUL_ALGO_NUMBA_CUDA DONE. [time: 0.4694962501525879 s, all close: True, d_inf: 0.06640625, speed-up vs reference: 4249.14]
REPETITION: 6/10:
APPROACH 1: QMATMUL_NAIVE_NUMBA_ST...
APPROACH 1: QMATMUL_NAIVE_NUMBA_ST DONE. [time: 2033.945855140686 s, all close: True, d_inf: 0.0, speed-up vs reference: 0.98]
APPROACH 2: QMATMUL_NAIVE_NUMBA_PARALLEL...
APPROACH 2: QMATMUL_NAIVE_NUMBA_PARALLEL DONE. [time: 185.70048117637634 s, all close: True, d_inf: 0.0, speed-up vs reference: 10.74]
APPROACH 3: QMATMUL_DIRECT_NUMPY...
APPROACH 3: QMATMUL_DIRECT_NUMPY DONE. [time: 6.519073009490967 s, all close: True, d_inf: 0.060546875, speed-up vs reference: 306.02]
APPROACH 4: QMATMUL_ALGO_NUMPY...
APPROACH 4: QMATMUL_ALGO_NUMPY DONE. [time: 3.8742594718933105 s, all close: True, d_inf: 0.056640625, speed-up vs reference: 514.93]
APPROACH 5: QMATMUL_DIRECT_NUMBA_CUDA...
APPROACH 5: QMATMUL_DIRECT_NUMBA_CUDA DONE. [time: 1.0875680446624756 s, all close: True, d_inf: 0.1171875, speed-up vs reference: 1834.33]
APPROACH 6: QMATMUL_ALGO_NUMBA_CUDA...
APPROACH 6: QMATMUL_ALGO_NUMBA_CUDA DONE. [time: 0.47327375411987305 s, all close: True, d_inf: 0.06640625, speed-up vs reference: 4215.22]
REPETITION: 7/10:
APPROACH 1: QMATMUL_NAIVE_NUMBA_ST...
APPROACH 1: QMATMUL_NAIVE_NUMBA_ST DONE. [time: 2050.3771653175354 s, all close: True, d_inf: 0.0, speed-up vs reference: 0.97]
APPROACH 2: QMATMUL_NAIVE_NUMBA_PARALLEL...
APPROACH 2: QMATMUL_NAIVE_NUMBA_PARALLEL DONE. [time: 185.9773304462433 s, all close: True, d_inf: 0.0, speed-up vs reference: 10.73]
APPROACH 3: QMATMUL_DIRECT_NUMPY...
APPROACH 3: QMATMUL_DIRECT_NUMPY DONE. [time: 6.5126588344573975 s, all close: True, d_inf: 0.060546875, speed-up vs reference: 306.32]
APPROACH 4: QMATMUL_ALGO_NUMPY...
APPROACH 4: QMATMUL_ALGO_NUMPY DONE. [time: 3.862304925918579 s, all close: True, d_inf: 0.056640625, speed-up vs reference: 516.52]
APPROACH 5: QMATMUL_DIRECT_NUMBA_CUDA...
APPROACH 5: QMATMUL_DIRECT_NUMBA_CUDA DONE. [time: 1.0915098190307617 s, all close: True, d_inf: 0.1171875, speed-up vs reference: 1827.70]
APPROACH 6: QMATMUL_ALGO_NUMBA_CUDA...
APPROACH 6: QMATMUL_ALGO_NUMBA_CUDA DONE. [time: 0.4704015254974365 s, all close: True, d_inf: 0.06640625, speed-up vs reference: 4240.96]
REPETITION: 8/10:
APPROACH 1: QMATMUL_NAIVE_NUMBA_ST...
APPROACH 1: QMATMUL_NAIVE_NUMBA_ST DONE. [time: 2046.32839012146 s, all close: True, d_inf: 0.0, speed-up vs reference: 0.97]
APPROACH 2: QMATMUL_NAIVE_NUMBA_PARALLEL...
APPROACH 2: QMATMUL_NAIVE_NUMBA_PARALLEL DONE. [time: 184.92017674446106 s, all close: True, d_inf: 0.0, speed-up vs reference: 10.79]
APPROACH 3: QMATMUL_DIRECT_NUMPY...
APPROACH 3: QMATMUL_DIRECT_NUMPY DONE. [time: 6.601722717285156 s, all close: True, d_inf: 0.060546875, speed-up vs reference: 302.19]
APPROACH 4: QMATMUL_ALGO_NUMPY...
APPROACH 4: QMATMUL_ALGO_NUMPY DONE. [time: 3.9127047061920166 s, all close: True, d_inf: 0.056640625, speed-up vs reference: 509.87]
APPROACH 5: QMATMUL_DIRECT_NUMBA_CUDA...
APPROACH 5: QMATMUL_DIRECT_NUMBA_CUDA DONE. [time: 1.0740602016448975 s, all close: True, d_inf: 0.1171875, speed-up vs reference: 1857.40]
APPROACH 6: QMATMUL_ALGO_NUMBA_CUDA...
APPROACH 6: QMATMUL_ALGO_NUMBA_CUDA DONE. [time: 0.4862802028656006 s, all close: True, d_inf: 0.06640625, speed-up vs reference: 4102.48]
REPETITION: 9/10:
APPROACH 1: QMATMUL_NAIVE_NUMBA_ST...
APPROACH 1: QMATMUL_NAIVE_NUMBA_ST DONE. [time: 2064.2733335494995 s, all close: True, d_inf: 0.0, speed-up vs reference: 0.97]
APPROACH 2: QMATMUL_NAIVE_NUMBA_PARALLEL...
APPROACH 2: QMATMUL_NAIVE_NUMBA_PARALLEL DONE. [time: 184.46063494682312 s, all close: True, d_inf: 0.0, speed-up vs reference: 10.82]
APPROACH 3: QMATMUL_DIRECT_NUMPY...
APPROACH 3: QMATMUL_DIRECT_NUMPY DONE. [time: 6.59672212600708 s, all close: True, d_inf: 0.060546875, speed-up vs reference: 302.42]
APPROACH 4: QMATMUL_ALGO_NUMPY...
APPROACH 4: QMATMUL_ALGO_NUMPY DONE. [time: 3.9125003814697266 s, all close: True, d_inf: 0.056640625, speed-up vs reference: 509.89]
APPROACH 5: QMATMUL_DIRECT_NUMBA_CUDA...
APPROACH 5: QMATMUL_DIRECT_NUMBA_CUDA DONE. [time: 1.071505069732666 s, all close: True, d_inf: 0.1171875, speed-up vs reference: 1861.82]
APPROACH 6: QMATMUL_ALGO_NUMBA_CUDA...
APPROACH 6: QMATMUL_ALGO_NUMBA_CUDA DONE. [time: 0.48501157760620117 s, all close: True, d_inf: 0.06640625, speed-up vs reference: 4113.21]
REPETITION: 10/10:
APPROACH 1: QMATMUL_NAIVE_NUMBA_ST...
APPROACH 1: QMATMUL_NAIVE_NUMBA_ST DONE. [time: 2165.1001529693604 s, all close: True, d_inf: 0.0, speed-up vs reference: 0.92]
APPROACH 2: QMATMUL_NAIVE_NUMBA_PARALLEL...
APPROACH 2: QMATMUL_NAIVE_NUMBA_PARALLEL DONE. [time: 184.7733507156372 s, all close: True, d_inf: 0.0, speed-up vs reference: 10.80]
APPROACH 3: QMATMUL_DIRECT_NUMPY...
APPROACH 3: QMATMUL_DIRECT_NUMPY DONE. [time: 6.601732969284058 s, all close: True, d_inf: 0.060546875, speed-up vs reference: 302.19]
APPROACH 4: QMATMUL_ALGO_NUMPY...
APPROACH 4: QMATMUL_ALGO_NUMPY DONE. [time: 3.9242043495178223 s, all close: True, d_inf: 0.056640625, speed-up vs reference: 508.37]
APPROACH 5: QMATMUL_DIRECT_NUMBA_CUDA...
APPROACH 5: QMATMUL_DIRECT_NUMBA_CUDA DONE. [time: 1.073920488357544 s, all close: True, d_inf: 0.1171875, speed-up vs reference: 1857.64]
APPROACH 6: QMATMUL_ALGO_NUMBA_CUDA...
APPROACH 6: QMATMUL_ALGO_NUMBA_CUDA DONE. [time: 0.4863443374633789 s, all close: True, d_inf: 0.06640625, speed-up vs reference: 4101.94]
================================================================================================================================================================================================================
SUMMARY:
APPROACH 1: QMATMUL_NAIVE_NUMBA_ST (REFERENCE) -> MEAN TIME: 2053.472293305397, STD: 42.22032554739789, SPEED-UP: 1.00
APPROACH 2: QMATMUL_NAIVE_NUMBA_PARALLEL -> MEAN TIME: 185.2831933259964, STD: 0.44360961938442944, SPEED-UP: 11.08
APPROACH 3: QMATMUL_DIRECT_NUMPY -> MEAN TIME: 6.567584896087647, STD: 0.040101912732278984, SPEED-UP: 312.67
APPROACH 4: QMATMUL_ALGO_NUMPY -> MEAN TIME: 3.8968030214309692, STD: 0.02570921531197346, SPEED-UP: 526.96
APPROACH 5: QMATMUL_DIRECT_NUMBA_CUDA -> MEAN TIME: 1.0855473279953003, STD: 0.00908424403197842, SPEED-UP: 1891.65
APPROACH 6: QMATMUL_ALGO_NUMBA_CUDA -> MEAN TIME: 0.475736141204834, STD: 0.006736318985820336, SPEED-UP: 4316.41
================================================================================================================================================================================================================
QUATERNIONS MAIN DONE. [time: 22518.79347872734 s]
