QUATERNIONS MAIN...
HASH STRING: 2454440174_82768_044_[300;300;300;10;float64;10;TTTTTT]
================================================================================================================================================================================================================
EXPERIMENT INFO:
{
  M: 300,
  N: 300,
  P: 300,
  SEED: 0,
  RANGE: 10,
  DTYPE: <class 'numpy.float64'>,
  REPETITIONS: 10,
  NUMPY_SINGLE_THREAD: True,
  QMATMUL_NAIVE_NUMBA_ST: (True, 'qmatmul_naive_numba_st_float64'),
  QMATMUL_NAIVE_NUMBA_PARALLEL: (True, 'qmatmul_naive_numba_parallel_float64'),
  QMATMUL_DIRECT_NUMPY: (True, 'qmatmul_direct_numpy'),
  QMATMUL_ALGO_NUMPY: (True, 'qmatmul_algo_numpy'),
  QMATMUL_DIRECT_NUMBA_CUDA: (True, 'qmatmul_direct_numba_cuda_float64'),
  QMATMUL_ALGO_NUMBA_CUDA: (True, 'qmatmul_algo_numba_cuda_float64')
}
================================================================================================================================================================================================================
CPU AND SYSTEM PROPS:
{
  cpu_name: Intel(R) Core(TM) i7-10700 CPU @ 2.90GHz,
  ram_size: 125.7 GB,
  os_name: Linux 6.8.0-71-generic,
  os_version: #71-Ubuntu SMP PREEMPT_DYNAMIC Tue Jul 22 16:52:38 UTC 2025,
  os_machine: x86_64
}
GPU PROPS:
{
  name: NVIDIA GeForce RTX 3090,
  max_threads_per_block: 1024,
  max_block_dim_x: 1024,
  max_block_dim_y: 1024,
  max_block_dim_z: 64,
  max_grid_dim_x: 2147483647,
  max_grid_dim_y: 65535,
  max_grid_dim_z: 65535,
  max_shared_memory_per_block: 49152,
  async_engine_count: 2,
  can_map_host_memory: 1,
  multiprocessor_count: 82,
  warp_size: 32,
  unified_addressing: 1,
  pci_bus_id: 1,
  pci_device_id: 0,
  compute_capability: (8, 6),
  cores_per_SM: 128,
  cores_total: 10496
}
================================================================================================================================================================================================================
MEMORY INFO:
A: 2.747 MB
B: 2.747 MB
C: 2.747 MB
================================================================================================================================================================================================================
REPETITION: 1/10:
APPROACH 1: QMATMUL_NAIVE_NUMBA_ST...
APPROACH 1: QMATMUL_NAIVE_NUMBA_ST DONE. [time: 2.0063772201538086 s, all close: True, d_inf: 0.0, speed-up vs reference: 1.00, reference]
APPROACH 2: QMATMUL_NAIVE_NUMBA_PARALLEL...
APPROACH 2: QMATMUL_NAIVE_NUMBA_PARALLEL DONE. [time: 0.15659523010253906 s, all close: True, d_inf: 0.0, speed-up vs reference: 12.81]
APPROACH 3: QMATMUL_DIRECT_NUMPY...
APPROACH 3: QMATMUL_DIRECT_NUMPY DONE. [time: 0.017705678939819336 s, all close: True, d_inf: 7.275957614183426e-12, speed-up vs reference: 113.32]
APPROACH 4: QMATMUL_ALGO_NUMPY...
APPROACH 4: QMATMUL_ALGO_NUMPY DONE. [time: 0.016195058822631836 s, all close: True, d_inf: 7.275957614183426e-12, speed-up vs reference: 123.89]
APPROACH 5: QMATMUL_DIRECT_NUMBA_CUDA...
APPROACH 5: QMATMUL_DIRECT_NUMBA_CUDA DONE. [time: 0.006191730499267578 s, all close: True, d_inf: 1.546140993013978e-11, speed-up vs reference: 324.04]
APPROACH 6: QMATMUL_ALGO_NUMBA_CUDA...
APPROACH 6: QMATMUL_ALGO_NUMBA_CUDA DONE. [time: 0.00683903694152832 s, all close: True, d_inf: 8.185452315956354e-12, speed-up vs reference: 293.37]
REPETITION: 2/10:
APPROACH 1: QMATMUL_NAIVE_NUMBA_ST...
APPROACH 1: QMATMUL_NAIVE_NUMBA_ST DONE. [time: 2.028306484222412 s, all close: True, d_inf: 0.0, speed-up vs reference: 0.99]
APPROACH 2: QMATMUL_NAIVE_NUMBA_PARALLEL...
APPROACH 2: QMATMUL_NAIVE_NUMBA_PARALLEL DONE. [time: 0.1686873435974121 s, all close: True, d_inf: 0.0, speed-up vs reference: 11.89]
APPROACH 3: QMATMUL_DIRECT_NUMPY...
APPROACH 3: QMATMUL_DIRECT_NUMPY DONE. [time: 0.017513513565063477 s, all close: True, d_inf: 7.275957614183426e-12, speed-up vs reference: 114.56]
APPROACH 4: QMATMUL_ALGO_NUMPY...
APPROACH 4: QMATMUL_ALGO_NUMPY DONE. [time: 0.013661861419677734 s, all close: True, d_inf: 7.275957614183426e-12, speed-up vs reference: 146.86]
APPROACH 5: QMATMUL_DIRECT_NUMBA_CUDA...
APPROACH 5: QMATMUL_DIRECT_NUMBA_CUDA DONE. [time: 0.0066721439361572266 s, all close: True, d_inf: 1.546140993013978e-11, speed-up vs reference: 300.71]
APPROACH 6: QMATMUL_ALGO_NUMBA_CUDA...
APPROACH 6: QMATMUL_ALGO_NUMBA_CUDA DONE. [time: 0.006537199020385742 s, all close: True, d_inf: 8.185452315956354e-12, speed-up vs reference: 306.92]
REPETITION: 3/10:
APPROACH 1: QMATMUL_NAIVE_NUMBA_ST...
APPROACH 1: QMATMUL_NAIVE_NUMBA_ST DONE. [time: 2.0275044441223145 s, all close: True, d_inf: 0.0, speed-up vs reference: 0.99]
APPROACH 2: QMATMUL_NAIVE_NUMBA_PARALLEL...
APPROACH 2: QMATMUL_NAIVE_NUMBA_PARALLEL DONE. [time: 0.16090846061706543 s, all close: True, d_inf: 0.0, speed-up vs reference: 12.47]
APPROACH 3: QMATMUL_DIRECT_NUMPY...
APPROACH 3: QMATMUL_DIRECT_NUMPY DONE. [time: 0.01743769645690918 s, all close: True, d_inf: 7.275957614183426e-12, speed-up vs reference: 115.06]
APPROACH 4: QMATMUL_ALGO_NUMPY...
APPROACH 4: QMATMUL_ALGO_NUMPY DONE. [time: 0.013614416122436523 s, all close: True, d_inf: 7.275957614183426e-12, speed-up vs reference: 147.37]
APPROACH 5: QMATMUL_DIRECT_NUMBA_CUDA...
APPROACH 5: QMATMUL_DIRECT_NUMBA_CUDA DONE. [time: 0.0067064762115478516 s, all close: True, d_inf: 1.546140993013978e-11, speed-up vs reference: 299.17]
APPROACH 6: QMATMUL_ALGO_NUMBA_CUDA...
APPROACH 6: QMATMUL_ALGO_NUMBA_CUDA DONE. [time: 0.006476640701293945 s, all close: True, d_inf: 8.185452315956354e-12, speed-up vs reference: 309.79]
REPETITION: 4/10:
APPROACH 1: QMATMUL_NAIVE_NUMBA_ST...
APPROACH 1: QMATMUL_NAIVE_NUMBA_ST DONE. [time: 2.034585952758789 s, all close: True, d_inf: 0.0, speed-up vs reference: 0.99]
APPROACH 2: QMATMUL_NAIVE_NUMBA_PARALLEL...
APPROACH 2: QMATMUL_NAIVE_NUMBA_PARALLEL DONE. [time: 0.15720534324645996 s, all close: True, d_inf: 0.0, speed-up vs reference: 12.76]
APPROACH 3: QMATMUL_DIRECT_NUMPY...
APPROACH 3: QMATMUL_DIRECT_NUMPY DONE. [time: 0.017420291900634766 s, all close: True, d_inf: 7.275957614183426e-12, speed-up vs reference: 115.17]
APPROACH 4: QMATMUL_ALGO_NUMPY...
APPROACH 4: QMATMUL_ALGO_NUMPY DONE. [time: 0.013634920120239258 s, all close: True, d_inf: 7.275957614183426e-12, speed-up vs reference: 147.15]
APPROACH 5: QMATMUL_DIRECT_NUMBA_CUDA...
APPROACH 5: QMATMUL_DIRECT_NUMBA_CUDA DONE. [time: 0.00686335563659668 s, all close: True, d_inf: 1.546140993013978e-11, speed-up vs reference: 292.33]
APPROACH 6: QMATMUL_ALGO_NUMBA_CUDA...
APPROACH 6: QMATMUL_ALGO_NUMBA_CUDA DONE. [time: 0.006811857223510742 s, all close: True, d_inf: 8.185452315956354e-12, speed-up vs reference: 294.54]
REPETITION: 5/10:
APPROACH 1: QMATMUL_NAIVE_NUMBA_ST...
APPROACH 1: QMATMUL_NAIVE_NUMBA_ST DONE. [time: 2.0298914909362793 s, all close: True, d_inf: 0.0, speed-up vs reference: 0.99]
APPROACH 2: QMATMUL_NAIVE_NUMBA_PARALLEL...
APPROACH 2: QMATMUL_NAIVE_NUMBA_PARALLEL DONE. [time: 0.15716910362243652 s, all close: True, d_inf: 0.0, speed-up vs reference: 12.77]
APPROACH 3: QMATMUL_DIRECT_NUMPY...
APPROACH 3: QMATMUL_DIRECT_NUMPY DONE. [time: 0.01735234260559082 s, all close: True, d_inf: 7.275957614183426e-12, speed-up vs reference: 115.63]
APPROACH 4: QMATMUL_ALGO_NUMPY...
APPROACH 4: QMATMUL_ALGO_NUMPY DONE. [time: 0.013538599014282227 s, all close: True, d_inf: 7.275957614183426e-12, speed-up vs reference: 148.20]
APPROACH 5: QMATMUL_DIRECT_NUMBA_CUDA...
APPROACH 5: QMATMUL_DIRECT_NUMBA_CUDA DONE. [time: 0.006705045700073242 s, all close: True, d_inf: 1.546140993013978e-11, speed-up vs reference: 299.23]
APPROACH 6: QMATMUL_ALGO_NUMBA_CUDA...
APPROACH 6: QMATMUL_ALGO_NUMBA_CUDA DONE. [time: 0.006325483322143555 s, all close: True, d_inf: 8.185452315956354e-12, speed-up vs reference: 317.19]
REPETITION: 6/10:
APPROACH 1: QMATMUL_NAIVE_NUMBA_ST...
APPROACH 1: QMATMUL_NAIVE_NUMBA_ST DONE. [time: 2.0293469429016113 s, all close: True, d_inf: 0.0, speed-up vs reference: 0.99]
APPROACH 2: QMATMUL_NAIVE_NUMBA_PARALLEL...
APPROACH 2: QMATMUL_NAIVE_NUMBA_PARALLEL DONE. [time: 0.17356491088867188 s, all close: True, d_inf: 0.0, speed-up vs reference: 11.56]
APPROACH 3: QMATMUL_DIRECT_NUMPY...
APPROACH 3: QMATMUL_DIRECT_NUMPY DONE. [time: 0.017450332641601562 s, all close: True, d_inf: 7.275957614183426e-12, speed-up vs reference: 114.98]
APPROACH 4: QMATMUL_ALGO_NUMPY...
APPROACH 4: QMATMUL_ALGO_NUMPY DONE. [time: 0.013617277145385742 s, all close: True, d_inf: 7.275957614183426e-12, speed-up vs reference: 147.34]
APPROACH 5: QMATMUL_DIRECT_NUMBA_CUDA...
APPROACH 5: QMATMUL_DIRECT_NUMBA_CUDA DONE. [time: 0.007075071334838867 s, all close: True, d_inf: 1.546140993013978e-11, speed-up vs reference: 283.58]
APPROACH 6: QMATMUL_ALGO_NUMBA_CUDA...
APPROACH 6: QMATMUL_ALGO_NUMBA_CUDA DONE. [time: 0.00612187385559082 s, all close: True, d_inf: 8.185452315956354e-12, speed-up vs reference: 327.74]
REPETITION: 7/10:
APPROACH 1: QMATMUL_NAIVE_NUMBA_ST...
APPROACH 1: QMATMUL_NAIVE_NUMBA_ST DONE. [time: 2.029801845550537 s, all close: True, d_inf: 0.0, speed-up vs reference: 0.99]
APPROACH 2: QMATMUL_NAIVE_NUMBA_PARALLEL...
APPROACH 2: QMATMUL_NAIVE_NUMBA_PARALLEL DONE. [time: 0.18845105171203613 s, all close: True, d_inf: 0.0, speed-up vs reference: 10.65]
APPROACH 3: QMATMUL_DIRECT_NUMPY...
APPROACH 3: QMATMUL_DIRECT_NUMPY DONE. [time: 0.017416000366210938 s, all close: True, d_inf: 7.275957614183426e-12, speed-up vs reference: 115.20]
APPROACH 4: QMATMUL_ALGO_NUMPY...
APPROACH 4: QMATMUL_ALGO_NUMPY DONE. [time: 0.013324499130249023 s, all close: True, d_inf: 7.275957614183426e-12, speed-up vs reference: 150.58]
APPROACH 5: QMATMUL_DIRECT_NUMBA_CUDA...
APPROACH 5: QMATMUL_DIRECT_NUMBA_CUDA DONE. [time: 0.007170915603637695 s, all close: True, d_inf: 1.546140993013978e-11, speed-up vs reference: 279.79]
APPROACH 6: QMATMUL_ALGO_NUMBA_CUDA...
APPROACH 6: QMATMUL_ALGO_NUMBA_CUDA DONE. [time: 0.0061948299407958984 s, all close: True, d_inf: 8.185452315956354e-12, speed-up vs reference: 323.88]
REPETITION: 8/10:
APPROACH 1: QMATMUL_NAIVE_NUMBA_ST...
APPROACH 1: QMATMUL_NAIVE_NUMBA_ST DONE. [time: 2.029869318008423 s, all close: True, d_inf: 0.0, speed-up vs reference: 0.99]
APPROACH 2: QMATMUL_NAIVE_NUMBA_PARALLEL...
APPROACH 2: QMATMUL_NAIVE_NUMBA_PARALLEL DONE. [time: 0.15720677375793457 s, all close: True, d_inf: 0.0, speed-up vs reference: 12.76]
APPROACH 3: QMATMUL_DIRECT_NUMPY...
APPROACH 3: QMATMUL_DIRECT_NUMPY DONE. [time: 0.017398357391357422 s, all close: True, d_inf: 7.275957614183426e-12, speed-up vs reference: 115.32]
APPROACH 4: QMATMUL_ALGO_NUMPY...
APPROACH 4: QMATMUL_ALGO_NUMPY DONE. [time: 0.013465166091918945 s, all close: True, d_inf: 7.275957614183426e-12, speed-up vs reference: 149.01]
APPROACH 5: QMATMUL_DIRECT_NUMBA_CUDA...
APPROACH 5: QMATMUL_DIRECT_NUMBA_CUDA DONE. [time: 0.006825685501098633 s, all close: True, d_inf: 1.546140993013978e-11, speed-up vs reference: 293.95]
APPROACH 6: QMATMUL_ALGO_NUMBA_CUDA...
APPROACH 6: QMATMUL_ALGO_NUMBA_CUDA DONE. [time: 0.00785064697265625 s, all close: True, d_inf: 8.185452315956354e-12, speed-up vs reference: 255.57]
REPETITION: 9/10:
APPROACH 1: QMATMUL_NAIVE_NUMBA_ST...
APPROACH 1: QMATMUL_NAIVE_NUMBA_ST DONE. [time: 2.0304532051086426 s, all close: True, d_inf: 0.0, speed-up vs reference: 0.99]
APPROACH 2: QMATMUL_NAIVE_NUMBA_PARALLEL...
APPROACH 2: QMATMUL_NAIVE_NUMBA_PARALLEL DONE. [time: 0.17204928398132324 s, all close: True, d_inf: 0.0, speed-up vs reference: 11.66]
APPROACH 3: QMATMUL_DIRECT_NUMPY...
APPROACH 3: QMATMUL_DIRECT_NUMPY DONE. [time: 0.017542362213134766 s, all close: True, d_inf: 7.275957614183426e-12, speed-up vs reference: 114.37]
APPROACH 4: QMATMUL_ALGO_NUMPY...
APPROACH 4: QMATMUL_ALGO_NUMPY DONE. [time: 0.013794422149658203 s, all close: True, d_inf: 7.275957614183426e-12, speed-up vs reference: 145.45]
APPROACH 5: QMATMUL_DIRECT_NUMBA_CUDA...
APPROACH 5: QMATMUL_DIRECT_NUMBA_CUDA DONE. [time: 0.007905721664428711 s, all close: True, d_inf: 1.546140993013978e-11, speed-up vs reference: 253.79]
APPROACH 6: QMATMUL_ALGO_NUMBA_CUDA...
APPROACH 6: QMATMUL_ALGO_NUMBA_CUDA DONE. [time: 0.008081436157226562 s, all close: True, d_inf: 8.185452315956354e-12, speed-up vs reference: 248.27]
REPETITION: 10/10:
APPROACH 1: QMATMUL_NAIVE_NUMBA_ST...
APPROACH 1: QMATMUL_NAIVE_NUMBA_ST DONE. [time: 2.03102707862854 s, all close: True, d_inf: 0.0, speed-up vs reference: 0.99]
APPROACH 2: QMATMUL_NAIVE_NUMBA_PARALLEL...
APPROACH 2: QMATMUL_NAIVE_NUMBA_PARALLEL DONE. [time: 0.15770363807678223 s, all close: True, d_inf: 0.0, speed-up vs reference: 12.72]
APPROACH 3: QMATMUL_DIRECT_NUMPY...
APPROACH 3: QMATMUL_DIRECT_NUMPY DONE. [time: 0.017444372177124023 s, all close: True, d_inf: 7.275957614183426e-12, speed-up vs reference: 115.02]
APPROACH 4: QMATMUL_ALGO_NUMPY...
APPROACH 4: QMATMUL_ALGO_NUMPY DONE. [time: 0.013727188110351562 s, all close: True, d_inf: 7.275957614183426e-12, speed-up vs reference: 146.16]
APPROACH 5: QMATMUL_DIRECT_NUMBA_CUDA...
APPROACH 5: QMATMUL_DIRECT_NUMBA_CUDA DONE. [time: 0.0056574344635009766 s, all close: True, d_inf: 1.546140993013978e-11, speed-up vs reference: 354.64]
APPROACH 6: QMATMUL_ALGO_NUMBA_CUDA...
APPROACH 6: QMATMUL_ALGO_NUMBA_CUDA DONE. [time: 0.008316755294799805 s, all close: True, d_inf: 8.185452315956354e-12, speed-up vs reference: 241.25]
================================================================================================================================================================================================================
SUMMARY:
APPROACH 1: QMATMUL_NAIVE_NUMBA_ST (REFERENCE) -> MEAN TIME: 2.0277163982391357, STD: 0.007333273493549602, SPEED-UP: 1.00
APPROACH 2: QMATMUL_NAIVE_NUMBA_PARALLEL -> MEAN TIME: 0.1649541139602661, STD: 0.010049920960919985, SPEED-UP: 12.29
APPROACH 3: QMATMUL_DIRECT_NUMPY -> MEAN TIME: 0.01746809482574463, STD: 9.438637435102102e-05, SPEED-UP: 116.08
APPROACH 4: QMATMUL_ALGO_NUMPY -> MEAN TIME: 0.013857340812683106, STD: 0.0007892697706942638, SPEED-UP: 146.33
APPROACH 5: QMATMUL_DIRECT_NUMBA_CUDA -> MEAN TIME: 0.006777358055114746, STD: 0.0005608001524867216, SPEED-UP: 299.19
APPROACH 6: QMATMUL_ALGO_NUMBA_CUDA -> MEAN TIME: 0.006955575942993164, STD: 0.000776594333192811, SPEED-UP: 291.52
================================================================================================================================================================================================================
QUATERNIONS MAIN DONE. [time: 23.591002464294434 s]
