QUATERNIONS MAIN...
HASH STRING: 3101552553_75595_044_[300;300;300;10;float32;10;TTTTTT]
================================================================================================================================================================================================================
EXPERIMENT INFO:
{
  M: 300,
  N: 300,
  P: 300,
  SEED: 0,
  RANGE: 10,
  DTYPE: <class 'numpy.float32'>,
  REPETITIONS: 10,
  NUMPY_SINGLE_THREAD: True,
  QMATMUL_NAIVE_NUMBA_ST: (True, 'qmatmul_naive_numba_st_float32'),
  QMATMUL_NAIVE_NUMBA_PARALLEL: (True, 'qmatmul_naive_numba_parallel_float32'),
  QMATMUL_DIRECT_NUMPY: (True, 'qmatmul_direct_numpy'),
  QMATMUL_ALGO_NUMPY: (True, 'qmatmul_algo_numpy'),
  QMATMUL_DIRECT_NUMBA_CUDA: (True, 'qmatmul_direct_numba_cuda_float32'),
  QMATMUL_ALGO_NUMBA_CUDA: (True, 'qmatmul_algo_numba_cuda_float32')
}
================================================================================================================================================================================================================
CPU AND SYSTEM PROPS:
{
  cpu_name: Intel(R) Core(TM) i7-10700 CPU @ 2.90GHz,
  ram_size: 125.7 GB,
  os_name: Linux 6.8.0-71-generic,
  os_version: #71-Ubuntu SMP PREEMPT_DYNAMIC Tue Jul 22 16:52:38 UTC 2025,
  os_machine: x86_64
}
GPU PROPS:
{
  name: NVIDIA GeForce RTX 3090,
  max_threads_per_block: 1024,
  max_block_dim_x: 1024,
  max_block_dim_y: 1024,
  max_block_dim_z: 64,
  max_grid_dim_x: 2147483647,
  max_grid_dim_y: 65535,
  max_grid_dim_z: 65535,
  max_shared_memory_per_block: 49152,
  async_engine_count: 2,
  can_map_host_memory: 1,
  multiprocessor_count: 82,
  warp_size: 32,
  unified_addressing: 1,
  pci_bus_id: 1,
  pci_device_id: 0,
  compute_capability: (8, 6),
  cores_per_SM: 128,
  cores_total: 10496
}
================================================================================================================================================================================================================
MEMORY INFO:
A: 1.373 MB
B: 1.373 MB
C: 1.373 MB
================================================================================================================================================================================================================
REPETITION: 1/10:
APPROACH 1: QMATMUL_NAIVE_NUMBA_ST...
APPROACH 1: QMATMUL_NAIVE_NUMBA_ST DONE. [time: 1.9987616539001465 s, all close: True, d_inf: 0.0, speed-up vs reference: 1.00, reference]
APPROACH 2: QMATMUL_NAIVE_NUMBA_PARALLEL...
APPROACH 2: QMATMUL_NAIVE_NUMBA_PARALLEL DONE. [time: 0.15236544609069824 s, all close: True, d_inf: 0.0, speed-up vs reference: 13.12]
APPROACH 3: QMATMUL_DIRECT_NUMPY...
APPROACH 3: QMATMUL_DIRECT_NUMPY DONE. [time: 0.009456157684326172 s, all close: True, d_inf: 0.004638671875, speed-up vs reference: 211.37]
APPROACH 4: QMATMUL_ALGO_NUMPY...
APPROACH 4: QMATMUL_ALGO_NUMPY DONE. [time: 0.009699344635009766 s, all close: True, d_inf: 0.005859375, speed-up vs reference: 206.07]
APPROACH 5: QMATMUL_DIRECT_NUMBA_CUDA...
APPROACH 5: QMATMUL_DIRECT_NUMBA_CUDA DONE. [time: 0.0040700435638427734 s, all close: True, d_inf: 0.0087890625, speed-up vs reference: 491.09]
APPROACH 6: QMATMUL_ALGO_NUMBA_CUDA...
APPROACH 6: QMATMUL_ALGO_NUMBA_CUDA DONE. [time: 0.004487514495849609 s, all close: True, d_inf: 0.005859375, speed-up vs reference: 445.41]
REPETITION: 2/10:
APPROACH 1: QMATMUL_NAIVE_NUMBA_ST...
APPROACH 1: QMATMUL_NAIVE_NUMBA_ST DONE. [time: 2.002635955810547 s, all close: True, d_inf: 0.0, speed-up vs reference: 1.00]
APPROACH 2: QMATMUL_NAIVE_NUMBA_PARALLEL...
APPROACH 2: QMATMUL_NAIVE_NUMBA_PARALLEL DONE. [time: 0.1839280128479004 s, all close: True, d_inf: 0.0, speed-up vs reference: 10.87]
APPROACH 3: QMATMUL_DIRECT_NUMPY...
APPROACH 3: QMATMUL_DIRECT_NUMPY DONE. [time: 0.009403705596923828 s, all close: True, d_inf: 0.004638671875, speed-up vs reference: 212.55]
APPROACH 4: QMATMUL_ALGO_NUMPY...
APPROACH 4: QMATMUL_ALGO_NUMPY DONE. [time: 0.008650064468383789 s, all close: True, d_inf: 0.005859375, speed-up vs reference: 231.07]
APPROACH 5: QMATMUL_DIRECT_NUMBA_CUDA...
APPROACH 5: QMATMUL_DIRECT_NUMBA_CUDA DONE. [time: 0.00424647331237793 s, all close: True, d_inf: 0.0087890625, speed-up vs reference: 470.69]
APPROACH 6: QMATMUL_ALGO_NUMBA_CUDA...
APPROACH 6: QMATMUL_ALGO_NUMBA_CUDA DONE. [time: 0.004621267318725586 s, all close: True, d_inf: 0.005859375, speed-up vs reference: 432.51]
REPETITION: 3/10:
APPROACH 1: QMATMUL_NAIVE_NUMBA_ST...
APPROACH 1: QMATMUL_NAIVE_NUMBA_ST DONE. [time: 1.9923219680786133 s, all close: True, d_inf: 0.0, speed-up vs reference: 1.00]
APPROACH 2: QMATMUL_NAIVE_NUMBA_PARALLEL...
APPROACH 2: QMATMUL_NAIVE_NUMBA_PARALLEL DONE. [time: 0.15675044059753418 s, all close: True, d_inf: 0.0, speed-up vs reference: 12.75]
APPROACH 3: QMATMUL_DIRECT_NUMPY...
APPROACH 3: QMATMUL_DIRECT_NUMPY DONE. [time: 0.009520530700683594 s, all close: True, d_inf: 0.004638671875, speed-up vs reference: 209.94]
APPROACH 4: QMATMUL_ALGO_NUMPY...
APPROACH 4: QMATMUL_ALGO_NUMPY DONE. [time: 0.008597135543823242 s, all close: True, d_inf: 0.005859375, speed-up vs reference: 232.49]
APPROACH 5: QMATMUL_DIRECT_NUMBA_CUDA...
APPROACH 5: QMATMUL_DIRECT_NUMBA_CUDA DONE. [time: 0.004231691360473633 s, all close: True, d_inf: 0.0087890625, speed-up vs reference: 472.33]
APPROACH 6: QMATMUL_ALGO_NUMBA_CUDA...
APPROACH 6: QMATMUL_ALGO_NUMBA_CUDA DONE. [time: 0.004492759704589844 s, all close: True, d_inf: 0.005859375, speed-up vs reference: 444.89]
REPETITION: 4/10:
APPROACH 1: QMATMUL_NAIVE_NUMBA_ST...
APPROACH 1: QMATMUL_NAIVE_NUMBA_ST DONE. [time: 2.0004093647003174 s, all close: True, d_inf: 0.0, speed-up vs reference: 1.00]
APPROACH 2: QMATMUL_NAIVE_NUMBA_PARALLEL...
APPROACH 2: QMATMUL_NAIVE_NUMBA_PARALLEL DONE. [time: 0.1662273406982422 s, all close: True, d_inf: 0.0, speed-up vs reference: 12.02]
APPROACH 3: QMATMUL_DIRECT_NUMPY...
APPROACH 3: QMATMUL_DIRECT_NUMPY DONE. [time: 0.009287834167480469 s, all close: True, d_inf: 0.004638671875, speed-up vs reference: 215.20]
APPROACH 4: QMATMUL_ALGO_NUMPY...
APPROACH 4: QMATMUL_ALGO_NUMPY DONE. [time: 0.008714675903320312 s, all close: True, d_inf: 0.005859375, speed-up vs reference: 229.36]
APPROACH 5: QMATMUL_DIRECT_NUMBA_CUDA...
APPROACH 5: QMATMUL_DIRECT_NUMBA_CUDA DONE. [time: 0.004247903823852539 s, all close: True, d_inf: 0.0087890625, speed-up vs reference: 470.53]
APPROACH 6: QMATMUL_ALGO_NUMBA_CUDA...
APPROACH 6: QMATMUL_ALGO_NUMBA_CUDA DONE. [time: 0.004355430603027344 s, all close: True, d_inf: 0.005859375, speed-up vs reference: 458.91]
REPETITION: 5/10:
APPROACH 1: QMATMUL_NAIVE_NUMBA_ST...
APPROACH 1: QMATMUL_NAIVE_NUMBA_ST DONE. [time: 2.0012855529785156 s, all close: True, d_inf: 0.0, speed-up vs reference: 1.00]
APPROACH 2: QMATMUL_NAIVE_NUMBA_PARALLEL...
APPROACH 2: QMATMUL_NAIVE_NUMBA_PARALLEL DONE. [time: 0.15236330032348633 s, all close: True, d_inf: 0.0, speed-up vs reference: 13.12]
APPROACH 3: QMATMUL_DIRECT_NUMPY...
APPROACH 3: QMATMUL_DIRECT_NUMPY DONE. [time: 0.009285926818847656 s, all close: True, d_inf: 0.004638671875, speed-up vs reference: 215.25]
APPROACH 4: QMATMUL_ALGO_NUMPY...
APPROACH 4: QMATMUL_ALGO_NUMPY DONE. [time: 0.008628606796264648 s, all close: True, d_inf: 0.005859375, speed-up vs reference: 231.64]
APPROACH 5: QMATMUL_DIRECT_NUMBA_CUDA...
APPROACH 5: QMATMUL_DIRECT_NUMBA_CUDA DONE. [time: 0.004282712936401367 s, all close: True, d_inf: 0.0087890625, speed-up vs reference: 466.70]
APPROACH 6: QMATMUL_ALGO_NUMBA_CUDA...
APPROACH 6: QMATMUL_ALGO_NUMBA_CUDA DONE. [time: 0.0043981075286865234 s, all close: True, d_inf: 0.005859375, speed-up vs reference: 454.46]
REPETITION: 6/10:
APPROACH 1: QMATMUL_NAIVE_NUMBA_ST...
APPROACH 1: QMATMUL_NAIVE_NUMBA_ST DONE. [time: 2.0016002655029297 s, all close: True, d_inf: 0.0, speed-up vs reference: 1.00]
APPROACH 2: QMATMUL_NAIVE_NUMBA_PARALLEL...
APPROACH 2: QMATMUL_NAIVE_NUMBA_PARALLEL DONE. [time: 0.15550637245178223 s, all close: True, d_inf: 0.0, speed-up vs reference: 12.85]
APPROACH 3: QMATMUL_DIRECT_NUMPY...
APPROACH 3: QMATMUL_DIRECT_NUMPY DONE. [time: 0.009235382080078125 s, all close: True, d_inf: 0.004638671875, speed-up vs reference: 216.42]
APPROACH 4: QMATMUL_ALGO_NUMPY...
APPROACH 4: QMATMUL_ALGO_NUMPY DONE. [time: 0.008573770523071289 s, all close: True, d_inf: 0.005859375, speed-up vs reference: 233.13]
APPROACH 5: QMATMUL_DIRECT_NUMBA_CUDA...
APPROACH 5: QMATMUL_DIRECT_NUMBA_CUDA DONE. [time: 0.004216670989990234 s, all close: True, d_inf: 0.0087890625, speed-up vs reference: 474.01]
APPROACH 6: QMATMUL_ALGO_NUMBA_CUDA...
APPROACH 6: QMATMUL_ALGO_NUMBA_CUDA DONE. [time: 0.004146575927734375 s, all close: True, d_inf: 0.005859375, speed-up vs reference: 482.03]
REPETITION: 7/10:
APPROACH 1: QMATMUL_NAIVE_NUMBA_ST...
APPROACH 1: QMATMUL_NAIVE_NUMBA_ST DONE. [time: 1.9989502429962158 s, all close: True, d_inf: 0.0, speed-up vs reference: 1.00]
APPROACH 2: QMATMUL_NAIVE_NUMBA_PARALLEL...
APPROACH 2: QMATMUL_NAIVE_NUMBA_PARALLEL DONE. [time: 0.15242338180541992 s, all close: True, d_inf: 0.0, speed-up vs reference: 13.11]
APPROACH 3: QMATMUL_DIRECT_NUMPY...
APPROACH 3: QMATMUL_DIRECT_NUMPY DONE. [time: 0.009134769439697266 s, all close: True, d_inf: 0.004638671875, speed-up vs reference: 218.81]
APPROACH 4: QMATMUL_ALGO_NUMPY...
APPROACH 4: QMATMUL_ALGO_NUMPY DONE. [time: 0.00844120979309082 s, all close: True, d_inf: 0.005859375, speed-up vs reference: 236.79]
APPROACH 5: QMATMUL_DIRECT_NUMBA_CUDA...
APPROACH 5: QMATMUL_DIRECT_NUMBA_CUDA DONE. [time: 0.004428386688232422 s, all close: True, d_inf: 0.0087890625, speed-up vs reference: 451.35]
APPROACH 6: QMATMUL_ALGO_NUMBA_CUDA...
APPROACH 6: QMATMUL_ALGO_NUMBA_CUDA DONE. [time: 0.00412750244140625 s, all close: True, d_inf: 0.005859375, speed-up vs reference: 484.25]
REPETITION: 8/10:
APPROACH 1: QMATMUL_NAIVE_NUMBA_ST...
APPROACH 1: QMATMUL_NAIVE_NUMBA_ST DONE. [time: 1.9977872371673584 s, all close: True, d_inf: 0.0, speed-up vs reference: 1.00]
APPROACH 2: QMATMUL_NAIVE_NUMBA_PARALLEL...
APPROACH 2: QMATMUL_NAIVE_NUMBA_PARALLEL DONE. [time: 0.15269184112548828 s, all close: True, d_inf: 0.0, speed-up vs reference: 13.09]
APPROACH 3: QMATMUL_DIRECT_NUMPY...
APPROACH 3: QMATMUL_DIRECT_NUMPY DONE. [time: 0.009192705154418945 s, all close: True, d_inf: 0.004638671875, speed-up vs reference: 217.43]
APPROACH 4: QMATMUL_ALGO_NUMPY...
APPROACH 4: QMATMUL_ALGO_NUMPY DONE. [time: 0.008761167526245117 s, all close: True, d_inf: 0.005859375, speed-up vs reference: 228.14]
APPROACH 5: QMATMUL_DIRECT_NUMBA_CUDA...
APPROACH 5: QMATMUL_DIRECT_NUMBA_CUDA DONE. [time: 0.0034303665161132812 s, all close: True, d_inf: 0.0087890625, speed-up vs reference: 582.67]
APPROACH 6: QMATMUL_ALGO_NUMBA_CUDA...
APPROACH 6: QMATMUL_ALGO_NUMBA_CUDA DONE. [time: 0.005148410797119141 s, all close: True, d_inf: 0.005859375, speed-up vs reference: 388.23]
REPETITION: 9/10:
APPROACH 1: QMATMUL_NAIVE_NUMBA_ST...
APPROACH 1: QMATMUL_NAIVE_NUMBA_ST DONE. [time: 2.0055863857269287 s, all close: True, d_inf: 0.0, speed-up vs reference: 1.00]
APPROACH 2: QMATMUL_NAIVE_NUMBA_PARALLEL...
APPROACH 2: QMATMUL_NAIVE_NUMBA_PARALLEL DONE. [time: 0.16600275039672852 s, all close: True, d_inf: 0.0, speed-up vs reference: 12.04]
APPROACH 3: QMATMUL_DIRECT_NUMPY...
APPROACH 3: QMATMUL_DIRECT_NUMPY DONE. [time: 0.009849071502685547 s, all close: True, d_inf: 0.004638671875, speed-up vs reference: 202.94]
APPROACH 4: QMATMUL_ALGO_NUMPY...
APPROACH 4: QMATMUL_ALGO_NUMPY DONE. [time: 0.009380817413330078 s, all close: True, d_inf: 0.005859375, speed-up vs reference: 213.07]
APPROACH 5: QMATMUL_DIRECT_NUMBA_CUDA...
APPROACH 5: QMATMUL_DIRECT_NUMBA_CUDA DONE. [time: 0.0035829544067382812 s, all close: True, d_inf: 0.0087890625, speed-up vs reference: 557.85]
APPROACH 6: QMATMUL_ALGO_NUMBA_CUDA...
APPROACH 6: QMATMUL_ALGO_NUMBA_CUDA DONE. [time: 0.005322456359863281 s, all close: True, d_inf: 0.005859375, speed-up vs reference: 375.53]
REPETITION: 10/10:
APPROACH 1: QMATMUL_NAIVE_NUMBA_ST...
APPROACH 1: QMATMUL_NAIVE_NUMBA_ST DONE. [time: 2.003308057785034 s, all close: True, d_inf: 0.0, speed-up vs reference: 1.00]
APPROACH 2: QMATMUL_NAIVE_NUMBA_PARALLEL...
APPROACH 2: QMATMUL_NAIVE_NUMBA_PARALLEL DONE. [time: 0.15252971649169922 s, all close: True, d_inf: 0.0, speed-up vs reference: 13.10]
APPROACH 3: QMATMUL_DIRECT_NUMPY...
APPROACH 3: QMATMUL_DIRECT_NUMPY DONE. [time: 0.009307146072387695 s, all close: True, d_inf: 0.004638671875, speed-up vs reference: 214.76]
APPROACH 4: QMATMUL_ALGO_NUMPY...
APPROACH 4: QMATMUL_ALGO_NUMPY DONE. [time: 0.008842706680297852 s, all close: True, d_inf: 0.005859375, speed-up vs reference: 226.04]
APPROACH 5: QMATMUL_DIRECT_NUMBA_CUDA...
APPROACH 5: QMATMUL_DIRECT_NUMBA_CUDA DONE. [time: 0.003526926040649414 s, all close: True, d_inf: 0.0087890625, speed-up vs reference: 566.71]
APPROACH 6: QMATMUL_ALGO_NUMBA_CUDA...
APPROACH 6: QMATMUL_ALGO_NUMBA_CUDA DONE. [time: 0.005060672760009766 s, all close: True, d_inf: 0.005859375, speed-up vs reference: 394.96]
================================================================================================================================================================================================================
SUMMARY:
APPROACH 1: QMATMUL_NAIVE_NUMBA_ST (REFERENCE) -> MEAN TIME: 2.0002646684646606, STD: 0.0034534588580165345, SPEED-UP: 1.00
APPROACH 2: QMATMUL_NAIVE_NUMBA_PARALLEL -> MEAN TIME: 0.15907886028289794, STD: 0.009761429121055773, SPEED-UP: 12.57
APPROACH 3: QMATMUL_DIRECT_NUMPY -> MEAN TIME: 0.00936732292175293, STD: 0.00019578445956197548, SPEED-UP: 213.54
APPROACH 4: QMATMUL_ALGO_NUMPY -> MEAN TIME: 0.008828949928283692, STD: 0.00037700413127963724, SPEED-UP: 226.56
APPROACH 5: QMATMUL_DIRECT_NUMBA_CUDA -> MEAN TIME: 0.0040264129638671875, STD: 0.00034733446721467746, SPEED-UP: 496.79
APPROACH 6: QMATMUL_ALGO_NUMBA_CUDA -> MEAN TIME: 0.004616069793701172, STD: 0.0003982916599638783, SPEED-UP: 433.33
================================================================================================================================================================================================================
QUATERNIONS MAIN DONE. [time: 23.01072072982788 s]
