QUATERNIONS MAIN...
HASH STRING: 3598430772_16246_044_[100;100;100;10;float64;10;TTTTTT]
================================================================================================================================================================================================================
EXPERIMENT INFO:
{
  M: 100,
  N: 100,
  P: 100,
  SEED: 0,
  RANGE: 10,
  DTYPE: <class 'numpy.float64'>,
  REPETITIONS: 10,
  NUMPY_SINGLE_THREAD: True,
  QMATMUL_NAIVE_NUMBA_ST: (True, 'qmatmul_naive_numba_st_float64'),
  QMATMUL_NAIVE_NUMBA_PARALLEL: (True, 'qmatmul_naive_numba_parallel_float64'),
  QMATMUL_DIRECT_NUMPY: (True, 'qmatmul_direct_numpy'),
  QMATMUL_ALGO_NUMPY: (True, 'qmatmul_algo_numpy'),
  QMATMUL_DIRECT_NUMBA_CUDA: (True, 'qmatmul_direct_numba_cuda_float64'),
  QMATMUL_ALGO_NUMBA_CUDA: (True, 'qmatmul_algo_numba_cuda_float64')
}
================================================================================================================================================================================================================
CPU AND SYSTEM PROPS:
{
  cpu_name: Intel(R) Core(TM) i7-10700 CPU @ 2.90GHz,
  ram_size: 125.7 GB,
  os_name: Linux 6.8.0-71-generic,
  os_version: #71-Ubuntu SMP PREEMPT_DYNAMIC Tue Jul 22 16:52:38 UTC 2025,
  os_machine: x86_64
}
GPU PROPS:
{
  name: NVIDIA GeForce RTX 3090,
  max_threads_per_block: 1024,
  max_block_dim_x: 1024,
  max_block_dim_y: 1024,
  max_block_dim_z: 64,
  max_grid_dim_x: 2147483647,
  max_grid_dim_y: 65535,
  max_grid_dim_z: 65535,
  max_shared_memory_per_block: 49152,
  async_engine_count: 2,
  can_map_host_memory: 1,
  multiprocessor_count: 82,
  warp_size: 32,
  unified_addressing: 1,
  pci_bus_id: 1,
  pci_device_id: 0,
  compute_capability: (8, 6),
  cores_per_SM: 128,
  cores_total: 10496
}
================================================================================================================================================================================================================
MEMORY INFO:
A: 0.305 MB
B: 0.305 MB
C: 0.305 MB
================================================================================================================================================================================================================
REPETITION: 1/10:
APPROACH 1: QMATMUL_NAIVE_NUMBA_ST...
APPROACH 1: QMATMUL_NAIVE_NUMBA_ST DONE. [time: 0.07505083084106445 s, all close: True, d_inf: 0.0, speed-up vs reference: 1.00, reference]
APPROACH 2: QMATMUL_NAIVE_NUMBA_PARALLEL...
APPROACH 2: QMATMUL_NAIVE_NUMBA_PARALLEL DONE. [time: 0.006069183349609375 s, all close: True, d_inf: 0.0, speed-up vs reference: 12.37]
APPROACH 3: QMATMUL_DIRECT_NUMPY...
APPROACH 3: QMATMUL_DIRECT_NUMPY DONE. [time: 0.0013020038604736328 s, all close: True, d_inf: 2.9558577807620168e-12, speed-up vs reference: 57.64]
APPROACH 4: QMATMUL_ALGO_NUMPY...
APPROACH 4: QMATMUL_ALGO_NUMPY DONE. [time: 0.001096487045288086 s, all close: True, d_inf: 2.7284841053187847e-12, speed-up vs reference: 68.45]
APPROACH 5: QMATMUL_DIRECT_NUMBA_CUDA...
APPROACH 5: QMATMUL_DIRECT_NUMBA_CUDA DONE. [time: 0.0019769668579101562 s, all close: True, d_inf: 4.320099833421409e-12, speed-up vs reference: 37.96]
APPROACH 6: QMATMUL_ALGO_NUMBA_CUDA...
APPROACH 6: QMATMUL_ALGO_NUMBA_CUDA DONE. [time: 0.0024268627166748047 s, all close: True, d_inf: 2.7284841053187847e-12, speed-up vs reference: 30.93]
REPETITION: 2/10:
APPROACH 1: QMATMUL_NAIVE_NUMBA_ST...
APPROACH 1: QMATMUL_NAIVE_NUMBA_ST DONE. [time: 0.07544708251953125 s, all close: True, d_inf: 0.0, speed-up vs reference: 0.99]
APPROACH 2: QMATMUL_NAIVE_NUMBA_PARALLEL...
APPROACH 2: QMATMUL_NAIVE_NUMBA_PARALLEL DONE. [time: 0.005998849868774414 s, all close: True, d_inf: 0.0, speed-up vs reference: 12.51]
APPROACH 3: QMATMUL_DIRECT_NUMPY...
APPROACH 3: QMATMUL_DIRECT_NUMPY DONE. [time: 0.0009567737579345703 s, all close: True, d_inf: 2.9558577807620168e-12, speed-up vs reference: 78.44]
APPROACH 4: QMATMUL_ALGO_NUMPY...
APPROACH 4: QMATMUL_ALGO_NUMPY DONE. [time: 0.0008051395416259766 s, all close: True, d_inf: 2.7284841053187847e-12, speed-up vs reference: 93.21]
APPROACH 5: QMATMUL_DIRECT_NUMBA_CUDA...
APPROACH 5: QMATMUL_DIRECT_NUMBA_CUDA DONE. [time: 0.0012903213500976562 s, all close: True, d_inf: 4.320099833421409e-12, speed-up vs reference: 58.16]
APPROACH 6: QMATMUL_ALGO_NUMBA_CUDA...
APPROACH 6: QMATMUL_ALGO_NUMBA_CUDA DONE. [time: 0.0024137496948242188 s, all close: True, d_inf: 2.7284841053187847e-12, speed-up vs reference: 31.09]
REPETITION: 3/10:
APPROACH 1: QMATMUL_NAIVE_NUMBA_ST...
APPROACH 1: QMATMUL_NAIVE_NUMBA_ST DONE. [time: 0.07667160034179688 s, all close: True, d_inf: 0.0, speed-up vs reference: 0.98]
APPROACH 2: QMATMUL_NAIVE_NUMBA_PARALLEL...
APPROACH 2: QMATMUL_NAIVE_NUMBA_PARALLEL DONE. [time: 0.005964994430541992 s, all close: True, d_inf: 0.0, speed-up vs reference: 12.58]
APPROACH 3: QMATMUL_DIRECT_NUMPY...
APPROACH 3: QMATMUL_DIRECT_NUMPY DONE. [time: 0.0009355545043945312 s, all close: True, d_inf: 2.9558577807620168e-12, speed-up vs reference: 80.22]
APPROACH 4: QMATMUL_ALGO_NUMPY...
APPROACH 4: QMATMUL_ALGO_NUMPY DONE. [time: 0.0007936954498291016 s, all close: True, d_inf: 2.7284841053187847e-12, speed-up vs reference: 94.56]
APPROACH 5: QMATMUL_DIRECT_NUMBA_CUDA...
APPROACH 5: QMATMUL_DIRECT_NUMBA_CUDA DONE. [time: 0.0012352466583251953 s, all close: True, d_inf: 4.320099833421409e-12, speed-up vs reference: 60.76]
APPROACH 6: QMATMUL_ALGO_NUMBA_CUDA...
APPROACH 6: QMATMUL_ALGO_NUMBA_CUDA DONE. [time: 0.0022995471954345703 s, all close: True, d_inf: 2.7284841053187847e-12, speed-up vs reference: 32.64]
REPETITION: 4/10:
APPROACH 1: QMATMUL_NAIVE_NUMBA_ST...
APPROACH 1: QMATMUL_NAIVE_NUMBA_ST DONE. [time: 0.07503223419189453 s, all close: True, d_inf: 0.0, speed-up vs reference: 1.00]
APPROACH 2: QMATMUL_NAIVE_NUMBA_PARALLEL...
APPROACH 2: QMATMUL_NAIVE_NUMBA_PARALLEL DONE. [time: 0.005959987640380859 s, all close: True, d_inf: 0.0, speed-up vs reference: 12.59]
APPROACH 3: QMATMUL_DIRECT_NUMPY...
APPROACH 3: QMATMUL_DIRECT_NUMPY DONE. [time: 0.0009112358093261719 s, all close: True, d_inf: 2.9558577807620168e-12, speed-up vs reference: 82.36]
APPROACH 4: QMATMUL_ALGO_NUMPY...
APPROACH 4: QMATMUL_ALGO_NUMPY DONE. [time: 0.0007746219635009766 s, all close: True, d_inf: 2.7284841053187847e-12, speed-up vs reference: 96.89]
APPROACH 5: QMATMUL_DIRECT_NUMBA_CUDA...
APPROACH 5: QMATMUL_DIRECT_NUMBA_CUDA DONE. [time: 0.0012137889862060547 s, all close: True, d_inf: 4.320099833421409e-12, speed-up vs reference: 61.83]
APPROACH 6: QMATMUL_ALGO_NUMBA_CUDA...
APPROACH 6: QMATMUL_ALGO_NUMBA_CUDA DONE. [time: 0.0022940635681152344 s, all close: True, d_inf: 2.7284841053187847e-12, speed-up vs reference: 32.72]
REPETITION: 5/10:
APPROACH 1: QMATMUL_NAIVE_NUMBA_ST...
APPROACH 1: QMATMUL_NAIVE_NUMBA_ST DONE. [time: 0.07502508163452148 s, all close: True, d_inf: 0.0, speed-up vs reference: 1.00]
APPROACH 2: QMATMUL_NAIVE_NUMBA_PARALLEL...
APPROACH 2: QMATMUL_NAIVE_NUMBA_PARALLEL DONE. [time: 0.005918979644775391 s, all close: True, d_inf: 0.0, speed-up vs reference: 12.68]
APPROACH 3: QMATMUL_DIRECT_NUMPY...
APPROACH 3: QMATMUL_DIRECT_NUMPY DONE. [time: 0.0009143352508544922 s, all close: True, d_inf: 2.9558577807620168e-12, speed-up vs reference: 82.08]
APPROACH 4: QMATMUL_ALGO_NUMPY...
APPROACH 4: QMATMUL_ALGO_NUMPY DONE. [time: 0.0007774829864501953 s, all close: True, d_inf: 2.7284841053187847e-12, speed-up vs reference: 96.53]
APPROACH 5: QMATMUL_DIRECT_NUMBA_CUDA...
APPROACH 5: QMATMUL_DIRECT_NUMBA_CUDA DONE. [time: 0.0012195110321044922 s, all close: True, d_inf: 4.320099833421409e-12, speed-up vs reference: 61.54]
APPROACH 6: QMATMUL_ALGO_NUMBA_CUDA...
APPROACH 6: QMATMUL_ALGO_NUMBA_CUDA DONE. [time: 0.0023453235626220703 s, all close: True, d_inf: 2.7284841053187847e-12, speed-up vs reference: 32.00]
REPETITION: 6/10:
APPROACH 1: QMATMUL_NAIVE_NUMBA_ST...
APPROACH 1: QMATMUL_NAIVE_NUMBA_ST DONE. [time: 0.07463765144348145 s, all close: True, d_inf: 0.0, speed-up vs reference: 1.01]
APPROACH 2: QMATMUL_NAIVE_NUMBA_PARALLEL...
APPROACH 2: QMATMUL_NAIVE_NUMBA_PARALLEL DONE. [time: 0.008031606674194336 s, all close: True, d_inf: 0.0, speed-up vs reference: 9.34]
APPROACH 3: QMATMUL_DIRECT_NUMPY...
APPROACH 3: QMATMUL_DIRECT_NUMPY DONE. [time: 0.0009183883666992188 s, all close: True, d_inf: 2.9558577807620168e-12, speed-up vs reference: 81.72]
APPROACH 4: QMATMUL_ALGO_NUMPY...
APPROACH 4: QMATMUL_ALGO_NUMPY DONE. [time: 0.0008151531219482422 s, all close: True, d_inf: 2.7284841053187847e-12, speed-up vs reference: 92.07]
APPROACH 5: QMATMUL_DIRECT_NUMBA_CUDA...
APPROACH 5: QMATMUL_DIRECT_NUMBA_CUDA DONE. [time: 0.0012226104736328125 s, all close: True, d_inf: 4.320099833421409e-12, speed-up vs reference: 61.39]
APPROACH 6: QMATMUL_ALGO_NUMBA_CUDA...
APPROACH 6: QMATMUL_ALGO_NUMBA_CUDA DONE. [time: 0.002207040786743164 s, all close: True, d_inf: 2.7284841053187847e-12, speed-up vs reference: 34.01]
REPETITION: 7/10:
APPROACH 1: QMATMUL_NAIVE_NUMBA_ST...
APPROACH 1: QMATMUL_NAIVE_NUMBA_ST DONE. [time: 0.07495284080505371 s, all close: True, d_inf: 0.0, speed-up vs reference: 1.00]
APPROACH 2: QMATMUL_NAIVE_NUMBA_PARALLEL...
APPROACH 2: QMATMUL_NAIVE_NUMBA_PARALLEL DONE. [time: 0.006154537200927734 s, all close: True, d_inf: 0.0, speed-up vs reference: 12.19]
APPROACH 3: QMATMUL_DIRECT_NUMPY...
APPROACH 3: QMATMUL_DIRECT_NUMPY DONE. [time: 0.0009138584136962891 s, all close: True, d_inf: 2.9558577807620168e-12, speed-up vs reference: 82.13]
APPROACH 4: QMATMUL_ALGO_NUMPY...
APPROACH 4: QMATMUL_ALGO_NUMPY DONE. [time: 0.0007791519165039062 s, all close: True, d_inf: 2.7284841053187847e-12, speed-up vs reference: 96.32]
APPROACH 5: QMATMUL_DIRECT_NUMBA_CUDA...
APPROACH 5: QMATMUL_DIRECT_NUMBA_CUDA DONE. [time: 0.0012865066528320312 s, all close: True, d_inf: 4.320099833421409e-12, speed-up vs reference: 58.34]
APPROACH 6: QMATMUL_ALGO_NUMBA_CUDA...
APPROACH 6: QMATMUL_ALGO_NUMBA_CUDA DONE. [time: 0.0022432804107666016 s, all close: True, d_inf: 2.7284841053187847e-12, speed-up vs reference: 33.46]
REPETITION: 8/10:
APPROACH 1: QMATMUL_NAIVE_NUMBA_ST...
APPROACH 1: QMATMUL_NAIVE_NUMBA_ST DONE. [time: 0.0751028060913086 s, all close: True, d_inf: 0.0, speed-up vs reference: 1.00]
APPROACH 2: QMATMUL_NAIVE_NUMBA_PARALLEL...
APPROACH 2: QMATMUL_NAIVE_NUMBA_PARALLEL DONE. [time: 0.005950212478637695 s, all close: True, d_inf: 0.0, speed-up vs reference: 12.61]
APPROACH 3: QMATMUL_DIRECT_NUMPY...
APPROACH 3: QMATMUL_DIRECT_NUMPY DONE. [time: 0.0009140968322753906 s, all close: True, d_inf: 2.9558577807620168e-12, speed-up vs reference: 82.10]
APPROACH 4: QMATMUL_ALGO_NUMPY...
APPROACH 4: QMATMUL_ALGO_NUMPY DONE. [time: 0.0007736682891845703 s, all close: True, d_inf: 2.7284841053187847e-12, speed-up vs reference: 97.01]
APPROACH 5: QMATMUL_DIRECT_NUMBA_CUDA...
APPROACH 5: QMATMUL_DIRECT_NUMBA_CUDA DONE. [time: 0.0010533332824707031 s, all close: True, d_inf: 4.320099833421409e-12, speed-up vs reference: 71.25]
APPROACH 6: QMATMUL_ALGO_NUMBA_CUDA...
APPROACH 6: QMATMUL_ALGO_NUMBA_CUDA DONE. [time: 0.002499818801879883 s, all close: True, d_inf: 2.7284841053187847e-12, speed-up vs reference: 30.02]
REPETITION: 9/10:
APPROACH 1: QMATMUL_NAIVE_NUMBA_ST...
APPROACH 1: QMATMUL_NAIVE_NUMBA_ST DONE. [time: 0.07503437995910645 s, all close: True, d_inf: 0.0, speed-up vs reference: 1.00]
APPROACH 2: QMATMUL_NAIVE_NUMBA_PARALLEL...
APPROACH 2: QMATMUL_NAIVE_NUMBA_PARALLEL DONE. [time: 0.006403684616088867 s, all close: True, d_inf: 0.0, speed-up vs reference: 11.72]
APPROACH 3: QMATMUL_DIRECT_NUMPY...
APPROACH 3: QMATMUL_DIRECT_NUMPY DONE. [time: 0.0009150505065917969 s, all close: True, d_inf: 2.9558577807620168e-12, speed-up vs reference: 82.02]
APPROACH 4: QMATMUL_ALGO_NUMPY...
APPROACH 4: QMATMUL_ALGO_NUMPY DONE. [time: 0.0007796287536621094 s, all close: True, d_inf: 2.7284841053187847e-12, speed-up vs reference: 96.26]
APPROACH 5: QMATMUL_DIRECT_NUMBA_CUDA...
APPROACH 5: QMATMUL_DIRECT_NUMBA_CUDA DONE. [time: 0.0010619163513183594 s, all close: True, d_inf: 4.320099833421409e-12, speed-up vs reference: 70.67]
APPROACH 6: QMATMUL_ALGO_NUMBA_CUDA...
APPROACH 6: QMATMUL_ALGO_NUMBA_CUDA DONE. [time: 0.0024809837341308594 s, all close: True, d_inf: 2.7284841053187847e-12, speed-up vs reference: 30.25]
REPETITION: 10/10:
APPROACH 1: QMATMUL_NAIVE_NUMBA_ST...
APPROACH 1: QMATMUL_NAIVE_NUMBA_ST DONE. [time: 0.07530641555786133 s, all close: True, d_inf: 0.0, speed-up vs reference: 1.00]
APPROACH 2: QMATMUL_NAIVE_NUMBA_PARALLEL...
APPROACH 2: QMATMUL_NAIVE_NUMBA_PARALLEL DONE. [time: 0.006361484527587891 s, all close: True, d_inf: 0.0, speed-up vs reference: 11.80]
APPROACH 3: QMATMUL_DIRECT_NUMPY...
APPROACH 3: QMATMUL_DIRECT_NUMPY DONE. [time: 0.0009140968322753906 s, all close: True, d_inf: 2.9558577807620168e-12, speed-up vs reference: 82.10]
APPROACH 4: QMATMUL_ALGO_NUMPY...
APPROACH 4: QMATMUL_ALGO_NUMPY DONE. [time: 0.0007758140563964844 s, all close: True, d_inf: 2.7284841053187847e-12, speed-up vs reference: 96.74]
APPROACH 5: QMATMUL_DIRECT_NUMBA_CUDA...
APPROACH 5: QMATMUL_DIRECT_NUMBA_CUDA DONE. [time: 0.0010557174682617188 s, all close: True, d_inf: 4.320099833421409e-12, speed-up vs reference: 71.09]
APPROACH 6: QMATMUL_ALGO_NUMBA_CUDA...
APPROACH 6: QMATMUL_ALGO_NUMBA_CUDA DONE. [time: 0.002359151840209961 s, all close: True, d_inf: 2.7284841053187847e-12, speed-up vs reference: 31.81]
================================================================================================================================================================================================================
SUMMARY:
APPROACH 1: QMATMUL_NAIVE_NUMBA_ST (REFERENCE) -> MEAN TIME: 0.075226092338562, STD: 0.0005221462406739104, SPEED-UP: 1.00
APPROACH 2: QMATMUL_NAIVE_NUMBA_PARALLEL -> MEAN TIME: 0.006281352043151856, STD: 0.0006058058409194381, SPEED-UP: 11.98
APPROACH 3: QMATMUL_DIRECT_NUMPY -> MEAN TIME: 0.0009595394134521484, STD: 0.00011494823107102939, SPEED-UP: 78.40
APPROACH 4: QMATMUL_ALGO_NUMPY -> MEAN TIME: 0.0008170843124389648, STD: 9.410665216408746e-05, SPEED-UP: 92.07
APPROACH 5: QMATMUL_DIRECT_NUMBA_CUDA -> MEAN TIME: 0.001261591911315918, STD: 0.0002539888297046141, SPEED-UP: 59.63
APPROACH 6: QMATMUL_ALGO_NUMBA_CUDA -> MEAN TIME: 0.0023569822311401366, STD: 9.310918312331507e-05, SPEED-UP: 31.92
================================================================================================================================================================================================================
QUATERNIONS MAIN DONE. [time: 1.9667158126831055 s]
