QUATERNIONS MAIN...
HASH STRING: 3703776911_87377_044_[1000;3000;2000;10;float64;10;TTTTTT]
================================================================================================================================================================================================================
EXPERIMENT INFO:
{
  M: 1000,
  N: 3000,
  P: 2000,
  SEED: 0,
  RANGE: 10,
  DTYPE: <class 'numpy.float64'>,
  REPETITIONS: 10,
  NUMPY_SINGLE_THREAD: True,
  QMATMUL_NAIVE_NUMBA_ST: (True, 'qmatmul_naive_numba_st_float64'),
  QMATMUL_NAIVE_NUMBA_PARALLEL: (True, 'qmatmul_naive_numba_parallel_float64'),
  QMATMUL_DIRECT_NUMPY: (True, 'qmatmul_direct_numpy'),
  QMATMUL_ALGO_NUMPY: (True, 'qmatmul_algo_numpy'),
  QMATMUL_DIRECT_NUMBA_CUDA: (True, 'qmatmul_direct_numba_cuda_float64'),
  QMATMUL_ALGO_NUMBA_CUDA: (True, 'qmatmul_algo_numba_cuda_float64')
}
================================================================================================================================================================================================================
CPU AND SYSTEM PROPS:
{
  cpu_name: Intel(R) Core(TM) i7-10700 CPU @ 2.90GHz,
  ram_size: 125.7 GB,
  os_name: Linux 6.8.0-71-generic,
  os_version: #71-Ubuntu SMP PREEMPT_DYNAMIC Tue Jul 22 16:52:38 UTC 2025,
  os_machine: x86_64
}
GPU PROPS:
{
  name: NVIDIA GeForce RTX 3090,
  max_threads_per_block: 1024,
  max_block_dim_x: 1024,
  max_block_dim_y: 1024,
  max_block_dim_z: 64,
  max_grid_dim_x: 2147483647,
  max_grid_dim_y: 65535,
  max_grid_dim_z: 65535,
  max_shared_memory_per_block: 49152,
  async_engine_count: 2,
  can_map_host_memory: 1,
  multiprocessor_count: 82,
  warp_size: 32,
  unified_addressing: 1,
  pci_bus_id: 1,
  pci_device_id: 0,
  compute_capability: (8, 6),
  cores_per_SM: 128,
  cores_total: 10496
}
================================================================================================================================================================================================================
MEMORY INFO:
A: 91.553 MB
B: 183.105 MB
C: 61.035 MB
================================================================================================================================================================================================================
REPETITION: 1/10:
APPROACH 1: QMATMUL_NAIVE_NUMBA_ST...
APPROACH 1: QMATMUL_NAIVE_NUMBA_ST DONE. [time: 451.0126883983612 s, all close: True, d_inf: 0.0, speed-up vs reference: 1.00, reference]
APPROACH 2: QMATMUL_NAIVE_NUMBA_PARALLEL...
APPROACH 2: QMATMUL_NAIVE_NUMBA_PARALLEL DONE. [time: 43.60782504081726 s, all close: True, d_inf: 0.0, speed-up vs reference: 10.34]
APPROACH 3: QMATMUL_DIRECT_NUMPY...
APPROACH 3: QMATMUL_DIRECT_NUMPY DONE. [time: 3.0799660682678223 s, all close: True, d_inf: 8.731149137020111e-11, speed-up vs reference: 146.43]
APPROACH 4: QMATMUL_ALGO_NUMPY...
APPROACH 4: QMATMUL_ALGO_NUMPY DONE. [time: 1.8067362308502197 s, all close: True, d_inf: 8.731149137020111e-11, speed-up vs reference: 249.63]
APPROACH 5: QMATMUL_DIRECT_NUMBA_CUDA...
APPROACH 5: QMATMUL_DIRECT_NUMBA_CUDA DONE. [time: 0.580078125 s, all close: True, d_inf: 1.9281287677586079e-10, speed-up vs reference: 777.50]
APPROACH 6: QMATMUL_ALGO_NUMBA_CUDA...
APPROACH 6: QMATMUL_ALGO_NUMBA_CUDA DONE. [time: 0.30291104316711426 s, all close: True, d_inf: 1.1391421139705926e-10, speed-up vs reference: 1488.93]
REPETITION: 2/10:
APPROACH 1: QMATMUL_NAIVE_NUMBA_ST...
APPROACH 1: QMATMUL_NAIVE_NUMBA_ST DONE. [time: 451.2480003833771 s, all close: True, d_inf: 0.0, speed-up vs reference: 1.00]
APPROACH 2: QMATMUL_NAIVE_NUMBA_PARALLEL...
APPROACH 2: QMATMUL_NAIVE_NUMBA_PARALLEL DONE. [time: 43.10554265975952 s, all close: True, d_inf: 0.0, speed-up vs reference: 10.46]
APPROACH 3: QMATMUL_DIRECT_NUMPY...
APPROACH 3: QMATMUL_DIRECT_NUMPY DONE. [time: 3.068903684616089 s, all close: True, d_inf: 8.731149137020111e-11, speed-up vs reference: 146.96]
APPROACH 4: QMATMUL_ALGO_NUMPY...
APPROACH 4: QMATMUL_ALGO_NUMPY DONE. [time: 1.8016374111175537 s, all close: True, d_inf: 8.731149137020111e-11, speed-up vs reference: 250.33]
APPROACH 5: QMATMUL_DIRECT_NUMBA_CUDA...
APPROACH 5: QMATMUL_DIRECT_NUMBA_CUDA DONE. [time: 0.6056544780731201 s, all close: True, d_inf: 1.9281287677586079e-10, speed-up vs reference: 744.67]
APPROACH 6: QMATMUL_ALGO_NUMBA_CUDA...
APPROACH 6: QMATMUL_ALGO_NUMBA_CUDA DONE. [time: 0.30394434928894043 s, all close: True, d_inf: 1.1391421139705926e-10, speed-up vs reference: 1483.87]
REPETITION: 3/10:
APPROACH 1: QMATMUL_NAIVE_NUMBA_ST...
APPROACH 1: QMATMUL_NAIVE_NUMBA_ST DONE. [time: 451.17554473876953 s, all close: True, d_inf: 0.0, speed-up vs reference: 1.00]
APPROACH 2: QMATMUL_NAIVE_NUMBA_PARALLEL...
APPROACH 2: QMATMUL_NAIVE_NUMBA_PARALLEL DONE. [time: 43.20116305351257 s, all close: True, d_inf: 0.0, speed-up vs reference: 10.44]
APPROACH 3: QMATMUL_DIRECT_NUMPY...
APPROACH 3: QMATMUL_DIRECT_NUMPY DONE. [time: 3.0744221210479736 s, all close: True, d_inf: 8.731149137020111e-11, speed-up vs reference: 146.70]
APPROACH 4: QMATMUL_ALGO_NUMPY...
APPROACH 4: QMATMUL_ALGO_NUMPY DONE. [time: 1.8013920783996582 s, all close: True, d_inf: 8.731149137020111e-11, speed-up vs reference: 250.37]
APPROACH 5: QMATMUL_DIRECT_NUMBA_CUDA...
APPROACH 5: QMATMUL_DIRECT_NUMBA_CUDA DONE. [time: 0.619678258895874 s, all close: True, d_inf: 1.9281287677586079e-10, speed-up vs reference: 727.82]
APPROACH 6: QMATMUL_ALGO_NUMBA_CUDA...
APPROACH 6: QMATMUL_ALGO_NUMBA_CUDA DONE. [time: 0.303086519241333 s, all close: True, d_inf: 1.1391421139705926e-10, speed-up vs reference: 1488.07]
REPETITION: 4/10:
APPROACH 1: QMATMUL_NAIVE_NUMBA_ST...
APPROACH 1: QMATMUL_NAIVE_NUMBA_ST DONE. [time: 451.21003913879395 s, all close: True, d_inf: 0.0, speed-up vs reference: 1.00]
APPROACH 2: QMATMUL_NAIVE_NUMBA_PARALLEL...
APPROACH 2: QMATMUL_NAIVE_NUMBA_PARALLEL DONE. [time: 43.68411135673523 s, all close: True, d_inf: 0.0, speed-up vs reference: 10.32]
APPROACH 3: QMATMUL_DIRECT_NUMPY...
APPROACH 3: QMATMUL_DIRECT_NUMPY DONE. [time: 3.0835137367248535 s, all close: True, d_inf: 8.731149137020111e-11, speed-up vs reference: 146.27]
APPROACH 4: QMATMUL_ALGO_NUMPY...
APPROACH 4: QMATMUL_ALGO_NUMPY DONE. [time: 1.8012757301330566 s, all close: True, d_inf: 8.731149137020111e-11, speed-up vs reference: 250.39]
APPROACH 5: QMATMUL_DIRECT_NUMBA_CUDA...
APPROACH 5: QMATMUL_DIRECT_NUMBA_CUDA DONE. [time: 0.6152215003967285 s, all close: True, d_inf: 1.9281287677586079e-10, speed-up vs reference: 733.09]
APPROACH 6: QMATMUL_ALGO_NUMBA_CUDA...
APPROACH 6: QMATMUL_ALGO_NUMBA_CUDA DONE. [time: 0.30354976654052734 s, all close: True, d_inf: 1.1391421139705926e-10, speed-up vs reference: 1485.79]
REPETITION: 5/10:
APPROACH 1: QMATMUL_NAIVE_NUMBA_ST...
APPROACH 1: QMATMUL_NAIVE_NUMBA_ST DONE. [time: 451.19027853012085 s, all close: True, d_inf: 0.0, speed-up vs reference: 1.00]
APPROACH 2: QMATMUL_NAIVE_NUMBA_PARALLEL...
APPROACH 2: QMATMUL_NAIVE_NUMBA_PARALLEL DONE. [time: 43.18090081214905 s, all close: True, d_inf: 0.0, speed-up vs reference: 10.44]
APPROACH 3: QMATMUL_DIRECT_NUMPY...
APPROACH 3: QMATMUL_DIRECT_NUMPY DONE. [time: 3.0777249336242676 s, all close: True, d_inf: 8.731149137020111e-11, speed-up vs reference: 146.54]
APPROACH 4: QMATMUL_ALGO_NUMPY...
APPROACH 4: QMATMUL_ALGO_NUMPY DONE. [time: 1.8066399097442627 s, all close: True, d_inf: 8.731149137020111e-11, speed-up vs reference: 249.64]
APPROACH 5: QMATMUL_DIRECT_NUMBA_CUDA...
APPROACH 5: QMATMUL_DIRECT_NUMBA_CUDA DONE. [time: 0.6013126373291016 s, all close: True, d_inf: 1.9281287677586079e-10, speed-up vs reference: 750.05]
APPROACH 6: QMATMUL_ALGO_NUMBA_CUDA...
APPROACH 6: QMATMUL_ALGO_NUMBA_CUDA DONE. [time: 0.3019440174102783 s, all close: True, d_inf: 1.1391421139705926e-10, speed-up vs reference: 1493.70]
REPETITION: 6/10:
APPROACH 1: QMATMUL_NAIVE_NUMBA_ST...
APPROACH 1: QMATMUL_NAIVE_NUMBA_ST DONE. [time: 451.2028534412384 s, all close: True, d_inf: 0.0, speed-up vs reference: 1.00]
APPROACH 2: QMATMUL_NAIVE_NUMBA_PARALLEL...
APPROACH 2: QMATMUL_NAIVE_NUMBA_PARALLEL DONE. [time: 43.55637884140015 s, all close: True, d_inf: 0.0, speed-up vs reference: 10.35]
APPROACH 3: QMATMUL_DIRECT_NUMPY...
APPROACH 3: QMATMUL_DIRECT_NUMPY DONE. [time: 3.0733561515808105 s, all close: True, d_inf: 8.731149137020111e-11, speed-up vs reference: 146.75]
APPROACH 4: QMATMUL_ALGO_NUMPY...
APPROACH 4: QMATMUL_ALGO_NUMPY DONE. [time: 1.8016281127929688 s, all close: True, d_inf: 8.731149137020111e-11, speed-up vs reference: 250.34]
APPROACH 5: QMATMUL_DIRECT_NUMBA_CUDA...
APPROACH 5: QMATMUL_DIRECT_NUMBA_CUDA DONE. [time: 0.5940389633178711 s, all close: True, d_inf: 1.9281287677586079e-10, speed-up vs reference: 759.23]
APPROACH 6: QMATMUL_ALGO_NUMBA_CUDA...
APPROACH 6: QMATMUL_ALGO_NUMBA_CUDA DONE. [time: 0.3004121780395508 s, all close: True, d_inf: 1.1391421139705926e-10, speed-up vs reference: 1501.31]
REPETITION: 7/10:
APPROACH 1: QMATMUL_NAIVE_NUMBA_ST...
APPROACH 1: QMATMUL_NAIVE_NUMBA_ST DONE. [time: 451.29053235054016 s, all close: True, d_inf: 0.0, speed-up vs reference: 1.00]
APPROACH 2: QMATMUL_NAIVE_NUMBA_PARALLEL...
APPROACH 2: QMATMUL_NAIVE_NUMBA_PARALLEL DONE. [time: 43.55030822753906 s, all close: True, d_inf: 0.0, speed-up vs reference: 10.36]
APPROACH 3: QMATMUL_DIRECT_NUMPY...
APPROACH 3: QMATMUL_DIRECT_NUMPY DONE. [time: 3.072753667831421 s, all close: True, d_inf: 8.731149137020111e-11, speed-up vs reference: 146.78]
APPROACH 4: QMATMUL_ALGO_NUMPY...
APPROACH 4: QMATMUL_ALGO_NUMPY DONE. [time: 1.8092310428619385 s, all close: True, d_inf: 8.731149137020111e-11, speed-up vs reference: 249.28]
APPROACH 5: QMATMUL_DIRECT_NUMBA_CUDA...
APPROACH 5: QMATMUL_DIRECT_NUMBA_CUDA DONE. [time: 0.6014690399169922 s, all close: True, d_inf: 1.9281287677586079e-10, speed-up vs reference: 749.85]
APPROACH 6: QMATMUL_ALGO_NUMBA_CUDA...
APPROACH 6: QMATMUL_ALGO_NUMBA_CUDA DONE. [time: 0.30136942863464355 s, all close: True, d_inf: 1.1391421139705926e-10, speed-up vs reference: 1496.54]
REPETITION: 8/10:
APPROACH 1: QMATMUL_NAIVE_NUMBA_ST...
APPROACH 1: QMATMUL_NAIVE_NUMBA_ST DONE. [time: 451.09396290779114 s, all close: True, d_inf: 0.0, speed-up vs reference: 1.00]
APPROACH 2: QMATMUL_NAIVE_NUMBA_PARALLEL...
APPROACH 2: QMATMUL_NAIVE_NUMBA_PARALLEL DONE. [time: 43.168397426605225 s, all close: True, d_inf: 0.0, speed-up vs reference: 10.45]
APPROACH 3: QMATMUL_DIRECT_NUMPY...
APPROACH 3: QMATMUL_DIRECT_NUMPY DONE. [time: 3.072990894317627 s, all close: True, d_inf: 8.731149137020111e-11, speed-up vs reference: 146.77]
APPROACH 4: QMATMUL_ALGO_NUMPY...
APPROACH 4: QMATMUL_ALGO_NUMPY DONE. [time: 1.8038415908813477 s, all close: True, d_inf: 8.731149137020111e-11, speed-up vs reference: 250.03]
APPROACH 5: QMATMUL_DIRECT_NUMBA_CUDA...
APPROACH 5: QMATMUL_DIRECT_NUMBA_CUDA DONE. [time: 0.5880448818206787 s, all close: True, d_inf: 1.9281287677586079e-10, speed-up vs reference: 766.97]
APPROACH 6: QMATMUL_ALGO_NUMBA_CUDA...
APPROACH 6: QMATMUL_ALGO_NUMBA_CUDA DONE. [time: 0.31675052642822266 s, all close: True, d_inf: 1.1391421139705926e-10, speed-up vs reference: 1423.87]
REPETITION: 9/10:
APPROACH 1: QMATMUL_NAIVE_NUMBA_ST...
APPROACH 1: QMATMUL_NAIVE_NUMBA_ST DONE. [time: 451.13880944252014 s, all close: True, d_inf: 0.0, speed-up vs reference: 1.00]
APPROACH 2: QMATMUL_NAIVE_NUMBA_PARALLEL...
APPROACH 2: QMATMUL_NAIVE_NUMBA_PARALLEL DONE. [time: 43.084962368011475 s, all close: True, d_inf: 0.0, speed-up vs reference: 10.47]
APPROACH 3: QMATMUL_DIRECT_NUMPY...
APPROACH 3: QMATMUL_DIRECT_NUMPY DONE. [time: 3.1335971355438232 s, all close: True, d_inf: 8.731149137020111e-11, speed-up vs reference: 143.93]
APPROACH 4: QMATMUL_ALGO_NUMPY...
APPROACH 4: QMATMUL_ALGO_NUMPY DONE. [time: 1.8368921279907227 s, all close: True, d_inf: 8.731149137020111e-11, speed-up vs reference: 245.53]
APPROACH 5: QMATMUL_DIRECT_NUMBA_CUDA...
APPROACH 5: QMATMUL_DIRECT_NUMBA_CUDA DONE. [time: 0.578730583190918 s, all close: True, d_inf: 1.9281287677586079e-10, speed-up vs reference: 779.31]
APPROACH 6: QMATMUL_ALGO_NUMBA_CUDA...
APPROACH 6: QMATMUL_ALGO_NUMBA_CUDA DONE. [time: 0.3146200180053711 s, all close: True, d_inf: 1.1391421139705926e-10, speed-up vs reference: 1433.52]
REPETITION: 10/10:
APPROACH 1: QMATMUL_NAIVE_NUMBA_ST...
APPROACH 1: QMATMUL_NAIVE_NUMBA_ST DONE. [time: 457.64717173576355 s, all close: True, d_inf: 0.0, speed-up vs reference: 0.99]
APPROACH 2: QMATMUL_NAIVE_NUMBA_PARALLEL...
APPROACH 2: QMATMUL_NAIVE_NUMBA_PARALLEL DONE. [time: 42.6539363861084 s, all close: True, d_inf: 0.0, speed-up vs reference: 10.57]
APPROACH 3: QMATMUL_DIRECT_NUMPY...
APPROACH 3: QMATMUL_DIRECT_NUMPY DONE. [time: 3.132465124130249 s, all close: True, d_inf: 8.731149137020111e-11, speed-up vs reference: 143.98]
APPROACH 4: QMATMUL_ALGO_NUMPY...
APPROACH 4: QMATMUL_ALGO_NUMPY DONE. [time: 1.8382785320281982 s, all close: True, d_inf: 8.731149137020111e-11, speed-up vs reference: 245.35]
APPROACH 5: QMATMUL_DIRECT_NUMBA_CUDA...
APPROACH 5: QMATMUL_DIRECT_NUMBA_CUDA DONE. [time: 0.5854811668395996 s, all close: True, d_inf: 1.9281287677586079e-10, speed-up vs reference: 770.33]
APPROACH 6: QMATMUL_ALGO_NUMBA_CUDA...
APPROACH 6: QMATMUL_ALGO_NUMBA_CUDA DONE. [time: 0.31826233863830566 s, all close: True, d_inf: 1.1391421139705926e-10, speed-up vs reference: 1417.11]
================================================================================================================================================================================================================
SUMMARY:
APPROACH 1: QMATMUL_NAIVE_NUMBA_ST (REFERENCE) -> MEAN TIME: 451.8209881067276, STD: 1.9434797792960479, SPEED-UP: 1.00
APPROACH 2: QMATMUL_NAIVE_NUMBA_PARALLEL -> MEAN TIME: 43.2793526172638, STD: 0.30152024716114073, SPEED-UP: 10.44
APPROACH 3: QMATMUL_DIRECT_NUMPY -> MEAN TIME: 3.0869693517684937, STD: 0.023360362871341, SPEED-UP: 146.36
APPROACH 4: QMATMUL_ALGO_NUMPY -> MEAN TIME: 1.8107552766799926, STD: 0.013666922746768652, SPEED-UP: 249.52
APPROACH 5: QMATMUL_DIRECT_NUMBA_CUDA -> MEAN TIME: 0.5969709634780884, STD: 0.013422205715029193, SPEED-UP: 756.86
APPROACH 6: QMATMUL_ALGO_NUMBA_CUDA -> MEAN TIME: 0.3066850185394287, STD: 0.006579720984065552, SPEED-UP: 1473.24
================================================================================================================================================================================================================
QUATERNIONS MAIN DONE. [time: 5014.2435920238495 s]
