QUATERNIONS MAIN...
HASH STRING: 4245543151_09073_044_[100;100;100;10;float32;10;TTTTTT]
================================================================================================================================================================================================================
EXPERIMENT INFO:
{
  M: 100,
  N: 100,
  P: 100,
  SEED: 0,
  RANGE: 10,
  DTYPE: <class 'numpy.float32'>,
  REPETITIONS: 10,
  NUMPY_SINGLE_THREAD: True,
  QMATMUL_NAIVE_NUMBA_ST: (True, 'qmatmul_naive_numba_st_float32'),
  QMATMUL_NAIVE_NUMBA_PARALLEL: (True, 'qmatmul_naive_numba_parallel_float32'),
  QMATMUL_DIRECT_NUMPY: (True, 'qmatmul_direct_numpy'),
  QMATMUL_ALGO_NUMPY: (True, 'qmatmul_algo_numpy'),
  QMATMUL_DIRECT_NUMBA_CUDA: (True, 'qmatmul_direct_numba_cuda_float32'),
  QMATMUL_ALGO_NUMBA_CUDA: (True, 'qmatmul_algo_numba_cuda_float32')
}
================================================================================================================================================================================================================
CPU AND SYSTEM PROPS:
{
  cpu_name: Intel(R) Core(TM) i7-10700 CPU @ 2.90GHz,
  ram_size: 125.7 GB,
  os_name: Linux 6.8.0-71-generic,
  os_version: #71-Ubuntu SMP PREEMPT_DYNAMIC Tue Jul 22 16:52:38 UTC 2025,
  os_machine: x86_64
}
GPU PROPS:
{
  name: NVIDIA GeForce RTX 3090,
  max_threads_per_block: 1024,
  max_block_dim_x: 1024,
  max_block_dim_y: 1024,
  max_block_dim_z: 64,
  max_grid_dim_x: 2147483647,
  max_grid_dim_y: 65535,
  max_grid_dim_z: 65535,
  max_shared_memory_per_block: 49152,
  async_engine_count: 2,
  can_map_host_memory: 1,
  multiprocessor_count: 82,
  warp_size: 32,
  unified_addressing: 1,
  pci_bus_id: 1,
  pci_device_id: 0,
  compute_capability: (8, 6),
  cores_per_SM: 128,
  cores_total: 10496
}
================================================================================================================================================================================================================
MEMORY INFO:
A: 0.153 MB
B: 0.153 MB
C: 0.153 MB
================================================================================================================================================================================================================
REPETITION: 1/10:
APPROACH 1: QMATMUL_NAIVE_NUMBA_ST...
APPROACH 1: QMATMUL_NAIVE_NUMBA_ST DONE. [time: 0.0743565559387207 s, all close: True, d_inf: 0.0, speed-up vs reference: 1.00, reference]
APPROACH 2: QMATMUL_NAIVE_NUMBA_PARALLEL...
APPROACH 2: QMATMUL_NAIVE_NUMBA_PARALLEL DONE. [time: 0.006059169769287109 s, all close: True, d_inf: 0.0, speed-up vs reference: 12.27]
APPROACH 3: QMATMUL_DIRECT_NUMPY...
APPROACH 3: QMATMUL_DIRECT_NUMPY DONE. [time: 0.0006659030914306641 s, all close: True, d_inf: 0.00146484375, speed-up vs reference: 111.66]
APPROACH 4: QMATMUL_ALGO_NUMPY...
APPROACH 4: QMATMUL_ALGO_NUMPY DONE. [time: 0.0008206367492675781 s, all close: True, d_inf: 0.0013427734375, speed-up vs reference: 90.61]
APPROACH 5: QMATMUL_DIRECT_NUMBA_CUDA...
APPROACH 5: QMATMUL_DIRECT_NUMBA_CUDA DONE. [time: 0.0018184185028076172 s, all close: True, d_inf: 0.003173828125, speed-up vs reference: 40.89]
APPROACH 6: QMATMUL_ALGO_NUMBA_CUDA...
APPROACH 6: QMATMUL_ALGO_NUMBA_CUDA DONE. [time: 0.0022559165954589844 s, all close: True, d_inf: 0.00146484375, speed-up vs reference: 32.96]
REPETITION: 2/10:
APPROACH 1: QMATMUL_NAIVE_NUMBA_ST...
APPROACH 1: QMATMUL_NAIVE_NUMBA_ST DONE. [time: 0.07365822792053223 s, all close: True, d_inf: 0.0, speed-up vs reference: 1.01]
APPROACH 2: QMATMUL_NAIVE_NUMBA_PARALLEL...
APPROACH 2: QMATMUL_NAIVE_NUMBA_PARALLEL DONE. [time: 0.008209943771362305 s, all close: True, d_inf: 0.0, speed-up vs reference: 9.06]
APPROACH 3: QMATMUL_DIRECT_NUMPY...
APPROACH 3: QMATMUL_DIRECT_NUMPY DONE. [time: 0.0005290508270263672 s, all close: True, d_inf: 0.00146484375, speed-up vs reference: 140.55]
APPROACH 4: QMATMUL_ALGO_NUMPY...
APPROACH 4: QMATMUL_ALGO_NUMPY DONE. [time: 0.0005197525024414062 s, all close: True, d_inf: 0.0013427734375, speed-up vs reference: 143.06]
APPROACH 5: QMATMUL_DIRECT_NUMBA_CUDA...
APPROACH 5: QMATMUL_DIRECT_NUMBA_CUDA DONE. [time: 0.0010089874267578125 s, all close: True, d_inf: 0.003173828125, speed-up vs reference: 73.69]
APPROACH 6: QMATMUL_ALGO_NUMBA_CUDA...
APPROACH 6: QMATMUL_ALGO_NUMBA_CUDA DONE. [time: 0.002115964889526367 s, all close: True, d_inf: 0.00146484375, speed-up vs reference: 35.14]
REPETITION: 3/10:
APPROACH 1: QMATMUL_NAIVE_NUMBA_ST...
APPROACH 1: QMATMUL_NAIVE_NUMBA_ST DONE. [time: 0.07353663444519043 s, all close: True, d_inf: 0.0, speed-up vs reference: 1.01]
APPROACH 2: QMATMUL_NAIVE_NUMBA_PARALLEL...
APPROACH 2: QMATMUL_NAIVE_NUMBA_PARALLEL DONE. [time: 0.006416797637939453 s, all close: True, d_inf: 0.0, speed-up vs reference: 11.59]
APPROACH 3: QMATMUL_DIRECT_NUMPY...
APPROACH 3: QMATMUL_DIRECT_NUMPY DONE. [time: 0.000522613525390625 s, all close: True, d_inf: 0.00146484375, speed-up vs reference: 142.28]
APPROACH 4: QMATMUL_ALGO_NUMPY...
APPROACH 4: QMATMUL_ALGO_NUMPY DONE. [time: 0.0005049705505371094 s, all close: True, d_inf: 0.0013427734375, speed-up vs reference: 147.25]
APPROACH 5: QMATMUL_DIRECT_NUMBA_CUDA...
APPROACH 5: QMATMUL_DIRECT_NUMBA_CUDA DONE. [time: 0.0010304450988769531 s, all close: True, d_inf: 0.003173828125, speed-up vs reference: 72.16]
APPROACH 6: QMATMUL_ALGO_NUMBA_CUDA...
APPROACH 6: QMATMUL_ALGO_NUMBA_CUDA DONE. [time: 0.002021312713623047 s, all close: True, d_inf: 0.00146484375, speed-up vs reference: 36.79]
REPETITION: 4/10:
APPROACH 1: QMATMUL_NAIVE_NUMBA_ST...
APPROACH 1: QMATMUL_NAIVE_NUMBA_ST DONE. [time: 0.0734565258026123 s, all close: True, d_inf: 0.0, speed-up vs reference: 1.01]
APPROACH 2: QMATMUL_NAIVE_NUMBA_PARALLEL...
APPROACH 2: QMATMUL_NAIVE_NUMBA_PARALLEL DONE. [time: 0.006107330322265625 s, all close: True, d_inf: 0.0, speed-up vs reference: 12.17]
APPROACH 3: QMATMUL_DIRECT_NUMPY...
APPROACH 3: QMATMUL_DIRECT_NUMPY DONE. [time: 0.0005469322204589844 s, all close: True, d_inf: 0.00146484375, speed-up vs reference: 135.95]
APPROACH 4: QMATMUL_ALGO_NUMPY...
APPROACH 4: QMATMUL_ALGO_NUMPY DONE. [time: 0.0005011558532714844 s, all close: True, d_inf: 0.0013427734375, speed-up vs reference: 148.37]
APPROACH 5: QMATMUL_DIRECT_NUMBA_CUDA...
APPROACH 5: QMATMUL_DIRECT_NUMBA_CUDA DONE. [time: 0.0010085105895996094 s, all close: True, d_inf: 0.003173828125, speed-up vs reference: 73.73]
APPROACH 6: QMATMUL_ALGO_NUMBA_CUDA...
APPROACH 6: QMATMUL_ALGO_NUMBA_CUDA DONE. [time: 0.0019278526306152344 s, all close: True, d_inf: 0.00146484375, speed-up vs reference: 38.57]
REPETITION: 5/10:
APPROACH 1: QMATMUL_NAIVE_NUMBA_ST...
APPROACH 1: QMATMUL_NAIVE_NUMBA_ST DONE. [time: 0.07410335540771484 s, all close: True, d_inf: 0.0, speed-up vs reference: 1.00]
APPROACH 2: QMATMUL_NAIVE_NUMBA_PARALLEL...
APPROACH 2: QMATMUL_NAIVE_NUMBA_PARALLEL DONE. [time: 0.006482362747192383 s, all close: True, d_inf: 0.0, speed-up vs reference: 11.47]
APPROACH 3: QMATMUL_DIRECT_NUMPY...
APPROACH 3: QMATMUL_DIRECT_NUMPY DONE. [time: 0.0005300045013427734 s, all close: True, d_inf: 0.00146484375, speed-up vs reference: 140.29]
APPROACH 4: QMATMUL_ALGO_NUMPY...
APPROACH 4: QMATMUL_ALGO_NUMPY DONE. [time: 0.0005345344543457031 s, all close: True, d_inf: 0.0013427734375, speed-up vs reference: 139.11]
APPROACH 5: QMATMUL_DIRECT_NUMBA_CUDA...
APPROACH 5: QMATMUL_DIRECT_NUMBA_CUDA DONE. [time: 0.0010144710540771484 s, all close: True, d_inf: 0.003173828125, speed-up vs reference: 73.30]
APPROACH 6: QMATMUL_ALGO_NUMBA_CUDA...
APPROACH 6: QMATMUL_ALGO_NUMBA_CUDA DONE. [time: 0.0020914077758789062 s, all close: True, d_inf: 0.00146484375, speed-up vs reference: 35.55]
REPETITION: 6/10:
APPROACH 1: QMATMUL_NAIVE_NUMBA_ST...
APPROACH 1: QMATMUL_NAIVE_NUMBA_ST DONE. [time: 0.07349514961242676 s, all close: True, d_inf: 0.0, speed-up vs reference: 1.01]
APPROACH 2: QMATMUL_NAIVE_NUMBA_PARALLEL...
APPROACH 2: QMATMUL_NAIVE_NUMBA_PARALLEL DONE. [time: 0.005966901779174805 s, all close: True, d_inf: 0.0, speed-up vs reference: 12.46]
APPROACH 3: QMATMUL_DIRECT_NUMPY...
APPROACH 3: QMATMUL_DIRECT_NUMPY DONE. [time: 0.0005099773406982422 s, all close: True, d_inf: 0.00146484375, speed-up vs reference: 145.80]
APPROACH 4: QMATMUL_ALGO_NUMPY...
APPROACH 4: QMATMUL_ALGO_NUMPY DONE. [time: 0.0005037784576416016 s, all close: True, d_inf: 0.0013427734375, speed-up vs reference: 147.60]
APPROACH 5: QMATMUL_DIRECT_NUMBA_CUDA...
APPROACH 5: QMATMUL_DIRECT_NUMBA_CUDA DONE. [time: 0.0010499954223632812 s, all close: True, d_inf: 0.003173828125, speed-up vs reference: 70.82]
APPROACH 6: QMATMUL_ALGO_NUMBA_CUDA...
APPROACH 6: QMATMUL_ALGO_NUMBA_CUDA DONE. [time: 0.0020475387573242188 s, all close: True, d_inf: 0.00146484375, speed-up vs reference: 36.32]
REPETITION: 7/10:
APPROACH 1: QMATMUL_NAIVE_NUMBA_ST...
APPROACH 1: QMATMUL_NAIVE_NUMBA_ST DONE. [time: 0.07466578483581543 s, all close: True, d_inf: 0.0, speed-up vs reference: 1.00]
APPROACH 2: QMATMUL_NAIVE_NUMBA_PARALLEL...
APPROACH 2: QMATMUL_NAIVE_NUMBA_PARALLEL DONE. [time: 0.00640106201171875 s, all close: True, d_inf: 0.0, speed-up vs reference: 11.62]
APPROACH 3: QMATMUL_DIRECT_NUMPY...
APPROACH 3: QMATMUL_DIRECT_NUMPY DONE. [time: 0.0005521774291992188 s, all close: True, d_inf: 0.00146484375, speed-up vs reference: 134.66]
APPROACH 4: QMATMUL_ALGO_NUMPY...
APPROACH 4: QMATMUL_ALGO_NUMPY DONE. [time: 0.0005347728729248047 s, all close: True, d_inf: 0.0013427734375, speed-up vs reference: 139.04]
APPROACH 5: QMATMUL_DIRECT_NUMBA_CUDA...
APPROACH 5: QMATMUL_DIRECT_NUMBA_CUDA DONE. [time: 0.001214742660522461 s, all close: True, d_inf: 0.003173828125, speed-up vs reference: 61.21]
APPROACH 6: QMATMUL_ALGO_NUMBA_CUDA...
APPROACH 6: QMATMUL_ALGO_NUMBA_CUDA DONE. [time: 0.0019745826721191406 s, all close: True, d_inf: 0.00146484375, speed-up vs reference: 37.66]
REPETITION: 8/10:
APPROACH 1: QMATMUL_NAIVE_NUMBA_ST...
APPROACH 1: QMATMUL_NAIVE_NUMBA_ST DONE. [time: 0.0736246109008789 s, all close: True, d_inf: 0.0, speed-up vs reference: 1.01]
APPROACH 2: QMATMUL_NAIVE_NUMBA_PARALLEL...
APPROACH 2: QMATMUL_NAIVE_NUMBA_PARALLEL DONE. [time: 0.0063173770904541016 s, all close: True, d_inf: 0.0, speed-up vs reference: 11.77]
APPROACH 3: QMATMUL_DIRECT_NUMPY...
APPROACH 3: QMATMUL_DIRECT_NUMPY DONE. [time: 0.0005156993865966797 s, all close: True, d_inf: 0.00146484375, speed-up vs reference: 144.19]
APPROACH 4: QMATMUL_ALGO_NUMPY...
APPROACH 4: QMATMUL_ALGO_NUMPY DONE. [time: 0.0005102157592773438 s, all close: True, d_inf: 0.0013427734375, speed-up vs reference: 145.74]
APPROACH 5: QMATMUL_DIRECT_NUMBA_CUDA...
APPROACH 5: QMATMUL_DIRECT_NUMBA_CUDA DONE. [time: 0.0009257793426513672 s, all close: True, d_inf: 0.003173828125, speed-up vs reference: 80.32]
APPROACH 6: QMATMUL_ALGO_NUMBA_CUDA...
APPROACH 6: QMATMUL_ALGO_NUMBA_CUDA DONE. [time: 0.002158641815185547 s, all close: True, d_inf: 0.00146484375, speed-up vs reference: 34.45]
REPETITION: 9/10:
APPROACH 1: QMATMUL_NAIVE_NUMBA_ST...
APPROACH 1: QMATMUL_NAIVE_NUMBA_ST DONE. [time: 0.07340145111083984 s, all close: True, d_inf: 0.0, speed-up vs reference: 1.01]
APPROACH 2: QMATMUL_NAIVE_NUMBA_PARALLEL...
APPROACH 2: QMATMUL_NAIVE_NUMBA_PARALLEL DONE. [time: 0.006381511688232422 s, all close: True, d_inf: 0.0, speed-up vs reference: 11.65]
APPROACH 3: QMATMUL_DIRECT_NUMPY...
APPROACH 3: QMATMUL_DIRECT_NUMPY DONE. [time: 0.0005469322204589844 s, all close: True, d_inf: 0.00146484375, speed-up vs reference: 135.95]
APPROACH 4: QMATMUL_ALGO_NUMPY...
APPROACH 4: QMATMUL_ALGO_NUMPY DONE. [time: 0.0005421638488769531 s, all close: True, d_inf: 0.0013427734375, speed-up vs reference: 137.15]
APPROACH 5: QMATMUL_DIRECT_NUMBA_CUDA...
APPROACH 5: QMATMUL_DIRECT_NUMBA_CUDA DONE. [time: 0.0009310245513916016 s, all close: True, d_inf: 0.003173828125, speed-up vs reference: 79.87]
APPROACH 6: QMATMUL_ALGO_NUMBA_CUDA...
APPROACH 6: QMATMUL_ALGO_NUMBA_CUDA DONE. [time: 0.0021195411682128906 s, all close: True, d_inf: 0.00146484375, speed-up vs reference: 35.08]
REPETITION: 10/10:
APPROACH 1: QMATMUL_NAIVE_NUMBA_ST...
APPROACH 1: QMATMUL_NAIVE_NUMBA_ST DONE. [time: 0.07349944114685059 s, all close: True, d_inf: 0.0, speed-up vs reference: 1.01]
APPROACH 2: QMATMUL_NAIVE_NUMBA_PARALLEL...
APPROACH 2: QMATMUL_NAIVE_NUMBA_PARALLEL DONE. [time: 0.006311178207397461 s, all close: True, d_inf: 0.0, speed-up vs reference: 11.78]
APPROACH 3: QMATMUL_DIRECT_NUMPY...
APPROACH 3: QMATMUL_DIRECT_NUMPY DONE. [time: 0.0005471706390380859 s, all close: True, d_inf: 0.00146484375, speed-up vs reference: 135.89]
APPROACH 4: QMATMUL_ALGO_NUMPY...
APPROACH 4: QMATMUL_ALGO_NUMPY DONE. [time: 0.0005054473876953125 s, all close: True, d_inf: 0.0013427734375, speed-up vs reference: 147.11]
APPROACH 5: QMATMUL_DIRECT_NUMBA_CUDA...
APPROACH 5: QMATMUL_DIRECT_NUMBA_CUDA DONE. [time: 0.0009245872497558594 s, all close: True, d_inf: 0.003173828125, speed-up vs reference: 80.42]
APPROACH 6: QMATMUL_ALGO_NUMBA_CUDA...
APPROACH 6: QMATMUL_ALGO_NUMBA_CUDA DONE. [time: 0.0020589828491210938 s, all close: True, d_inf: 0.00146484375, speed-up vs reference: 36.11]
================================================================================================================================================================================================================
SUMMARY:
APPROACH 1: QMATMUL_NAIVE_NUMBA_ST (REFERENCE) -> MEAN TIME: 0.0737797737121582, STD: 0.00041564150050779603, SPEED-UP: 1.00
APPROACH 2: QMATMUL_NAIVE_NUMBA_PARALLEL -> MEAN TIME: 0.006465363502502442, STD: 0.000603712847349095, SPEED-UP: 11.41
APPROACH 3: QMATMUL_DIRECT_NUMPY -> MEAN TIME: 0.0005466461181640625, STD: 4.209472952434119e-05, SPEED-UP: 134.97
APPROACH 4: QMATMUL_ALGO_NUMPY -> MEAN TIME: 0.0005477428436279297, STD: 9.206422835128685e-05, SPEED-UP: 134.70
APPROACH 5: QMATMUL_DIRECT_NUMBA_CUDA -> MEAN TIME: 0.0010926961898803712, STD: 0.0002548999574096082, SPEED-UP: 67.52
APPROACH 6: QMATMUL_ALGO_NUMBA_CUDA -> MEAN TIME: 0.002077174186706543, STD: 8.90167015656659e-05, SPEED-UP: 35.52
================================================================================================================================================================================================================
QUATERNIONS MAIN DONE. [time: 1.9392883777618408 s]
