QUATERNIONS MAIN...
HASH STRING: 0076572892_22173_901_[1000;3000;2000;10;float32;3;FFFTTT]
================================================================================================================================================================================================================
EXPERIMENT INFO:
{
  M: 1000,
  N: 3000,
  P: 2000,
  SEED: 0,
  RANGE: 10,
  DTYPE: <class 'numpy.float32'>,
  REPETITIONS: 3,
  NUMPY_SINGLE_THREAD: True,
  QMATMUL_NAIVE_NUMBA_ST: (False, 'qmatmul_naive_numba_st_float32'),
  QMATMUL_NAIVE_NUMBA_PARALLEL: (False, 'qmatmul_naive_numba_parallel_float32'),
  QMATMUL_DIRECT_NUMPY: (False, 'qmatmul_direct_numpy'),
  QMATMUL_ALGO_NUMPY: (True, 'qmatmul_algo_numpy'),
  QMATMUL_DIRECT_NUMBA_CUDA: (True, 'qmatmul_direct_numba_cuda_float32'),
  QMATMUL_ALGO_NUMBA_CUDA: (True, 'qmatmul_algo_numba_cuda_float32')
}
================================================================================================================================================================================================================
CPU AND SYSTEM PROPS:
{
  cpu_name: AMD Ryzen 9 9950X 16-Core Processor,
  ram_size: 123.4 GB,
  os_name: Linux 6.14.0-37-generic,
  os_version: #37~24.04.1-Ubuntu SMP PREEMPT_DYNAMIC Thu Nov 20 10:25:38 UTC 2,
  os_machine: x86_64
}
GPU PROPS:
{
  name: NVIDIA GeForce RTX 5090,
  max_threads_per_block: 1024,
  max_block_dim_x: 1024,
  max_block_dim_y: 1024,
  max_block_dim_z: 64,
  max_grid_dim_x: 2147483647,
  max_grid_dim_y: 65535,
  max_grid_dim_z: 65535,
  max_shared_memory_per_block: 49152,
  async_engine_count: 2,
  can_map_host_memory: 1,
  multiprocessor_count: 170,
  warp_size: 32,
  unified_addressing: 1,
  pci_bus_id: 1,
  pci_device_id: 0,
  compute_capability: ComputeCapability(major=12, minor=0),
  cores_per_SM: 128,
  cores_total: 21760
}
================================================================================================================================================================================================================
MEMORY INFO:
A: 45.776 MB
B: 91.553 MB
C: 30.518 MB
================================================================================================================================================================================================================
REPETITION: 1/3:
APPROACH 1: QMATMUL_NAIVE_NUMBA_ST OFF.
APPROACH 2: QMATMUL_NAIVE_NUMBA_PARALLEL OFF.
APPROACH 3: QMATMUL_DIRECT_NUMPY OFF.
APPROACH 4: QMATMUL_ALGO_NUMPY...
APPROACH 4: QMATMUL_ALGO_NUMPY DONE. [time: 0.4313023090362549 s, all close: True, d_inf: 0.0, speed-up vs reference: 1.00, reference]
APPROACH 5: QMATMUL_DIRECT_NUMBA_CUDA...
APPROACH 5: QMATMUL_DIRECT_NUMBA_CUDA DONE. [time: 0.07357072830200195 s, all close: True, d_inf: 0.08984375, speed-up vs reference: 5.86]
APPROACH 6: QMATMUL_ALGO_NUMBA_CUDA...
QMATMUL_ALGO_NUMBA_CUDA_FLOAT32...
[time stacks: 0.011732339859008789 s, tpb: 512]
[time h4s: 0.00033354759216308594 s, tpb: (8, 8)]
[time d4: 0.011514902114868164 s, bpg: (250, 125, 4), tpb: (8, 8)]
[time h4d4: 0.00010728836059570312 s, bpg: (250, 125), tpb: (8, 8)]
[time a4lb4l: 0.012079000473022461 s, bpg: (250, 125, 4), tpb: (8, 8)]
[time sub: 0.00016069412231445312 s, bpg: (500, 250), tpb: (8, 8)]
[time c: 0.002564668655395508 s, bpg: 15625, tpb: 512]
QMATMUL_ALGO_NUMBA_CUDA_FLOAT32 DONE. [time: 0.03865623474121094 s]
APPROACH 6: QMATMUL_ALGO_NUMBA_CUDA DONE. [time: 0.04065370559692383 s, all close: True, d_inf: 0.05810546875, speed-up vs reference: 10.61]
REPETITION: 2/3:
APPROACH 1: QMATMUL_NAIVE_NUMBA_ST OFF.
APPROACH 2: QMATMUL_NAIVE_NUMBA_PARALLEL OFF.
APPROACH 3: QMATMUL_DIRECT_NUMPY OFF.
APPROACH 4: QMATMUL_ALGO_NUMPY...
APPROACH 4: QMATMUL_ALGO_NUMPY DONE. [time: 0.4292263984680176 s, all close: True, d_inf: 0.0, speed-up vs reference: 1.00]
APPROACH 5: QMATMUL_DIRECT_NUMBA_CUDA...
APPROACH 5: QMATMUL_DIRECT_NUMBA_CUDA DONE. [time: 0.07459783554077148 s, all close: True, d_inf: 0.08984375, speed-up vs reference: 5.78]
APPROACH 6: QMATMUL_ALGO_NUMBA_CUDA...
QMATMUL_ALGO_NUMBA_CUDA_FLOAT32...
[time stacks: 0.011735200881958008 s, tpb: 512]
[time h4s: 0.0002810955047607422 s, tpb: (8, 8)]
[time d4: 0.011470794677734375 s, bpg: (250, 125, 4), tpb: (8, 8)]
[time h4d4: 9.417533874511719e-05 s, bpg: (250, 125), tpb: (8, 8)]
[time a4lb4l: 0.012005090713500977 s, bpg: (250, 125, 4), tpb: (8, 8)]
[time sub: 0.00015211105346679688 s, bpg: (500, 250), tpb: (8, 8)]
[time c: 0.002599477767944336 s, bpg: 15625, tpb: 512]
QMATMUL_ALGO_NUMBA_CUDA_FLOAT32 DONE. [time: 0.03852224349975586 s]
APPROACH 6: QMATMUL_ALGO_NUMBA_CUDA DONE. [time: 0.040479421615600586 s, all close: True, d_inf: 0.05810546875, speed-up vs reference: 10.65]
REPETITION: 3/3:
APPROACH 1: QMATMUL_NAIVE_NUMBA_ST OFF.
APPROACH 2: QMATMUL_NAIVE_NUMBA_PARALLEL OFF.
APPROACH 3: QMATMUL_DIRECT_NUMPY OFF.
APPROACH 4: QMATMUL_ALGO_NUMPY...
APPROACH 4: QMATMUL_ALGO_NUMPY DONE. [time: 0.42731499671936035 s, all close: True, d_inf: 0.0, speed-up vs reference: 1.01]
APPROACH 5: QMATMUL_DIRECT_NUMBA_CUDA...
APPROACH 5: QMATMUL_DIRECT_NUMBA_CUDA DONE. [time: 0.07538127899169922 s, all close: True, d_inf: 0.08984375, speed-up vs reference: 5.72]
APPROACH 6: QMATMUL_ALGO_NUMBA_CUDA...
QMATMUL_ALGO_NUMBA_CUDA_FLOAT32...
[time stacks: 0.011771440505981445 s, tpb: 512]
[time h4s: 0.0002815723419189453 s, tpb: (8, 8)]
[time d4: 0.011419296264648438 s, bpg: (250, 125, 4), tpb: (8, 8)]
[time h4d4: 0.00010085105895996094 s, bpg: (250, 125), tpb: (8, 8)]
[time a4lb4l: 0.011983394622802734 s, bpg: (250, 125, 4), tpb: (8, 8)]
[time sub: 0.00015544891357421875 s, bpg: (500, 250), tpb: (8, 8)]
[time c: 0.0025734901428222656 s, bpg: 15625, tpb: 512]
QMATMUL_ALGO_NUMBA_CUDA_FLOAT32 DONE. [time: 0.03843235969543457 s]
APPROACH 6: QMATMUL_ALGO_NUMBA_CUDA DONE. [time: 0.040297746658325195 s, all close: True, d_inf: 0.05810546875, speed-up vs reference: 10.70]
================================================================================================================================================================================================================
SUMMARY:
APPROACH 1: QMATMUL_NAIVE_NUMBA_ST OFF.
APPROACH 2: QMATMUL_NAIVE_NUMBA_PARALLEL OFF.
APPROACH 3: QMATMUL_DIRECT_NUMPY OFF.
APPROACH 4: QMATMUL_ALGO_NUMPY (REFERENCE) -> MEAN TIME: 0.42928123474121094, STD: 0.0016282751898369864, SPEED-UP: 1.00
APPROACH 5: QMATMUL_DIRECT_NUMBA_CUDA -> MEAN TIME: 0.07451661427815755, STD: 0.0007413820967698379, SPEED-UP: 5.76
APPROACH 6: QMATMUL_ALGO_NUMBA_CUDA -> MEAN TIME: 0.04047695795694987, STD: 0.00014533006961746708, SPEED-UP: 10.61
================================================================================================================================================================================================================
QUATERNIONS MAIN DONE. [time: 3.076528549194336 s]
