QUATERNIONS MAIN...
HASH STRING: 0265798608_90098_044_[1000;1000;1000;10;float64;10;TTTTTT]
================================================================================================================================================================================================================
EXPERIMENT INFO:
{
  M: 1000,
  N: 1000,
  P: 1000,
  SEED: 0,
  RANGE: 10,
  DTYPE: <class 'numpy.float64'>,
  REPETITIONS: 10,
  NUMPY_SINGLE_THREAD: True,
  QMATMUL_NAIVE_NUMBA_ST: (True, 'qmatmul_naive_numba_st_float64'),
  QMATMUL_NAIVE_NUMBA_PARALLEL: (True, 'qmatmul_naive_numba_parallel_float64'),
  QMATMUL_DIRECT_NUMPY: (True, 'qmatmul_direct_numpy'),
  QMATMUL_ALGO_NUMPY: (True, 'qmatmul_algo_numpy'),
  QMATMUL_DIRECT_NUMBA_CUDA: (True, 'qmatmul_direct_numba_cuda_float64'),
  QMATMUL_ALGO_NUMBA_CUDA: (True, 'qmatmul_algo_numba_cuda_float64')
}
================================================================================================================================================================================================================
CPU AND SYSTEM PROPS:
{
  cpu_name: Intel(R) Core(TM) i7-10700 CPU @ 2.90GHz,
  ram_size: 125.7 GB,
  os_name: Linux 6.8.0-71-generic,
  os_version: #71-Ubuntu SMP PREEMPT_DYNAMIC Tue Jul 22 16:52:38 UTC 2025,
  os_machine: x86_64
}
GPU PROPS:
{
  name: NVIDIA GeForce RTX 3090,
  max_threads_per_block: 1024,
  max_block_dim_x: 1024,
  max_block_dim_y: 1024,
  max_block_dim_z: 64,
  max_grid_dim_x: 2147483647,
  max_grid_dim_y: 65535,
  max_grid_dim_z: 65535,
  max_shared_memory_per_block: 49152,
  async_engine_count: 2,
  can_map_host_memory: 1,
  multiprocessor_count: 82,
  warp_size: 32,
  unified_addressing: 1,
  pci_bus_id: 1,
  pci_device_id: 0,
  compute_capability: (8, 6),
  cores_per_SM: 128,
  cores_total: 10496
}
================================================================================================================================================================================================================
MEMORY INFO:
A: 30.518 MB
B: 30.518 MB
C: 30.518 MB
================================================================================================================================================================================================================
REPETITION: 1/10:
APPROACH 1: QMATMUL_NAIVE_NUMBA_ST...
APPROACH 1: QMATMUL_NAIVE_NUMBA_ST DONE. [time: 75.60960102081299 s, all close: True, d_inf: 0.0, speed-up vs reference: 1.00, reference]
APPROACH 2: QMATMUL_NAIVE_NUMBA_PARALLEL...
APPROACH 2: QMATMUL_NAIVE_NUMBA_PARALLEL DONE. [time: 6.715242862701416 s, all close: True, d_inf: 0.0, speed-up vs reference: 11.26]
APPROACH 3: QMATMUL_DIRECT_NUMPY...
APPROACH 3: QMATMUL_DIRECT_NUMPY DONE. [time: 0.5455150604248047 s, all close: True, d_inf: 3.2741809263825417e-11, speed-up vs reference: 138.60]
APPROACH 4: QMATMUL_ALGO_NUMPY...
APPROACH 4: QMATMUL_ALGO_NUMPY DONE. [time: 0.32966160774230957 s, all close: True, d_inf: 3.092281986027956e-11, speed-up vs reference: 229.36]
APPROACH 5: QMATMUL_DIRECT_NUMBA_CUDA...
APPROACH 5: QMATMUL_DIRECT_NUMBA_CUDA DONE. [time: 0.14540743827819824 s, all close: True, d_inf: 6.366462912410498e-11, speed-up vs reference: 519.98]
APPROACH 6: QMATMUL_ALGO_NUMBA_CUDA...
APPROACH 6: QMATMUL_ALGO_NUMBA_CUDA DONE. [time: 0.0697014331817627 s, all close: True, d_inf: 3.728928277269006e-11, speed-up vs reference: 1084.76]
REPETITION: 2/10:
APPROACH 1: QMATMUL_NAIVE_NUMBA_ST...
APPROACH 1: QMATMUL_NAIVE_NUMBA_ST DONE. [time: 75.6109185218811 s, all close: True, d_inf: 0.0, speed-up vs reference: 1.00]
APPROACH 2: QMATMUL_NAIVE_NUMBA_PARALLEL...
APPROACH 2: QMATMUL_NAIVE_NUMBA_PARALLEL DONE. [time: 6.436126232147217 s, all close: True, d_inf: 0.0, speed-up vs reference: 11.75]
APPROACH 3: QMATMUL_DIRECT_NUMPY...
APPROACH 3: QMATMUL_DIRECT_NUMPY DONE. [time: 0.5446889400482178 s, all close: True, d_inf: 3.2741809263825417e-11, speed-up vs reference: 138.81]
APPROACH 4: QMATMUL_ALGO_NUMPY...
APPROACH 4: QMATMUL_ALGO_NUMPY DONE. [time: 0.3345324993133545 s, all close: True, d_inf: 3.092281986027956e-11, speed-up vs reference: 226.02]
APPROACH 5: QMATMUL_DIRECT_NUMBA_CUDA...
APPROACH 5: QMATMUL_DIRECT_NUMBA_CUDA DONE. [time: 0.1520693302154541 s, all close: True, d_inf: 6.366462912410498e-11, speed-up vs reference: 497.20]
APPROACH 6: QMATMUL_ALGO_NUMBA_CUDA...
APPROACH 6: QMATMUL_ALGO_NUMBA_CUDA DONE. [time: 0.07028532028198242 s, all close: True, d_inf: 3.728928277269006e-11, speed-up vs reference: 1075.75]
REPETITION: 3/10:
APPROACH 1: QMATMUL_NAIVE_NUMBA_ST...
APPROACH 1: QMATMUL_NAIVE_NUMBA_ST DONE. [time: 75.61479687690735 s, all close: True, d_inf: 0.0, speed-up vs reference: 1.00]
APPROACH 2: QMATMUL_NAIVE_NUMBA_PARALLEL...
APPROACH 2: QMATMUL_NAIVE_NUMBA_PARALLEL DONE. [time: 6.665868282318115 s, all close: True, d_inf: 0.0, speed-up vs reference: 11.34]
APPROACH 3: QMATMUL_DIRECT_NUMPY...
APPROACH 3: QMATMUL_DIRECT_NUMPY DONE. [time: 0.543255090713501 s, all close: True, d_inf: 3.2741809263825417e-11, speed-up vs reference: 139.18]
APPROACH 4: QMATMUL_ALGO_NUMPY...
APPROACH 4: QMATMUL_ALGO_NUMPY DONE. [time: 0.3299555778503418 s, all close: True, d_inf: 3.092281986027956e-11, speed-up vs reference: 229.15]
APPROACH 5: QMATMUL_DIRECT_NUMBA_CUDA...
APPROACH 5: QMATMUL_DIRECT_NUMBA_CUDA DONE. [time: 0.15173840522766113 s, all close: True, d_inf: 6.366462912410498e-11, speed-up vs reference: 498.29]
APPROACH 6: QMATMUL_ALGO_NUMBA_CUDA...
APPROACH 6: QMATMUL_ALGO_NUMBA_CUDA DONE. [time: 0.07015275955200195 s, all close: True, d_inf: 3.728928277269006e-11, speed-up vs reference: 1077.79]
REPETITION: 4/10:
APPROACH 1: QMATMUL_NAIVE_NUMBA_ST...
APPROACH 1: QMATMUL_NAIVE_NUMBA_ST DONE. [time: 75.60438323020935 s, all close: True, d_inf: 0.0, speed-up vs reference: 1.00]
APPROACH 2: QMATMUL_NAIVE_NUMBA_PARALLEL...
APPROACH 2: QMATMUL_NAIVE_NUMBA_PARALLEL DONE. [time: 6.7715184688568115 s, all close: True, d_inf: 0.0, speed-up vs reference: 11.17]
APPROACH 3: QMATMUL_DIRECT_NUMPY...
APPROACH 3: QMATMUL_DIRECT_NUMPY DONE. [time: 0.5430116653442383 s, all close: True, d_inf: 3.2741809263825417e-11, speed-up vs reference: 139.24]
APPROACH 4: QMATMUL_ALGO_NUMPY...
APPROACH 4: QMATMUL_ALGO_NUMPY DONE. [time: 0.32993030548095703 s, all close: True, d_inf: 3.092281986027956e-11, speed-up vs reference: 229.17]
APPROACH 5: QMATMUL_DIRECT_NUMBA_CUDA...
APPROACH 5: QMATMUL_DIRECT_NUMBA_CUDA DONE. [time: 0.1491549015045166 s, all close: True, d_inf: 6.366462912410498e-11, speed-up vs reference: 506.92]
APPROACH 6: QMATMUL_ALGO_NUMBA_CUDA...
APPROACH 6: QMATMUL_ALGO_NUMBA_CUDA DONE. [time: 0.07036709785461426 s, all close: True, d_inf: 3.728928277269006e-11, speed-up vs reference: 1074.50]
REPETITION: 5/10:
APPROACH 1: QMATMUL_NAIVE_NUMBA_ST...
APPROACH 1: QMATMUL_NAIVE_NUMBA_ST DONE. [time: 75.60486102104187 s, all close: True, d_inf: 0.0, speed-up vs reference: 1.00]
APPROACH 2: QMATMUL_NAIVE_NUMBA_PARALLEL...
APPROACH 2: QMATMUL_NAIVE_NUMBA_PARALLEL DONE. [time: 6.504619836807251 s, all close: True, d_inf: 0.0, speed-up vs reference: 11.62]
APPROACH 3: QMATMUL_DIRECT_NUMPY...
APPROACH 3: QMATMUL_DIRECT_NUMPY DONE. [time: 0.544227123260498 s, all close: True, d_inf: 3.2741809263825417e-11, speed-up vs reference: 138.93]
APPROACH 4: QMATMUL_ALGO_NUMPY...
APPROACH 4: QMATMUL_ALGO_NUMPY DONE. [time: 0.3346421718597412 s, all close: True, d_inf: 3.092281986027956e-11, speed-up vs reference: 225.94]
APPROACH 5: QMATMUL_DIRECT_NUMBA_CUDA...
APPROACH 5: QMATMUL_DIRECT_NUMBA_CUDA DONE. [time: 0.16886162757873535 s, all close: True, d_inf: 6.366462912410498e-11, speed-up vs reference: 447.76]
APPROACH 6: QMATMUL_ALGO_NUMBA_CUDA...
APPROACH 6: QMATMUL_ALGO_NUMBA_CUDA DONE. [time: 0.06797957420349121 s, all close: True, d_inf: 3.728928277269006e-11, speed-up vs reference: 1112.24]
REPETITION: 6/10:
APPROACH 1: QMATMUL_NAIVE_NUMBA_ST...
APPROACH 1: QMATMUL_NAIVE_NUMBA_ST DONE. [time: 75.60911345481873 s, all close: True, d_inf: 0.0, speed-up vs reference: 1.00]
APPROACH 2: QMATMUL_NAIVE_NUMBA_PARALLEL...
APPROACH 2: QMATMUL_NAIVE_NUMBA_PARALLEL DONE. [time: 6.95961332321167 s, all close: True, d_inf: 0.0, speed-up vs reference: 10.86]
APPROACH 3: QMATMUL_DIRECT_NUMPY...
APPROACH 3: QMATMUL_DIRECT_NUMPY DONE. [time: 0.5440874099731445 s, all close: True, d_inf: 3.2741809263825417e-11, speed-up vs reference: 138.97]
APPROACH 4: QMATMUL_ALGO_NUMPY...
APPROACH 4: QMATMUL_ALGO_NUMPY DONE. [time: 0.33512306213378906 s, all close: True, d_inf: 3.092281986027956e-11, speed-up vs reference: 225.62]
APPROACH 5: QMATMUL_DIRECT_NUMBA_CUDA...
APPROACH 5: QMATMUL_DIRECT_NUMBA_CUDA DONE. [time: 0.1534121036529541 s, all close: True, d_inf: 6.366462912410498e-11, speed-up vs reference: 492.85]
APPROACH 6: QMATMUL_ALGO_NUMBA_CUDA...
APPROACH 6: QMATMUL_ALGO_NUMBA_CUDA DONE. [time: 0.06722402572631836 s, all close: True, d_inf: 3.728928277269006e-11, speed-up vs reference: 1124.74]
REPETITION: 7/10:
APPROACH 1: QMATMUL_NAIVE_NUMBA_ST...
APPROACH 1: QMATMUL_NAIVE_NUMBA_ST DONE. [time: 75.60689687728882 s, all close: True, d_inf: 0.0, speed-up vs reference: 1.00]
APPROACH 2: QMATMUL_NAIVE_NUMBA_PARALLEL...
APPROACH 2: QMATMUL_NAIVE_NUMBA_PARALLEL DONE. [time: 6.717644929885864 s, all close: True, d_inf: 0.0, speed-up vs reference: 11.26]
APPROACH 3: QMATMUL_DIRECT_NUMPY...
APPROACH 3: QMATMUL_DIRECT_NUMPY DONE. [time: 0.5440709590911865 s, all close: True, d_inf: 3.2741809263825417e-11, speed-up vs reference: 138.97]
APPROACH 4: QMATMUL_ALGO_NUMPY...
APPROACH 4: QMATMUL_ALGO_NUMPY DONE. [time: 0.33448076248168945 s, all close: True, d_inf: 3.092281986027956e-11, speed-up vs reference: 226.05]
APPROACH 5: QMATMUL_DIRECT_NUMBA_CUDA...
APPROACH 5: QMATMUL_DIRECT_NUMBA_CUDA DONE. [time: 0.1261289119720459 s, all close: True, d_inf: 6.366462912410498e-11, speed-up vs reference: 599.46]
APPROACH 6: QMATMUL_ALGO_NUMBA_CUDA...
APPROACH 6: QMATMUL_ALGO_NUMBA_CUDA DONE. [time: 0.0673980712890625 s, all close: True, d_inf: 3.728928277269006e-11, speed-up vs reference: 1121.84]
REPETITION: 8/10:
APPROACH 1: QMATMUL_NAIVE_NUMBA_ST...
APPROACH 1: QMATMUL_NAIVE_NUMBA_ST DONE. [time: 75.63781929016113 s, all close: True, d_inf: 0.0, speed-up vs reference: 1.00]
APPROACH 2: QMATMUL_NAIVE_NUMBA_PARALLEL...
APPROACH 2: QMATMUL_NAIVE_NUMBA_PARALLEL DONE. [time: 6.373140573501587 s, all close: True, d_inf: 0.0, speed-up vs reference: 11.86]
APPROACH 3: QMATMUL_DIRECT_NUMPY...
APPROACH 3: QMATMUL_DIRECT_NUMPY DONE. [time: 0.5416240692138672 s, all close: True, d_inf: 3.2741809263825417e-11, speed-up vs reference: 139.60]
APPROACH 4: QMATMUL_ALGO_NUMPY...
APPROACH 4: QMATMUL_ALGO_NUMPY DONE. [time: 0.3312516212463379 s, all close: True, d_inf: 3.092281986027956e-11, speed-up vs reference: 228.25]
APPROACH 5: QMATMUL_DIRECT_NUMBA_CUDA...
APPROACH 5: QMATMUL_DIRECT_NUMBA_CUDA DONE. [time: 0.13312649726867676 s, all close: True, d_inf: 6.366462912410498e-11, speed-up vs reference: 567.95]
APPROACH 6: QMATMUL_ALGO_NUMBA_CUDA...
APPROACH 6: QMATMUL_ALGO_NUMBA_CUDA DONE. [time: 0.07779097557067871 s, all close: True, d_inf: 3.728928277269006e-11, speed-up vs reference: 971.96]
REPETITION: 9/10:
APPROACH 1: QMATMUL_NAIVE_NUMBA_ST...
APPROACH 1: QMATMUL_NAIVE_NUMBA_ST DONE. [time: 75.71381115913391 s, all close: True, d_inf: 0.0, speed-up vs reference: 1.00]
APPROACH 2: QMATMUL_NAIVE_NUMBA_PARALLEL...
APPROACH 2: QMATMUL_NAIVE_NUMBA_PARALLEL DONE. [time: 6.881436109542847 s, all close: True, d_inf: 0.0, speed-up vs reference: 10.99]
APPROACH 3: QMATMUL_DIRECT_NUMPY...
APPROACH 3: QMATMUL_DIRECT_NUMPY DONE. [time: 0.5321886539459229 s, all close: True, d_inf: 3.2741809263825417e-11, speed-up vs reference: 142.07]
APPROACH 4: QMATMUL_ALGO_NUMPY...
APPROACH 4: QMATMUL_ALGO_NUMPY DONE. [time: 0.32164740562438965 s, all close: True, d_inf: 3.092281986027956e-11, speed-up vs reference: 235.07]
APPROACH 5: QMATMUL_DIRECT_NUMBA_CUDA...
APPROACH 5: QMATMUL_DIRECT_NUMBA_CUDA DONE. [time: 0.1467912197113037 s, all close: True, d_inf: 6.366462912410498e-11, speed-up vs reference: 515.08]
APPROACH 6: QMATMUL_ALGO_NUMBA_CUDA...
APPROACH 6: QMATMUL_ALGO_NUMBA_CUDA DONE. [time: 0.07756376266479492 s, all close: True, d_inf: 3.728928277269006e-11, speed-up vs reference: 974.81]
REPETITION: 10/10:
APPROACH 1: QMATMUL_NAIVE_NUMBA_ST...
APPROACH 1: QMATMUL_NAIVE_NUMBA_ST DONE. [time: 74.23104333877563 s, all close: True, d_inf: 0.0, speed-up vs reference: 1.02]
APPROACH 2: QMATMUL_NAIVE_NUMBA_PARALLEL...
APPROACH 2: QMATMUL_NAIVE_NUMBA_PARALLEL DONE. [time: 6.282250881195068 s, all close: True, d_inf: 0.0, speed-up vs reference: 12.04]
APPROACH 3: QMATMUL_DIRECT_NUMPY...
APPROACH 3: QMATMUL_DIRECT_NUMPY DONE. [time: 0.5326409339904785 s, all close: True, d_inf: 3.2741809263825417e-11, speed-up vs reference: 141.95]
APPROACH 4: QMATMUL_ALGO_NUMPY...
APPROACH 4: QMATMUL_ALGO_NUMPY DONE. [time: 0.3248624801635742 s, all close: True, d_inf: 3.092281986027956e-11, speed-up vs reference: 232.74]
APPROACH 5: QMATMUL_DIRECT_NUMBA_CUDA...
APPROACH 5: QMATMUL_DIRECT_NUMBA_CUDA DONE. [time: 0.13395094871520996 s, all close: True, d_inf: 6.366462912410498e-11, speed-up vs reference: 564.46]
APPROACH 6: QMATMUL_ALGO_NUMBA_CUDA...
APPROACH 6: QMATMUL_ALGO_NUMBA_CUDA DONE. [time: 0.07777214050292969 s, all close: True, d_inf: 3.728928277269006e-11, speed-up vs reference: 972.19]
================================================================================================================================================================================================================
SUMMARY:
APPROACH 1: QMATMUL_NAIVE_NUMBA_ST (REFERENCE) -> MEAN TIME: 75.4843244791031, STD: 0.4189535968468558, SPEED-UP: 1.00
APPROACH 2: QMATMUL_NAIVE_NUMBA_PARALLEL -> MEAN TIME: 6.630746150016785, STD: 0.21173920763449597, SPEED-UP: 11.38
APPROACH 3: QMATMUL_DIRECT_NUMPY -> MEAN TIME: 0.541530990600586, STD: 0.004664624867699439, SPEED-UP: 139.39
APPROACH 4: QMATMUL_ALGO_NUMPY -> MEAN TIME: 0.33060874938964846, STD: 0.004272685198347732, SPEED-UP: 228.32
APPROACH 5: QMATMUL_DIRECT_NUMBA_CUDA -> MEAN TIME: 0.1460641384124756, STD: 0.011679107983715803, SPEED-UP: 516.79
APPROACH 6: QMATMUL_ALGO_NUMBA_CUDA -> MEAN TIME: 0.07162351608276367, STD: 0.004133337174579515, SPEED-UP: 1053.90
================================================================================================================================================================================================================
QUATERNIONS MAIN DONE. [time: 834.9812164306641 s]
