QUATERNIONS MAIN...
HASH STRING: 0327133282_07284_692_[300;300;300;10;float32;FFTTTT]
================================================================================================================================================================================================================
EXPERIMENT INFO:
{
  M: 300,
  N: 300,
  P: 300,
  SEED: 0,
  RANGE: 10,
  DTYPE: <class 'numpy.float32'>,
  NUMPY_SINGLE_THREAD: True,
  QMATMUL_NAIVE_NUMBA_ST: (False, 'qmatmul_naive_numba_st_float32'),
  QMATMUL_NAIVE_NUMBA_PARALLEL: (False, 'qmatmul_naive_numba_parallel_float32'),
  QMATMUL_DIRECT_NUMPY: (True, 'qmatmul_direct_numpy'),
  QMATMUL_ALGO_NUMPY: (True, 'qmatmul_algo_numpy'),
  QMATMUL_DIRECT_NUMBA_CUDA: (True, 'qmatmul_direct_numba_cuda_float32'),
  QMATMUL_ALGO_NUMBA_CUDA: (True, 'qmatmul_algo_numba_cuda_float32')
}
================================================================================================================================================================================================================
CPU AND SYSTEM PROPS:
{
  cpu_name: Intel(R) Xeon(R) CPU E3-1505M v5 @ 2.80GHz,
  ram_size: 63.9 GB,
  os_name: Windows 10,
  os_version: 10.0.19045,
  os_machine: AMD64
}
GPU PROPS:
{
  name: Quadro M4000M,
  max_threads_per_block: 1024,
  max_block_dim_x: 1024,
  max_block_dim_y: 1024,
  max_block_dim_z: 64,
  max_grid_dim_x: 2147483647,
  max_grid_dim_y: 65535,
  max_grid_dim_z: 65535,
  max_shared_memory_per_block: 49152,
  async_engine_count: 5,
  can_map_host_memory: 1,
  multiprocessor_count: 10,
  warp_size: 32,
  unified_addressing: 1,
  pci_bus_id: 1,
  pci_device_id: 0,
  compute_capability: (5, 2),
  cores_per_SM: 128,
  cores_total: 1280
}
================================================================================================================================================================================================================
MEMORY INFO:
A: 1.373 MB
B: 1.373 MB
C: 1.373 MB
================================================================================================================================================================================================================
APPROACH 1: QMATMUL_NAIVE_NUMBA_ST OFF.
APPROACH 2: QMATMUL_NAIVE_NUMBA_PARALLEL OFF.
APPROACH 3: QMATMUL_DIRECT_NUMPY...
APPROACH 3: QMATMUL_DIRECT_NUMPY DONE. [time: 0.013974189758300781 s, all close: True, d_inf: 0.0, speed-up vs reference: 1.00, reference]
APPROACH 4: QMATMUL_ALGO_NUMPY...
APPROACH 4: QMATMUL_ALGO_NUMPY DONE. [time: 0.014970541000366211 s, all close: True, d_inf: 0.003692626953125, speed-up vs reference: 0.93]
APPROACH 5: QMATMUL_DIRECT_NUMBA_CUDA...
APPROACH 5: QMATMUL_DIRECT_NUMBA_CUDA DONE. [time: 0.017926931381225586 s, all close: True, d_inf: 0.007080078125, speed-up vs reference: 0.78]
APPROACH 6: QMATMUL_ALGO_NUMBA_CUDA...
APPROACH 6: QMATMUL_ALGO_NUMBA_CUDA DONE. [time: 0.019063234329223633 s, all close: True, d_inf: 0.0037841796875, speed-up vs reference: 0.73]
================================================================================================================================================================================================================
QUATERNIONS MAIN DONE.
