QUATERNIONS MAIN...
HASH STRING: 0620151114_03245_203_[1000;3000;2000;10;float64;3;TTTTTT]
================================================================================================================================================================================================================
EXPERIMENT INFO:
{
  M: 1000,
  N: 3000,
  P: 2000,
  SEED: 0,
  RANGE: 10,
  DTYPE: <class 'numpy.float64'>,
  REPETITIONS: 3,
  NUMPY_SINGLE_THREAD: True,
  QMATMUL_NAIVE_NUMBA_ST: (True, 'qmatmul_naive_numba_st_float64'),
  QMATMUL_NAIVE_NUMBA_PARALLEL: (True, 'qmatmul_naive_numba_parallel_float64'),
  QMATMUL_DIRECT_NUMPY: (True, 'qmatmul_direct_numpy'),
  QMATMUL_ALGO_NUMPY: (True, 'qmatmul_algo_numpy'),
  QMATMUL_DIRECT_NUMBA_CUDA: (True, 'qmatmul_direct_numba_cuda_float64'),
  QMATMUL_ALGO_NUMBA_CUDA: (True, 'qmatmul_algo_numba_cuda_float64')
}
================================================================================================================================================================================================================
CPU AND SYSTEM PROPS:
{
  cpu_name: Intel(R) Core(TM) i7-10700 CPU @ 2.90GHz,
  ram_size: 125.7 GB,
  os_name: Linux 6.8.0-63-generic,
  os_version: #66-Ubuntu SMP PREEMPT_DYNAMIC Fri Jun 13 20:25:30 UTC 2025,
  os_machine: x86_64
}
GPU PROPS:
{
  name: NVIDIA GeForce RTX 3090,
  max_threads_per_block: 1024,
  max_block_dim_x: 1024,
  max_block_dim_y: 1024,
  max_block_dim_z: 64,
  max_grid_dim_x: 2147483647,
  max_grid_dim_y: 65535,
  max_grid_dim_z: 65535,
  max_shared_memory_per_block: 49152,
  async_engine_count: 2,
  can_map_host_memory: 1,
  multiprocessor_count: 82,
  warp_size: 32,
  unified_addressing: 1,
  pci_bus_id: 1,
  pci_device_id: 0,
  compute_capability: (8, 6),
  cores_per_SM: 128,
  cores_total: 10496
}
================================================================================================================================================================================================================
MEMORY INFO:
A: 91.553 MB
B: 183.105 MB
C: 61.035 MB
================================================================================================================================================================================================================
REPETITION: 1/3:
APPROACH 1: QMATMUL_NAIVE_NUMBA_ST...
APPROACH 1: QMATMUL_NAIVE_NUMBA_ST DONE. [time: 460.6343734264374 s, all close: True, d_inf: 0.0, speed-up vs reference: 1.00, reference]
APPROACH 2: QMATMUL_NAIVE_NUMBA_PARALLEL...
APPROACH 2: QMATMUL_NAIVE_NUMBA_PARALLEL DONE. [time: 40.70023965835571 s, all close: True, d_inf: 0.0, speed-up vs reference: 11.32]
APPROACH 3: QMATMUL_DIRECT_NUMPY...
APPROACH 3: QMATMUL_DIRECT_NUMPY DONE. [time: 3.077570676803589 s, all close: True, d_inf: 8.731149137020111e-11, speed-up vs reference: 149.67]
APPROACH 4: QMATMUL_ALGO_NUMPY...
APPROACH 4: QMATMUL_ALGO_NUMPY DONE. [time: 1.803701400756836 s, all close: True, d_inf: 8.731149137020111e-11, speed-up vs reference: 255.38]
APPROACH 5: QMATMUL_DIRECT_NUMBA_CUDA...
APPROACH 5: QMATMUL_DIRECT_NUMBA_CUDA DONE. [time: 0.618675708770752 s, all close: True, d_inf: 1.9281287677586079e-10, speed-up vs reference: 744.55]
APPROACH 6: QMATMUL_ALGO_NUMBA_CUDA...
APPROACH 6: QMATMUL_ALGO_NUMBA_CUDA DONE. [time: 0.3045961856842041 s, all close: True, d_inf: 1.1391421139705926e-10, speed-up vs reference: 1512.28]
REPETITION: 2/3:
APPROACH 1: QMATMUL_NAIVE_NUMBA_ST...
APPROACH 1: QMATMUL_NAIVE_NUMBA_ST DONE. [time: 460.68529629707336 s, all close: True, d_inf: 0.0, speed-up vs reference: 1.00]
APPROACH 2: QMATMUL_NAIVE_NUMBA_PARALLEL...
APPROACH 2: QMATMUL_NAIVE_NUMBA_PARALLEL DONE. [time: 40.7028546333313 s, all close: True, d_inf: 0.0, speed-up vs reference: 11.32]
APPROACH 3: QMATMUL_DIRECT_NUMPY...
APPROACH 3: QMATMUL_DIRECT_NUMPY DONE. [time: 3.073314905166626 s, all close: True, d_inf: 8.731149137020111e-11, speed-up vs reference: 149.88]
APPROACH 4: QMATMUL_ALGO_NUMPY...
APPROACH 4: QMATMUL_ALGO_NUMPY DONE. [time: 1.8033804893493652 s, all close: True, d_inf: 8.731149137020111e-11, speed-up vs reference: 255.43]
APPROACH 5: QMATMUL_DIRECT_NUMBA_CUDA...
APPROACH 5: QMATMUL_DIRECT_NUMBA_CUDA DONE. [time: 0.6096501350402832 s, all close: True, d_inf: 1.9281287677586079e-10, speed-up vs reference: 755.57]
APPROACH 6: QMATMUL_ALGO_NUMBA_CUDA...
APPROACH 6: QMATMUL_ALGO_NUMBA_CUDA DONE. [time: 0.3025219440460205 s, all close: True, d_inf: 1.1391421139705926e-10, speed-up vs reference: 1522.65]
REPETITION: 3/3:
APPROACH 1: QMATMUL_NAIVE_NUMBA_ST...
APPROACH 1: QMATMUL_NAIVE_NUMBA_ST DONE. [time: 460.6903359889984 s, all close: True, d_inf: 0.0, speed-up vs reference: 1.00]
APPROACH 2: QMATMUL_NAIVE_NUMBA_PARALLEL...
APPROACH 2: QMATMUL_NAIVE_NUMBA_PARALLEL DONE. [time: 40.69695234298706 s, all close: True, d_inf: 0.0, speed-up vs reference: 11.32]
APPROACH 3: QMATMUL_DIRECT_NUMPY...
APPROACH 3: QMATMUL_DIRECT_NUMPY DONE. [time: 3.063108205795288 s, all close: True, d_inf: 8.731149137020111e-11, speed-up vs reference: 150.38]
APPROACH 4: QMATMUL_ALGO_NUMPY...
APPROACH 4: QMATMUL_ALGO_NUMPY DONE. [time: 1.7965152263641357 s, all close: True, d_inf: 8.731149137020111e-11, speed-up vs reference: 256.40]
APPROACH 5: QMATMUL_DIRECT_NUMBA_CUDA...
APPROACH 5: QMATMUL_DIRECT_NUMBA_CUDA DONE. [time: 0.6157746315002441 s, all close: True, d_inf: 1.9281287677586079e-10, speed-up vs reference: 748.06]
APPROACH 6: QMATMUL_ALGO_NUMBA_CUDA...
APPROACH 6: QMATMUL_ALGO_NUMBA_CUDA DONE. [time: 0.3032562732696533 s, all close: True, d_inf: 1.1391421139705926e-10, speed-up vs reference: 1518.96]
================================================================================================================================================================================================================
SUMMARY:
APPROACH 1: QMATMUL_NAIVE_NUMBA_ST (REFERENCE) -> MEAN TIME: 460.67000190416974, STD: 0.02527701120013681, SPEED-UP: 1.00
APPROACH 2: QMATMUL_NAIVE_NUMBA_PARALLEL -> MEAN TIME: 40.70001554489136, STD: 0.002414805438760532, SPEED-UP: 11.32
APPROACH 3: QMATMUL_DIRECT_NUMPY -> MEAN TIME: 3.071331262588501, STD: 0.0060686019985275, SPEED-UP: 149.99
APPROACH 4: QMATMUL_ALGO_NUMPY -> MEAN TIME: 1.8011990388234456, STD: 0.003314545760568223, SPEED-UP: 255.76
APPROACH 5: QMATMUL_DIRECT_NUMBA_CUDA -> MEAN TIME: 0.6147001584370931, STD: 0.0037621903694177753, SPEED-UP: 749.42
APPROACH 6: QMATMUL_ALGO_NUMBA_CUDA -> MEAN TIME: 0.30345813433329266, STD: 0.0008587512290738759, SPEED-UP: 1518.07
================================================================================================================================================================================================================
QUATERNIONS MAIN DONE. [time: 1523.988482952118 s]
