QUATERNIONS MAIN...
HASH STRING: 0735462598_18377_203_[2000;3000;2000;10;float32;3;TTTTTT]
================================================================================================================================================================================================================
EXPERIMENT INFO:
{
  M: 2000,
  N: 3000,
  P: 2000,
  SEED: 0,
  RANGE: 10,
  DTYPE: <class 'numpy.float32'>,
  REPETITIONS: 3,
  NUMPY_SINGLE_THREAD: True,
  QMATMUL_NAIVE_NUMBA_ST: (True, 'qmatmul_naive_numba_st_float32'),
  QMATMUL_NAIVE_NUMBA_PARALLEL: (True, 'qmatmul_naive_numba_parallel_float32'),
  QMATMUL_DIRECT_NUMPY: (True, 'qmatmul_direct_numpy'),
  QMATMUL_ALGO_NUMPY: (True, 'qmatmul_algo_numpy'),
  QMATMUL_DIRECT_NUMBA_CUDA: (True, 'qmatmul_direct_numba_cuda_float32'),
  QMATMUL_ALGO_NUMBA_CUDA: (True, 'qmatmul_algo_numba_cuda_float32')
}
================================================================================================================================================================================================================
CPU AND SYSTEM PROPS:
{
  cpu_name: Intel(R) Core(TM) i7-10700 CPU @ 2.90GHz,
  ram_size: 125.7 GB,
  os_name: Linux 6.8.0-63-generic,
  os_version: #66-Ubuntu SMP PREEMPT_DYNAMIC Fri Jun 13 20:25:30 UTC 2025,
  os_machine: x86_64
}
GPU PROPS:
{
  name: NVIDIA GeForce RTX 3090,
  max_threads_per_block: 1024,
  max_block_dim_x: 1024,
  max_block_dim_y: 1024,
  max_block_dim_z: 64,
  max_grid_dim_x: 2147483647,
  max_grid_dim_y: 65535,
  max_grid_dim_z: 65535,
  max_shared_memory_per_block: 49152,
  async_engine_count: 2,
  can_map_host_memory: 1,
  multiprocessor_count: 82,
  warp_size: 32,
  unified_addressing: 1,
  pci_bus_id: 1,
  pci_device_id: 0,
  compute_capability: (8, 6),
  cores_per_SM: 128,
  cores_total: 10496
}
================================================================================================================================================================================================================
MEMORY INFO:
A: 91.553 MB
B: 91.553 MB
C: 61.035 MB
================================================================================================================================================================================================================
REPETITION: 1/3:
APPROACH 1: QMATMUL_NAIVE_NUMBA_ST...
APPROACH 1: QMATMUL_NAIVE_NUMBA_ST DONE. [time: 973.5051021575928 s, all close: True, d_inf: 0.0, speed-up vs reference: 1.00, reference]
APPROACH 2: QMATMUL_NAIVE_NUMBA_PARALLEL...
APPROACH 2: QMATMUL_NAIVE_NUMBA_PARALLEL DONE. [time: 80.98691725730896 s, all close: True, d_inf: 0.0, speed-up vs reference: 12.02]
APPROACH 3: QMATMUL_DIRECT_NUMPY...
APPROACH 3: QMATMUL_DIRECT_NUMPY DONE. [time: 3.001763343811035 s, all close: True, d_inf: 0.0498046875, speed-up vs reference: 324.31]
APPROACH 4: QMATMUL_ALGO_NUMPY...
APPROACH 4: QMATMUL_ALGO_NUMPY DONE. [time: 1.7812154293060303 s, all close: True, d_inf: 0.046875, speed-up vs reference: 546.54]
APPROACH 5: QMATMUL_DIRECT_NUMBA_CUDA...
APPROACH 5: QMATMUL_DIRECT_NUMBA_CUDA DONE. [time: 0.5142166614532471 s, all close: True, d_inf: 0.111328125, speed-up vs reference: 1893.18]
APPROACH 6: QMATMUL_ALGO_NUMBA_CUDA...
APPROACH 6: QMATMUL_ALGO_NUMBA_CUDA DONE. [time: 0.21379303932189941 s, all close: True, d_inf: 0.0615234375, speed-up vs reference: 4553.49]
REPETITION: 2/3:
APPROACH 1: QMATMUL_NAIVE_NUMBA_ST...
APPROACH 1: QMATMUL_NAIVE_NUMBA_ST DONE. [time: 974.2451333999634 s, all close: True, d_inf: 0.0, speed-up vs reference: 1.00]
APPROACH 2: QMATMUL_NAIVE_NUMBA_PARALLEL...
APPROACH 2: QMATMUL_NAIVE_NUMBA_PARALLEL DONE. [time: 80.29607558250427 s, all close: True, d_inf: 0.0, speed-up vs reference: 12.12]
APPROACH 3: QMATMUL_DIRECT_NUMPY...
APPROACH 3: QMATMUL_DIRECT_NUMPY DONE. [time: 2.9906740188598633 s, all close: True, d_inf: 0.0498046875, speed-up vs reference: 325.51]
APPROACH 4: QMATMUL_ALGO_NUMPY...
APPROACH 4: QMATMUL_ALGO_NUMPY DONE. [time: 1.7747061252593994 s, all close: True, d_inf: 0.046875, speed-up vs reference: 548.54]
APPROACH 5: QMATMUL_DIRECT_NUMBA_CUDA...
APPROACH 5: QMATMUL_DIRECT_NUMBA_CUDA DONE. [time: 0.5195574760437012 s, all close: True, d_inf: 0.111328125, speed-up vs reference: 1873.72]
APPROACH 6: QMATMUL_ALGO_NUMBA_CUDA...
APPROACH 6: QMATMUL_ALGO_NUMBA_CUDA DONE. [time: 0.21369695663452148 s, all close: True, d_inf: 0.0615234375, speed-up vs reference: 4555.54]
REPETITION: 3/3:
APPROACH 1: QMATMUL_NAIVE_NUMBA_ST...
APPROACH 1: QMATMUL_NAIVE_NUMBA_ST DONE. [time: 1005.8353910446167 s, all close: True, d_inf: 0.0, speed-up vs reference: 0.97]
APPROACH 2: QMATMUL_NAIVE_NUMBA_PARALLEL...
APPROACH 2: QMATMUL_NAIVE_NUMBA_PARALLEL DONE. [time: 80.68701338768005 s, all close: True, d_inf: 0.0, speed-up vs reference: 12.07]
APPROACH 3: QMATMUL_DIRECT_NUMPY...
APPROACH 3: QMATMUL_DIRECT_NUMPY DONE. [time: 2.9840476512908936 s, all close: True, d_inf: 0.0498046875, speed-up vs reference: 326.24]
APPROACH 4: QMATMUL_ALGO_NUMPY...
APPROACH 4: QMATMUL_ALGO_NUMPY DONE. [time: 1.774528980255127 s, all close: True, d_inf: 0.046875, speed-up vs reference: 548.60]
APPROACH 5: QMATMUL_DIRECT_NUMBA_CUDA...
APPROACH 5: QMATMUL_DIRECT_NUMBA_CUDA DONE. [time: 0.5155961513519287 s, all close: True, d_inf: 0.111328125, speed-up vs reference: 1888.12]
APPROACH 6: QMATMUL_ALGO_NUMBA_CUDA...
APPROACH 6: QMATMUL_ALGO_NUMBA_CUDA DONE. [time: 0.21500825881958008 s, all close: True, d_inf: 0.0615234375, speed-up vs reference: 4527.76]
================================================================================================================================================================================================================
SUMMARY:
APPROACH 1: QMATMUL_NAIVE_NUMBA_ST (REFERENCE) -> MEAN TIME: 984.5285422007242, STD: 15.069246105944403, SPEED-UP: 1.00
APPROACH 2: QMATMUL_NAIVE_NUMBA_PARALLEL -> MEAN TIME: 80.65666874249776, STD: 0.28284996379725863, SPEED-UP: 12.21
APPROACH 3: QMATMUL_DIRECT_NUMPY -> MEAN TIME: 2.992161671320597, STD: 0.0073085006556290934, SPEED-UP: 329.04
APPROACH 4: QMATMUL_ALGO_NUMPY -> MEAN TIME: 1.7768168449401855, STD: 0.0031111094918828035, SPEED-UP: 554.10
APPROACH 5: QMATMUL_DIRECT_NUMBA_CUDA -> MEAN TIME: 0.5164567629496256, STD: 0.002263708515389399, SPEED-UP: 1906.31
APPROACH 6: QMATMUL_ALGO_NUMBA_CUDA -> MEAN TIME: 0.21416608492533365, STD: 0.0005967973535553899, SPEED-UP: 4597.03
================================================================================================================================================================================================================
QUATERNIONS MAIN DONE. [time: 0.21500825881958008 s]
