QUATERNIONS MAIN...
HASH STRING: 1129058578_82804_044_[3000;3000;3000;10;float64;10;TTTTTT]
================================================================================================================================================================================================================
EXPERIMENT INFO:
{
  M: 3000,
  N: 3000,
  P: 3000,
  SEED: 0,
  RANGE: 10,
  DTYPE: <class 'numpy.float64'>,
  REPETITIONS: 10,
  NUMPY_SINGLE_THREAD: True,
  QMATMUL_NAIVE_NUMBA_ST: (True, 'qmatmul_naive_numba_st_float64'),
  QMATMUL_NAIVE_NUMBA_PARALLEL: (True, 'qmatmul_naive_numba_parallel_float64'),
  QMATMUL_DIRECT_NUMPY: (True, 'qmatmul_direct_numpy'),
  QMATMUL_ALGO_NUMPY: (True, 'qmatmul_algo_numpy'),
  QMATMUL_DIRECT_NUMBA_CUDA: (True, 'qmatmul_direct_numba_cuda_float64'),
  QMATMUL_ALGO_NUMBA_CUDA: (True, 'qmatmul_algo_numba_cuda_float64')
}
================================================================================================================================================================================================================
CPU AND SYSTEM PROPS:
{
  cpu_name: Intel(R) Core(TM) i7-10700 CPU @ 2.90GHz,
  ram_size: 125.7 GB,
  os_name: Linux 6.8.0-71-generic,
  os_version: #71-Ubuntu SMP PREEMPT_DYNAMIC Tue Jul 22 16:52:38 UTC 2025,
  os_machine: x86_64
}
GPU PROPS:
{
  name: NVIDIA GeForce RTX 3090,
  max_threads_per_block: 1024,
  max_block_dim_x: 1024,
  max_block_dim_y: 1024,
  max_block_dim_z: 64,
  max_grid_dim_x: 2147483647,
  max_grid_dim_y: 65535,
  max_grid_dim_z: 65535,
  max_shared_memory_per_block: 49152,
  async_engine_count: 2,
  can_map_host_memory: 1,
  multiprocessor_count: 82,
  warp_size: 32,
  unified_addressing: 1,
  pci_bus_id: 1,
  pci_device_id: 0,
  compute_capability: (8, 6),
  cores_per_SM: 128,
  cores_total: 10496
}
================================================================================================================================================================================================================
MEMORY INFO:
A: 274.658 MB
B: 274.658 MB
C: 274.658 MB
================================================================================================================================================================================================================
REPETITION: 1/10:
APPROACH 1: QMATMUL_NAIVE_NUMBA_ST...
APPROACH 1: QMATMUL_NAIVE_NUMBA_ST DONE. [time: 2045.944341659546 s, all close: True, d_inf: 0.0, speed-up vs reference: 1.00, reference]
APPROACH 2: QMATMUL_NAIVE_NUMBA_PARALLEL...
APPROACH 2: QMATMUL_NAIVE_NUMBA_PARALLEL DONE. [time: 196.7041347026825 s, all close: True, d_inf: 0.0, speed-up vs reference: 10.40]
APPROACH 3: QMATMUL_DIRECT_NUMPY...
APPROACH 3: QMATMUL_DIRECT_NUMPY DONE. [time: 13.457801580429077 s, all close: True, d_inf: 9.276845958083868e-11, speed-up vs reference: 152.03]
APPROACH 4: QMATMUL_ALGO_NUMPY...
APPROACH 4: QMATMUL_ALGO_NUMPY DONE. [time: 7.380158185958862 s, all close: True, d_inf: 9.458744898438454e-11, speed-up vs reference: 277.22]
APPROACH 5: QMATMUL_DIRECT_NUMBA_CUDA...
APPROACH 5: QMATMUL_DIRECT_NUMBA_CUDA DONE. [time: 2.4426236152648926 s, all close: True, d_inf: 2.128217602148652e-10, speed-up vs reference: 837.60]
APPROACH 6: QMATMUL_ALGO_NUMBA_CUDA...
APPROACH 6: QMATMUL_ALGO_NUMBA_CUDA DONE. [time: 1.2625296115875244 s, all close: True, d_inf: 1.1823431123048067e-10, speed-up vs reference: 1620.51]
REPETITION: 2/10:
APPROACH 1: QMATMUL_NAIVE_NUMBA_ST...
APPROACH 1: QMATMUL_NAIVE_NUMBA_ST DONE. [time: 2044.9574749469757 s, all close: True, d_inf: 0.0, speed-up vs reference: 1.00]
APPROACH 2: QMATMUL_NAIVE_NUMBA_PARALLEL...
APPROACH 2: QMATMUL_NAIVE_NUMBA_PARALLEL DONE. [time: 193.98041415214539 s, all close: True, d_inf: 0.0, speed-up vs reference: 10.55]
APPROACH 3: QMATMUL_DIRECT_NUMPY...
APPROACH 3: QMATMUL_DIRECT_NUMPY DONE. [time: 13.448330640792847 s, all close: True, d_inf: 9.276845958083868e-11, speed-up vs reference: 152.13]
APPROACH 4: QMATMUL_ALGO_NUMPY...
APPROACH 4: QMATMUL_ALGO_NUMPY DONE. [time: 7.37994122505188 s, all close: True, d_inf: 9.458744898438454e-11, speed-up vs reference: 277.23]
APPROACH 5: QMATMUL_DIRECT_NUMBA_CUDA...
APPROACH 5: QMATMUL_DIRECT_NUMBA_CUDA DONE. [time: 2.461177110671997 s, all close: True, d_inf: 2.128217602148652e-10, speed-up vs reference: 831.29]
APPROACH 6: QMATMUL_ALGO_NUMBA_CUDA...
APPROACH 6: QMATMUL_ALGO_NUMBA_CUDA DONE. [time: 1.2688422203063965 s, all close: True, d_inf: 1.1823431123048067e-10, speed-up vs reference: 1612.45]
REPETITION: 3/10:
APPROACH 1: QMATMUL_NAIVE_NUMBA_ST...
APPROACH 1: QMATMUL_NAIVE_NUMBA_ST DONE. [time: 2032.1706981658936 s, all close: True, d_inf: 0.0, speed-up vs reference: 1.01]
APPROACH 2: QMATMUL_NAIVE_NUMBA_PARALLEL...
APPROACH 2: QMATMUL_NAIVE_NUMBA_PARALLEL DONE. [time: 195.50064373016357 s, all close: True, d_inf: 0.0, speed-up vs reference: 10.47]
APPROACH 3: QMATMUL_DIRECT_NUMPY...
APPROACH 3: QMATMUL_DIRECT_NUMPY DONE. [time: 13.433217287063599 s, all close: True, d_inf: 9.276845958083868e-11, speed-up vs reference: 152.30]
APPROACH 4: QMATMUL_ALGO_NUMPY...
APPROACH 4: QMATMUL_ALGO_NUMPY DONE. [time: 7.379602432250977 s, all close: True, d_inf: 9.458744898438454e-11, speed-up vs reference: 277.24]
APPROACH 5: QMATMUL_DIRECT_NUMBA_CUDA...
APPROACH 5: QMATMUL_DIRECT_NUMBA_CUDA DONE. [time: 2.464916944503784 s, all close: True, d_inf: 2.128217602148652e-10, speed-up vs reference: 830.03]
APPROACH 6: QMATMUL_ALGO_NUMBA_CUDA...
APPROACH 6: QMATMUL_ALGO_NUMBA_CUDA DONE. [time: 1.269036054611206 s, all close: True, d_inf: 1.1823431123048067e-10, speed-up vs reference: 1612.20]
REPETITION: 4/10:
APPROACH 1: QMATMUL_NAIVE_NUMBA_ST...
APPROACH 1: QMATMUL_NAIVE_NUMBA_ST DONE. [time: 2045.177845954895 s, all close: True, d_inf: 0.0, speed-up vs reference: 1.00]
APPROACH 2: QMATMUL_NAIVE_NUMBA_PARALLEL...
APPROACH 2: QMATMUL_NAIVE_NUMBA_PARALLEL DONE. [time: 193.9750940799713 s, all close: True, d_inf: 0.0, speed-up vs reference: 10.55]
APPROACH 3: QMATMUL_DIRECT_NUMPY...
APPROACH 3: QMATMUL_DIRECT_NUMPY DONE. [time: 13.448030471801758 s, all close: True, d_inf: 9.276845958083868e-11, speed-up vs reference: 152.14]
APPROACH 4: QMATMUL_ALGO_NUMPY...
APPROACH 4: QMATMUL_ALGO_NUMPY DONE. [time: 7.3804285526275635 s, all close: True, d_inf: 9.458744898438454e-11, speed-up vs reference: 277.21]
APPROACH 5: QMATMUL_DIRECT_NUMBA_CUDA...
APPROACH 5: QMATMUL_DIRECT_NUMBA_CUDA DONE. [time: 2.476891279220581 s, all close: True, d_inf: 2.128217602148652e-10, speed-up vs reference: 826.01]
APPROACH 6: QMATMUL_ALGO_NUMBA_CUDA...
APPROACH 6: QMATMUL_ALGO_NUMBA_CUDA DONE. [time: 1.2673711776733398 s, all close: True, d_inf: 1.1823431123048067e-10, speed-up vs reference: 1614.32]
REPETITION: 5/10:
APPROACH 1: QMATMUL_NAIVE_NUMBA_ST...
APPROACH 1: QMATMUL_NAIVE_NUMBA_ST DONE. [time: 2045.628839969635 s, all close: True, d_inf: 0.0, speed-up vs reference: 1.00]
APPROACH 2: QMATMUL_NAIVE_NUMBA_PARALLEL...
APPROACH 2: QMATMUL_NAIVE_NUMBA_PARALLEL DONE. [time: 196.50778579711914 s, all close: True, d_inf: 0.0, speed-up vs reference: 10.41]
APPROACH 3: QMATMUL_DIRECT_NUMPY...
APPROACH 3: QMATMUL_DIRECT_NUMPY DONE. [time: 13.432368278503418 s, all close: True, d_inf: 9.276845958083868e-11, speed-up vs reference: 152.31]
APPROACH 4: QMATMUL_ALGO_NUMPY...
APPROACH 4: QMATMUL_ALGO_NUMPY DONE. [time: 7.381853342056274 s, all close: True, d_inf: 9.458744898438454e-11, speed-up vs reference: 277.16]
APPROACH 5: QMATMUL_DIRECT_NUMBA_CUDA...
APPROACH 5: QMATMUL_DIRECT_NUMBA_CUDA DONE. [time: 2.4667510986328125 s, all close: True, d_inf: 2.128217602148652e-10, speed-up vs reference: 829.41]
APPROACH 6: QMATMUL_ALGO_NUMBA_CUDA...
APPROACH 6: QMATMUL_ALGO_NUMBA_CUDA DONE. [time: 1.2682394981384277 s, all close: True, d_inf: 1.1823431123048067e-10, speed-up vs reference: 1613.22]
REPETITION: 6/10:
APPROACH 1: QMATMUL_NAIVE_NUMBA_ST...
APPROACH 1: QMATMUL_NAIVE_NUMBA_ST DONE. [time: 2045.011997461319 s, all close: True, d_inf: 0.0, speed-up vs reference: 1.00]
APPROACH 2: QMATMUL_NAIVE_NUMBA_PARALLEL...
APPROACH 2: QMATMUL_NAIVE_NUMBA_PARALLEL DONE. [time: 195.67738127708435 s, all close: True, d_inf: 0.0, speed-up vs reference: 10.46]
APPROACH 3: QMATMUL_DIRECT_NUMPY...
APPROACH 3: QMATMUL_DIRECT_NUMPY DONE. [time: 13.449804306030273 s, all close: True, d_inf: 9.276845958083868e-11, speed-up vs reference: 152.12]
APPROACH 4: QMATMUL_ALGO_NUMPY...
APPROACH 4: QMATMUL_ALGO_NUMPY DONE. [time: 7.3799827098846436 s, all close: True, d_inf: 9.458744898438454e-11, speed-up vs reference: 277.23]
APPROACH 5: QMATMUL_DIRECT_NUMBA_CUDA...
APPROACH 5: QMATMUL_DIRECT_NUMBA_CUDA DONE. [time: 2.4781484603881836 s, all close: True, d_inf: 2.128217602148652e-10, speed-up vs reference: 825.59]
APPROACH 6: QMATMUL_ALGO_NUMBA_CUDA...
APPROACH 6: QMATMUL_ALGO_NUMBA_CUDA DONE. [time: 1.260890245437622 s, all close: True, d_inf: 1.1823431123048067e-10, speed-up vs reference: 1622.62]
REPETITION: 7/10:
APPROACH 1: QMATMUL_NAIVE_NUMBA_ST...
APPROACH 1: QMATMUL_NAIVE_NUMBA_ST DONE. [time: 2044.938291311264 s, all close: True, d_inf: 0.0, speed-up vs reference: 1.00]
APPROACH 2: QMATMUL_NAIVE_NUMBA_PARALLEL...
APPROACH 2: QMATMUL_NAIVE_NUMBA_PARALLEL DONE. [time: 195.0695366859436 s, all close: True, d_inf: 0.0, speed-up vs reference: 10.49]
APPROACH 3: QMATMUL_DIRECT_NUMPY...
APPROACH 3: QMATMUL_DIRECT_NUMPY DONE. [time: 13.449400186538696 s, all close: True, d_inf: 9.276845958083868e-11, speed-up vs reference: 152.12]
APPROACH 4: QMATMUL_ALGO_NUMPY...
APPROACH 4: QMATMUL_ALGO_NUMPY DONE. [time: 7.380754232406616 s, all close: True, d_inf: 9.458744898438454e-11, speed-up vs reference: 277.20]
APPROACH 5: QMATMUL_DIRECT_NUMBA_CUDA...
APPROACH 5: QMATMUL_DIRECT_NUMBA_CUDA DONE. [time: 2.4690661430358887 s, all close: True, d_inf: 2.128217602148652e-10, speed-up vs reference: 828.63]
APPROACH 6: QMATMUL_ALGO_NUMBA_CUDA...
APPROACH 6: QMATMUL_ALGO_NUMBA_CUDA DONE. [time: 1.2687413692474365 s, all close: True, d_inf: 1.1823431123048067e-10, speed-up vs reference: 1612.58]
REPETITION: 8/10:
APPROACH 1: QMATMUL_NAIVE_NUMBA_ST...
APPROACH 1: QMATMUL_NAIVE_NUMBA_ST DONE. [time: 2045.0104548931122 s, all close: True, d_inf: 0.0, speed-up vs reference: 1.00]
APPROACH 2: QMATMUL_NAIVE_NUMBA_PARALLEL...
APPROACH 2: QMATMUL_NAIVE_NUMBA_PARALLEL DONE. [time: 194.33872532844543 s, all close: True, d_inf: 0.0, speed-up vs reference: 10.53]
APPROACH 3: QMATMUL_DIRECT_NUMPY...
APPROACH 3: QMATMUL_DIRECT_NUMPY DONE. [time: 13.457762241363525 s, all close: True, d_inf: 9.276845958083868e-11, speed-up vs reference: 152.03]
APPROACH 4: QMATMUL_ALGO_NUMPY...
APPROACH 4: QMATMUL_ALGO_NUMPY DONE. [time: 7.407611846923828 s, all close: True, d_inf: 9.458744898438454e-11, speed-up vs reference: 276.19]
APPROACH 5: QMATMUL_DIRECT_NUMBA_CUDA...
APPROACH 5: QMATMUL_DIRECT_NUMBA_CUDA DONE. [time: 2.4563677310943604 s, all close: True, d_inf: 2.128217602148652e-10, speed-up vs reference: 832.91]
APPROACH 6: QMATMUL_ALGO_NUMBA_CUDA...
APPROACH 6: QMATMUL_ALGO_NUMBA_CUDA DONE. [time: 1.2847671508789062 s, all close: True, d_inf: 1.1823431123048067e-10, speed-up vs reference: 1592.46]
REPETITION: 9/10:
APPROACH 1: QMATMUL_NAIVE_NUMBA_ST...
APPROACH 1: QMATMUL_NAIVE_NUMBA_ST DONE. [time: 2045.9469323158264 s, all close: True, d_inf: 0.0, speed-up vs reference: 1.00]
APPROACH 2: QMATMUL_NAIVE_NUMBA_PARALLEL...
APPROACH 2: QMATMUL_NAIVE_NUMBA_PARALLEL DONE. [time: 195.2952709197998 s, all close: True, d_inf: 0.0, speed-up vs reference: 10.48]
APPROACH 3: QMATMUL_DIRECT_NUMPY...
APPROACH 3: QMATMUL_DIRECT_NUMPY DONE. [time: 13.40984320640564 s, all close: True, d_inf: 9.276845958083868e-11, speed-up vs reference: 152.57]
APPROACH 4: QMATMUL_ALGO_NUMPY...
APPROACH 4: QMATMUL_ALGO_NUMPY DONE. [time: 7.416035890579224 s, all close: True, d_inf: 9.458744898438454e-11, speed-up vs reference: 275.88]
APPROACH 5: QMATMUL_DIRECT_NUMBA_CUDA...
APPROACH 5: QMATMUL_DIRECT_NUMBA_CUDA DONE. [time: 2.4548423290252686 s, all close: True, d_inf: 2.128217602148652e-10, speed-up vs reference: 833.43]
APPROACH 6: QMATMUL_ALGO_NUMBA_CUDA...
APPROACH 6: QMATMUL_ALGO_NUMBA_CUDA DONE. [time: 1.2789671421051025 s, all close: True, d_inf: 1.1823431123048067e-10, speed-up vs reference: 1599.68]
REPETITION: 10/10:
APPROACH 1: QMATMUL_NAIVE_NUMBA_ST...
APPROACH 1: QMATMUL_NAIVE_NUMBA_ST DONE. [time: 2048.689854860306 s, all close: True, d_inf: 0.0, speed-up vs reference: 1.00]
APPROACH 2: QMATMUL_NAIVE_NUMBA_PARALLEL...
APPROACH 2: QMATMUL_NAIVE_NUMBA_PARALLEL DONE. [time: 196.21355509757996 s, all close: True, d_inf: 0.0, speed-up vs reference: 10.43]
APPROACH 3: QMATMUL_DIRECT_NUMPY...
APPROACH 3: QMATMUL_DIRECT_NUMPY DONE. [time: 13.408532857894897 s, all close: True, d_inf: 9.276845958083868e-11, speed-up vs reference: 152.59]
APPROACH 4: QMATMUL_ALGO_NUMPY...
APPROACH 4: QMATMUL_ALGO_NUMPY DONE. [time: 7.415505409240723 s, all close: True, d_inf: 9.458744898438454e-11, speed-up vs reference: 275.90]
APPROACH 5: QMATMUL_DIRECT_NUMBA_CUDA...
APPROACH 5: QMATMUL_DIRECT_NUMBA_CUDA DONE. [time: 2.4302332401275635 s, all close: True, d_inf: 2.128217602148652e-10, speed-up vs reference: 841.87]
APPROACH 6: QMATMUL_ALGO_NUMBA_CUDA...
APPROACH 6: QMATMUL_ALGO_NUMBA_CUDA DONE. [time: 1.284022569656372 s, all close: True, d_inf: 1.1823431123048067e-10, speed-up vs reference: 1593.39]
================================================================================================================================================================================================================
SUMMARY:
APPROACH 1: QMATMUL_NAIVE_NUMBA_ST (REFERENCE) -> MEAN TIME: 2044.3476731538772, STD: 4.197286167955034, SPEED-UP: 1.00
APPROACH 2: QMATMUL_NAIVE_NUMBA_PARALLEL -> MEAN TIME: 195.32625417709352, STD: 0.9441701452702513, SPEED-UP: 10.47
APPROACH 3: QMATMUL_DIRECT_NUMPY -> MEAN TIME: 13.439509105682372, STD: 0.017182029241997732, SPEED-UP: 152.11
APPROACH 4: QMATMUL_ALGO_NUMPY -> MEAN TIME: 7.390187382698059, STD: 0.015126731835982784, SPEED-UP: 276.63
APPROACH 5: QMATMUL_DIRECT_NUMBA_CUDA -> MEAN TIME: 2.4601017951965334, STD: 0.0141269466187338, SPEED-UP: 831.00
APPROACH 6: QMATMUL_ALGO_NUMBA_CUDA -> MEAN TIME: 1.2713407039642335, STD: 0.007935957232349083, SPEED-UP: 1608.03
================================================================================================================================================================================================================
QUATERNIONS MAIN DONE. [time: 22661.854417085648 s]
