QUATERNIONS MAIN...
HASH STRING: 1389008530_18003_901_[3000;3000;3000;10;float32;3;FFFTTT]
================================================================================================================================================================================================================
EXPERIMENT INFO:
{
  M: 3000,
  N: 3000,
  P: 3000,
  SEED: 0,
  RANGE: 10,
  DTYPE: <class 'numpy.float32'>,
  REPETITIONS: 3,
  NUMPY_SINGLE_THREAD: True,
  QMATMUL_NAIVE_NUMBA_ST: (False, 'qmatmul_naive_numba_st_float32'),
  QMATMUL_NAIVE_NUMBA_PARALLEL: (False, 'qmatmul_naive_numba_parallel_float32'),
  QMATMUL_DIRECT_NUMPY: (False, 'qmatmul_direct_numpy'),
  QMATMUL_ALGO_NUMPY: (True, 'qmatmul_algo_numpy'),
  QMATMUL_DIRECT_NUMBA_CUDA: (True, 'qmatmul_direct_numba_cuda_float32'),
  QMATMUL_ALGO_NUMBA_CUDA: (True, 'qmatmul_algo_numba_cuda_float32_PAPER')
}
================================================================================================================================================================================================================
CPU AND SYSTEM PROPS:
{
  cpu_name: AMD Ryzen 9 9950X 16-Core Processor,
  ram_size: 123.4 GB,
  os_name: Linux 6.14.0-37-generic,
  os_version: #37~24.04.1-Ubuntu SMP PREEMPT_DYNAMIC Thu Nov 20 10:25:38 UTC 2,
  os_machine: x86_64
}
GPU PROPS:
{
  name: NVIDIA GeForce RTX 5090,
  max_threads_per_block: 1024,
  max_block_dim_x: 1024,
  max_block_dim_y: 1024,
  max_block_dim_z: 64,
  max_grid_dim_x: 2147483647,
  max_grid_dim_y: 65535,
  max_grid_dim_z: 65535,
  max_shared_memory_per_block: 49152,
  async_engine_count: 2,
  can_map_host_memory: 1,
  multiprocessor_count: 170,
  warp_size: 32,
  unified_addressing: 1,
  pci_bus_id: 1,
  pci_device_id: 0,
  compute_capability: ComputeCapability(major=12, minor=0),
  cores_per_SM: 128,
  cores_total: 21760
}
================================================================================================================================================================================================================
MEMORY INFO:
A: 137.329 MB
B: 137.329 MB
C: 137.329 MB
================================================================================================================================================================================================================
REPETITION: 1/3:
APPROACH 1: QMATMUL_NAIVE_NUMBA_ST OFF.
APPROACH 2: QMATMUL_NAIVE_NUMBA_PARALLEL OFF.
APPROACH 3: QMATMUL_DIRECT_NUMPY OFF.
APPROACH 4: QMATMUL_ALGO_NUMPY...
APPROACH 4: QMATMUL_ALGO_NUMPY DONE. [time: 1.7458796501159668 s, all close: True, d_inf: 0.0, speed-up vs reference: 1.00, reference]
APPROACH 5: QMATMUL_DIRECT_NUMBA_CUDA...
APPROACH 5: QMATMUL_DIRECT_NUMBA_CUDA DONE. [time: 0.4333987236022949 s, all close: True, d_inf: 0.111328125, speed-up vs reference: 4.03]
APPROACH 6: QMATMUL_ALGO_NUMBA_CUDA...
QMATMUL_ALGO_NUMBA_CUDA_FLOAT32...
[time stacks: 0.022358179092407227 s, tpb: 512]
[time h4s: 0.0008268356323242188 s, tpb: (8, 8)]
[time d4: 0.0504763126373291 s, bpg: (375, 375, 4), tpb: (8, 8)]
[time h4d4: 0.00043654441833496094 s, bpg: (375, 375), tpb: (8, 8)]
[time a4lb4l: 0.05147147178649902 s, bpg: (375, 375, 4), tpb: (8, 8)]
[time sub: 0.0007965564727783203 s, bpg: (1500, 375), tpb: (8, 8)]
[time c: 0.01566290855407715 s, bpg: 70313, tpb: 512]
QMATMUL_ALGO_NUMBA_CUDA_FLOAT32 DONE. [time: 0.14220190048217773 s]
APPROACH 6: QMATMUL_ALGO_NUMBA_CUDA DONE. [time: 0.14681506156921387 s, all close: True, d_inf: 0.0537109375, speed-up vs reference: 11.89]
REPETITION: 2/3:
APPROACH 1: QMATMUL_NAIVE_NUMBA_ST OFF.
APPROACH 2: QMATMUL_NAIVE_NUMBA_PARALLEL OFF.
APPROACH 3: QMATMUL_DIRECT_NUMPY OFF.
APPROACH 4: QMATMUL_ALGO_NUMPY...
APPROACH 4: QMATMUL_ALGO_NUMPY DONE. [time: 1.7487010955810547 s, all close: True, d_inf: 0.0, speed-up vs reference: 1.00]
APPROACH 5: QMATMUL_DIRECT_NUMBA_CUDA...
APPROACH 5: QMATMUL_DIRECT_NUMBA_CUDA DONE. [time: 0.4368441104888916 s, all close: True, d_inf: 0.111328125, speed-up vs reference: 4.00]
APPROACH 6: QMATMUL_ALGO_NUMBA_CUDA...
QMATMUL_ALGO_NUMBA_CUDA_FLOAT32...
[time stacks: 0.022304773330688477 s, tpb: 512]
[time h4s: 0.0007505416870117188 s, tpb: (8, 8)]
[time d4: 0.050354719161987305 s, bpg: (375, 375, 4), tpb: (8, 8)]
[time h4d4: 0.0004050731658935547 s, bpg: (375, 375), tpb: (8, 8)]
[time a4lb4l: 0.051270246505737305 s, bpg: (375, 375, 4), tpb: (8, 8)]
[time sub: 0.0008063316345214844 s, bpg: (1500, 375), tpb: (8, 8)]
[time c: 0.015959739685058594 s, bpg: 70313, tpb: 512]
QMATMUL_ALGO_NUMBA_CUDA_FLOAT32 DONE. [time: 0.14202022552490234 s]
APPROACH 6: QMATMUL_ALGO_NUMBA_CUDA DONE. [time: 0.1466226577758789 s, all close: True, d_inf: 0.0537109375, speed-up vs reference: 11.91]
REPETITION: 3/3:
APPROACH 1: QMATMUL_NAIVE_NUMBA_ST OFF.
APPROACH 2: QMATMUL_NAIVE_NUMBA_PARALLEL OFF.
APPROACH 3: QMATMUL_DIRECT_NUMPY OFF.
APPROACH 4: QMATMUL_ALGO_NUMPY...
APPROACH 4: QMATMUL_ALGO_NUMPY DONE. [time: 1.7352221012115479 s, all close: True, d_inf: 0.0, speed-up vs reference: 1.01]
APPROACH 5: QMATMUL_DIRECT_NUMBA_CUDA...
APPROACH 5: QMATMUL_DIRECT_NUMBA_CUDA DONE. [time: 0.43738436698913574 s, all close: True, d_inf: 0.111328125, speed-up vs reference: 3.99]
APPROACH 6: QMATMUL_ALGO_NUMBA_CUDA...
QMATMUL_ALGO_NUMBA_CUDA_FLOAT32...
[time stacks: 0.022563695907592773 s, tpb: 512]
[time h4s: 0.0007915496826171875 s, tpb: (8, 8)]
[time d4: 0.04992508888244629 s, bpg: (375, 375, 4), tpb: (8, 8)]
[time h4d4: 0.0004019737243652344 s, bpg: (375, 375), tpb: (8, 8)]
[time a4lb4l: 0.05142498016357422 s, bpg: (375, 375, 4), tpb: (8, 8)]
[time sub: 0.0007994174957275391 s, bpg: (1500, 375), tpb: (8, 8)]
[time c: 0.015972137451171875 s, bpg: 70313, tpb: 512]
QMATMUL_ALGO_NUMBA_CUDA_FLOAT32 DONE. [time: 0.14203953742980957 s]
APPROACH 6: QMATMUL_ALGO_NUMBA_CUDA DONE. [time: 0.14661812782287598 s, all close: True, d_inf: 0.0537109375, speed-up vs reference: 11.91]
================================================================================================================================================================================================================
SUMMARY:
APPROACH 1: QMATMUL_NAIVE_NUMBA_ST OFF.
APPROACH 2: QMATMUL_NAIVE_NUMBA_PARALLEL OFF.
APPROACH 3: QMATMUL_DIRECT_NUMPY OFF.
APPROACH 4: QMATMUL_ALGO_NUMPY (REFERENCE) -> MEAN TIME: 1.7432676156361897, STD: 0.005804473297722326, SPEED-UP: 1.00
APPROACH 5: QMATMUL_DIRECT_NUMBA_CUDA -> MEAN TIME: 0.43587573369344074, STD: 0.0017653429346244558, SPEED-UP: 4.00
APPROACH 6: QMATMUL_ALGO_NUMBA_CUDA -> MEAN TIME: 0.1466852823893229, STD: 9.178637069640916e-05, SPEED-UP: 11.88
================================================================================================================================================================================================================
QUATERNIONS MAIN DONE. [time: 9.516275882720947 s]
