QUATERNIONS MAIN...
HASH STRING: 1581608789_38774_901_[3000;3000;3000;10;float32;3;FFFFTT]
================================================================================================================================================================================================================
EXPERIMENT INFO:
{
  M: 3000,
  N: 3000,
  P: 3000,
  SEED: 0,
  RANGE: 10,
  DTYPE: <class 'numpy.float32'>,
  REPETITIONS: 3,
  NUMPY_SINGLE_THREAD: True,
  QMATMUL_NAIVE_NUMBA_ST: (False, 'qmatmul_naive_numba_st_float32'),
  QMATMUL_NAIVE_NUMBA_PARALLEL: (False, 'qmatmul_naive_numba_parallel_float32'),
  QMATMUL_DIRECT_NUMPY: (False, 'qmatmul_direct_numpy'),
  QMATMUL_ALGO_NUMPY: (False, 'qmatmul_algo_numpy'),
  QMATMUL_DIRECT_NUMBA_CUDA: (True, 'qmatmul_direct_numba_cuda_float32'),
  QMATMUL_ALGO_NUMBA_CUDA: (True, 'qmatmul_algo_numba_cuda_float32_PAPER')
}
================================================================================================================================================================================================================
CPU AND SYSTEM PROPS:
{
  cpu_name: AMD Ryzen 9 9950X 16-Core Processor,
  ram_size: 123.4 GB,
  os_name: Linux 6.14.0-37-generic,
  os_version: #37~24.04.1-Ubuntu SMP PREEMPT_DYNAMIC Thu Nov 20 10:25:38 UTC 2,
  os_machine: x86_64
}
GPU PROPS:
{
  name: NVIDIA GeForce RTX 5090,
  max_threads_per_block: 1024,
  max_block_dim_x: 1024,
  max_block_dim_y: 1024,
  max_block_dim_z: 64,
  max_grid_dim_x: 2147483647,
  max_grid_dim_y: 65535,
  max_grid_dim_z: 65535,
  max_shared_memory_per_block: 49152,
  async_engine_count: 2,
  can_map_host_memory: 1,
  multiprocessor_count: 170,
  warp_size: 32,
  unified_addressing: 1,
  pci_bus_id: 1,
  pci_device_id: 0,
  compute_capability: ComputeCapability(major=12, minor=0),
  cores_per_SM: 128,
  cores_total: 21760
}
================================================================================================================================================================================================================
MEMORY INFO:
A: 137.329 MB
B: 137.329 MB
C: 137.329 MB
================================================================================================================================================================================================================
REPETITION: 1/3:
APPROACH 1: QMATMUL_NAIVE_NUMBA_ST OFF.
APPROACH 2: QMATMUL_NAIVE_NUMBA_PARALLEL OFF.
APPROACH 3: QMATMUL_DIRECT_NUMPY OFF.
APPROACH 4: QMATMUL_ALGO_NUMPY OFF.
APPROACH 5: QMATMUL_DIRECT_NUMBA_CUDA...
APPROACH 5: QMATMUL_DIRECT_NUMBA_CUDA DONE. [time: 0.4356198310852051 s, all close: True, d_inf: 0.0, speed-up vs reference: 1.00, reference]
APPROACH 6: QMATMUL_ALGO_NUMBA_CUDA...
QMATMUL_ALGO_NUMBA_CUDA_FLOAT32...
[time stacks: 0.022183895111083984 s, tpb: 512]
[time h4s: 0.0008077621459960938 s, tpb: (8, 8)]
[time d4: 0.0589292049407959 s, bpg: (375, 375, 4), tpb: (8, 8)]
[time h4d4: 0.0004127025604248047 s, bpg: (375, 375), tpb: (8, 8)]
[time a4lb4l: 0.059762001037597656 s, bpg: (375, 375, 4), tpb: (8, 8)]
[time sub: 0.0008103847503662109 s, bpg: (1500, 375), tpb: (8, 8)]
[time c: 0.015932083129882812 s, bpg: 70313, tpb: 512]
QMATMUL_ALGO_NUMBA_CUDA_FLOAT32 DONE. [time: 0.15900588035583496 s]
APPROACH 6: QMATMUL_ALGO_NUMBA_CUDA DONE. [time: 0.16337871551513672 s, all close: True, d_inf: 0.125, speed-up vs reference: 2.67]
REPETITION: 2/3:
APPROACH 1: QMATMUL_NAIVE_NUMBA_ST OFF.
APPROACH 2: QMATMUL_NAIVE_NUMBA_PARALLEL OFF.
APPROACH 3: QMATMUL_DIRECT_NUMPY OFF.
APPROACH 4: QMATMUL_ALGO_NUMPY OFF.
APPROACH 5: QMATMUL_DIRECT_NUMBA_CUDA...
APPROACH 5: QMATMUL_DIRECT_NUMBA_CUDA DONE. [time: 0.43615078926086426 s, all close: True, d_inf: 0.0, speed-up vs reference: 1.00]
APPROACH 6: QMATMUL_ALGO_NUMBA_CUDA...
QMATMUL_ALGO_NUMBA_CUDA_FLOAT32...
[time stacks: 0.022307872772216797 s, tpb: 512]
[time h4s: 0.0007450580596923828 s, tpb: (8, 8)]
[time d4: 0.05915117263793945 s, bpg: (375, 375, 4), tpb: (8, 8)]
[time h4d4: 0.00040078163146972656 s, bpg: (375, 375), tpb: (8, 8)]
[time a4lb4l: 0.06000709533691406 s, bpg: (375, 375, 4), tpb: (8, 8)]
[time sub: 0.0008418560028076172 s, bpg: (1500, 375), tpb: (8, 8)]
[time c: 0.015889644622802734 s, bpg: 70313, tpb: 512]
QMATMUL_ALGO_NUMBA_CUDA_FLOAT32 DONE. [time: 0.15951895713806152 s]
APPROACH 6: QMATMUL_ALGO_NUMBA_CUDA DONE. [time: 0.16411328315734863 s, all close: True, d_inf: 0.125, speed-up vs reference: 2.65]
REPETITION: 3/3:
APPROACH 1: QMATMUL_NAIVE_NUMBA_ST OFF.
APPROACH 2: QMATMUL_NAIVE_NUMBA_PARALLEL OFF.
APPROACH 3: QMATMUL_DIRECT_NUMPY OFF.
APPROACH 4: QMATMUL_ALGO_NUMPY OFF.
APPROACH 5: QMATMUL_DIRECT_NUMBA_CUDA...
APPROACH 5: QMATMUL_DIRECT_NUMBA_CUDA DONE. [time: 0.4380760192871094 s, all close: True, d_inf: 0.0, speed-up vs reference: 0.99]
APPROACH 6: QMATMUL_ALGO_NUMBA_CUDA...
QMATMUL_ALGO_NUMBA_CUDA_FLOAT32...
[time stacks: 0.02209639549255371 s, tpb: 512]
[time h4s: 0.0007684230804443359 s, tpb: (8, 8)]
[time d4: 0.05637669563293457 s, bpg: (375, 375, 4), tpb: (8, 8)]
[time h4d4: 0.00040078163146972656 s, bpg: (375, 375), tpb: (8, 8)]
[time a4lb4l: 0.05969548225402832 s, bpg: (375, 375, 4), tpb: (8, 8)]
[time sub: 0.0008025169372558594 s, bpg: (1500, 375), tpb: (8, 8)]
[time c: 0.016001224517822266 s, bpg: 70313, tpb: 512]
QMATMUL_ALGO_NUMBA_CUDA_FLOAT32 DONE. [time: 0.1562957763671875 s]
APPROACH 6: QMATMUL_ALGO_NUMBA_CUDA DONE. [time: 0.16091322898864746 s, all close: True, d_inf: 0.125, speed-up vs reference: 2.71]
================================================================================================================================================================================================================
SUMMARY:
APPROACH 1: QMATMUL_NAIVE_NUMBA_ST OFF.
APPROACH 2: QMATMUL_NAIVE_NUMBA_PARALLEL OFF.
APPROACH 3: QMATMUL_DIRECT_NUMPY OFF.
APPROACH 4: QMATMUL_ALGO_NUMPY OFF.
APPROACH 5: QMATMUL_DIRECT_NUMBA_CUDA (REFERENCE) -> MEAN TIME: 0.4366155465443929, STD: 0.001055213918355945, SPEED-UP: 1.00
APPROACH 6: QMATMUL_ALGO_NUMBA_CUDA -> MEAN TIME: 0.16280174255371094, STD: 0.001368639231577059, SPEED-UP: 2.68
================================================================================================================================================================================================================
QUATERNIONS MAIN DONE. [time: 3.9470245838165283 s]
