QUATERNIONS MAIN...
HASH STRING: 1638229494_84136_692_[100;300;200;10;float32;3;TTTTTT]
================================================================================================================================================================================================================
EXPERIMENT INFO:
{
  M: 100,
  N: 300,
  P: 200,
  SEED: 0,
  RANGE: 10,
  DTYPE: <class 'numpy.float32'>,
  REPETITIONS: 3,
  NUMPY_SINGLE_THREAD: True,
  QMATMUL_NAIVE_NUMBA_ST: (True, 'qmatmul_naive_numba_st_float32'),
  QMATMUL_NAIVE_NUMBA_PARALLEL: (True, 'qmatmul_naive_numba_parallel_float32'),
  QMATMUL_DIRECT_NUMPY: (True, 'qmatmul_direct_numpy'),
  QMATMUL_ALGO_NUMPY: (True, 'qmatmul_algo_numpy'),
  QMATMUL_DIRECT_NUMBA_CUDA: (True, 'qmatmul_direct_numba_cuda_float32'),
  QMATMUL_ALGO_NUMBA_CUDA: (True, 'qmatmul_algo_numba_cuda_float32')
}
================================================================================================================================================================================================================
CPU AND SYSTEM PROPS:
{
  cpu_name: Intel(R) Xeon(R) CPU E3-1505M v5 @ 2.80GHz,
  ram_size: 63.9 GB,
  os_name: Windows 10,
  os_version: 10.0.19045,
  os_machine: AMD64
}
GPU PROPS:
{
  name: Quadro M4000M,
  max_threads_per_block: 1024,
  max_block_dim_x: 1024,
  max_block_dim_y: 1024,
  max_block_dim_z: 64,
  max_grid_dim_x: 2147483647,
  max_grid_dim_y: 65535,
  max_grid_dim_z: 65535,
  max_shared_memory_per_block: 49152,
  async_engine_count: 5,
  can_map_host_memory: 1,
  multiprocessor_count: 10,
  warp_size: 32,
  unified_addressing: 1,
  pci_bus_id: 1,
  pci_device_id: 0,
  compute_capability: (5, 2),
  cores_per_SM: 128,
  cores_total: 1280
}
================================================================================================================================================================================================================
MEMORY INFO:
A: 0.458 MB
B: 0.916 MB
C: 0.305 MB
================================================================================================================================================================================================================
REPETITION: 1/3:
APPROACH 1: QMATMUL_NAIVE_NUMBA_ST...
APPROACH 1: QMATMUL_NAIVE_NUMBA_ST DONE. [time: 1.0033690929412842 s, all close: True, d_inf: 0.0, speed-up vs reference: 1.00, reference]
APPROACH 2: QMATMUL_NAIVE_NUMBA_PARALLEL...
APPROACH 2: QMATMUL_NAIVE_NUMBA_PARALLEL DONE. [time: 0.2004384994506836 s, all close: True, d_inf: 0.0, speed-up vs reference: 5.01]
APPROACH 3: QMATMUL_DIRECT_NUMPY...
APPROACH 3: QMATMUL_DIRECT_NUMPY DONE. [time: 0.0069811344146728516 s, all close: True, d_inf: 0.0048828125, speed-up vs reference: 143.73]
APPROACH 4: QMATMUL_ALGO_NUMPY...
APPROACH 4: QMATMUL_ALGO_NUMPY DONE. [time: 0.007978439331054688 s, all close: True, d_inf: 0.0045166015625, speed-up vs reference: 125.76]
APPROACH 5: QMATMUL_DIRECT_NUMBA_CUDA...
APPROACH 5: QMATMUL_DIRECT_NUMBA_CUDA DONE. [time: 0.009973526000976562 s, all close: True, d_inf: 0.0078125, speed-up vs reference: 100.60]
APPROACH 6: QMATMUL_ALGO_NUMBA_CUDA...
APPROACH 6: QMATMUL_ALGO_NUMBA_CUDA DONE. [time: 0.012965202331542969 s, all close: True, d_inf: 0.0045166015625, speed-up vs reference: 77.39]
REPETITION: 2/3:
APPROACH 1: QMATMUL_NAIVE_NUMBA_ST...
APPROACH 1: QMATMUL_NAIVE_NUMBA_ST DONE. [time: 1.0771548748016357 s, all close: True, d_inf: 0.0, speed-up vs reference: 0.93]
APPROACH 2: QMATMUL_NAIVE_NUMBA_PARALLEL...
APPROACH 2: QMATMUL_NAIVE_NUMBA_PARALLEL DONE. [time: 0.3061807155609131 s, all close: True, d_inf: 0.0, speed-up vs reference: 3.28]
APPROACH 3: QMATMUL_DIRECT_NUMPY...
APPROACH 3: QMATMUL_DIRECT_NUMPY DONE. [time: 0.006979942321777344 s, all close: True, d_inf: 0.0048828125, speed-up vs reference: 143.75]
APPROACH 4: QMATMUL_ALGO_NUMPY...
APPROACH 4: QMATMUL_ALGO_NUMPY DONE. [time: 0.009971857070922852 s, all close: True, d_inf: 0.0045166015625, speed-up vs reference: 100.62]
APPROACH 5: QMATMUL_DIRECT_NUMBA_CUDA...
APPROACH 5: QMATMUL_DIRECT_NUMBA_CUDA DONE. [time: 0.009974002838134766 s, all close: True, d_inf: 0.0078125, speed-up vs reference: 100.60]
APPROACH 6: QMATMUL_ALGO_NUMBA_CUDA...
APPROACH 6: QMATMUL_ALGO_NUMBA_CUDA DONE. [time: 0.01296377182006836 s, all close: True, d_inf: 0.0045166015625, speed-up vs reference: 77.40]
REPETITION: 3/3:
APPROACH 1: QMATMUL_NAIVE_NUMBA_ST...
APPROACH 1: QMATMUL_NAIVE_NUMBA_ST DONE. [time: 1.0562007427215576 s, all close: True, d_inf: 0.0, speed-up vs reference: 0.95]
APPROACH 2: QMATMUL_NAIVE_NUMBA_PARALLEL...
APPROACH 2: QMATMUL_NAIVE_NUMBA_PARALLEL DONE. [time: 0.21041178703308105 s, all close: True, d_inf: 0.0, speed-up vs reference: 4.77]
APPROACH 3: QMATMUL_DIRECT_NUMPY...
APPROACH 3: QMATMUL_DIRECT_NUMPY DONE. [time: 0.006979942321777344 s, all close: True, d_inf: 0.0048828125, speed-up vs reference: 143.75]
APPROACH 4: QMATMUL_ALGO_NUMPY...
APPROACH 4: QMATMUL_ALGO_NUMPY DONE. [time: 0.008977174758911133 s, all close: True, d_inf: 0.0045166015625, speed-up vs reference: 111.77]
APPROACH 5: QMATMUL_DIRECT_NUMBA_CUDA...
APPROACH 5: QMATMUL_DIRECT_NUMBA_CUDA DONE. [time: 0.011966705322265625 s, all close: True, d_inf: 0.0078125, speed-up vs reference: 83.85]
APPROACH 6: QMATMUL_ALGO_NUMBA_CUDA...
APPROACH 6: QMATMUL_ALGO_NUMBA_CUDA DONE. [time: 0.014961004257202148 s, all close: True, d_inf: 0.0045166015625, speed-up vs reference: 67.07]
================================================================================================================================================================================================================
SUMMARY:
APPROACH 1: QMATMUL_NAIVE_NUMBA_ST (REFERENCE) -> MEAN TIME: 1.0455749034881592, STD: 0.031045845086971714, SPEED-UP: 1.00
APPROACH 2: QMATMUL_NAIVE_NUMBA_PARALLEL -> MEAN TIME: 0.23901033401489258, STD: 0.04767082779561507, SPEED-UP: 4.37
APPROACH 3: QMATMUL_DIRECT_NUMPY -> MEAN TIME: 0.006980339686075847, STD: 5.619579801452537e-07, SPEED-UP: 149.79
APPROACH 4: QMATMUL_ALGO_NUMPY -> MEAN TIME: 0.008975823720296225, STD: 0.0008138099452100918, SPEED-UP: 116.49
APPROACH 5: QMATMUL_DIRECT_NUMBA_CUDA -> MEAN TIME: 0.010638078053792318, STD: 0.0009394813713752036, SPEED-UP: 98.29
APPROACH 6: QMATMUL_ALGO_NUMBA_CUDA -> MEAN TIME: 0.013629992802937826, STD: 0.0009411674063374312, SPEED-UP: 76.71
================================================================================================================================================================================================================
QUATERNIONS MAIN DONE. [time: 5.85749626159668 s]
