QUATERNIONS MAIN...
HASH STRING: 1714411219_82484_901_[3000;5000;7000;10;float32;3;FFFFTT]
================================================================================================================================================================================================================
EXPERIMENT INFO:
{
  M: 3000,
  N: 5000,
  P: 7000,
  SEED: 0,
  RANGE: 10,
  DTYPE: <class 'numpy.float32'>,
  REPETITIONS: 3,
  NUMPY_SINGLE_THREAD: True,
  QMATMUL_NAIVE_NUMBA_ST: (False, 'qmatmul_naive_numba_st_float32'),
  QMATMUL_NAIVE_NUMBA_PARALLEL: (False, 'qmatmul_naive_numba_parallel_float32'),
  QMATMUL_DIRECT_NUMPY: (False, 'qmatmul_direct_numpy'),
  QMATMUL_ALGO_NUMPY: (False, 'qmatmul_algo_numpy'),
  QMATMUL_DIRECT_NUMBA_CUDA: (True, 'qmatmul_direct_numba_cuda_float32'),
  QMATMUL_ALGO_NUMBA_CUDA: (True, 'qmatmul_algo_numba_cuda_float32_PAPER')
}
================================================================================================================================================================================================================
CPU AND SYSTEM PROPS:
{
  cpu_name: AMD Ryzen 9 9950X 16-Core Processor,
  ram_size: 123.4 GB,
  os_name: Linux 6.14.0-37-generic,
  os_version: #37~24.04.1-Ubuntu SMP PREEMPT_DYNAMIC Thu Nov 20 10:25:38 UTC 2,
  os_machine: x86_64
}
GPU PROPS:
{
  name: NVIDIA GeForce RTX 5090,
  max_threads_per_block: 1024,
  max_block_dim_x: 1024,
  max_block_dim_y: 1024,
  max_block_dim_z: 64,
  max_grid_dim_x: 2147483647,
  max_grid_dim_y: 65535,
  max_grid_dim_z: 65535,
  max_shared_memory_per_block: 49152,
  async_engine_count: 2,
  can_map_host_memory: 1,
  multiprocessor_count: 170,
  warp_size: 32,
  unified_addressing: 1,
  pci_bus_id: 1,
  pci_device_id: 0,
  compute_capability: ComputeCapability(major=12, minor=0),
  cores_per_SM: 128,
  cores_total: 21760
}
================================================================================================================================================================================================================
MEMORY INFO:
A: 228.882 MB
B: 534.058 MB
C: 320.435 MB
================================================================================================================================================================================================================
REPETITION: 1/3:
APPROACH 1: QMATMUL_NAIVE_NUMBA_ST OFF.
APPROACH 2: QMATMUL_NAIVE_NUMBA_PARALLEL OFF.
APPROACH 3: QMATMUL_DIRECT_NUMPY OFF.
APPROACH 4: QMATMUL_ALGO_NUMPY OFF.
APPROACH 5: QMATMUL_DIRECT_NUMBA_CUDA...
APPROACH 5: QMATMUL_DIRECT_NUMBA_CUDA DONE. [time: 1.735032081604004 s, all close: True, d_inf: 0.0, speed-up vs reference: 1.00, reference]
APPROACH 6: QMATMUL_ALGO_NUMBA_CUDA...
QMATMUL_ALGO_NUMBA_CUDA_FLOAT32...
[time stacks: 0.06017136573791504 s, tpb: 512]
[time h4s: 0.0017995834350585938 s, tpb: (16, 16)]
[time d4: 0.33440279960632324 s, bpg: (188, 438, 4), tpb: (16, 16)]
[time h4d4: 0.0007491111755371094 s, bpg: (188, 438), tpb: (16, 16)]
[time a4lb4l: 0.3136861324310303 s, bpg: (188, 438, 4), tpb: (16, 16)]
[time sub: 0.001155853271484375 s, bpg: (750, 438), tpb: (16, 16)]
[time c: 0.036115407943725586 s, bpg: 164063, tpb: 512]
QMATMUL_ALGO_NUMBA_CUDA_FLOAT32 DONE. [time: 0.7482655048370361 s]
APPROACH 6: QMATMUL_ALGO_NUMBA_CUDA DONE. [time: 0.7585635185241699 s, all close: True, d_inf: 0.232421875, speed-up vs reference: 2.29]
REPETITION: 2/3:
APPROACH 1: QMATMUL_NAIVE_NUMBA_ST OFF.
APPROACH 2: QMATMUL_NAIVE_NUMBA_PARALLEL OFF.
APPROACH 3: QMATMUL_DIRECT_NUMPY OFF.
APPROACH 4: QMATMUL_ALGO_NUMPY OFF.
APPROACH 5: QMATMUL_DIRECT_NUMBA_CUDA...
APPROACH 5: QMATMUL_DIRECT_NUMBA_CUDA DONE. [time: 1.7379074096679688 s, all close: True, d_inf: 0.0, speed-up vs reference: 1.00]
APPROACH 6: QMATMUL_ALGO_NUMBA_CUDA...
QMATMUL_ALGO_NUMBA_CUDA_FLOAT32...
[time stacks: 0.06020832061767578 s, tpb: 512]
[time h4s: 0.001767873764038086 s, tpb: (16, 16)]
[time d4: 0.32924795150756836 s, bpg: (188, 438, 4), tpb: (16, 16)]
[time h4d4: 0.0007908344268798828 s, bpg: (188, 438), tpb: (16, 16)]
[time a4lb4l: 0.3085055351257324 s, bpg: (188, 438, 4), tpb: (16, 16)]
[time sub: 0.0013604164123535156 s, bpg: (750, 438), tpb: (16, 16)]
[time c: 0.03616499900817871 s, bpg: 164063, tpb: 512]
QMATMUL_ALGO_NUMBA_CUDA_FLOAT32 DONE. [time: 0.7382514476776123 s]
APPROACH 6: QMATMUL_ALGO_NUMBA_CUDA DONE. [time: 0.7488188743591309 s, all close: True, d_inf: 0.232421875, speed-up vs reference: 2.32]
REPETITION: 3/3:
APPROACH 1: QMATMUL_NAIVE_NUMBA_ST OFF.
APPROACH 2: QMATMUL_NAIVE_NUMBA_PARALLEL OFF.
APPROACH 3: QMATMUL_DIRECT_NUMPY OFF.
APPROACH 4: QMATMUL_ALGO_NUMPY OFF.
APPROACH 5: QMATMUL_DIRECT_NUMBA_CUDA...
APPROACH 5: QMATMUL_DIRECT_NUMBA_CUDA DONE. [time: 1.7406070232391357 s, all close: True, d_inf: 0.0, speed-up vs reference: 1.00]
APPROACH 6: QMATMUL_ALGO_NUMBA_CUDA...
QMATMUL_ALGO_NUMBA_CUDA_FLOAT32...
[time stacks: 0.060349464416503906 s, tpb: 512]
[time h4s: 0.0017621517181396484 s, tpb: (16, 16)]
[time d4: 0.3373134136199951 s, bpg: (188, 438, 4), tpb: (16, 16)]
[time h4d4: 0.0015869140625 s, bpg: (188, 438), tpb: (16, 16)]
[time a4lb4l: 0.317659854888916 s, bpg: (188, 438, 4), tpb: (16, 16)]
[time sub: 0.001127481460571289 s, bpg: (750, 438), tpb: (16, 16)]
[time c: 0.03594183921813965 s, bpg: 164063, tpb: 512]
QMATMUL_ALGO_NUMBA_CUDA_FLOAT32 DONE. [time: 0.7559165954589844 s]
APPROACH 6: QMATMUL_ALGO_NUMBA_CUDA DONE. [time: 0.765876054763794 s, all close: True, d_inf: 0.232421875, speed-up vs reference: 2.27]
================================================================================================================================================================================================================
SUMMARY:
APPROACH 1: QMATMUL_NAIVE_NUMBA_ST OFF.
APPROACH 2: QMATMUL_NAIVE_NUMBA_PARALLEL OFF.
APPROACH 3: QMATMUL_DIRECT_NUMPY OFF.
APPROACH 4: QMATMUL_ALGO_NUMPY OFF.
APPROACH 5: QMATMUL_DIRECT_NUMBA_CUDA (REFERENCE) -> MEAN TIME: 1.7378488381703694, STD: 0.0022763371929527304, SPEED-UP: 1.00
APPROACH 6: QMATMUL_ALGO_NUMBA_CUDA -> MEAN TIME: 0.7577528158823649, STD: 0.006987120528485624, SPEED-UP: 2.29
================================================================================================================================================================================================================
QUATERNIONS MAIN DONE. [time: 11.237475872039795 s]
