QUATERNIONS MAIN...
HASH STRING: 1776170957_75631_044_[3000;3000;3000;10;float32;10;TTTTTT]
================================================================================================================================================================================================================
EXPERIMENT INFO:
{
  M: 3000,
  N: 3000,
  P: 3000,
  SEED: 0,
  RANGE: 10,
  DTYPE: <class 'numpy.float32'>,
  REPETITIONS: 10,
  NUMPY_SINGLE_THREAD: True,
  QMATMUL_NAIVE_NUMBA_ST: (True, 'qmatmul_naive_numba_st_float32'),
  QMATMUL_NAIVE_NUMBA_PARALLEL: (True, 'qmatmul_naive_numba_parallel_float32'),
  QMATMUL_DIRECT_NUMPY: (True, 'qmatmul_direct_numpy'),
  QMATMUL_ALGO_NUMPY: (True, 'qmatmul_algo_numpy'),
  QMATMUL_DIRECT_NUMBA_CUDA: (True, 'qmatmul_direct_numba_cuda_float32'),
  QMATMUL_ALGO_NUMBA_CUDA: (True, 'qmatmul_algo_numba_cuda_float32')
}
================================================================================================================================================================================================================
CPU AND SYSTEM PROPS:
{
  cpu_name: Intel(R) Core(TM) i7-10700 CPU @ 2.90GHz,
  ram_size: 125.7 GB,
  os_name: Linux 6.8.0-71-generic,
  os_version: #71-Ubuntu SMP PREEMPT_DYNAMIC Tue Jul 22 16:52:38 UTC 2025,
  os_machine: x86_64
}
GPU PROPS:
{
  name: NVIDIA GeForce RTX 3090,
  max_threads_per_block: 1024,
  max_block_dim_x: 1024,
  max_block_dim_y: 1024,
  max_block_dim_z: 64,
  max_grid_dim_x: 2147483647,
  max_grid_dim_y: 65535,
  max_grid_dim_z: 65535,
  max_shared_memory_per_block: 49152,
  async_engine_count: 2,
  can_map_host_memory: 1,
  multiprocessor_count: 82,
  warp_size: 32,
  unified_addressing: 1,
  pci_bus_id: 1,
  pci_device_id: 0,
  compute_capability: (8, 6),
  cores_per_SM: 128,
  cores_total: 10496
}
================================================================================================================================================================================================================
MEMORY INFO:
A: 137.329 MB
B: 137.329 MB
C: 137.329 MB
================================================================================================================================================================================================================
REPETITION: 1/10:
APPROACH 1: QMATMUL_NAIVE_NUMBA_ST...
APPROACH 1: QMATMUL_NAIVE_NUMBA_ST DONE. [time: 2019.5329127311707 s, all close: True, d_inf: 0.0, speed-up vs reference: 1.00, reference]
APPROACH 2: QMATMUL_NAIVE_NUMBA_PARALLEL...
APPROACH 2: QMATMUL_NAIVE_NUMBA_PARALLEL DONE. [time: 183.23395228385925 s, all close: True, d_inf: 0.0, speed-up vs reference: 11.02]
APPROACH 3: QMATMUL_DIRECT_NUMPY...
APPROACH 3: QMATMUL_DIRECT_NUMPY DONE. [time: 6.615495443344116 s, all close: True, d_inf: 0.060546875, speed-up vs reference: 305.27]
APPROACH 4: QMATMUL_ALGO_NUMPY...
APPROACH 4: QMATMUL_ALGO_NUMPY DONE. [time: 3.6113057136535645 s, all close: True, d_inf: 0.056640625, speed-up vs reference: 559.23]
APPROACH 5: QMATMUL_DIRECT_NUMBA_CUDA...
APPROACH 5: QMATMUL_DIRECT_NUMBA_CUDA DONE. [time: 1.0911710262298584 s, all close: True, d_inf: 0.1171875, speed-up vs reference: 1850.79]
APPROACH 6: QMATMUL_ALGO_NUMBA_CUDA...
APPROACH 6: QMATMUL_ALGO_NUMBA_CUDA DONE. [time: 0.47864294052124023 s, all close: True, d_inf: 0.06640625, speed-up vs reference: 4219.29]
REPETITION: 2/10:
APPROACH 1: QMATMUL_NAIVE_NUMBA_ST...
APPROACH 1: QMATMUL_NAIVE_NUMBA_ST DONE. [time: 2018.0146088600159 s, all close: True, d_inf: 0.0, speed-up vs reference: 1.00]
APPROACH 2: QMATMUL_NAIVE_NUMBA_PARALLEL...
APPROACH 2: QMATMUL_NAIVE_NUMBA_PARALLEL DONE. [time: 183.19972848892212 s, all close: True, d_inf: 0.0, speed-up vs reference: 11.02]
APPROACH 3: QMATMUL_DIRECT_NUMPY...
APPROACH 3: QMATMUL_DIRECT_NUMPY DONE. [time: 6.594831466674805 s, all close: True, d_inf: 0.060546875, speed-up vs reference: 306.23]
APPROACH 4: QMATMUL_ALGO_NUMPY...
APPROACH 4: QMATMUL_ALGO_NUMPY DONE. [time: 3.6102681159973145 s, all close: True, d_inf: 0.056640625, speed-up vs reference: 559.39]
APPROACH 5: QMATMUL_DIRECT_NUMBA_CUDA...
APPROACH 5: QMATMUL_DIRECT_NUMBA_CUDA DONE. [time: 1.1069421768188477 s, all close: True, d_inf: 0.1171875, speed-up vs reference: 1824.42]
APPROACH 6: QMATMUL_ALGO_NUMBA_CUDA...
APPROACH 6: QMATMUL_ALGO_NUMBA_CUDA DONE. [time: 0.4794650077819824 s, all close: True, d_inf: 0.06640625, speed-up vs reference: 4212.05]
REPETITION: 3/10:
APPROACH 1: QMATMUL_NAIVE_NUMBA_ST...
APPROACH 1: QMATMUL_NAIVE_NUMBA_ST DONE. [time: 2019.5950560569763 s, all close: True, d_inf: 0.0, speed-up vs reference: 1.00]
APPROACH 2: QMATMUL_NAIVE_NUMBA_PARALLEL...
APPROACH 2: QMATMUL_NAIVE_NUMBA_PARALLEL DONE. [time: 183.48035955429077 s, all close: True, d_inf: 0.0, speed-up vs reference: 11.01]
APPROACH 3: QMATMUL_DIRECT_NUMPY...
APPROACH 3: QMATMUL_DIRECT_NUMPY DONE. [time: 6.595071077346802 s, all close: True, d_inf: 0.060546875, speed-up vs reference: 306.22]
APPROACH 4: QMATMUL_ALGO_NUMPY...
APPROACH 4: QMATMUL_ALGO_NUMPY DONE. [time: 3.608698606491089 s, all close: True, d_inf: 0.056640625, speed-up vs reference: 559.63]
APPROACH 5: QMATMUL_DIRECT_NUMBA_CUDA...
APPROACH 5: QMATMUL_DIRECT_NUMBA_CUDA DONE. [time: 1.1093542575836182 s, all close: True, d_inf: 0.1171875, speed-up vs reference: 1820.46]
APPROACH 6: QMATMUL_ALGO_NUMBA_CUDA...
APPROACH 6: QMATMUL_ALGO_NUMBA_CUDA DONE. [time: 0.48049330711364746 s, all close: True, d_inf: 0.06640625, speed-up vs reference: 4203.04]
REPETITION: 4/10:
APPROACH 1: QMATMUL_NAIVE_NUMBA_ST...
APPROACH 1: QMATMUL_NAIVE_NUMBA_ST DONE. [time: 2018.315174818039 s, all close: True, d_inf: 0.0, speed-up vs reference: 1.00]
APPROACH 2: QMATMUL_NAIVE_NUMBA_PARALLEL...
APPROACH 2: QMATMUL_NAIVE_NUMBA_PARALLEL DONE. [time: 183.13470554351807 s, all close: True, d_inf: 0.0, speed-up vs reference: 11.03]
APPROACH 3: QMATMUL_DIRECT_NUMPY...
APPROACH 3: QMATMUL_DIRECT_NUMPY DONE. [time: 6.6069655418396 s, all close: True, d_inf: 0.060546875, speed-up vs reference: 305.67]
APPROACH 4: QMATMUL_ALGO_NUMPY...
APPROACH 4: QMATMUL_ALGO_NUMPY DONE. [time: 3.607861042022705 s, all close: True, d_inf: 0.056640625, speed-up vs reference: 559.76]
APPROACH 5: QMATMUL_DIRECT_NUMBA_CUDA...
APPROACH 5: QMATMUL_DIRECT_NUMBA_CUDA DONE. [time: 1.1096811294555664 s, all close: True, d_inf: 0.1171875, speed-up vs reference: 1819.92]
APPROACH 6: QMATMUL_ALGO_NUMBA_CUDA...
APPROACH 6: QMATMUL_ALGO_NUMBA_CUDA DONE. [time: 0.4785785675048828 s, all close: True, d_inf: 0.06640625, speed-up vs reference: 4219.86]
REPETITION: 5/10:
APPROACH 1: QMATMUL_NAIVE_NUMBA_ST...
APPROACH 1: QMATMUL_NAIVE_NUMBA_ST DONE. [time: 2018.540176153183 s, all close: True, d_inf: 0.0, speed-up vs reference: 1.00]
APPROACH 2: QMATMUL_NAIVE_NUMBA_PARALLEL...
APPROACH 2: QMATMUL_NAIVE_NUMBA_PARALLEL DONE. [time: 183.40476179122925 s, all close: True, d_inf: 0.0, speed-up vs reference: 11.01]
APPROACH 3: QMATMUL_DIRECT_NUMPY...
APPROACH 3: QMATMUL_DIRECT_NUMPY DONE. [time: 6.477803468704224 s, all close: True, d_inf: 0.060546875, speed-up vs reference: 311.76]
APPROACH 4: QMATMUL_ALGO_NUMPY...
APPROACH 4: QMATMUL_ALGO_NUMPY DONE. [time: 3.5506439208984375 s, all close: True, d_inf: 0.056640625, speed-up vs reference: 568.78]
APPROACH 5: QMATMUL_DIRECT_NUMBA_CUDA...
APPROACH 5: QMATMUL_DIRECT_NUMBA_CUDA DONE. [time: 1.1007745265960693 s, all close: True, d_inf: 0.1171875, speed-up vs reference: 1834.65]
APPROACH 6: QMATMUL_ALGO_NUMBA_CUDA...
APPROACH 6: QMATMUL_ALGO_NUMBA_CUDA DONE. [time: 0.47986602783203125 s, all close: True, d_inf: 0.06640625, speed-up vs reference: 4208.53]
REPETITION: 6/10:
APPROACH 1: QMATMUL_NAIVE_NUMBA_ST...
APPROACH 1: QMATMUL_NAIVE_NUMBA_ST DONE. [time: 2112.8107929229736 s, all close: True, d_inf: 0.0, speed-up vs reference: 0.96]
APPROACH 2: QMATMUL_NAIVE_NUMBA_PARALLEL...
APPROACH 2: QMATMUL_NAIVE_NUMBA_PARALLEL DONE. [time: 183.24360179901123 s, all close: True, d_inf: 0.0, speed-up vs reference: 11.02]
APPROACH 3: QMATMUL_DIRECT_NUMPY...
APPROACH 3: QMATMUL_DIRECT_NUMPY DONE. [time: 6.625903367996216 s, all close: True, d_inf: 0.060546875, speed-up vs reference: 304.79]
APPROACH 4: QMATMUL_ALGO_NUMPY...
APPROACH 4: QMATMUL_ALGO_NUMPY DONE. [time: 3.620713233947754 s, all close: True, d_inf: 0.056640625, speed-up vs reference: 557.77]
APPROACH 5: QMATMUL_DIRECT_NUMBA_CUDA...
APPROACH 5: QMATMUL_DIRECT_NUMBA_CUDA DONE. [time: 1.1109967231750488 s, all close: True, d_inf: 0.1171875, speed-up vs reference: 1817.77]
APPROACH 6: QMATMUL_ALGO_NUMBA_CUDA...
APPROACH 6: QMATMUL_ALGO_NUMBA_CUDA DONE. [time: 0.47669363021850586 s, all close: True, d_inf: 0.06640625, speed-up vs reference: 4236.54]
REPETITION: 7/10:
APPROACH 1: QMATMUL_NAIVE_NUMBA_ST...
APPROACH 1: QMATMUL_NAIVE_NUMBA_ST DONE. [time: 2018.1044421195984 s, all close: True, d_inf: 0.0, speed-up vs reference: 1.00]
APPROACH 2: QMATMUL_NAIVE_NUMBA_PARALLEL...
APPROACH 2: QMATMUL_NAIVE_NUMBA_PARALLEL DONE. [time: 183.49376726150513 s, all close: True, d_inf: 0.0, speed-up vs reference: 11.01]
APPROACH 3: QMATMUL_DIRECT_NUMPY...
APPROACH 3: QMATMUL_DIRECT_NUMPY DONE. [time: 6.604714632034302 s, all close: True, d_inf: 0.060546875, speed-up vs reference: 305.77]
APPROACH 4: QMATMUL_ALGO_NUMPY...
APPROACH 4: QMATMUL_ALGO_NUMPY DONE. [time: 3.619503974914551 s, all close: True, d_inf: 0.056640625, speed-up vs reference: 557.96]
APPROACH 5: QMATMUL_DIRECT_NUMBA_CUDA...
APPROACH 5: QMATMUL_DIRECT_NUMBA_CUDA DONE. [time: 1.1084654331207275 s, all close: True, d_inf: 0.1171875, speed-up vs reference: 1821.92]
APPROACH 6: QMATMUL_ALGO_NUMBA_CUDA...
APPROACH 6: QMATMUL_ALGO_NUMBA_CUDA DONE. [time: 0.4794745445251465 s, all close: True, d_inf: 0.06640625, speed-up vs reference: 4211.97]
REPETITION: 8/10:
APPROACH 1: QMATMUL_NAIVE_NUMBA_ST...
APPROACH 1: QMATMUL_NAIVE_NUMBA_ST DONE. [time: 2018.7761268615723 s, all close: True, d_inf: 0.0, speed-up vs reference: 1.00]
APPROACH 2: QMATMUL_NAIVE_NUMBA_PARALLEL...
APPROACH 2: QMATMUL_NAIVE_NUMBA_PARALLEL DONE. [time: 183.21347403526306 s, all close: True, d_inf: 0.0, speed-up vs reference: 11.02]
APPROACH 3: QMATMUL_DIRECT_NUMPY...
APPROACH 3: QMATMUL_DIRECT_NUMPY DONE. [time: 6.597667694091797 s, all close: True, d_inf: 0.060546875, speed-up vs reference: 306.10]
APPROACH 4: QMATMUL_ALGO_NUMPY...
APPROACH 4: QMATMUL_ALGO_NUMPY DONE. [time: 3.590820789337158 s, all close: True, d_inf: 0.056640625, speed-up vs reference: 562.42]
APPROACH 5: QMATMUL_DIRECT_NUMBA_CUDA...
APPROACH 5: QMATMUL_DIRECT_NUMBA_CUDA DONE. [time: 1.087263822555542 s, all close: True, d_inf: 0.1171875, speed-up vs reference: 1857.45]
APPROACH 6: QMATMUL_ALGO_NUMBA_CUDA...
APPROACH 6: QMATMUL_ALGO_NUMBA_CUDA DONE. [time: 0.4916555881500244 s, all close: True, d_inf: 0.06640625, speed-up vs reference: 4107.62]
REPETITION: 9/10:
APPROACH 1: QMATMUL_NAIVE_NUMBA_ST...
APPROACH 1: QMATMUL_NAIVE_NUMBA_ST DONE. [time: 1981.9656150341034 s, all close: True, d_inf: 0.0, speed-up vs reference: 1.02]
APPROACH 2: QMATMUL_NAIVE_NUMBA_PARALLEL...
APPROACH 2: QMATMUL_NAIVE_NUMBA_PARALLEL DONE. [time: 183.84231734275818 s, all close: True, d_inf: 0.0, speed-up vs reference: 10.99]
APPROACH 3: QMATMUL_DIRECT_NUMPY...
APPROACH 3: QMATMUL_DIRECT_NUMPY DONE. [time: 6.596494674682617 s, all close: True, d_inf: 0.060546875, speed-up vs reference: 306.15]
APPROACH 4: QMATMUL_ALGO_NUMPY...
APPROACH 4: QMATMUL_ALGO_NUMPY DONE. [time: 3.5871546268463135 s, all close: True, d_inf: 0.056640625, speed-up vs reference: 562.99]
APPROACH 5: QMATMUL_DIRECT_NUMBA_CUDA...
APPROACH 5: QMATMUL_DIRECT_NUMBA_CUDA DONE. [time: 1.0963313579559326 s, all close: True, d_inf: 0.1171875, speed-up vs reference: 1842.08]
APPROACH 6: QMATMUL_ALGO_NUMBA_CUDA...
APPROACH 6: QMATMUL_ALGO_NUMBA_CUDA DONE. [time: 0.492032527923584 s, all close: True, d_inf: 0.06640625, speed-up vs reference: 4104.47]
REPETITION: 10/10:
APPROACH 1: QMATMUL_NAIVE_NUMBA_ST...
APPROACH 1: QMATMUL_NAIVE_NUMBA_ST DONE. [time: 1981.0399799346924 s, all close: True, d_inf: 0.0, speed-up vs reference: 1.02]
APPROACH 2: QMATMUL_NAIVE_NUMBA_PARALLEL...
APPROACH 2: QMATMUL_NAIVE_NUMBA_PARALLEL DONE. [time: 183.58247590065002 s, all close: True, d_inf: 0.0, speed-up vs reference: 11.00]
APPROACH 3: QMATMUL_DIRECT_NUMPY...
APPROACH 3: QMATMUL_DIRECT_NUMPY DONE. [time: 6.580982446670532 s, all close: True, d_inf: 0.060546875, speed-up vs reference: 306.87]
APPROACH 4: QMATMUL_ALGO_NUMPY...
APPROACH 4: QMATMUL_ALGO_NUMPY DONE. [time: 3.5960538387298584 s, all close: True, d_inf: 0.056640625, speed-up vs reference: 561.60]
APPROACH 5: QMATMUL_DIRECT_NUMBA_CUDA...
APPROACH 5: QMATMUL_DIRECT_NUMBA_CUDA DONE. [time: 1.0722036361694336 s, all close: True, d_inf: 0.1171875, speed-up vs reference: 1883.53]
APPROACH 6: QMATMUL_ALGO_NUMBA_CUDA...
APPROACH 6: QMATMUL_ALGO_NUMBA_CUDA DONE. [time: 0.4923429489135742 s, all close: True, d_inf: 0.06640625, speed-up vs reference: 4101.88]
================================================================================================================================================================================================================
SUMMARY:
APPROACH 1: QMATMUL_NAIVE_NUMBA_ST (REFERENCE) -> MEAN TIME: 2020.6694885492325, STD: 34.041509061476106, SPEED-UP: 1.00
APPROACH 2: QMATMUL_NAIVE_NUMBA_PARALLEL -> MEAN TIME: 183.3829144001007, STD: 0.20943007051371343, SPEED-UP: 11.02
APPROACH 3: QMATMUL_DIRECT_NUMPY -> MEAN TIME: 6.589592981338501, STD: 0.03906555254844359, SPEED-UP: 306.65
APPROACH 4: QMATMUL_ALGO_NUMPY -> MEAN TIME: 3.6003023862838743, STD: 0.019697969642110943, SPEED-UP: 561.25
APPROACH 5: QMATMUL_DIRECT_NUMBA_CUDA -> MEAN TIME: 1.0993184089660644, STD: 0.012017585857493676, SPEED-UP: 1838.11
APPROACH 6: QMATMUL_ALGO_NUMBA_CUDA -> MEAN TIME: 0.4829245090484619, STD: 0.0060255547626020915, SPEED-UP: 4184.23
================================================================================================================================================================================================================
QUATERNIONS MAIN DONE. [time: 22169.20745754242 s]
