QUATERNIONS MAIN...
HASH STRING: 2014435450_56044_692_[100;300;200;10;float32;10;FFTTTT]
================================================================================================================================================================================================================
EXPERIMENT INFO:
{
  M: 100,
  N: 300,
  P: 200,
  SEED: 0,
  RANGE: 10,
  DTYPE: <class 'numpy.float32'>,
  REPETITIONS: 10,
  NUMPY_SINGLE_THREAD: True,
  QMATMUL_NAIVE_NUMBA_ST: (False, 'qmatmul_naive_numba_st_float32'),
  QMATMUL_NAIVE_NUMBA_PARALLEL: (False, 'qmatmul_naive_numba_parallel_float32'),
  QMATMUL_DIRECT_NUMPY: (True, 'qmatmul_direct_numpy'),
  QMATMUL_ALGO_NUMPY: (True, 'qmatmul_algo_numpy'),
  QMATMUL_DIRECT_NUMBA_CUDA: (True, 'qmatmul_direct_numba_cuda_float32'),
  QMATMUL_ALGO_NUMBA_CUDA: (True, 'qmatmul_algo_numba_cuda_float32')
}
================================================================================================================================================================================================================
CPU AND SYSTEM PROPS:
{
  cpu_name: Intel(R) Xeon(R) CPU E3-1505M v5 @ 2.80GHz,
  ram_size: 63.9 GB,
  os_name: Windows 10,
  os_version: 10.0.19045,
  os_machine: AMD64
}
GPU PROPS:
{
  name: Quadro M4000M,
  max_threads_per_block: 1024,
  max_block_dim_x: 1024,
  max_block_dim_y: 1024,
  max_block_dim_z: 64,
  max_grid_dim_x: 2147483647,
  max_grid_dim_y: 65535,
  max_grid_dim_z: 65535,
  max_shared_memory_per_block: 49152,
  async_engine_count: 5,
  can_map_host_memory: 1,
  multiprocessor_count: 10,
  warp_size: 32,
  unified_addressing: 1,
  pci_bus_id: 1,
  pci_device_id: 0,
  compute_capability: (5, 2),
  cores_per_SM: 128,
  cores_total: 1280
}
================================================================================================================================================================================================================
MEMORY INFO:
A: 0.458 MB
B: 0.916 MB
C: 0.305 MB
================================================================================================================================================================================================================
REPETITION: 1/10:
APPROACH 1: QMATMUL_NAIVE_NUMBA_ST OFF.
APPROACH 2: QMATMUL_NAIVE_NUMBA_PARALLEL OFF.
APPROACH 3: QMATMUL_DIRECT_NUMPY...
APPROACH 3: QMATMUL_DIRECT_NUMPY DONE. [time: 0.00399017333984375 s, all close: True, d_inf: 0.0, speed-up vs reference: 1.00, reference]
APPROACH 4: QMATMUL_ALGO_NUMPY...
APPROACH 4: QMATMUL_ALGO_NUMPY DONE. [time: 0.0049860477447509766 s, all close: True, d_inf: 0.00396728515625, speed-up vs reference: 0.80]
APPROACH 5: QMATMUL_DIRECT_NUMBA_CUDA...
APPROACH 5: QMATMUL_DIRECT_NUMBA_CUDA DONE. [time: 0.007994413375854492 s, all close: True, d_inf: 0.00830078125, speed-up vs reference: 0.50]
APPROACH 6: QMATMUL_ALGO_NUMBA_CUDA...
APPROACH 6: QMATMUL_ALGO_NUMBA_CUDA DONE. [time: 0.011953592300415039 s, all close: True, d_inf: 0.0040283203125, speed-up vs reference: 0.33]
REPETITION: 2/10:
APPROACH 1: QMATMUL_NAIVE_NUMBA_ST OFF.
APPROACH 2: QMATMUL_NAIVE_NUMBA_PARALLEL OFF.
APPROACH 3: QMATMUL_DIRECT_NUMPY...
APPROACH 3: QMATMUL_DIRECT_NUMPY DONE. [time: 0.00498509407043457 s, all close: True, d_inf: 0.0, speed-up vs reference: 0.80]
APPROACH 4: QMATMUL_ALGO_NUMPY...
APPROACH 4: QMATMUL_ALGO_NUMPY DONE. [time: 0.005984067916870117 s, all close: True, d_inf: 0.00396728515625, speed-up vs reference: 0.67]
APPROACH 5: QMATMUL_DIRECT_NUMBA_CUDA...
APPROACH 5: QMATMUL_DIRECT_NUMBA_CUDA DONE. [time: 0.008411169052124023 s, all close: True, d_inf: 0.00830078125, speed-up vs reference: 0.47]
APPROACH 6: QMATMUL_ALGO_NUMBA_CUDA...
APPROACH 6: QMATMUL_ALGO_NUMBA_CUDA DONE. [time: 0.009030580520629883 s, all close: True, d_inf: 0.0040283203125, speed-up vs reference: 0.44]
REPETITION: 3/10:
APPROACH 1: QMATMUL_NAIVE_NUMBA_ST OFF.
APPROACH 2: QMATMUL_NAIVE_NUMBA_PARALLEL OFF.
APPROACH 3: QMATMUL_DIRECT_NUMPY...
APPROACH 3: QMATMUL_DIRECT_NUMPY DONE. [time: 0.003988742828369141 s, all close: True, d_inf: 0.0, speed-up vs reference: 1.00]
APPROACH 4: QMATMUL_ALGO_NUMPY...
APPROACH 4: QMATMUL_ALGO_NUMPY DONE. [time: 0.005984783172607422 s, all close: True, d_inf: 0.00396728515625, speed-up vs reference: 0.67]
APPROACH 5: QMATMUL_DIRECT_NUMBA_CUDA...
APPROACH 5: QMATMUL_DIRECT_NUMBA_CUDA DONE. [time: 0.008154869079589844 s, all close: True, d_inf: 0.00830078125, speed-up vs reference: 0.49]
APPROACH 6: QMATMUL_ALGO_NUMBA_CUDA...
APPROACH 6: QMATMUL_ALGO_NUMBA_CUDA DONE. [time: 0.01088857650756836 s, all close: True, d_inf: 0.0040283203125, speed-up vs reference: 0.37]
REPETITION: 4/10:
APPROACH 1: QMATMUL_NAIVE_NUMBA_ST OFF.
APPROACH 2: QMATMUL_NAIVE_NUMBA_PARALLEL OFF.
APPROACH 3: QMATMUL_DIRECT_NUMPY...
APPROACH 3: QMATMUL_DIRECT_NUMPY DONE. [time: 0.003991365432739258 s, all close: True, d_inf: 0.0, speed-up vs reference: 1.00]
APPROACH 4: QMATMUL_ALGO_NUMPY...
APPROACH 4: QMATMUL_ALGO_NUMPY DONE. [time: 0.006014585494995117 s, all close: True, d_inf: 0.00396728515625, speed-up vs reference: 0.66]
APPROACH 5: QMATMUL_DIRECT_NUMBA_CUDA...
APPROACH 5: QMATMUL_DIRECT_NUMBA_CUDA DONE. [time: 0.008960723876953125 s, all close: True, d_inf: 0.00830078125, speed-up vs reference: 0.45]
APPROACH 6: QMATMUL_ALGO_NUMBA_CUDA...
APPROACH 6: QMATMUL_ALGO_NUMBA_CUDA DONE. [time: 0.009188413619995117 s, all close: True, d_inf: 0.0040283203125, speed-up vs reference: 0.43]
REPETITION: 5/10:
APPROACH 1: QMATMUL_NAIVE_NUMBA_ST OFF.
APPROACH 2: QMATMUL_NAIVE_NUMBA_PARALLEL OFF.
APPROACH 3: QMATMUL_DIRECT_NUMPY...
APPROACH 3: QMATMUL_DIRECT_NUMPY DONE. [time: 0.0039882659912109375 s, all close: True, d_inf: 0.0, speed-up vs reference: 1.00]
APPROACH 4: QMATMUL_ALGO_NUMPY...
APPROACH 4: QMATMUL_ALGO_NUMPY DONE. [time: 0.005984306335449219 s, all close: True, d_inf: 0.00396728515625, speed-up vs reference: 0.67]
APPROACH 5: QMATMUL_DIRECT_NUMBA_CUDA...
APPROACH 5: QMATMUL_DIRECT_NUMBA_CUDA DONE. [time: 0.008976936340332031 s, all close: True, d_inf: 0.00830078125, speed-up vs reference: 0.44]
APPROACH 6: QMATMUL_ALGO_NUMBA_CUDA...
APPROACH 6: QMATMUL_ALGO_NUMBA_CUDA DONE. [time: 0.009078741073608398 s, all close: True, d_inf: 0.0040283203125, speed-up vs reference: 0.44]
REPETITION: 6/10:
APPROACH 1: QMATMUL_NAIVE_NUMBA_ST OFF.
APPROACH 2: QMATMUL_NAIVE_NUMBA_PARALLEL OFF.
APPROACH 3: QMATMUL_DIRECT_NUMPY...
APPROACH 3: QMATMUL_DIRECT_NUMPY DONE. [time: 0.003988742828369141 s, all close: True, d_inf: 0.0, speed-up vs reference: 1.00]
APPROACH 4: QMATMUL_ALGO_NUMPY...
APPROACH 4: QMATMUL_ALGO_NUMPY DONE. [time: 0.005983829498291016 s, all close: True, d_inf: 0.00396728515625, speed-up vs reference: 0.67]
APPROACH 5: QMATMUL_DIRECT_NUMBA_CUDA...
APPROACH 5: QMATMUL_DIRECT_NUMBA_CUDA DONE. [time: 0.009056806564331055 s, all close: True, d_inf: 0.00830078125, speed-up vs reference: 0.44]
APPROACH 6: QMATMUL_ALGO_NUMBA_CUDA...
APPROACH 6: QMATMUL_ALGO_NUMBA_CUDA DONE. [time: 0.009971380233764648 s, all close: True, d_inf: 0.0040283203125, speed-up vs reference: 0.40]
REPETITION: 7/10:
APPROACH 1: QMATMUL_NAIVE_NUMBA_ST OFF.
APPROACH 2: QMATMUL_NAIVE_NUMBA_PARALLEL OFF.
APPROACH 3: QMATMUL_DIRECT_NUMPY...
APPROACH 3: QMATMUL_DIRECT_NUMPY DONE. [time: 0.003988742828369141 s, all close: True, d_inf: 0.0, speed-up vs reference: 1.00]
APPROACH 4: QMATMUL_ALGO_NUMPY...
APPROACH 4: QMATMUL_ALGO_NUMPY DONE. [time: 0.005983591079711914 s, all close: True, d_inf: 0.00396728515625, speed-up vs reference: 0.67]
APPROACH 5: QMATMUL_DIRECT_NUMBA_CUDA...
APPROACH 5: QMATMUL_DIRECT_NUMBA_CUDA DONE. [time: 0.008977651596069336 s, all close: True, d_inf: 0.00830078125, speed-up vs reference: 0.44]
APPROACH 6: QMATMUL_ALGO_NUMBA_CUDA...
APPROACH 6: QMATMUL_ALGO_NUMBA_CUDA DONE. [time: 0.011501550674438477 s, all close: True, d_inf: 0.0040283203125, speed-up vs reference: 0.35]
REPETITION: 8/10:
APPROACH 1: QMATMUL_NAIVE_NUMBA_ST OFF.
APPROACH 2: QMATMUL_NAIVE_NUMBA_PARALLEL OFF.
APPROACH 3: QMATMUL_DIRECT_NUMPY...
APPROACH 3: QMATMUL_DIRECT_NUMPY DONE. [time: 0.0040247440338134766 s, all close: True, d_inf: 0.0, speed-up vs reference: 0.99]
APPROACH 4: QMATMUL_ALGO_NUMPY...
APPROACH 4: QMATMUL_ALGO_NUMPY DONE. [time: 0.004987001419067383 s, all close: True, d_inf: 0.00396728515625, speed-up vs reference: 0.80]
APPROACH 5: QMATMUL_DIRECT_NUMBA_CUDA...
APPROACH 5: QMATMUL_DIRECT_NUMBA_CUDA DONE. [time: 0.006978750228881836 s, all close: True, d_inf: 0.00830078125, speed-up vs reference: 0.57]
APPROACH 6: QMATMUL_ALGO_NUMBA_CUDA...
APPROACH 6: QMATMUL_ALGO_NUMBA_CUDA DONE. [time: 0.010327339172363281 s, all close: True, d_inf: 0.0040283203125, speed-up vs reference: 0.39]
REPETITION: 9/10:
APPROACH 1: QMATMUL_NAIVE_NUMBA_ST OFF.
APPROACH 2: QMATMUL_NAIVE_NUMBA_PARALLEL OFF.
APPROACH 3: QMATMUL_DIRECT_NUMPY...
APPROACH 3: QMATMUL_DIRECT_NUMPY DONE. [time: 0.003991127014160156 s, all close: True, d_inf: 0.0, speed-up vs reference: 1.00]
APPROACH 4: QMATMUL_ALGO_NUMPY...
APPROACH 4: QMATMUL_ALGO_NUMPY DONE. [time: 0.0059947967529296875 s, all close: True, d_inf: 0.00396728515625, speed-up vs reference: 0.67]
APPROACH 5: QMATMUL_DIRECT_NUMBA_CUDA...
APPROACH 5: QMATMUL_DIRECT_NUMBA_CUDA DONE. [time: 0.006944894790649414 s, all close: True, d_inf: 0.00830078125, speed-up vs reference: 0.57]
APPROACH 6: QMATMUL_ALGO_NUMBA_CUDA...
APPROACH 6: QMATMUL_ALGO_NUMBA_CUDA DONE. [time: 0.011943340301513672 s, all close: True, d_inf: 0.0040283203125, speed-up vs reference: 0.33]
REPETITION: 10/10:
APPROACH 1: QMATMUL_NAIVE_NUMBA_ST OFF.
APPROACH 2: QMATMUL_NAIVE_NUMBA_PARALLEL OFF.
APPROACH 3: QMATMUL_DIRECT_NUMPY...
APPROACH 3: QMATMUL_DIRECT_NUMPY DONE. [time: 0.004999876022338867 s, all close: True, d_inf: 0.0, speed-up vs reference: 0.80]
APPROACH 4: QMATMUL_ALGO_NUMPY...
APPROACH 4: QMATMUL_ALGO_NUMPY DONE. [time: 0.005984067916870117 s, all close: True, d_inf: 0.00396728515625, speed-up vs reference: 0.67]
APPROACH 5: QMATMUL_DIRECT_NUMBA_CUDA...
APPROACH 5: QMATMUL_DIRECT_NUMBA_CUDA DONE. [time: 0.006981611251831055 s, all close: True, d_inf: 0.00830078125, speed-up vs reference: 0.57]
APPROACH 6: QMATMUL_ALGO_NUMBA_CUDA...
APPROACH 6: QMATMUL_ALGO_NUMBA_CUDA DONE. [time: 0.012253761291503906 s, all close: True, d_inf: 0.0040283203125, speed-up vs reference: 0.33]
================================================================================================================================================================================================================
SUMMARY:
APPROACH 1: QMATMUL_NAIVE_NUMBA_ST OFF.
APPROACH 2: QMATMUL_NAIVE_NUMBA_PARALLEL OFF.
APPROACH 3: QMATMUL_DIRECT_NUMPY (REFERENCE) -> MEAN TIME: 0.0042163001166449655, STD: 0.00041504673566136746, SPEED-UP: 1.00
APPROACH 4: QMATMUL_ALGO_NUMPY -> MEAN TIME: 0.005877892176310222, STD: 0.00031512418949408233, SPEED-UP: 0.72
APPROACH 5: QMATMUL_DIRECT_NUMBA_CUDA -> MEAN TIME: 0.008160379197862413, STD: 0.0008885007669601345, SPEED-UP: 0.52
APPROACH 6: QMATMUL_ALGO_NUMBA_CUDA -> MEAN TIME: 0.010464853710598417, STD: 0.001179009376430263, SPEED-UP: 0.40
================================================================================================================================================================================================================
QUATERNIONS MAIN DONE. [time: 0.012253761291503906 s]
