QUATERNIONS MAIN...
HASH STRING: 2131318865_54035_044_[100;300;200;10;float64;10;TTTTTT]
================================================================================================================================================================================================================
EXPERIMENT INFO:
{
  M: 100,
  N: 300,
  P: 200,
  SEED: 0,
  RANGE: 10,
  DTYPE: <class 'numpy.float64'>,
  REPETITIONS: 10,
  NUMPY_SINGLE_THREAD: True,
  QMATMUL_NAIVE_NUMBA_ST: (True, 'qmatmul_naive_numba_st_float64'),
  QMATMUL_NAIVE_NUMBA_PARALLEL: (True, 'qmatmul_naive_numba_parallel_float64'),
  QMATMUL_DIRECT_NUMPY: (True, 'qmatmul_direct_numpy'),
  QMATMUL_ALGO_NUMPY: (True, 'qmatmul_algo_numpy'),
  QMATMUL_DIRECT_NUMBA_CUDA: (True, 'qmatmul_direct_numba_cuda_float64'),
  QMATMUL_ALGO_NUMBA_CUDA: (True, 'qmatmul_algo_numba_cuda_float64')
}
================================================================================================================================================================================================================
CPU AND SYSTEM PROPS:
{
  cpu_name: Intel(R) Core(TM) i7-10700 CPU @ 2.90GHz,
  ram_size: 125.7 GB,
  os_name: Linux 6.8.0-71-generic,
  os_version: #71-Ubuntu SMP PREEMPT_DYNAMIC Tue Jul 22 16:52:38 UTC 2025,
  os_machine: x86_64
}
GPU PROPS:
{
  name: NVIDIA GeForce RTX 3090,
  max_threads_per_block: 1024,
  max_block_dim_x: 1024,
  max_block_dim_y: 1024,
  max_block_dim_z: 64,
  max_grid_dim_x: 2147483647,
  max_grid_dim_y: 65535,
  max_grid_dim_z: 65535,
  max_shared_memory_per_block: 49152,
  async_engine_count: 2,
  can_map_host_memory: 1,
  multiprocessor_count: 82,
  warp_size: 32,
  unified_addressing: 1,
  pci_bus_id: 1,
  pci_device_id: 0,
  compute_capability: (8, 6),
  cores_per_SM: 128,
  cores_total: 10496
}
================================================================================================================================================================================================================
MEMORY INFO:
A: 0.916 MB
B: 1.831 MB
C: 0.610 MB
================================================================================================================================================================================================================
REPETITION: 1/10:
APPROACH 1: QMATMUL_NAIVE_NUMBA_ST...
APPROACH 1: QMATMUL_NAIVE_NUMBA_ST DONE. [time: 0.4510505199432373 s, all close: True, d_inf: 0.0, speed-up vs reference: 1.00, reference]
APPROACH 2: QMATMUL_NAIVE_NUMBA_PARALLEL...
APPROACH 2: QMATMUL_NAIVE_NUMBA_PARALLEL DONE. [time: 0.034703731536865234 s, all close: True, d_inf: 0.0, speed-up vs reference: 13.00]
APPROACH 3: QMATMUL_DIRECT_NUMPY...
APPROACH 3: QMATMUL_DIRECT_NUMPY DONE. [time: 0.00545191764831543 s, all close: True, d_inf: 7.275957614183426e-12, speed-up vs reference: 82.73]
APPROACH 4: QMATMUL_ALGO_NUMPY...
APPROACH 4: QMATMUL_ALGO_NUMPY DONE. [time: 0.004595756530761719 s, all close: True, d_inf: 5.9117155615240335e-12, speed-up vs reference: 98.14]
APPROACH 5: QMATMUL_DIRECT_NUMBA_CUDA...
APPROACH 5: QMATMUL_DIRECT_NUMBA_CUDA DONE. [time: 0.0031425952911376953 s, all close: True, d_inf: 1.9099388737231493e-11, speed-up vs reference: 143.53]
APPROACH 6: QMATMUL_ALGO_NUMBA_CUDA...
APPROACH 6: QMATMUL_ALGO_NUMBA_CUDA DONE. [time: 0.0037789344787597656 s, all close: True, d_inf: 7.73070496506989e-12, speed-up vs reference: 119.36]
REPETITION: 2/10:
APPROACH 1: QMATMUL_NAIVE_NUMBA_ST...
APPROACH 1: QMATMUL_NAIVE_NUMBA_ST DONE. [time: 0.46422362327575684 s, all close: True, d_inf: 0.0, speed-up vs reference: 0.97]
APPROACH 2: QMATMUL_NAIVE_NUMBA_PARALLEL...
APPROACH 2: QMATMUL_NAIVE_NUMBA_PARALLEL DONE. [time: 0.03721284866333008 s, all close: True, d_inf: 0.0, speed-up vs reference: 12.12]
APPROACH 3: QMATMUL_DIRECT_NUMPY...
APPROACH 3: QMATMUL_DIRECT_NUMPY DONE. [time: 0.005157470703125 s, all close: True, d_inf: 7.275957614183426e-12, speed-up vs reference: 87.46]
APPROACH 4: QMATMUL_ALGO_NUMPY...
APPROACH 4: QMATMUL_ALGO_NUMPY DONE. [time: 0.0038444995880126953 s, all close: True, d_inf: 5.9117155615240335e-12, speed-up vs reference: 117.32]
APPROACH 5: QMATMUL_DIRECT_NUMBA_CUDA...
APPROACH 5: QMATMUL_DIRECT_NUMBA_CUDA DONE. [time: 0.0027036666870117188 s, all close: True, d_inf: 1.9099388737231493e-11, speed-up vs reference: 166.83]
APPROACH 6: QMATMUL_ALGO_NUMBA_CUDA...
APPROACH 6: QMATMUL_ALGO_NUMBA_CUDA DONE. [time: 0.0036268234252929688 s, all close: True, d_inf: 7.73070496506989e-12, speed-up vs reference: 124.37]
REPETITION: 3/10:
APPROACH 1: QMATMUL_NAIVE_NUMBA_ST...
APPROACH 1: QMATMUL_NAIVE_NUMBA_ST DONE. [time: 0.4638848304748535 s, all close: True, d_inf: 0.0, speed-up vs reference: 0.97]
APPROACH 2: QMATMUL_NAIVE_NUMBA_PARALLEL...
APPROACH 2: QMATMUL_NAIVE_NUMBA_PARALLEL DONE. [time: 0.03471660614013672 s, all close: True, d_inf: 0.0, speed-up vs reference: 12.99]
APPROACH 3: QMATMUL_DIRECT_NUMPY...
APPROACH 3: QMATMUL_DIRECT_NUMPY DONE. [time: 0.005156517028808594 s, all close: True, d_inf: 7.275957614183426e-12, speed-up vs reference: 87.47]
APPROACH 4: QMATMUL_ALGO_NUMPY...
APPROACH 4: QMATMUL_ALGO_NUMPY DONE. [time: 0.003826618194580078 s, all close: True, d_inf: 5.9117155615240335e-12, speed-up vs reference: 117.87]
APPROACH 5: QMATMUL_DIRECT_NUMBA_CUDA...
APPROACH 5: QMATMUL_DIRECT_NUMBA_CUDA DONE. [time: 0.0029277801513671875 s, all close: True, d_inf: 1.9099388737231493e-11, speed-up vs reference: 154.06]
APPROACH 6: QMATMUL_ALGO_NUMBA_CUDA...
APPROACH 6: QMATMUL_ALGO_NUMBA_CUDA DONE. [time: 0.003383636474609375 s, all close: True, d_inf: 7.73070496506989e-12, speed-up vs reference: 133.30]
REPETITION: 4/10:
APPROACH 1: QMATMUL_NAIVE_NUMBA_ST...
APPROACH 1: QMATMUL_NAIVE_NUMBA_ST DONE. [time: 0.46482324600219727 s, all close: True, d_inf: 0.0, speed-up vs reference: 0.97]
APPROACH 2: QMATMUL_NAIVE_NUMBA_PARALLEL...
APPROACH 2: QMATMUL_NAIVE_NUMBA_PARALLEL DONE. [time: 0.03712010383605957 s, all close: True, d_inf: 0.0, speed-up vs reference: 12.15]
APPROACH 3: QMATMUL_DIRECT_NUMPY...
APPROACH 3: QMATMUL_DIRECT_NUMPY DONE. [time: 0.0051534175872802734 s, all close: True, d_inf: 7.275957614183426e-12, speed-up vs reference: 87.52]
APPROACH 4: QMATMUL_ALGO_NUMPY...
APPROACH 4: QMATMUL_ALGO_NUMPY DONE. [time: 0.0038199424743652344 s, all close: True, d_inf: 5.9117155615240335e-12, speed-up vs reference: 118.08]
APPROACH 5: QMATMUL_DIRECT_NUMBA_CUDA...
APPROACH 5: QMATMUL_DIRECT_NUMBA_CUDA DONE. [time: 0.0027849674224853516 s, all close: True, d_inf: 1.9099388737231493e-11, speed-up vs reference: 161.96]
APPROACH 6: QMATMUL_ALGO_NUMBA_CUDA...
APPROACH 6: QMATMUL_ALGO_NUMBA_CUDA DONE. [time: 0.0034744739532470703 s, all close: True, d_inf: 7.73070496506989e-12, speed-up vs reference: 129.82]
REPETITION: 5/10:
APPROACH 1: QMATMUL_NAIVE_NUMBA_ST...
APPROACH 1: QMATMUL_NAIVE_NUMBA_ST DONE. [time: 0.46324896812438965 s, all close: True, d_inf: 0.0, speed-up vs reference: 0.97]
APPROACH 2: QMATMUL_NAIVE_NUMBA_PARALLEL...
APPROACH 2: QMATMUL_NAIVE_NUMBA_PARALLEL DONE. [time: 0.03473067283630371 s, all close: True, d_inf: 0.0, speed-up vs reference: 12.99]
APPROACH 3: QMATMUL_DIRECT_NUMPY...
APPROACH 3: QMATMUL_DIRECT_NUMPY DONE. [time: 0.005135297775268555 s, all close: True, d_inf: 7.275957614183426e-12, speed-up vs reference: 87.83]
APPROACH 4: QMATMUL_ALGO_NUMPY...
APPROACH 4: QMATMUL_ALGO_NUMPY DONE. [time: 0.003814220428466797 s, all close: True, d_inf: 5.9117155615240335e-12, speed-up vs reference: 118.25]
APPROACH 5: QMATMUL_DIRECT_NUMBA_CUDA...
APPROACH 5: QMATMUL_DIRECT_NUMBA_CUDA DONE. [time: 0.002900838851928711 s, all close: True, d_inf: 1.9099388737231493e-11, speed-up vs reference: 155.49]
APPROACH 6: QMATMUL_ALGO_NUMBA_CUDA...
APPROACH 6: QMATMUL_ALGO_NUMBA_CUDA DONE. [time: 0.003517627716064453 s, all close: True, d_inf: 7.73070496506989e-12, speed-up vs reference: 128.23]
REPETITION: 6/10:
APPROACH 1: QMATMUL_NAIVE_NUMBA_ST...
APPROACH 1: QMATMUL_NAIVE_NUMBA_ST DONE. [time: 0.4652595520019531 s, all close: True, d_inf: 0.0, speed-up vs reference: 0.97]
APPROACH 2: QMATMUL_NAIVE_NUMBA_PARALLEL...
APPROACH 2: QMATMUL_NAIVE_NUMBA_PARALLEL DONE. [time: 0.0419924259185791 s, all close: True, d_inf: 0.0, speed-up vs reference: 10.74]
APPROACH 3: QMATMUL_DIRECT_NUMPY...
APPROACH 3: QMATMUL_DIRECT_NUMPY DONE. [time: 0.00515294075012207 s, all close: True, d_inf: 7.275957614183426e-12, speed-up vs reference: 87.53]
APPROACH 4: QMATMUL_ALGO_NUMPY...
APPROACH 4: QMATMUL_ALGO_NUMPY DONE. [time: 0.003849506378173828 s, all close: True, d_inf: 5.9117155615240335e-12, speed-up vs reference: 117.17]
APPROACH 5: QMATMUL_DIRECT_NUMBA_CUDA...
APPROACH 5: QMATMUL_DIRECT_NUMBA_CUDA DONE. [time: 0.0031251907348632812 s, all close: True, d_inf: 1.9099388737231493e-11, speed-up vs reference: 144.33]
APPROACH 6: QMATMUL_ALGO_NUMBA_CUDA...
APPROACH 6: QMATMUL_ALGO_NUMBA_CUDA DONE. [time: 0.003343343734741211 s, all close: True, d_inf: 7.73070496506989e-12, speed-up vs reference: 134.91]
REPETITION: 7/10:
APPROACH 1: QMATMUL_NAIVE_NUMBA_ST...
APPROACH 1: QMATMUL_NAIVE_NUMBA_ST DONE. [time: 0.4633917808532715 s, all close: True, d_inf: 0.0, speed-up vs reference: 0.97]
APPROACH 2: QMATMUL_NAIVE_NUMBA_PARALLEL...
APPROACH 2: QMATMUL_NAIVE_NUMBA_PARALLEL DONE. [time: 0.03464150428771973 s, all close: True, d_inf: 0.0, speed-up vs reference: 13.02]
APPROACH 3: QMATMUL_DIRECT_NUMPY...
APPROACH 3: QMATMUL_DIRECT_NUMPY DONE. [time: 0.005125522613525391 s, all close: True, d_inf: 7.275957614183426e-12, speed-up vs reference: 88.00]
APPROACH 4: QMATMUL_ALGO_NUMPY...
APPROACH 4: QMATMUL_ALGO_NUMPY DONE. [time: 0.003816366195678711 s, all close: True, d_inf: 5.9117155615240335e-12, speed-up vs reference: 118.19]
APPROACH 5: QMATMUL_DIRECT_NUMBA_CUDA...
APPROACH 5: QMATMUL_DIRECT_NUMBA_CUDA DONE. [time: 0.0029425621032714844 s, all close: True, d_inf: 1.9099388737231493e-11, speed-up vs reference: 153.28]
APPROACH 6: QMATMUL_ALGO_NUMBA_CUDA...
APPROACH 6: QMATMUL_ALGO_NUMBA_CUDA DONE. [time: 0.003424406051635742 s, all close: True, d_inf: 7.73070496506989e-12, speed-up vs reference: 131.72]
REPETITION: 8/10:
APPROACH 1: QMATMUL_NAIVE_NUMBA_ST...
APPROACH 1: QMATMUL_NAIVE_NUMBA_ST DONE. [time: 0.46544933319091797 s, all close: True, d_inf: 0.0, speed-up vs reference: 0.97]
APPROACH 2: QMATMUL_NAIVE_NUMBA_PARALLEL...
APPROACH 2: QMATMUL_NAIVE_NUMBA_PARALLEL DONE. [time: 0.03724026679992676 s, all close: True, d_inf: 0.0, speed-up vs reference: 12.11]
APPROACH 3: QMATMUL_DIRECT_NUMPY...
APPROACH 3: QMATMUL_DIRECT_NUMPY DONE. [time: 0.005154132843017578 s, all close: True, d_inf: 7.275957614183426e-12, speed-up vs reference: 87.51]
APPROACH 4: QMATMUL_ALGO_NUMPY...
APPROACH 4: QMATMUL_ALGO_NUMPY DONE. [time: 0.0038268566131591797 s, all close: True, d_inf: 5.9117155615240335e-12, speed-up vs reference: 117.86]
APPROACH 5: QMATMUL_DIRECT_NUMBA_CUDA...
APPROACH 5: QMATMUL_DIRECT_NUMBA_CUDA DONE. [time: 0.002510547637939453 s, all close: True, d_inf: 1.9099388737231493e-11, speed-up vs reference: 179.66]
APPROACH 6: QMATMUL_ALGO_NUMBA_CUDA...
APPROACH 6: QMATMUL_ALGO_NUMBA_CUDA DONE. [time: 0.003950834274291992 s, all close: True, d_inf: 7.73070496506989e-12, speed-up vs reference: 114.17]
REPETITION: 9/10:
APPROACH 1: QMATMUL_NAIVE_NUMBA_ST...
APPROACH 1: QMATMUL_NAIVE_NUMBA_ST DONE. [time: 0.463747501373291 s, all close: True, d_inf: 0.0, speed-up vs reference: 0.97]
APPROACH 2: QMATMUL_NAIVE_NUMBA_PARALLEL...
APPROACH 2: QMATMUL_NAIVE_NUMBA_PARALLEL DONE. [time: 0.037203073501586914 s, all close: True, d_inf: 0.0, speed-up vs reference: 12.12]
APPROACH 3: QMATMUL_DIRECT_NUMPY...
APPROACH 3: QMATMUL_DIRECT_NUMPY DONE. [time: 0.005163908004760742 s, all close: True, d_inf: 7.275957614183426e-12, speed-up vs reference: 87.35]
APPROACH 4: QMATMUL_ALGO_NUMPY...
APPROACH 4: QMATMUL_ALGO_NUMPY DONE. [time: 0.003826618194580078 s, all close: True, d_inf: 5.9117155615240335e-12, speed-up vs reference: 117.87]
APPROACH 5: QMATMUL_DIRECT_NUMBA_CUDA...
APPROACH 5: QMATMUL_DIRECT_NUMBA_CUDA DONE. [time: 0.002527475357055664 s, all close: True, d_inf: 1.9099388737231493e-11, speed-up vs reference: 178.46]
APPROACH 6: QMATMUL_ALGO_NUMBA_CUDA...
APPROACH 6: QMATMUL_ALGO_NUMBA_CUDA DONE. [time: 0.00397801399230957 s, all close: True, d_inf: 7.73070496506989e-12, speed-up vs reference: 113.39]
REPETITION: 10/10:
APPROACH 1: QMATMUL_NAIVE_NUMBA_ST...
APPROACH 1: QMATMUL_NAIVE_NUMBA_ST DONE. [time: 0.4643568992614746 s, all close: True, d_inf: 0.0, speed-up vs reference: 0.97]
APPROACH 2: QMATMUL_NAIVE_NUMBA_PARALLEL...
APPROACH 2: QMATMUL_NAIVE_NUMBA_PARALLEL DONE. [time: 0.03470420837402344 s, all close: True, d_inf: 0.0, speed-up vs reference: 13.00]
APPROACH 3: QMATMUL_DIRECT_NUMPY...
APPROACH 3: QMATMUL_DIRECT_NUMPY DONE. [time: 0.005150318145751953 s, all close: True, d_inf: 7.275957614183426e-12, speed-up vs reference: 87.58]
APPROACH 4: QMATMUL_ALGO_NUMPY...
APPROACH 4: QMATMUL_ALGO_NUMPY DONE. [time: 0.0038204193115234375 s, all close: True, d_inf: 5.9117155615240335e-12, speed-up vs reference: 118.06]
APPROACH 5: QMATMUL_DIRECT_NUMBA_CUDA...
APPROACH 5: QMATMUL_DIRECT_NUMBA_CUDA DONE. [time: 0.0024628639221191406 s, all close: True, d_inf: 1.9099388737231493e-11, speed-up vs reference: 183.14]
APPROACH 6: QMATMUL_ALGO_NUMBA_CUDA...
APPROACH 6: QMATMUL_ALGO_NUMBA_CUDA DONE. [time: 0.003954887390136719 s, all close: True, d_inf: 7.73070496506989e-12, speed-up vs reference: 114.05]
================================================================================================================================================================================================================
SUMMARY:
APPROACH 1: QMATMUL_NAIVE_NUMBA_ST (REFERENCE) -> MEAN TIME: 0.4629436254501343, STD: 0.004025952274995977, SPEED-UP: 1.00
APPROACH 2: QMATMUL_NAIVE_NUMBA_PARALLEL -> MEAN TIME: 0.036426544189453125, STD: 0.002196912395108169, SPEED-UP: 12.71
APPROACH 3: QMATMUL_DIRECT_NUMPY -> MEAN TIME: 0.005180144309997558, STD: 9.122060905356673e-05, SPEED-UP: 89.37
APPROACH 4: QMATMUL_ALGO_NUMPY -> MEAN TIME: 0.0039040803909301757, STD: 0.00023081493258686575, SPEED-UP: 118.58
APPROACH 5: QMATMUL_DIRECT_NUMBA_CUDA -> MEAN TIME: 0.0028028488159179688, STD: 0.0002347506668705114, SPEED-UP: 165.17
APPROACH 6: QMATMUL_ALGO_NUMBA_CUDA -> MEAN TIME: 0.003643298149108887, STD: 0.00023915996793802242, SPEED-UP: 127.07
================================================================================================================================================================================================================
QUATERNIONS MAIN DONE. [time: 6.258968830108643 s]
