QUATERNIONS MAIN...
HASH STRING: 2454440174_82768_044_[300;300;300;10;float64;10;TTTTTT]
================================================================================================================================================================================================================
EXPERIMENT INFO:
{
  M: 300,
  N: 300,
  P: 300,
  SEED: 0,
  RANGE: 10,
  DTYPE: <class 'numpy.float64'>,
  REPETITIONS: 10,
  NUMPY_SINGLE_THREAD: True,
  QMATMUL_NAIVE_NUMBA_ST: (True, 'qmatmul_naive_numba_st_float64'),
  QMATMUL_NAIVE_NUMBA_PARALLEL: (True, 'qmatmul_naive_numba_parallel_float64'),
  QMATMUL_DIRECT_NUMPY: (True, 'qmatmul_direct_numpy'),
  QMATMUL_ALGO_NUMPY: (True, 'qmatmul_algo_numpy'),
  QMATMUL_DIRECT_NUMBA_CUDA: (True, 'qmatmul_direct_numba_cuda_float64'),
  QMATMUL_ALGO_NUMBA_CUDA: (True, 'qmatmul_algo_numba_cuda_float64')
}
================================================================================================================================================================================================================
CPU AND SYSTEM PROPS:
{
  cpu_name: Intel(R) Core(TM) i7-10700 CPU @ 2.90GHz,
  ram_size: 125.7 GB,
  os_name: Linux 6.8.0-71-generic,
  os_version: #71-Ubuntu SMP PREEMPT_DYNAMIC Tue Jul 22 16:52:38 UTC 2025,
  os_machine: x86_64
}
GPU PROPS:
{
  name: NVIDIA GeForce RTX 3090,
  max_threads_per_block: 1024,
  max_block_dim_x: 1024,
  max_block_dim_y: 1024,
  max_block_dim_z: 64,
  max_grid_dim_x: 2147483647,
  max_grid_dim_y: 65535,
  max_grid_dim_z: 65535,
  max_shared_memory_per_block: 49152,
  async_engine_count: 2,
  can_map_host_memory: 1,
  multiprocessor_count: 82,
  warp_size: 32,
  unified_addressing: 1,
  pci_bus_id: 1,
  pci_device_id: 0,
  compute_capability: (8, 6),
  cores_per_SM: 128,
  cores_total: 10496
}
================================================================================================================================================================================================================
MEMORY INFO:
A: 2.747 MB
B: 2.747 MB
C: 2.747 MB
================================================================================================================================================================================================================
REPETITION: 1/10:
APPROACH 1: QMATMUL_NAIVE_NUMBA_ST...
APPROACH 1: QMATMUL_NAIVE_NUMBA_ST DONE. [time: 2.034787654876709 s, all close: True, d_inf: 0.0, speed-up vs reference: 1.00, reference]
APPROACH 2: QMATMUL_NAIVE_NUMBA_PARALLEL...
APPROACH 2: QMATMUL_NAIVE_NUMBA_PARALLEL DONE. [time: 0.15711641311645508 s, all close: True, d_inf: 0.0, speed-up vs reference: 12.95]
APPROACH 3: QMATMUL_DIRECT_NUMPY...
APPROACH 3: QMATMUL_DIRECT_NUMPY DONE. [time: 0.017466068267822266 s, all close: True, d_inf: 7.275957614183426e-12, speed-up vs reference: 116.50]
APPROACH 4: QMATMUL_ALGO_NUMPY...
APPROACH 4: QMATMUL_ALGO_NUMPY DONE. [time: 0.01610875129699707 s, all close: True, d_inf: 7.275957614183426e-12, speed-up vs reference: 126.32]
APPROACH 5: QMATMUL_DIRECT_NUMBA_CUDA...
APPROACH 5: QMATMUL_DIRECT_NUMBA_CUDA DONE. [time: 0.005896806716918945 s, all close: True, d_inf: 1.546140993013978e-11, speed-up vs reference: 345.07]
APPROACH 6: QMATMUL_ALGO_NUMBA_CUDA...
APPROACH 6: QMATMUL_ALGO_NUMBA_CUDA DONE. [time: 0.006704568862915039 s, all close: True, d_inf: 8.185452315956354e-12, speed-up vs reference: 303.49]
REPETITION: 2/10:
APPROACH 1: QMATMUL_NAIVE_NUMBA_ST...
APPROACH 1: QMATMUL_NAIVE_NUMBA_ST DONE. [time: 2.035548210144043 s, all close: True, d_inf: 0.0, speed-up vs reference: 1.00]
APPROACH 2: QMATMUL_NAIVE_NUMBA_PARALLEL...
APPROACH 2: QMATMUL_NAIVE_NUMBA_PARALLEL DONE. [time: 0.15646004676818848 s, all close: True, d_inf: 0.0, speed-up vs reference: 13.01]
APPROACH 3: QMATMUL_DIRECT_NUMPY...
APPROACH 3: QMATMUL_DIRECT_NUMPY DONE. [time: 0.017507314682006836 s, all close: True, d_inf: 7.275957614183426e-12, speed-up vs reference: 116.23]
APPROACH 4: QMATMUL_ALGO_NUMPY...
APPROACH 4: QMATMUL_ALGO_NUMPY DONE. [time: 0.01391744613647461 s, all close: True, d_inf: 7.275957614183426e-12, speed-up vs reference: 146.20]
APPROACH 5: QMATMUL_DIRECT_NUMBA_CUDA...
APPROACH 5: QMATMUL_DIRECT_NUMBA_CUDA DONE. [time: 0.006458282470703125 s, all close: True, d_inf: 1.546140993013978e-11, speed-up vs reference: 315.07]
APPROACH 6: QMATMUL_ALGO_NUMBA_CUDA...
APPROACH 6: QMATMUL_ALGO_NUMBA_CUDA DONE. [time: 0.0063934326171875 s, all close: True, d_inf: 8.185452315956354e-12, speed-up vs reference: 318.26]
REPETITION: 3/10:
APPROACH 1: QMATMUL_NAIVE_NUMBA_ST...
APPROACH 1: QMATMUL_NAIVE_NUMBA_ST DONE. [time: 2.0362815856933594 s, all close: True, d_inf: 0.0, speed-up vs reference: 1.00]
APPROACH 2: QMATMUL_NAIVE_NUMBA_PARALLEL...
APPROACH 2: QMATMUL_NAIVE_NUMBA_PARALLEL DONE. [time: 0.1569817066192627 s, all close: True, d_inf: 0.0, speed-up vs reference: 12.96]
APPROACH 3: QMATMUL_DIRECT_NUMPY...
APPROACH 3: QMATMUL_DIRECT_NUMPY DONE. [time: 0.017491817474365234 s, all close: True, d_inf: 7.275957614183426e-12, speed-up vs reference: 116.33]
APPROACH 4: QMATMUL_ALGO_NUMPY...
APPROACH 4: QMATMUL_ALGO_NUMPY DONE. [time: 0.013865470886230469 s, all close: True, d_inf: 7.275957614183426e-12, speed-up vs reference: 146.75]
APPROACH 5: QMATMUL_DIRECT_NUMBA_CUDA...
APPROACH 5: QMATMUL_DIRECT_NUMBA_CUDA DONE. [time: 0.006421566009521484 s, all close: True, d_inf: 1.546140993013978e-11, speed-up vs reference: 316.87]
APPROACH 6: QMATMUL_ALGO_NUMBA_CUDA...
APPROACH 6: QMATMUL_ALGO_NUMBA_CUDA DONE. [time: 0.006314277648925781 s, all close: True, d_inf: 8.185452315956354e-12, speed-up vs reference: 322.25]
REPETITION: 4/10:
APPROACH 1: QMATMUL_NAIVE_NUMBA_ST...
APPROACH 1: QMATMUL_NAIVE_NUMBA_ST DONE. [time: 2.035970449447632 s, all close: True, d_inf: 0.0, speed-up vs reference: 1.00]
APPROACH 2: QMATMUL_NAIVE_NUMBA_PARALLEL...
APPROACH 2: QMATMUL_NAIVE_NUMBA_PARALLEL DONE. [time: 0.1570134162902832 s, all close: True, d_inf: 0.0, speed-up vs reference: 12.96]
APPROACH 3: QMATMUL_DIRECT_NUMPY...
APPROACH 3: QMATMUL_DIRECT_NUMPY DONE. [time: 0.017621994018554688 s, all close: True, d_inf: 7.275957614183426e-12, speed-up vs reference: 115.47]
APPROACH 4: QMATMUL_ALGO_NUMPY...
APPROACH 4: QMATMUL_ALGO_NUMPY DONE. [time: 0.013884305953979492 s, all close: True, d_inf: 7.275957614183426e-12, speed-up vs reference: 146.55]
APPROACH 5: QMATMUL_DIRECT_NUMBA_CUDA...
APPROACH 5: QMATMUL_DIRECT_NUMBA_CUDA DONE. [time: 0.006540536880493164 s, all close: True, d_inf: 1.546140993013978e-11, speed-up vs reference: 311.10]
APPROACH 6: QMATMUL_ALGO_NUMBA_CUDA...
APPROACH 6: QMATMUL_ALGO_NUMBA_CUDA DONE. [time: 0.006465435028076172 s, all close: True, d_inf: 8.185452315956354e-12, speed-up vs reference: 314.72]
REPETITION: 5/10:
APPROACH 1: QMATMUL_NAIVE_NUMBA_ST...
APPROACH 1: QMATMUL_NAIVE_NUMBA_ST DONE. [time: 2.035879135131836 s, all close: True, d_inf: 0.0, speed-up vs reference: 1.00]
APPROACH 2: QMATMUL_NAIVE_NUMBA_PARALLEL...
APPROACH 2: QMATMUL_NAIVE_NUMBA_PARALLEL DONE. [time: 0.15688681602478027 s, all close: True, d_inf: 0.0, speed-up vs reference: 12.97]
APPROACH 3: QMATMUL_DIRECT_NUMPY...
APPROACH 3: QMATMUL_DIRECT_NUMPY DONE. [time: 0.017526865005493164 s, all close: True, d_inf: 7.275957614183426e-12, speed-up vs reference: 116.10]
APPROACH 4: QMATMUL_ALGO_NUMPY...
APPROACH 4: QMATMUL_ALGO_NUMPY DONE. [time: 0.013886213302612305 s, all close: True, d_inf: 7.275957614183426e-12, speed-up vs reference: 146.53]
APPROACH 5: QMATMUL_DIRECT_NUMBA_CUDA...
APPROACH 5: QMATMUL_DIRECT_NUMBA_CUDA DONE. [time: 0.006447792053222656 s, all close: True, d_inf: 1.546140993013978e-11, speed-up vs reference: 315.58]
APPROACH 6: QMATMUL_ALGO_NUMBA_CUDA...
APPROACH 6: QMATMUL_ALGO_NUMBA_CUDA DONE. [time: 0.006124973297119141 s, all close: True, d_inf: 8.185452315956354e-12, speed-up vs reference: 332.21]
REPETITION: 6/10:
APPROACH 1: QMATMUL_NAIVE_NUMBA_ST...
APPROACH 1: QMATMUL_NAIVE_NUMBA_ST DONE. [time: 2.0998470783233643 s, all close: True, d_inf: 0.0, speed-up vs reference: 0.97]
APPROACH 2: QMATMUL_NAIVE_NUMBA_PARALLEL...
APPROACH 2: QMATMUL_NAIVE_NUMBA_PARALLEL DONE. [time: 0.15662765502929688 s, all close: True, d_inf: 0.0, speed-up vs reference: 12.99]
APPROACH 3: QMATMUL_DIRECT_NUMPY...
APPROACH 3: QMATMUL_DIRECT_NUMPY DONE. [time: 0.017499923706054688 s, all close: True, d_inf: 7.275957614183426e-12, speed-up vs reference: 116.27]
APPROACH 4: QMATMUL_ALGO_NUMPY...
APPROACH 4: QMATMUL_ALGO_NUMPY DONE. [time: 0.013886213302612305 s, all close: True, d_inf: 7.275957614183426e-12, speed-up vs reference: 146.53]
APPROACH 5: QMATMUL_DIRECT_NUMBA_CUDA...
APPROACH 5: QMATMUL_DIRECT_NUMBA_CUDA DONE. [time: 0.0067234039306640625 s, all close: True, d_inf: 1.546140993013978e-11, speed-up vs reference: 302.64]
APPROACH 6: QMATMUL_ALGO_NUMBA_CUDA...
APPROACH 6: QMATMUL_ALGO_NUMBA_CUDA DONE. [time: 0.005983591079711914 s, all close: True, d_inf: 8.185452315956354e-12, speed-up vs reference: 340.06]
REPETITION: 7/10:
APPROACH 1: QMATMUL_NAIVE_NUMBA_ST...
APPROACH 1: QMATMUL_NAIVE_NUMBA_ST DONE. [time: 2.0359137058258057 s, all close: True, d_inf: 0.0, speed-up vs reference: 1.00]
APPROACH 2: QMATMUL_NAIVE_NUMBA_PARALLEL...
APPROACH 2: QMATMUL_NAIVE_NUMBA_PARALLEL DONE. [time: 0.156846284866333 s, all close: True, d_inf: 0.0, speed-up vs reference: 12.97]
APPROACH 3: QMATMUL_DIRECT_NUMPY...
APPROACH 3: QMATMUL_DIRECT_NUMPY DONE. [time: 0.01751852035522461 s, all close: True, d_inf: 7.275957614183426e-12, speed-up vs reference: 116.15]
APPROACH 4: QMATMUL_ALGO_NUMPY...
APPROACH 4: QMATMUL_ALGO_NUMPY DONE. [time: 0.013870477676391602 s, all close: True, d_inf: 7.275957614183426e-12, speed-up vs reference: 146.70]
APPROACH 5: QMATMUL_DIRECT_NUMBA_CUDA...
APPROACH 5: QMATMUL_DIRECT_NUMBA_CUDA DONE. [time: 0.006912946701049805 s, all close: True, d_inf: 1.546140993013978e-11, speed-up vs reference: 294.34]
APPROACH 6: QMATMUL_ALGO_NUMBA_CUDA...
APPROACH 6: QMATMUL_ALGO_NUMBA_CUDA DONE. [time: 0.006059885025024414 s, all close: True, d_inf: 8.185452315956354e-12, speed-up vs reference: 335.78]
REPETITION: 8/10:
APPROACH 1: QMATMUL_NAIVE_NUMBA_ST...
APPROACH 1: QMATMUL_NAIVE_NUMBA_ST DONE. [time: 2.0208933353424072 s, all close: True, d_inf: 0.0, speed-up vs reference: 1.01]
APPROACH 2: QMATMUL_NAIVE_NUMBA_PARALLEL...
APPROACH 2: QMATMUL_NAIVE_NUMBA_PARALLEL DONE. [time: 0.15705442428588867 s, all close: True, d_inf: 0.0, speed-up vs reference: 12.96]
APPROACH 3: QMATMUL_DIRECT_NUMPY...
APPROACH 3: QMATMUL_DIRECT_NUMPY DONE. [time: 0.017523765563964844 s, all close: True, d_inf: 7.275957614183426e-12, speed-up vs reference: 116.12]
APPROACH 4: QMATMUL_ALGO_NUMPY...
APPROACH 4: QMATMUL_ALGO_NUMPY DONE. [time: 0.013978958129882812 s, all close: True, d_inf: 7.275957614183426e-12, speed-up vs reference: 145.56]
APPROACH 5: QMATMUL_DIRECT_NUMBA_CUDA...
APPROACH 5: QMATMUL_DIRECT_NUMBA_CUDA DONE. [time: 0.005406856536865234 s, all close: True, d_inf: 1.546140993013978e-11, speed-up vs reference: 376.33]
APPROACH 6: QMATMUL_ALGO_NUMBA_CUDA...
APPROACH 6: QMATMUL_ALGO_NUMBA_CUDA DONE. [time: 0.007479429244995117 s, all close: True, d_inf: 8.185452315956354e-12, speed-up vs reference: 272.05]
REPETITION: 9/10:
APPROACH 1: QMATMUL_NAIVE_NUMBA_ST...
APPROACH 1: QMATMUL_NAIVE_NUMBA_ST DONE. [time: 2.0359206199645996 s, all close: True, d_inf: 0.0, speed-up vs reference: 1.00]
APPROACH 2: QMATMUL_NAIVE_NUMBA_PARALLEL...
APPROACH 2: QMATMUL_NAIVE_NUMBA_PARALLEL DONE. [time: 0.15703296661376953 s, all close: True, d_inf: 0.0, speed-up vs reference: 12.96]
APPROACH 3: QMATMUL_DIRECT_NUMPY...
APPROACH 3: QMATMUL_DIRECT_NUMPY DONE. [time: 0.017522811889648438 s, all close: True, d_inf: 7.275957614183426e-12, speed-up vs reference: 116.12]
APPROACH 4: QMATMUL_ALGO_NUMPY...
APPROACH 4: QMATMUL_ALGO_NUMPY DONE. [time: 0.013938188552856445 s, all close: True, d_inf: 7.275957614183426e-12, speed-up vs reference: 145.99]
APPROACH 5: QMATMUL_DIRECT_NUMBA_CUDA...
APPROACH 5: QMATMUL_DIRECT_NUMBA_CUDA DONE. [time: 0.005476236343383789 s, all close: True, d_inf: 1.546140993013978e-11, speed-up vs reference: 371.57]
APPROACH 6: QMATMUL_ALGO_NUMBA_CUDA...
APPROACH 6: QMATMUL_ALGO_NUMBA_CUDA DONE. [time: 0.00753021240234375 s, all close: True, d_inf: 8.185452315956354e-12, speed-up vs reference: 270.22]
REPETITION: 10/10:
APPROACH 1: QMATMUL_NAIVE_NUMBA_ST...
APPROACH 1: QMATMUL_NAIVE_NUMBA_ST DONE. [time: 2.0360145568847656 s, all close: True, d_inf: 0.0, speed-up vs reference: 1.00]
APPROACH 2: QMATMUL_NAIVE_NUMBA_PARALLEL...
APPROACH 2: QMATMUL_NAIVE_NUMBA_PARALLEL DONE. [time: 0.1565542221069336 s, all close: True, d_inf: 0.0, speed-up vs reference: 13.00]
APPROACH 3: QMATMUL_DIRECT_NUMPY...
APPROACH 3: QMATMUL_DIRECT_NUMPY DONE. [time: 0.017551660537719727 s, all close: True, d_inf: 7.275957614183426e-12, speed-up vs reference: 115.93]
APPROACH 4: QMATMUL_ALGO_NUMPY...
APPROACH 4: QMATMUL_ALGO_NUMPY DONE. [time: 0.013990163803100586 s, all close: True, d_inf: 7.275957614183426e-12, speed-up vs reference: 145.44]
APPROACH 5: QMATMUL_DIRECT_NUMBA_CUDA...
APPROACH 5: QMATMUL_DIRECT_NUMBA_CUDA DONE. [time: 0.005455493927001953 s, all close: True, d_inf: 1.546140993013978e-11, speed-up vs reference: 372.98]
APPROACH 6: QMATMUL_ALGO_NUMBA_CUDA...
APPROACH 6: QMATMUL_ALGO_NUMBA_CUDA DONE. [time: 0.0076541900634765625 s, all close: True, d_inf: 8.185452315956354e-12, speed-up vs reference: 265.84]
================================================================================================================================================================================================================
SUMMARY:
APPROACH 1: QMATMUL_NAIVE_NUMBA_ST (REFERENCE) -> MEAN TIME: 2.0407056331634523, STD: 0.020211416376445517, SPEED-UP: 1.00
APPROACH 2: QMATMUL_NAIVE_NUMBA_PARALLEL -> MEAN TIME: 0.15685739517211914, STD: 0.0002191121274001779, SPEED-UP: 13.01
APPROACH 3: QMATMUL_DIRECT_NUMPY -> MEAN TIME: 0.01752307415008545, STD: 3.9558729358536914e-05, SPEED-UP: 116.46
APPROACH 4: QMATMUL_ALGO_NUMPY -> MEAN TIME: 0.01413261890411377, STD: 0.0006600214885748648, SPEED-UP: 144.40
APPROACH 5: QMATMUL_DIRECT_NUMBA_CUDA -> MEAN TIME: 0.0061739921569824215, STD: 0.0005355160163282271, SPEED-UP: 330.53
APPROACH 6: QMATMUL_ALGO_NUMBA_CUDA -> MEAN TIME: 0.006670999526977539, STD: 0.0006123955019436574, SPEED-UP: 305.91
================================================================================================================================================================================================================
QUATERNIONS MAIN DONE. [time: 23.63224458694458 s]
