QUATERNIONS MAIN...
HASH STRING: 2457836333_82768_203_[300;300;300;10;float64;10;TTTTTT]
================================================================================================================================================================================================================
EXPERIMENT INFO:
{
  M: 300,
  N: 300,
  P: 300,
  SEED: 0,
  RANGE: 10,
  DTYPE: <class 'numpy.float64'>,
  REPETITIONS: 10,
  NUMPY_SINGLE_THREAD: True,
  QMATMUL_NAIVE_NUMBA_ST: (True, 'qmatmul_naive_numba_st_float64'),
  QMATMUL_NAIVE_NUMBA_PARALLEL: (True, 'qmatmul_naive_numba_parallel_float64'),
  QMATMUL_DIRECT_NUMPY: (True, 'qmatmul_direct_numpy'),
  QMATMUL_ALGO_NUMPY: (True, 'qmatmul_algo_numpy'),
  QMATMUL_DIRECT_NUMBA_CUDA: (True, 'qmatmul_direct_numba_cuda_float64'),
  QMATMUL_ALGO_NUMBA_CUDA: (True, 'qmatmul_algo_numba_cuda_float64')
}
================================================================================================================================================================================================================
CPU AND SYSTEM PROPS:
{
  cpu_name: Intel(R) Core(TM) i7-10700 CPU @ 2.90GHz,
  ram_size: 125.7 GB,
  os_name: Linux 6.8.0-63-generic,
  os_version: #66-Ubuntu SMP PREEMPT_DYNAMIC Fri Jun 13 20:25:30 UTC 2025,
  os_machine: x86_64
}
GPU PROPS:
{
  name: NVIDIA GeForce RTX 3090,
  max_threads_per_block: 1024,
  max_block_dim_x: 1024,
  max_block_dim_y: 1024,
  max_block_dim_z: 64,
  max_grid_dim_x: 2147483647,
  max_grid_dim_y: 65535,
  max_grid_dim_z: 65535,
  max_shared_memory_per_block: 49152,
  async_engine_count: 2,
  can_map_host_memory: 1,
  multiprocessor_count: 82,
  warp_size: 32,
  unified_addressing: 1,
  pci_bus_id: 1,
  pci_device_id: 0,
  compute_capability: (8, 6),
  cores_per_SM: 128,
  cores_total: 10496
}
================================================================================================================================================================================================================
MEMORY INFO:
A: 2.747 MB
B: 2.747 MB
C: 2.747 MB
================================================================================================================================================================================================================
REPETITION: 1/10:
APPROACH 1: QMATMUL_NAIVE_NUMBA_ST...
APPROACH 1: QMATMUL_NAIVE_NUMBA_ST DONE. [time: 2.0358877182006836 s, all close: True, d_inf: 0.0, speed-up vs reference: 1.00, reference]
APPROACH 2: QMATMUL_NAIVE_NUMBA_PARALLEL...
APPROACH 2: QMATMUL_NAIVE_NUMBA_PARALLEL DONE. [time: 0.15194082260131836 s, all close: True, d_inf: 0.0, speed-up vs reference: 13.40]
APPROACH 3: QMATMUL_DIRECT_NUMPY...
APPROACH 3: QMATMUL_DIRECT_NUMPY DONE. [time: 0.019740581512451172 s, all close: True, d_inf: 7.275957614183426e-12, speed-up vs reference: 103.13]
APPROACH 4: QMATMUL_ALGO_NUMPY...
APPROACH 4: QMATMUL_ALGO_NUMPY DONE. [time: 0.017382144927978516 s, all close: True, d_inf: 7.275957614183426e-12, speed-up vs reference: 117.13]
APPROACH 5: QMATMUL_DIRECT_NUMBA_CUDA...
APPROACH 5: QMATMUL_DIRECT_NUMBA_CUDA DONE. [time: 0.005982398986816406 s, all close: True, d_inf: 1.546140993013978e-11, speed-up vs reference: 340.31]
APPROACH 6: QMATMUL_ALGO_NUMBA_CUDA...
APPROACH 6: QMATMUL_ALGO_NUMBA_CUDA DONE. [time: 0.006955623626708984 s, all close: True, d_inf: 8.185452315956354e-12, speed-up vs reference: 292.70]
REPETITION: 2/10:
APPROACH 1: QMATMUL_NAIVE_NUMBA_ST...
APPROACH 1: QMATMUL_NAIVE_NUMBA_ST DONE. [time: 2.0405831336975098 s, all close: True, d_inf: 0.0, speed-up vs reference: 1.00]
APPROACH 2: QMATMUL_NAIVE_NUMBA_PARALLEL...
APPROACH 2: QMATMUL_NAIVE_NUMBA_PARALLEL DONE. [time: 0.15203571319580078 s, all close: True, d_inf: 0.0, speed-up vs reference: 13.39]
APPROACH 3: QMATMUL_DIRECT_NUMPY...
APPROACH 3: QMATMUL_DIRECT_NUMPY DONE. [time: 0.017565250396728516 s, all close: True, d_inf: 7.275957614183426e-12, speed-up vs reference: 115.90]
APPROACH 4: QMATMUL_ALGO_NUMPY...
APPROACH 4: QMATMUL_ALGO_NUMPY DONE. [time: 0.013252973556518555 s, all close: True, d_inf: 7.275957614183426e-12, speed-up vs reference: 153.62]
APPROACH 5: QMATMUL_DIRECT_NUMBA_CUDA...
APPROACH 5: QMATMUL_DIRECT_NUMBA_CUDA DONE. [time: 0.006531953811645508 s, all close: True, d_inf: 1.546140993013978e-11, speed-up vs reference: 311.68]
APPROACH 6: QMATMUL_ALGO_NUMBA_CUDA...
APPROACH 6: QMATMUL_ALGO_NUMBA_CUDA DONE. [time: 0.0064961910247802734 s, all close: True, d_inf: 8.185452315956354e-12, speed-up vs reference: 313.40]
REPETITION: 3/10:
APPROACH 1: QMATMUL_NAIVE_NUMBA_ST...
APPROACH 1: QMATMUL_NAIVE_NUMBA_ST DONE. [time: 2.0416696071624756 s, all close: True, d_inf: 0.0, speed-up vs reference: 1.00]
APPROACH 2: QMATMUL_NAIVE_NUMBA_PARALLEL...
APPROACH 2: QMATMUL_NAIVE_NUMBA_PARALLEL DONE. [time: 0.15200519561767578 s, all close: True, d_inf: 0.0, speed-up vs reference: 13.39]
APPROACH 3: QMATMUL_DIRECT_NUMPY...
APPROACH 3: QMATMUL_DIRECT_NUMPY DONE. [time: 0.01761770248413086 s, all close: True, d_inf: 7.275957614183426e-12, speed-up vs reference: 115.56]
APPROACH 4: QMATMUL_ALGO_NUMPY...
APPROACH 4: QMATMUL_ALGO_NUMPY DONE. [time: 0.013604164123535156 s, all close: True, d_inf: 7.275957614183426e-12, speed-up vs reference: 149.65]
APPROACH 5: QMATMUL_DIRECT_NUMBA_CUDA...
APPROACH 5: QMATMUL_DIRECT_NUMBA_CUDA DONE. [time: 0.006493330001831055 s, all close: True, d_inf: 1.546140993013978e-11, speed-up vs reference: 313.54]
APPROACH 6: QMATMUL_ALGO_NUMBA_CUDA...
APPROACH 6: QMATMUL_ALGO_NUMBA_CUDA DONE. [time: 0.006414651870727539 s, all close: True, d_inf: 8.185452315956354e-12, speed-up vs reference: 317.38]
REPETITION: 4/10:
APPROACH 1: QMATMUL_NAIVE_NUMBA_ST...
APPROACH 1: QMATMUL_NAIVE_NUMBA_ST DONE. [time: 2.0184242725372314 s, all close: True, d_inf: 0.0, speed-up vs reference: 1.01]
APPROACH 2: QMATMUL_NAIVE_NUMBA_PARALLEL...
APPROACH 2: QMATMUL_NAIVE_NUMBA_PARALLEL DONE. [time: 0.1518878936767578 s, all close: True, d_inf: 0.0, speed-up vs reference: 13.40]
APPROACH 3: QMATMUL_DIRECT_NUMPY...
APPROACH 3: QMATMUL_DIRECT_NUMPY DONE. [time: 0.017553329467773438 s, all close: True, d_inf: 7.275957614183426e-12, speed-up vs reference: 115.98]
APPROACH 4: QMATMUL_ALGO_NUMPY...
APPROACH 4: QMATMUL_ALGO_NUMPY DONE. [time: 0.0132598876953125 s, all close: True, d_inf: 7.275957614183426e-12, speed-up vs reference: 153.54]
APPROACH 5: QMATMUL_DIRECT_NUMBA_CUDA...
APPROACH 5: QMATMUL_DIRECT_NUMBA_CUDA DONE. [time: 0.006439208984375 s, all close: True, d_inf: 1.546140993013978e-11, speed-up vs reference: 316.17]
APPROACH 6: QMATMUL_ALGO_NUMBA_CUDA...
APPROACH 6: QMATMUL_ALGO_NUMBA_CUDA DONE. [time: 0.006549835205078125 s, all close: True, d_inf: 8.185452315956354e-12, speed-up vs reference: 310.83]
REPETITION: 5/10:
APPROACH 1: QMATMUL_NAIVE_NUMBA_ST...
APPROACH 1: QMATMUL_NAIVE_NUMBA_ST DONE. [time: 2.03489351272583 s, all close: True, d_inf: 0.0, speed-up vs reference: 1.00]
APPROACH 2: QMATMUL_NAIVE_NUMBA_PARALLEL...
APPROACH 2: QMATMUL_NAIVE_NUMBA_PARALLEL DONE. [time: 0.15198898315429688 s, all close: True, d_inf: 0.0, speed-up vs reference: 13.39]
APPROACH 3: QMATMUL_DIRECT_NUMPY...
APPROACH 3: QMATMUL_DIRECT_NUMPY DONE. [time: 0.01762080192565918 s, all close: True, d_inf: 7.275957614183426e-12, speed-up vs reference: 115.54]
APPROACH 4: QMATMUL_ALGO_NUMPY...
APPROACH 4: QMATMUL_ALGO_NUMPY DONE. [time: 0.013599634170532227 s, all close: True, d_inf: 7.275957614183426e-12, speed-up vs reference: 149.70]
APPROACH 5: QMATMUL_DIRECT_NUMBA_CUDA...
APPROACH 5: QMATMUL_DIRECT_NUMBA_CUDA DONE. [time: 0.006543397903442383 s, all close: True, d_inf: 1.546140993013978e-11, speed-up vs reference: 311.14]
APPROACH 6: QMATMUL_ALGO_NUMBA_CUDA...
APPROACH 6: QMATMUL_ALGO_NUMBA_CUDA DONE. [time: 0.006238698959350586 s, all close: True, d_inf: 8.185452315956354e-12, speed-up vs reference: 326.33]
REPETITION: 6/10:
APPROACH 1: QMATMUL_NAIVE_NUMBA_ST...
APPROACH 1: QMATMUL_NAIVE_NUMBA_ST DONE. [time: 2.0359456539154053 s, all close: True, d_inf: 0.0, speed-up vs reference: 1.00]
APPROACH 2: QMATMUL_NAIVE_NUMBA_PARALLEL...
APPROACH 2: QMATMUL_NAIVE_NUMBA_PARALLEL DONE. [time: 0.15208029747009277 s, all close: True, d_inf: 0.0, speed-up vs reference: 13.39]
APPROACH 3: QMATMUL_DIRECT_NUMPY...
APPROACH 3: QMATMUL_DIRECT_NUMPY DONE. [time: 0.017611026763916016 s, all close: True, d_inf: 7.275957614183426e-12, speed-up vs reference: 115.60]
APPROACH 4: QMATMUL_ALGO_NUMPY...
APPROACH 4: QMATMUL_ALGO_NUMPY DONE. [time: 0.013608932495117188 s, all close: True, d_inf: 7.275957614183426e-12, speed-up vs reference: 149.60]
APPROACH 5: QMATMUL_DIRECT_NUMBA_CUDA...
APPROACH 5: QMATMUL_DIRECT_NUMBA_CUDA DONE. [time: 0.006825447082519531 s, all close: True, d_inf: 1.546140993013978e-11, speed-up vs reference: 298.28]
APPROACH 6: QMATMUL_ALGO_NUMBA_CUDA...
APPROACH 6: QMATMUL_ALGO_NUMBA_CUDA DONE. [time: 0.006085872650146484 s, all close: True, d_inf: 8.185452315956354e-12, speed-up vs reference: 334.53]
REPETITION: 7/10:
APPROACH 1: QMATMUL_NAIVE_NUMBA_ST...
APPROACH 1: QMATMUL_NAIVE_NUMBA_ST DONE. [time: 2.034843921661377 s, all close: True, d_inf: 0.0, speed-up vs reference: 1.00]
APPROACH 2: QMATMUL_NAIVE_NUMBA_PARALLEL...
APPROACH 2: QMATMUL_NAIVE_NUMBA_PARALLEL DONE. [time: 0.15200495719909668 s, all close: True, d_inf: 0.0, speed-up vs reference: 13.39]
APPROACH 3: QMATMUL_DIRECT_NUMPY...
APPROACH 3: QMATMUL_DIRECT_NUMPY DONE. [time: 0.017605304718017578 s, all close: True, d_inf: 7.275957614183426e-12, speed-up vs reference: 115.64]
APPROACH 4: QMATMUL_ALGO_NUMPY...
APPROACH 4: QMATMUL_ALGO_NUMPY DONE. [time: 0.013683319091796875 s, all close: True, d_inf: 7.275957614183426e-12, speed-up vs reference: 148.79]
APPROACH 5: QMATMUL_DIRECT_NUMBA_CUDA...
APPROACH 5: QMATMUL_DIRECT_NUMBA_CUDA DONE. [time: 0.0068891048431396484 s, all close: True, d_inf: 1.546140993013978e-11, speed-up vs reference: 295.52]
APPROACH 6: QMATMUL_ALGO_NUMBA_CUDA...
APPROACH 6: QMATMUL_ALGO_NUMBA_CUDA DONE. [time: 0.0066986083984375 s, all close: True, d_inf: 8.185452315956354e-12, speed-up vs reference: 303.93]
REPETITION: 8/10:
APPROACH 1: QMATMUL_NAIVE_NUMBA_ST...
APPROACH 1: QMATMUL_NAIVE_NUMBA_ST DONE. [time: 2.11100172996521 s, all close: True, d_inf: 0.0, speed-up vs reference: 0.96]
APPROACH 2: QMATMUL_NAIVE_NUMBA_PARALLEL...
APPROACH 2: QMATMUL_NAIVE_NUMBA_PARALLEL DONE. [time: 0.15210914611816406 s, all close: True, d_inf: 0.0, speed-up vs reference: 13.38]
APPROACH 3: QMATMUL_DIRECT_NUMPY...
APPROACH 3: QMATMUL_DIRECT_NUMPY DONE. [time: 0.017651796340942383 s, all close: True, d_inf: 7.275957614183426e-12, speed-up vs reference: 115.34]
APPROACH 4: QMATMUL_ALGO_NUMPY...
APPROACH 4: QMATMUL_ALGO_NUMPY DONE. [time: 0.013608932495117188 s, all close: True, d_inf: 7.275957614183426e-12, speed-up vs reference: 149.60]
APPROACH 5: QMATMUL_DIRECT_NUMBA_CUDA...
APPROACH 5: QMATMUL_DIRECT_NUMBA_CUDA DONE. [time: 0.005405902862548828 s, all close: True, d_inf: 1.546140993013978e-11, speed-up vs reference: 376.60]
APPROACH 6: QMATMUL_ALGO_NUMBA_CUDA...
APPROACH 6: QMATMUL_ALGO_NUMBA_CUDA DONE. [time: 0.007600069046020508 s, all close: True, d_inf: 8.185452315956354e-12, speed-up vs reference: 267.88]
REPETITION: 9/10:
APPROACH 1: QMATMUL_NAIVE_NUMBA_ST...
APPROACH 1: QMATMUL_NAIVE_NUMBA_ST DONE. [time: 2.034625291824341 s, all close: True, d_inf: 0.0, speed-up vs reference: 1.00]
APPROACH 2: QMATMUL_NAIVE_NUMBA_PARALLEL...
APPROACH 2: QMATMUL_NAIVE_NUMBA_PARALLEL DONE. [time: 0.15291476249694824 s, all close: True, d_inf: 0.0, speed-up vs reference: 13.31]
APPROACH 3: QMATMUL_DIRECT_NUMPY...
APPROACH 3: QMATMUL_DIRECT_NUMPY DONE. [time: 0.01761603355407715 s, all close: True, d_inf: 7.275957614183426e-12, speed-up vs reference: 115.57]
APPROACH 4: QMATMUL_ALGO_NUMPY...
APPROACH 4: QMATMUL_ALGO_NUMPY DONE. [time: 0.013704538345336914 s, all close: True, d_inf: 7.275957614183426e-12, speed-up vs reference: 148.56]
APPROACH 5: QMATMUL_DIRECT_NUMBA_CUDA...
APPROACH 5: QMATMUL_DIRECT_NUMBA_CUDA DONE. [time: 0.0055084228515625 s, all close: True, d_inf: 1.546140993013978e-11, speed-up vs reference: 369.60]
APPROACH 6: QMATMUL_ALGO_NUMBA_CUDA...
APPROACH 6: QMATMUL_ALGO_NUMBA_CUDA DONE. [time: 0.00766444206237793 s, all close: True, d_inf: 8.185452315956354e-12, speed-up vs reference: 265.63]
REPETITION: 10/10:
APPROACH 1: QMATMUL_NAIVE_NUMBA_ST...
APPROACH 1: QMATMUL_NAIVE_NUMBA_ST DONE. [time: 2.0346977710723877 s, all close: True, d_inf: 0.0, speed-up vs reference: 1.00]
APPROACH 2: QMATMUL_NAIVE_NUMBA_PARALLEL...
APPROACH 2: QMATMUL_NAIVE_NUMBA_PARALLEL DONE. [time: 0.15192127227783203 s, all close: True, d_inf: 0.0, speed-up vs reference: 13.40]
APPROACH 3: QMATMUL_DIRECT_NUMPY...
APPROACH 3: QMATMUL_DIRECT_NUMPY DONE. [time: 0.01764059066772461 s, all close: True, d_inf: 7.275957614183426e-12, speed-up vs reference: 115.41]
APPROACH 4: QMATMUL_ALGO_NUMPY...
APPROACH 4: QMATMUL_ALGO_NUMPY DONE. [time: 0.01363372802734375 s, all close: True, d_inf: 7.275957614183426e-12, speed-up vs reference: 149.33]
APPROACH 5: QMATMUL_DIRECT_NUMBA_CUDA...
APPROACH 5: QMATMUL_DIRECT_NUMBA_CUDA DONE. [time: 0.0053937435150146484 s, all close: True, d_inf: 1.546140993013978e-11, speed-up vs reference: 377.45]
APPROACH 6: QMATMUL_ALGO_NUMBA_CUDA...
APPROACH 6: QMATMUL_ALGO_NUMBA_CUDA DONE. [time: 0.0077440738677978516 s, all close: True, d_inf: 8.185452315956354e-12, speed-up vs reference: 262.90]
================================================================================================================================================================================================================
SUMMARY:
APPROACH 1: QMATMUL_NAIVE_NUMBA_ST (REFERENCE) -> MEAN TIME: 2.0422572612762453, STD: 0.023668426397532864, SPEED-UP: 1.00
APPROACH 2: QMATMUL_NAIVE_NUMBA_PARALLEL -> MEAN TIME: 0.15208890438079833, STD: 0.0002828121838531779, SPEED-UP: 13.43
APPROACH 3: QMATMUL_DIRECT_NUMPY -> MEAN TIME: 0.01782224178314209, STD: 0.0006400815689363941, SPEED-UP: 114.59
APPROACH 4: QMATMUL_ALGO_NUMPY -> MEAN TIME: 0.013933825492858886, STD: 0.0011595479447142423, SPEED-UP: 146.57
APPROACH 5: QMATMUL_DIRECT_NUMBA_CUDA -> MEAN TIME: 0.0062012910842895504, STD: 0.0005516956304600723, SPEED-UP: 329.33
APPROACH 6: QMATMUL_ALGO_NUMBA_CUDA -> MEAN TIME: 0.006844806671142578, STD: 0.0005849342566951361, SPEED-UP: 298.37
================================================================================================================================================================================================================
QUATERNIONS MAIN DONE. [time: 23.605993509292603 s]
