QUATERNIONS MAIN...
HASH STRING: 2633652642_82403_901_[3000;3000;3000;10;float32;3;FFFFTT]
================================================================================================================================================================================================================
EXPERIMENT INFO:
{
  M: 3000,
  N: 3000,
  P: 3000,
  SEED: 0,
  RANGE: 10,
  DTYPE: <class 'numpy.float32'>,
  REPETITIONS: 3,
  NUMPY_SINGLE_THREAD: True,
  QMATMUL_NAIVE_NUMBA_ST: (False, 'qmatmul_naive_numba_st_float32'),
  QMATMUL_NAIVE_NUMBA_PARALLEL: (False, 'qmatmul_naive_numba_parallel_float32'),
  QMATMUL_DIRECT_NUMPY: (False, 'qmatmul_direct_numpy'),
  QMATMUL_ALGO_NUMPY: (False, 'qmatmul_algo_numpy'),
  QMATMUL_DIRECT_NUMBA_CUDA: (True, 'qmatmul_direct_numba_cuda_float32'),
  QMATMUL_ALGO_NUMBA_CUDA: (True, 'qmatmul_algo_numba_cuda_float32')
}
================================================================================================================================================================================================================
CPU AND SYSTEM PROPS:
{
  cpu_name: AMD Ryzen 9 9950X 16-Core Processor,
  ram_size: 123.4 GB,
  os_name: Linux 6.14.0-37-generic,
  os_version: #37~24.04.1-Ubuntu SMP PREEMPT_DYNAMIC Thu Nov 20 10:25:38 UTC 2,
  os_machine: x86_64
}
GPU PROPS:
{
  name: NVIDIA GeForce RTX 5090,
  max_threads_per_block: 1024,
  max_block_dim_x: 1024,
  max_block_dim_y: 1024,
  max_block_dim_z: 64,
  max_grid_dim_x: 2147483647,
  max_grid_dim_y: 65535,
  max_grid_dim_z: 65535,
  max_shared_memory_per_block: 49152,
  async_engine_count: 2,
  can_map_host_memory: 1,
  multiprocessor_count: 170,
  warp_size: 32,
  unified_addressing: 1,
  pci_bus_id: 1,
  pci_device_id: 0,
  compute_capability: ComputeCapability(major=12, minor=0),
  cores_per_SM: 128,
  cores_total: 21760
}
================================================================================================================================================================================================================
MEMORY INFO:
A: 137.329 MB
B: 137.329 MB
C: 137.329 MB
================================================================================================================================================================================================================
REPETITION: 1/3:
APPROACH 1: QMATMUL_NAIVE_NUMBA_ST OFF.
APPROACH 2: QMATMUL_NAIVE_NUMBA_PARALLEL OFF.
APPROACH 3: QMATMUL_DIRECT_NUMPY OFF.
APPROACH 4: QMATMUL_ALGO_NUMPY OFF.
APPROACH 5: QMATMUL_DIRECT_NUMBA_CUDA...
APPROACH 5: QMATMUL_DIRECT_NUMBA_CUDA DONE. [time: 0.4346797466278076 s, all close: True, d_inf: 0.0, speed-up vs reference: 1.00, reference]
APPROACH 6: QMATMUL_ALGO_NUMBA_CUDA...
QMATMUL_ALGO_NUMBA_CUDA_FLOAT32...
[time stacks: 0.022160768508911133 s, tpb: 512]
[time h4s: 0.0005266666412353516 s, tpb: (8, 8)]
[time d4: 0.05080699920654297 s, bpg: (375, 375, 4), tpb: (8, 8)]
[time h4d4: 0.0002765655517578125 s, bpg: (375, 375), tpb: (8, 8)]
[time a4lb4l: 0.051695823669433594 s, bpg: (375, 375, 4), tpb: (8, 8)]
[time sub: 0.0007793903350830078 s, bpg: (1500, 375), tpb: (8, 8)]
[time c: 0.015666961669921875 s, bpg: 70313, tpb: 512]
QMATMUL_ALGO_NUMBA_CUDA_FLOAT32 DONE. [time: 0.14209461212158203 s]
APPROACH 6: QMATMUL_ALGO_NUMBA_CUDA DONE. [time: 0.14646625518798828 s, all close: True, d_inf: 0.125, speed-up vs reference: 2.97]
REPETITION: 2/3:
APPROACH 1: QMATMUL_NAIVE_NUMBA_ST OFF.
APPROACH 2: QMATMUL_NAIVE_NUMBA_PARALLEL OFF.
APPROACH 3: QMATMUL_DIRECT_NUMPY OFF.
APPROACH 4: QMATMUL_ALGO_NUMPY OFF.
APPROACH 5: QMATMUL_DIRECT_NUMBA_CUDA...
APPROACH 5: QMATMUL_DIRECT_NUMBA_CUDA DONE. [time: 0.43823671340942383 s, all close: True, d_inf: 0.0, speed-up vs reference: 0.99]
APPROACH 6: QMATMUL_ALGO_NUMBA_CUDA...
QMATMUL_ALGO_NUMBA_CUDA_FLOAT32...
[time stacks: 0.02243781089782715 s, tpb: 512]
[time h4s: 0.0004949569702148438 s, tpb: (8, 8)]
[time d4: 0.050881385803222656 s, bpg: (375, 375, 4), tpb: (8, 8)]
[time h4d4: 0.00027060508728027344 s, bpg: (375, 375), tpb: (8, 8)]
[time a4lb4l: 0.05165433883666992 s, bpg: (375, 375, 4), tpb: (8, 8)]
[time sub: 0.0008006095886230469 s, bpg: (1500, 375), tpb: (8, 8)]
[time c: 0.015780210494995117 s, bpg: 70313, tpb: 512]
QMATMUL_ALGO_NUMBA_CUDA_FLOAT32 DONE. [time: 0.1425008773803711 s]
APPROACH 6: QMATMUL_ALGO_NUMBA_CUDA DONE. [time: 0.14710664749145508 s, all close: True, d_inf: 0.125, speed-up vs reference: 2.95]
REPETITION: 3/3:
APPROACH 1: QMATMUL_NAIVE_NUMBA_ST OFF.
APPROACH 2: QMATMUL_NAIVE_NUMBA_PARALLEL OFF.
APPROACH 3: QMATMUL_DIRECT_NUMPY OFF.
APPROACH 4: QMATMUL_ALGO_NUMPY OFF.
APPROACH 5: QMATMUL_DIRECT_NUMBA_CUDA...
APPROACH 5: QMATMUL_DIRECT_NUMBA_CUDA DONE. [time: 0.4355320930480957 s, all close: True, d_inf: 0.0, speed-up vs reference: 1.00]
APPROACH 6: QMATMUL_ALGO_NUMBA_CUDA...
QMATMUL_ALGO_NUMBA_CUDA_FLOAT32...
[time stacks: 0.022359132766723633 s, tpb: 512]
[time h4s: 0.0005087852478027344 s, tpb: (8, 8)]
[time d4: 0.05085301399230957 s, bpg: (375, 375, 4), tpb: (8, 8)]
[time h4d4: 0.00028061866760253906 s, bpg: (375, 375), tpb: (8, 8)]
[time a4lb4l: 0.05167746543884277 s, bpg: (375, 375, 4), tpb: (8, 8)]
[time sub: 0.0007889270782470703 s, bpg: (1500, 375), tpb: (8, 8)]
[time c: 0.015476465225219727 s, bpg: 70313, tpb: 512]
QMATMUL_ALGO_NUMBA_CUDA_FLOAT32 DONE. [time: 0.14212679862976074 s]
APPROACH 6: QMATMUL_ALGO_NUMBA_CUDA DONE. [time: 0.14674735069274902 s, all close: True, d_inf: 0.125, speed-up vs reference: 2.96]
================================================================================================================================================================================================================
SUMMARY:
APPROACH 1: QMATMUL_NAIVE_NUMBA_ST OFF.
APPROACH 2: QMATMUL_NAIVE_NUMBA_PARALLEL OFF.
APPROACH 3: QMATMUL_DIRECT_NUMPY OFF.
APPROACH 4: QMATMUL_ALGO_NUMPY OFF.
APPROACH 5: QMATMUL_DIRECT_NUMBA_CUDA (REFERENCE) -> MEAN TIME: 0.43614951769510907, STD: 0.0015163361692876601, SPEED-UP: 1.00
APPROACH 6: QMATMUL_ALGO_NUMBA_CUDA -> MEAN TIME: 0.1467734177907308, STD: 0.00026208802056150394, SPEED-UP: 2.97
================================================================================================================================================================================================================
QUATERNIONS MAIN DONE. [time: 3.900341749191284 s]
