QUATERNIONS MAIN...
HASH STRING: 2670655784_20683_203_[2000;2000;2000;10;float64;3;TTTTTT]
================================================================================================================================================================================================================
EXPERIMENT INFO:
{
  M: 2000,
  N: 2000,
  P: 2000,
  SEED: 0,
  RANGE: 10,
  DTYPE: <class 'numpy.float64'>,
  REPETITIONS: 3,
  NUMPY_SINGLE_THREAD: True,
  QMATMUL_NAIVE_NUMBA_ST: (True, 'qmatmul_naive_numba_st_float64'),
  QMATMUL_NAIVE_NUMBA_PARALLEL: (True, 'qmatmul_naive_numba_parallel_float64'),
  QMATMUL_DIRECT_NUMPY: (True, 'qmatmul_direct_numpy'),
  QMATMUL_ALGO_NUMPY: (True, 'qmatmul_algo_numpy'),
  QMATMUL_DIRECT_NUMBA_CUDA: (True, 'qmatmul_direct_numba_cuda_float64'),
  QMATMUL_ALGO_NUMBA_CUDA: (True, 'qmatmul_algo_numba_cuda_float64')
}
================================================================================================================================================================================================================
CPU AND SYSTEM PROPS:
{
  cpu_name: Intel(R) Core(TM) i7-10700 CPU @ 2.90GHz,
  ram_size: 125.7 GB,
  os_name: Linux 6.8.0-63-generic,
  os_version: #66-Ubuntu SMP PREEMPT_DYNAMIC Fri Jun 13 20:25:30 UTC 2025,
  os_machine: x86_64
}
GPU PROPS:
{
  name: NVIDIA GeForce RTX 3090,
  max_threads_per_block: 1024,
  max_block_dim_x: 1024,
  max_block_dim_y: 1024,
  max_block_dim_z: 64,
  max_grid_dim_x: 2147483647,
  max_grid_dim_y: 65535,
  max_grid_dim_z: 65535,
  max_shared_memory_per_block: 49152,
  async_engine_count: 2,
  can_map_host_memory: 1,
  multiprocessor_count: 82,
  warp_size: 32,
  unified_addressing: 1,
  pci_bus_id: 1,
  pci_device_id: 0,
  compute_capability: (8, 6),
  cores_per_SM: 128,
  cores_total: 10496
}
================================================================================================================================================================================================================
MEMORY INFO:
A: 122.070 MB
B: 122.070 MB
C: 122.070 MB
================================================================================================================================================================================================================
REPETITION: 1/3:
APPROACH 1: QMATMUL_NAIVE_NUMBA_ST...
APPROACH 1: QMATMUL_NAIVE_NUMBA_ST DONE. [time: 607.8021867275238 s, all close: True, d_inf: 0.0, speed-up vs reference: 1.00, reference]
APPROACH 2: QMATMUL_NAIVE_NUMBA_PARALLEL...
APPROACH 2: QMATMUL_NAIVE_NUMBA_PARALLEL DONE. [time: 55.435975313186646 s, all close: True, d_inf: 0.0, speed-up vs reference: 10.96]
APPROACH 3: QMATMUL_DIRECT_NUMPY...
APPROACH 3: QMATMUL_DIRECT_NUMPY DONE. [time: 4.088320970535278 s, all close: True, d_inf: 6.548361852765083e-11, speed-up vs reference: 148.67]
APPROACH 4: QMATMUL_ALGO_NUMPY...
APPROACH 4: QMATMUL_ALGO_NUMPY DONE. [time: 2.3941378593444824 s, all close: True, d_inf: 6.548361852765083e-11, speed-up vs reference: 253.87]
APPROACH 5: QMATMUL_DIRECT_NUMBA_CUDA...
APPROACH 5: QMATMUL_DIRECT_NUMBA_CUDA DONE. [time: 0.7815263271331787 s, all close: True, d_inf: 1.418811734765768e-10, speed-up vs reference: 777.71]
APPROACH 6: QMATMUL_ALGO_NUMBA_CUDA...
APPROACH 6: QMATMUL_ALGO_NUMBA_CUDA DONE. [time: 0.4027538299560547 s, all close: True, d_inf: 8.003553375601768e-11, speed-up vs reference: 1509.12]
REPETITION: 2/3:
APPROACH 1: QMATMUL_NAIVE_NUMBA_ST...
APPROACH 1: QMATMUL_NAIVE_NUMBA_ST DONE. [time: 607.9124710559845 s, all close: True, d_inf: 0.0, speed-up vs reference: 1.00]
APPROACH 2: QMATMUL_NAIVE_NUMBA_PARALLEL...
APPROACH 2: QMATMUL_NAIVE_NUMBA_PARALLEL DONE. [time: 55.65441012382507 s, all close: True, d_inf: 0.0, speed-up vs reference: 10.92]
APPROACH 3: QMATMUL_DIRECT_NUMPY...
APPROACH 3: QMATMUL_DIRECT_NUMPY DONE. [time: 4.084498405456543 s, all close: True, d_inf: 6.548361852765083e-11, speed-up vs reference: 148.81]
APPROACH 4: QMATMUL_ALGO_NUMPY...
APPROACH 4: QMATMUL_ALGO_NUMPY DONE. [time: 2.3935978412628174 s, all close: True, d_inf: 6.548361852765083e-11, speed-up vs reference: 253.93]
APPROACH 5: QMATMUL_DIRECT_NUMBA_CUDA...
APPROACH 5: QMATMUL_DIRECT_NUMBA_CUDA DONE. [time: 0.7998237609863281 s, all close: True, d_inf: 1.418811734765768e-10, speed-up vs reference: 759.92]
APPROACH 6: QMATMUL_ALGO_NUMBA_CUDA...
APPROACH 6: QMATMUL_ALGO_NUMBA_CUDA DONE. [time: 0.4013533592224121 s, all close: True, d_inf: 8.003553375601768e-11, speed-up vs reference: 1514.38]
REPETITION: 3/3:
APPROACH 1: QMATMUL_NAIVE_NUMBA_ST...
APPROACH 1: QMATMUL_NAIVE_NUMBA_ST DONE. [time: 607.876841545105 s, all close: True, d_inf: 0.0, speed-up vs reference: 1.00]
APPROACH 2: QMATMUL_NAIVE_NUMBA_PARALLEL...
APPROACH 2: QMATMUL_NAIVE_NUMBA_PARALLEL DONE. [time: 55.550976276397705 s, all close: True, d_inf: 0.0, speed-up vs reference: 10.94]
APPROACH 3: QMATMUL_DIRECT_NUMPY...
APPROACH 3: QMATMUL_DIRECT_NUMPY DONE. [time: 4.0852813720703125 s, all close: True, d_inf: 6.548361852765083e-11, speed-up vs reference: 148.78]
APPROACH 4: QMATMUL_ALGO_NUMPY...
APPROACH 4: QMATMUL_ALGO_NUMPY DONE. [time: 2.3937888145446777 s, all close: True, d_inf: 6.548361852765083e-11, speed-up vs reference: 253.91]
APPROACH 5: QMATMUL_DIRECT_NUMBA_CUDA...
APPROACH 5: QMATMUL_DIRECT_NUMBA_CUDA DONE. [time: 0.8012981414794922 s, all close: True, d_inf: 1.418811734765768e-10, speed-up vs reference: 758.52]
APPROACH 6: QMATMUL_ALGO_NUMBA_CUDA...
APPROACH 6: QMATMUL_ALGO_NUMBA_CUDA DONE. [time: 0.4028904438018799 s, all close: True, d_inf: 8.003553375601768e-11, speed-up vs reference: 1508.60]
================================================================================================================================================================================================================
SUMMARY:
APPROACH 1: QMATMUL_NAIVE_NUMBA_ST (REFERENCE) -> MEAN TIME: 607.8638331095377, STD: 0.04595340265193581, SPEED-UP: 1.00
APPROACH 2: QMATMUL_NAIVE_NUMBA_PARALLEL -> MEAN TIME: 55.547120571136475, STD: 0.08921730576503475, SPEED-UP: 10.94
APPROACH 3: QMATMUL_DIRECT_NUMPY -> MEAN TIME: 4.086033582687378, STD: 0.0016487099107304508, SPEED-UP: 148.77
APPROACH 4: QMATMUL_ALGO_NUMPY -> MEAN TIME: 2.393841505050659, STD: 0.0002235875655408603, SPEED-UP: 253.93
APPROACH 5: QMATMUL_DIRECT_NUMBA_CUDA -> MEAN TIME: 0.7942160765329996, STD: 0.008993173497431188, SPEED-UP: 765.36
APPROACH 6: QMATMUL_ALGO_NUMBA_CUDA -> MEAN TIME: 0.4023325443267822, STD: 0.0006946310469993048, SPEED-UP: 1510.85
================================================================================================================================================================================================================
QUATERNIONS MAIN DONE. [time: 2016.967869758606 s]
