QUATERNIONS MAIN...
HASH STRING: 2778431244_46862_044_[100;300;200;10;float32;10;TTTTTT]
================================================================================================================================================================================================================
EXPERIMENT INFO:
{
  M: 100,
  N: 300,
  P: 200,
  SEED: 0,
  RANGE: 10,
  DTYPE: <class 'numpy.float32'>,
  REPETITIONS: 10,
  NUMPY_SINGLE_THREAD: True,
  QMATMUL_NAIVE_NUMBA_ST: (True, 'qmatmul_naive_numba_st_float32'),
  QMATMUL_NAIVE_NUMBA_PARALLEL: (True, 'qmatmul_naive_numba_parallel_float32'),
  QMATMUL_DIRECT_NUMPY: (True, 'qmatmul_direct_numpy'),
  QMATMUL_ALGO_NUMPY: (True, 'qmatmul_algo_numpy'),
  QMATMUL_DIRECT_NUMBA_CUDA: (True, 'qmatmul_direct_numba_cuda_float32'),
  QMATMUL_ALGO_NUMBA_CUDA: (True, 'qmatmul_algo_numba_cuda_float32')
}
================================================================================================================================================================================================================
CPU AND SYSTEM PROPS:
{
  cpu_name: Intel(R) Core(TM) i7-10700 CPU @ 2.90GHz,
  ram_size: 125.7 GB,
  os_name: Linux 6.8.0-71-generic,
  os_version: #71-Ubuntu SMP PREEMPT_DYNAMIC Tue Jul 22 16:52:38 UTC 2025,
  os_machine: x86_64
}
GPU PROPS:
{
  name: NVIDIA GeForce RTX 3090,
  max_threads_per_block: 1024,
  max_block_dim_x: 1024,
  max_block_dim_y: 1024,
  max_block_dim_z: 64,
  max_grid_dim_x: 2147483647,
  max_grid_dim_y: 65535,
  max_grid_dim_z: 65535,
  max_shared_memory_per_block: 49152,
  async_engine_count: 2,
  can_map_host_memory: 1,
  multiprocessor_count: 82,
  warp_size: 32,
  unified_addressing: 1,
  pci_bus_id: 1,
  pci_device_id: 0,
  compute_capability: (8, 6),
  cores_per_SM: 128,
  cores_total: 10496
}
================================================================================================================================================================================================================
MEMORY INFO:
A: 0.458 MB
B: 0.916 MB
C: 0.305 MB
================================================================================================================================================================================================================
REPETITION: 1/10:
APPROACH 1: QMATMUL_NAIVE_NUMBA_ST...
APPROACH 1: QMATMUL_NAIVE_NUMBA_ST DONE. [time: 0.44715189933776855 s, all close: True, d_inf: 0.0, speed-up vs reference: 1.00, reference]
APPROACH 2: QMATMUL_NAIVE_NUMBA_PARALLEL...
APPROACH 2: QMATMUL_NAIVE_NUMBA_PARALLEL DONE. [time: 0.04073214530944824 s, all close: True, d_inf: 0.0, speed-up vs reference: 10.98]
APPROACH 3: QMATMUL_DIRECT_NUMPY...
APPROACH 3: QMATMUL_DIRECT_NUMPY DONE. [time: 0.002608776092529297 s, all close: True, d_inf: 0.0048828125, speed-up vs reference: 171.40]
APPROACH 4: QMATMUL_ALGO_NUMPY...
APPROACH 4: QMATMUL_ALGO_NUMPY DONE. [time: 0.002178192138671875 s, all close: True, d_inf: 0.0045166015625, speed-up vs reference: 205.29]
APPROACH 5: QMATMUL_DIRECT_NUMBA_CUDA...
APPROACH 5: QMATMUL_DIRECT_NUMBA_CUDA DONE. [time: 0.001995563507080078 s, all close: True, d_inf: 0.0078125, speed-up vs reference: 224.07]
APPROACH 6: QMATMUL_ALGO_NUMBA_CUDA...
APPROACH 6: QMATMUL_ALGO_NUMBA_CUDA DONE. [time: 0.002953767776489258 s, all close: True, d_inf: 0.0045166015625, speed-up vs reference: 151.38]
REPETITION: 2/10:
APPROACH 1: QMATMUL_NAIVE_NUMBA_ST...
APPROACH 1: QMATMUL_NAIVE_NUMBA_ST DONE. [time: 0.4471170902252197 s, all close: True, d_inf: 0.0, speed-up vs reference: 1.00]
APPROACH 2: QMATMUL_NAIVE_NUMBA_PARALLEL...
APPROACH 2: QMATMUL_NAIVE_NUMBA_PARALLEL DONE. [time: 0.05235600471496582 s, all close: True, d_inf: 0.0, speed-up vs reference: 8.54]
APPROACH 3: QMATMUL_DIRECT_NUMPY...
APPROACH 3: QMATMUL_DIRECT_NUMPY DONE. [time: 0.0024957656860351562 s, all close: True, d_inf: 0.0048828125, speed-up vs reference: 179.16]
APPROACH 4: QMATMUL_ALGO_NUMPY...
APPROACH 4: QMATMUL_ALGO_NUMPY DONE. [time: 0.0023031234741210938 s, all close: True, d_inf: 0.0045166015625, speed-up vs reference: 194.15]
APPROACH 5: QMATMUL_DIRECT_NUMBA_CUDA...
APPROACH 5: QMATMUL_DIRECT_NUMBA_CUDA DONE. [time: 0.0016210079193115234 s, all close: True, d_inf: 0.0078125, speed-up vs reference: 275.85]
APPROACH 6: QMATMUL_ALGO_NUMBA_CUDA...
APPROACH 6: QMATMUL_ALGO_NUMBA_CUDA DONE. [time: 0.0026535987854003906 s, all close: True, d_inf: 0.0045166015625, speed-up vs reference: 168.51]
REPETITION: 3/10:
APPROACH 1: QMATMUL_NAIVE_NUMBA_ST...
APPROACH 1: QMATMUL_NAIVE_NUMBA_ST DONE. [time: 0.44816112518310547 s, all close: True, d_inf: 0.0, speed-up vs reference: 1.00]
APPROACH 2: QMATMUL_NAIVE_NUMBA_PARALLEL...
APPROACH 2: QMATMUL_NAIVE_NUMBA_PARALLEL DONE. [time: 0.03417825698852539 s, all close: True, d_inf: 0.0, speed-up vs reference: 13.08]
APPROACH 3: QMATMUL_DIRECT_NUMPY...
APPROACH 3: QMATMUL_DIRECT_NUMPY DONE. [time: 0.0024576187133789062 s, all close: True, d_inf: 0.0048828125, speed-up vs reference: 181.95]
APPROACH 4: QMATMUL_ALGO_NUMPY...
APPROACH 4: QMATMUL_ALGO_NUMPY DONE. [time: 0.0021774768829345703 s, all close: True, d_inf: 0.0045166015625, speed-up vs reference: 205.35]
APPROACH 5: QMATMUL_DIRECT_NUMBA_CUDA...
APPROACH 5: QMATMUL_DIRECT_NUMBA_CUDA DONE. [time: 0.0016963481903076172 s, all close: True, d_inf: 0.0078125, speed-up vs reference: 263.60]
APPROACH 6: QMATMUL_ALGO_NUMBA_CUDA...
APPROACH 6: QMATMUL_ALGO_NUMBA_CUDA DONE. [time: 0.002543210983276367 s, all close: True, d_inf: 0.0045166015625, speed-up vs reference: 175.82]
REPETITION: 4/10:
APPROACH 1: QMATMUL_NAIVE_NUMBA_ST...
APPROACH 1: QMATMUL_NAIVE_NUMBA_ST DONE. [time: 0.4483368396759033 s, all close: True, d_inf: 0.0, speed-up vs reference: 1.00]
APPROACH 2: QMATMUL_NAIVE_NUMBA_PARALLEL...
APPROACH 2: QMATMUL_NAIVE_NUMBA_PARALLEL DONE. [time: 0.03520035743713379 s, all close: True, d_inf: 0.0, speed-up vs reference: 12.70]
APPROACH 3: QMATMUL_DIRECT_NUMPY...
APPROACH 3: QMATMUL_DIRECT_NUMPY DONE. [time: 0.0025615692138671875 s, all close: True, d_inf: 0.0048828125, speed-up vs reference: 174.56]
APPROACH 4: QMATMUL_ALGO_NUMPY...
APPROACH 4: QMATMUL_ALGO_NUMPY DONE. [time: 0.0022957324981689453 s, all close: True, d_inf: 0.0045166015625, speed-up vs reference: 194.78]
APPROACH 5: QMATMUL_DIRECT_NUMBA_CUDA...
APPROACH 5: QMATMUL_DIRECT_NUMBA_CUDA DONE. [time: 0.0016939640045166016 s, all close: True, d_inf: 0.0078125, speed-up vs reference: 263.97]
APPROACH 6: QMATMUL_ALGO_NUMBA_CUDA...
APPROACH 6: QMATMUL_ALGO_NUMBA_CUDA DONE. [time: 0.002727031707763672 s, all close: True, d_inf: 0.0045166015625, speed-up vs reference: 163.97]
REPETITION: 5/10:
APPROACH 1: QMATMUL_NAIVE_NUMBA_ST...
APPROACH 1: QMATMUL_NAIVE_NUMBA_ST DONE. [time: 0.4482853412628174 s, all close: True, d_inf: 0.0, speed-up vs reference: 1.00]
APPROACH 2: QMATMUL_NAIVE_NUMBA_PARALLEL...
APPROACH 2: QMATMUL_NAIVE_NUMBA_PARALLEL DONE. [time: 0.03420901298522949 s, all close: True, d_inf: 0.0, speed-up vs reference: 13.07]
APPROACH 3: QMATMUL_DIRECT_NUMPY...
APPROACH 3: QMATMUL_DIRECT_NUMPY DONE. [time: 0.00246429443359375 s, all close: True, d_inf: 0.0048828125, speed-up vs reference: 181.45]
APPROACH 4: QMATMUL_ALGO_NUMPY...
APPROACH 4: QMATMUL_ALGO_NUMPY DONE. [time: 0.0021800994873046875 s, all close: True, d_inf: 0.0045166015625, speed-up vs reference: 205.11]
APPROACH 5: QMATMUL_DIRECT_NUMBA_CUDA...
APPROACH 5: QMATMUL_DIRECT_NUMBA_CUDA DONE. [time: 0.0015645027160644531 s, all close: True, d_inf: 0.0078125, speed-up vs reference: 285.81]
APPROACH 6: QMATMUL_ALGO_NUMBA_CUDA...
APPROACH 6: QMATMUL_ALGO_NUMBA_CUDA DONE. [time: 0.0023627281188964844 s, all close: True, d_inf: 0.0045166015625, speed-up vs reference: 189.25]
REPETITION: 6/10:
APPROACH 1: QMATMUL_NAIVE_NUMBA_ST...
APPROACH 1: QMATMUL_NAIVE_NUMBA_ST DONE. [time: 0.4482700824737549 s, all close: True, d_inf: 0.0, speed-up vs reference: 1.00]
APPROACH 2: QMATMUL_NAIVE_NUMBA_PARALLEL...
APPROACH 2: QMATMUL_NAIVE_NUMBA_PARALLEL DONE. [time: 0.0341794490814209 s, all close: True, d_inf: 0.0, speed-up vs reference: 13.08]
APPROACH 3: QMATMUL_DIRECT_NUMPY...
APPROACH 3: QMATMUL_DIRECT_NUMPY DONE. [time: 0.0024471282958984375 s, all close: True, d_inf: 0.0048828125, speed-up vs reference: 182.73]
APPROACH 4: QMATMUL_ALGO_NUMPY...
APPROACH 4: QMATMUL_ALGO_NUMPY DONE. [time: 0.002173900604248047 s, all close: True, d_inf: 0.0045166015625, speed-up vs reference: 205.69]
APPROACH 5: QMATMUL_DIRECT_NUMBA_CUDA...
APPROACH 5: QMATMUL_DIRECT_NUMBA_CUDA DONE. [time: 0.0016448497772216797 s, all close: True, d_inf: 0.0078125, speed-up vs reference: 271.85]
APPROACH 6: QMATMUL_ALGO_NUMBA_CUDA...
APPROACH 6: QMATMUL_ALGO_NUMBA_CUDA DONE. [time: 0.002377748489379883 s, all close: True, d_inf: 0.0045166015625, speed-up vs reference: 188.06]
REPETITION: 7/10:
APPROACH 1: QMATMUL_NAIVE_NUMBA_ST...
APPROACH 1: QMATMUL_NAIVE_NUMBA_ST DONE. [time: 0.44835948944091797 s, all close: True, d_inf: 0.0, speed-up vs reference: 1.00]
APPROACH 2: QMATMUL_NAIVE_NUMBA_PARALLEL...
APPROACH 2: QMATMUL_NAIVE_NUMBA_PARALLEL DONE. [time: 0.03679084777832031 s, all close: True, d_inf: 0.0, speed-up vs reference: 12.15]
APPROACH 3: QMATMUL_DIRECT_NUMPY...
APPROACH 3: QMATMUL_DIRECT_NUMPY DONE. [time: 0.002508878707885742 s, all close: True, d_inf: 0.0048828125, speed-up vs reference: 178.23]
APPROACH 4: QMATMUL_ALGO_NUMPY...
APPROACH 4: QMATMUL_ALGO_NUMPY DONE. [time: 0.0022766590118408203 s, all close: True, d_inf: 0.0045166015625, speed-up vs reference: 196.41]
APPROACH 5: QMATMUL_DIRECT_NUMBA_CUDA...
APPROACH 5: QMATMUL_DIRECT_NUMBA_CUDA DONE. [time: 0.0018668174743652344 s, all close: True, d_inf: 0.0078125, speed-up vs reference: 239.53]
APPROACH 6: QMATMUL_ALGO_NUMBA_CUDA...
APPROACH 6: QMATMUL_ALGO_NUMBA_CUDA DONE. [time: 0.0025551319122314453 s, all close: True, d_inf: 0.0045166015625, speed-up vs reference: 175.00]
REPETITION: 8/10:
APPROACH 1: QMATMUL_NAIVE_NUMBA_ST...
APPROACH 1: QMATMUL_NAIVE_NUMBA_ST DONE. [time: 0.4481773376464844 s, all close: True, d_inf: 0.0, speed-up vs reference: 1.00]
APPROACH 2: QMATMUL_NAIVE_NUMBA_PARALLEL...
APPROACH 2: QMATMUL_NAIVE_NUMBA_PARALLEL DONE. [time: 0.03416109085083008 s, all close: True, d_inf: 0.0, speed-up vs reference: 13.09]
APPROACH 3: QMATMUL_DIRECT_NUMPY...
APPROACH 3: QMATMUL_DIRECT_NUMPY DONE. [time: 0.0024580955505371094 s, all close: True, d_inf: 0.0048828125, speed-up vs reference: 181.91]
APPROACH 4: QMATMUL_ALGO_NUMPY...
APPROACH 4: QMATMUL_ALGO_NUMPY DONE. [time: 0.002179384231567383 s, all close: True, d_inf: 0.0045166015625, speed-up vs reference: 205.17]
APPROACH 5: QMATMUL_DIRECT_NUMBA_CUDA...
APPROACH 5: QMATMUL_DIRECT_NUMBA_CUDA DONE. [time: 0.0014116764068603516 s, all close: True, d_inf: 0.0078125, speed-up vs reference: 316.75]
APPROACH 6: QMATMUL_ALGO_NUMBA_CUDA...
APPROACH 6: QMATMUL_ALGO_NUMBA_CUDA DONE. [time: 0.002704620361328125 s, all close: True, d_inf: 0.0045166015625, speed-up vs reference: 165.33]
REPETITION: 9/10:
APPROACH 1: QMATMUL_NAIVE_NUMBA_ST...
APPROACH 1: QMATMUL_NAIVE_NUMBA_ST DONE. [time: 0.44831037521362305 s, all close: True, d_inf: 0.0, speed-up vs reference: 1.00]
APPROACH 2: QMATMUL_NAIVE_NUMBA_PARALLEL...
APPROACH 2: QMATMUL_NAIVE_NUMBA_PARALLEL DONE. [time: 0.03421473503112793 s, all close: True, d_inf: 0.0, speed-up vs reference: 13.07]
APPROACH 3: QMATMUL_DIRECT_NUMPY...
APPROACH 3: QMATMUL_DIRECT_NUMPY DONE. [time: 0.0024614334106445312 s, all close: True, d_inf: 0.0048828125, speed-up vs reference: 181.66]
APPROACH 4: QMATMUL_ALGO_NUMPY...
APPROACH 4: QMATMUL_ALGO_NUMPY DONE. [time: 0.002193927764892578 s, all close: True, d_inf: 0.0045166015625, speed-up vs reference: 203.81]
APPROACH 5: QMATMUL_DIRECT_NUMBA_CUDA...
APPROACH 5: QMATMUL_DIRECT_NUMBA_CUDA DONE. [time: 0.0014803409576416016 s, all close: True, d_inf: 0.0078125, speed-up vs reference: 302.06]
APPROACH 6: QMATMUL_ALGO_NUMBA_CUDA...
APPROACH 6: QMATMUL_ALGO_NUMBA_CUDA DONE. [time: 0.002735614776611328 s, all close: True, d_inf: 0.0045166015625, speed-up vs reference: 163.46]
REPETITION: 10/10:
APPROACH 1: QMATMUL_NAIVE_NUMBA_ST...
APPROACH 1: QMATMUL_NAIVE_NUMBA_ST DONE. [time: 0.44830965995788574 s, all close: True, d_inf: 0.0, speed-up vs reference: 1.00]
APPROACH 2: QMATMUL_NAIVE_NUMBA_PARALLEL...
APPROACH 2: QMATMUL_NAIVE_NUMBA_PARALLEL DONE. [time: 0.03422427177429199 s, all close: True, d_inf: 0.0, speed-up vs reference: 13.07]
APPROACH 3: QMATMUL_DIRECT_NUMPY...
APPROACH 3: QMATMUL_DIRECT_NUMPY DONE. [time: 0.0024597644805908203 s, all close: True, d_inf: 0.0048828125, speed-up vs reference: 181.79]
APPROACH 4: QMATMUL_ALGO_NUMPY...
APPROACH 4: QMATMUL_ALGO_NUMPY DONE. [time: 0.0021681785583496094 s, all close: True, d_inf: 0.0045166015625, speed-up vs reference: 206.23]
APPROACH 5: QMATMUL_DIRECT_NUMBA_CUDA...
APPROACH 5: QMATMUL_DIRECT_NUMBA_CUDA DONE. [time: 0.0014538764953613281 s, all close: True, d_inf: 0.0078125, speed-up vs reference: 307.56]
APPROACH 6: QMATMUL_ALGO_NUMBA_CUDA...
APPROACH 6: QMATMUL_ALGO_NUMBA_CUDA DONE. [time: 0.0028929710388183594 s, all close: True, d_inf: 0.0045166015625, speed-up vs reference: 154.56]
================================================================================================================================================================================================================
SUMMARY:
APPROACH 1: QMATMUL_NAIVE_NUMBA_ST (REFERENCE) -> MEAN TIME: 0.44804792404174804, STD: 0.0004607089209507416, SPEED-UP: 1.00
APPROACH 2: QMATMUL_NAIVE_NUMBA_PARALLEL -> MEAN TIME: 0.037024617195129395, STD: 0.005479427983563808, SPEED-UP: 12.10
APPROACH 3: QMATMUL_DIRECT_NUMPY -> MEAN TIME: 0.002492332458496094, STD: 5.0853313645797935e-05, SPEED-UP: 179.77
APPROACH 4: QMATMUL_ALGO_NUMPY -> MEAN TIME: 0.002212667465209961, STD: 5.254111537320634e-05, SPEED-UP: 202.49
APPROACH 5: QMATMUL_DIRECT_NUMBA_CUDA -> MEAN TIME: 0.001642894744873047, STD: 0.000173845823193922, SPEED-UP: 272.72
APPROACH 6: QMATMUL_ALGO_NUMBA_CUDA -> MEAN TIME: 0.0026506423950195313, STD: 0.00018563826033568843, SPEED-UP: 169.03
================================================================================================================================================================================================================
QUATERNIONS MAIN DONE. [time: 6.037642955780029 s]
