QUATERNIONS MAIN...
HASH STRING: 2842412632_43065_901_[3000;3500;4000;10;float32;3;FFFTTT]
================================================================================================================================================================================================================
EXPERIMENT INFO:
{
  M: 3000,
  N: 3500,
  P: 4000,
  SEED: 0,
  RANGE: 10,
  DTYPE: <class 'numpy.float32'>,
  REPETITIONS: 3,
  NUMPY_SINGLE_THREAD: True,
  QMATMUL_NAIVE_NUMBA_ST: (False, 'qmatmul_naive_numba_st_float32'),
  QMATMUL_NAIVE_NUMBA_PARALLEL: (False, 'qmatmul_naive_numba_parallel_float32'),
  QMATMUL_DIRECT_NUMPY: (False, 'qmatmul_direct_numpy'),
  QMATMUL_ALGO_NUMPY: (True, 'qmatmul_algo_numpy'),
  QMATMUL_DIRECT_NUMBA_CUDA: (True, 'qmatmul_direct_numba_cuda_float32'),
  QMATMUL_ALGO_NUMBA_CUDA: (True, 'qmatmul_algo_numba_cuda_float32_PAPER')
}
================================================================================================================================================================================================================
CPU AND SYSTEM PROPS:
{
  cpu_name: AMD Ryzen 9 9950X 16-Core Processor,
  ram_size: 123.4 GB,
  os_name: Linux 6.14.0-37-generic,
  os_version: #37~24.04.1-Ubuntu SMP PREEMPT_DYNAMIC Thu Nov 20 10:25:38 UTC 2,
  os_machine: x86_64
}
GPU PROPS:
{
  name: NVIDIA GeForce RTX 5090,
  max_threads_per_block: 1024,
  max_block_dim_x: 1024,
  max_block_dim_y: 1024,
  max_block_dim_z: 64,
  max_grid_dim_x: 2147483647,
  max_grid_dim_y: 65535,
  max_grid_dim_z: 65535,
  max_shared_memory_per_block: 49152,
  async_engine_count: 2,
  can_map_host_memory: 1,
  multiprocessor_count: 170,
  warp_size: 32,
  unified_addressing: 1,
  pci_bus_id: 1,
  pci_device_id: 0,
  compute_capability: ComputeCapability(major=12, minor=0),
  cores_per_SM: 128,
  cores_total: 21760
}
================================================================================================================================================================================================================
MEMORY INFO:
A: 160.217 MB
B: 213.623 MB
C: 183.105 MB
================================================================================================================================================================================================================
REPETITION: 1/3:
APPROACH 1: QMATMUL_NAIVE_NUMBA_ST OFF.
APPROACH 2: QMATMUL_NAIVE_NUMBA_PARALLEL OFF.
APPROACH 3: QMATMUL_DIRECT_NUMPY OFF.
APPROACH 4: QMATMUL_ALGO_NUMPY...
APPROACH 4: QMATMUL_ALGO_NUMPY DONE. [time: 2.6145501136779785 s, all close: True, d_inf: 0.0, speed-up vs reference: 1.00, reference]
APPROACH 5: QMATMUL_DIRECT_NUMBA_CUDA...
APPROACH 5: QMATMUL_DIRECT_NUMBA_CUDA DONE. [time: 0.6924324035644531 s, all close: True, d_inf: 0.123046875, speed-up vs reference: 3.78]
APPROACH 6: QMATMUL_ALGO_NUMBA_CUDA...
QMATMUL_ALGO_NUMBA_CUDA_FLOAT32...
[time stacks: 0.030223846435546875 s, tpb: 512]
[time h4s: 0.0011663436889648438 s, tpb: (8, 8)]
[time d4: 0.07837772369384766 s, bpg: (375, 500, 4), tpb: (8, 8)]
[time h4d4: 0.0005583763122558594 s, bpg: (375, 500), tpb: (8, 8)]
[time a4lb4l: 0.07980608940124512 s, bpg: (375, 500, 4), tpb: (8, 8)]
[time sub: 0.0011103153228759766 s, bpg: (1500, 500), tpb: (8, 8)]
[time c: 0.0211637020111084 s, bpg: 93750, tpb: 512]
QMATMUL_ALGO_NUMBA_CUDA_FLOAT32 DONE. [time: 0.2125871181488037 s]
APPROACH 6: QMATMUL_ALGO_NUMBA_CUDA DONE. [time: 0.21853184700012207 s, all close: True, d_inf: 0.0654296875, speed-up vs reference: 11.96]
REPETITION: 2/3:
APPROACH 1: QMATMUL_NAIVE_NUMBA_ST OFF.
APPROACH 2: QMATMUL_NAIVE_NUMBA_PARALLEL OFF.
APPROACH 3: QMATMUL_DIRECT_NUMPY OFF.
APPROACH 4: QMATMUL_ALGO_NUMPY...
APPROACH 4: QMATMUL_ALGO_NUMPY DONE. [time: 2.611126661300659 s, all close: True, d_inf: 0.0, speed-up vs reference: 1.00]
APPROACH 5: QMATMUL_DIRECT_NUMBA_CUDA...
APPROACH 5: QMATMUL_DIRECT_NUMBA_CUDA DONE. [time: 0.6942379474639893 s, all close: True, d_inf: 0.123046875, speed-up vs reference: 3.77]
APPROACH 6: QMATMUL_ALGO_NUMBA_CUDA...
QMATMUL_ALGO_NUMBA_CUDA_FLOAT32...
[time stacks: 0.029992341995239258 s, tpb: 512]
[time h4s: 0.0010800361633300781 s, tpb: (8, 8)]
[time d4: 0.07846307754516602 s, bpg: (375, 500, 4), tpb: (8, 8)]
[time h4d4: 0.0005307197570800781 s, bpg: (375, 500), tpb: (8, 8)]
[time a4lb4l: 0.0799248218536377 s, bpg: (375, 500, 4), tpb: (8, 8)]
[time sub: 0.0012884140014648438 s, bpg: (1500, 500), tpb: (8, 8)]
[time c: 0.021191835403442383 s, bpg: 93750, tpb: 512]
QMATMUL_ALGO_NUMBA_CUDA_FLOAT32 DONE. [time: 0.21265339851379395 s]
APPROACH 6: QMATMUL_ALGO_NUMBA_CUDA DONE. [time: 0.21857047080993652 s, all close: True, d_inf: 0.0654296875, speed-up vs reference: 11.96]
REPETITION: 3/3:
APPROACH 1: QMATMUL_NAIVE_NUMBA_ST OFF.
APPROACH 2: QMATMUL_NAIVE_NUMBA_PARALLEL OFF.
APPROACH 3: QMATMUL_DIRECT_NUMPY OFF.
APPROACH 4: QMATMUL_ALGO_NUMPY...
APPROACH 4: QMATMUL_ALGO_NUMPY DONE. [time: 2.615102529525757 s, all close: True, d_inf: 0.0, speed-up vs reference: 1.00]
APPROACH 5: QMATMUL_DIRECT_NUMBA_CUDA...
APPROACH 5: QMATMUL_DIRECT_NUMBA_CUDA DONE. [time: 0.6947484016418457 s, all close: True, d_inf: 0.123046875, speed-up vs reference: 3.76]
APPROACH 6: QMATMUL_ALGO_NUMBA_CUDA...
QMATMUL_ALGO_NUMBA_CUDA_FLOAT32...
[time stacks: 0.0298764705657959 s, tpb: 512]
[time h4s: 0.0011408329010009766 s, tpb: (8, 8)]
[time d4: 0.0788564682006836 s, bpg: (375, 500, 4), tpb: (8, 8)]
[time h4d4: 0.0005624294281005859 s, bpg: (375, 500), tpb: (8, 8)]
[time a4lb4l: 0.07998371124267578 s, bpg: (375, 500, 4), tpb: (8, 8)]
[time sub: 0.0010542869567871094 s, bpg: (1500, 500), tpb: (8, 8)]
[time c: 0.021246910095214844 s, bpg: 93750, tpb: 512]
QMATMUL_ALGO_NUMBA_CUDA_FLOAT32 DONE. [time: 0.21287918090820312 s]
APPROACH 6: QMATMUL_ALGO_NUMBA_CUDA DONE. [time: 0.21868038177490234 s, all close: True, d_inf: 0.0654296875, speed-up vs reference: 11.96]
================================================================================================================================================================================================================
SUMMARY:
APPROACH 1: QMATMUL_NAIVE_NUMBA_ST OFF.
APPROACH 2: QMATMUL_NAIVE_NUMBA_PARALLEL OFF.
APPROACH 3: QMATMUL_DIRECT_NUMPY OFF.
APPROACH 4: QMATMUL_ALGO_NUMPY (REFERENCE) -> MEAN TIME: 2.613593101501465, STD: 0.001758557413588739, SPEED-UP: 1.00
APPROACH 5: QMATMUL_DIRECT_NUMBA_CUDA -> MEAN TIME: 0.6938062508900961, STD: 0.0009935569846280898, SPEED-UP: 3.77
APPROACH 6: QMATMUL_ALGO_NUMBA_CUDA -> MEAN TIME: 0.21859423319498697, STD: 6.292393840832082e-05, SPEED-UP: 11.96
================================================================================================================================================================================================================
QUATERNIONS MAIN DONE. [time: 13.601685285568237 s]
