QUATERNIONS MAIN...
HASH STRING: 3070077711_04016_901_[1000;3000;2000;10;float32;3;FFFTTT]
================================================================================================================================================================================================================
EXPERIMENT INFO:
{
  M: 1000,
  N: 3000,
  P: 2000,
  SEED: 0,
  RANGE: 10,
  DTYPE: <class 'numpy.float32'>,
  REPETITIONS: 3,
  NUMPY_SINGLE_THREAD: True,
  QMATMUL_NAIVE_NUMBA_ST: (False, 'qmatmul_naive_numba_st_float32'),
  QMATMUL_NAIVE_NUMBA_PARALLEL: (False, 'qmatmul_naive_numba_parallel_float32'),
  QMATMUL_DIRECT_NUMPY: (False, 'qmatmul_direct_numpy'),
  QMATMUL_ALGO_NUMPY: (True, 'qmatmul_algo_numpy'),
  QMATMUL_DIRECT_NUMBA_CUDA: (True, 'qmatmul_direct_numba_cuda_float32'),
  QMATMUL_ALGO_NUMBA_CUDA: (True, 'qmatmul_algo_numba_cuda_float32_PAPER')
}
================================================================================================================================================================================================================
CPU AND SYSTEM PROPS:
{
  cpu_name: AMD Ryzen 9 9950X 16-Core Processor,
  ram_size: 123.4 GB,
  os_name: Linux 6.14.0-37-generic,
  os_version: #37~24.04.1-Ubuntu SMP PREEMPT_DYNAMIC Thu Nov 20 10:25:38 UTC 2,
  os_machine: x86_64
}
GPU PROPS:
{
  name: NVIDIA GeForce RTX 5090,
  max_threads_per_block: 1024,
  max_block_dim_x: 1024,
  max_block_dim_y: 1024,
  max_block_dim_z: 64,
  max_grid_dim_x: 2147483647,
  max_grid_dim_y: 65535,
  max_grid_dim_z: 65535,
  max_shared_memory_per_block: 49152,
  async_engine_count: 2,
  can_map_host_memory: 1,
  multiprocessor_count: 170,
  warp_size: 32,
  unified_addressing: 1,
  pci_bus_id: 1,
  pci_device_id: 0,
  compute_capability: ComputeCapability(major=12, minor=0),
  cores_per_SM: 128,
  cores_total: 21760
}
================================================================================================================================================================================================================
MEMORY INFO:
A: 45.776 MB
B: 91.553 MB
C: 30.518 MB
================================================================================================================================================================================================================
REPETITION: 1/3:
APPROACH 1: QMATMUL_NAIVE_NUMBA_ST OFF.
APPROACH 2: QMATMUL_NAIVE_NUMBA_PARALLEL OFF.
APPROACH 3: QMATMUL_DIRECT_NUMPY OFF.
APPROACH 4: QMATMUL_ALGO_NUMPY...
APPROACH 4: QMATMUL_ALGO_NUMPY DONE. [time: 0.42742371559143066 s, all close: True, d_inf: 0.0, speed-up vs reference: 1.00, reference]
APPROACH 5: QMATMUL_DIRECT_NUMBA_CUDA...
APPROACH 5: QMATMUL_DIRECT_NUMBA_CUDA DONE. [time: 0.07399821281433105 s, all close: True, d_inf: 0.08984375, speed-up vs reference: 5.78]
APPROACH 6: QMATMUL_ALGO_NUMBA_CUDA...
QMATMUL_ALGO_NUMBA_CUDA_FLOAT32...
[time stacks: 0.01222085952758789 s, tpb: 512]
[time h4s: 0.00041222572326660156 s, tpb: (8, 8)]
[time d4: 0.011654138565063477 s, bpg: (125, 250, 4), tpb: (8, 8)]
[time h4d4: 0.00012302398681640625 s, bpg: (125, 250), tpb: (8, 8)]
[time a4lb4l: 0.011387348175048828 s, bpg: (125, 250, 4), tpb: (8, 8)]
[time sub: 0.0001819133758544922 s, bpg: (500, 250), tpb: (8, 8)]
[time c: 0.002577066421508789 s, bpg: 15625, tpb: 512]
QMATMUL_ALGO_NUMBA_CUDA_FLOAT32 DONE. [time: 0.038713932037353516 s]
APPROACH 6: QMATMUL_ALGO_NUMBA_CUDA DONE. [time: 0.04082489013671875 s, all close: False, d_inf: 17886.31640625, speed-up vs reference: 10.47]
REPETITION: 2/3:
APPROACH 1: QMATMUL_NAIVE_NUMBA_ST OFF.
APPROACH 2: QMATMUL_NAIVE_NUMBA_PARALLEL OFF.
APPROACH 3: QMATMUL_DIRECT_NUMPY OFF.
APPROACH 4: QMATMUL_ALGO_NUMPY...
APPROACH 4: QMATMUL_ALGO_NUMPY DONE. [time: 0.422961950302124 s, all close: True, d_inf: 0.0, speed-up vs reference: 1.01]
APPROACH 5: QMATMUL_DIRECT_NUMBA_CUDA...
APPROACH 5: QMATMUL_DIRECT_NUMBA_CUDA DONE. [time: 0.07474350929260254 s, all close: True, d_inf: 0.08984375, speed-up vs reference: 5.72]
APPROACH 6: QMATMUL_ALGO_NUMBA_CUDA...
QMATMUL_ALGO_NUMBA_CUDA_FLOAT32...
[time stacks: 0.011773347854614258 s, tpb: 512]
[time h4s: 0.0003731250762939453 s, tpb: (8, 8)]
[time d4: 0.011602163314819336 s, bpg: (125, 250, 4), tpb: (8, 8)]
[time h4d4: 0.00011086463928222656 s, bpg: (125, 250), tpb: (8, 8)]
[time a4lb4l: 0.011343240737915039 s, bpg: (125, 250, 4), tpb: (8, 8)]
[time sub: 0.00033736228942871094 s, bpg: (500, 250), tpb: (8, 8)]
[time c: 0.0026597976684570312 s, bpg: 15625, tpb: 512]
QMATMUL_ALGO_NUMBA_CUDA_FLOAT32 DONE. [time: 0.03837704658508301 s]
APPROACH 6: QMATMUL_ALGO_NUMBA_CUDA DONE. [time: 0.04037332534790039 s, all close: False, d_inf: 17886.31640625, speed-up vs reference: 10.59]
REPETITION: 3/3:
APPROACH 1: QMATMUL_NAIVE_NUMBA_ST OFF.
APPROACH 2: QMATMUL_NAIVE_NUMBA_PARALLEL OFF.
APPROACH 3: QMATMUL_DIRECT_NUMPY OFF.
APPROACH 4: QMATMUL_ALGO_NUMPY...
APPROACH 4: QMATMUL_ALGO_NUMPY DONE. [time: 0.42293405532836914 s, all close: True, d_inf: 0.0, speed-up vs reference: 1.01]
APPROACH 5: QMATMUL_DIRECT_NUMBA_CUDA...
APPROACH 5: QMATMUL_DIRECT_NUMBA_CUDA DONE. [time: 0.0754537582397461 s, all close: True, d_inf: 0.08984375, speed-up vs reference: 5.66]
APPROACH 6: QMATMUL_ALGO_NUMBA_CUDA...
QMATMUL_ALGO_NUMBA_CUDA_FLOAT32...
[time stacks: 0.012181758880615234 s, tpb: 512]
[time h4s: 0.00041174888610839844 s, tpb: (8, 8)]
[time d4: 0.011600971221923828 s, bpg: (125, 250, 4), tpb: (8, 8)]
[time h4d4: 0.0001049041748046875 s, bpg: (125, 250), tpb: (8, 8)]
[time a4lb4l: 0.011637687683105469 s, bpg: (125, 250, 4), tpb: (8, 8)]
[time sub: 0.0001633167266845703 s, bpg: (500, 250), tpb: (8, 8)]
[time c: 0.0025589466094970703 s, bpg: 15625, tpb: 512]
QMATMUL_ALGO_NUMBA_CUDA_FLOAT32 DONE. [time: 0.03881478309631348 s]
APPROACH 6: QMATMUL_ALGO_NUMBA_CUDA DONE. [time: 0.04067039489746094 s, all close: False, d_inf: 17886.31640625, speed-up vs reference: 10.51]
================================================================================================================================================================================================================
SUMMARY:
APPROACH 1: QMATMUL_NAIVE_NUMBA_ST OFF.
APPROACH 2: QMATMUL_NAIVE_NUMBA_PARALLEL OFF.
APPROACH 3: QMATMUL_DIRECT_NUMPY OFF.
APPROACH 4: QMATMUL_ALGO_NUMPY (REFERENCE) -> MEAN TIME: 0.4244399070739746, STD: 0.0021099019699222475, SPEED-UP: 1.00
APPROACH 5: QMATMUL_DIRECT_NUMBA_CUDA -> MEAN TIME: 0.07473182678222656, STD: 0.000594281348716344, SPEED-UP: 5.68
APPROACH 6: QMATMUL_ALGO_NUMBA_CUDA -> MEAN TIME: 0.040622870127360024, STD: 0.00018738844228856225, SPEED-UP: 10.45
================================================================================================================================================================================================================
QUATERNIONS MAIN DONE. [time: 3.061737298965454 s]
