QUATERNIONS MAIN...
HASH STRING: 3104948712_75595_203_[300;300;300;10;float32;10;TTTTTT]
================================================================================================================================================================================================================
EXPERIMENT INFO:
{
  M: 300,
  N: 300,
  P: 300,
  SEED: 0,
  RANGE: 10,
  DTYPE: <class 'numpy.float32'>,
  REPETITIONS: 10,
  NUMPY_SINGLE_THREAD: True,
  QMATMUL_NAIVE_NUMBA_ST: (True, 'qmatmul_naive_numba_st_float32'),
  QMATMUL_NAIVE_NUMBA_PARALLEL: (True, 'qmatmul_naive_numba_parallel_float32'),
  QMATMUL_DIRECT_NUMPY: (True, 'qmatmul_direct_numpy'),
  QMATMUL_ALGO_NUMPY: (True, 'qmatmul_algo_numpy'),
  QMATMUL_DIRECT_NUMBA_CUDA: (True, 'qmatmul_direct_numba_cuda_float32'),
  QMATMUL_ALGO_NUMBA_CUDA: (True, 'qmatmul_algo_numba_cuda_float32')
}
================================================================================================================================================================================================================
CPU AND SYSTEM PROPS:
{
  cpu_name: Intel(R) Core(TM) i7-10700 CPU @ 2.90GHz,
  ram_size: 125.7 GB,
  os_name: Linux 6.8.0-63-generic,
  os_version: #66-Ubuntu SMP PREEMPT_DYNAMIC Fri Jun 13 20:25:30 UTC 2025,
  os_machine: x86_64
}
GPU PROPS:
{
  name: NVIDIA GeForce RTX 3090,
  max_threads_per_block: 1024,
  max_block_dim_x: 1024,
  max_block_dim_y: 1024,
  max_block_dim_z: 64,
  max_grid_dim_x: 2147483647,
  max_grid_dim_y: 65535,
  max_grid_dim_z: 65535,
  max_shared_memory_per_block: 49152,
  async_engine_count: 2,
  can_map_host_memory: 1,
  multiprocessor_count: 82,
  warp_size: 32,
  unified_addressing: 1,
  pci_bus_id: 1,
  pci_device_id: 0,
  compute_capability: (8, 6),
  cores_per_SM: 128,
  cores_total: 10496
}
================================================================================================================================================================================================================
MEMORY INFO:
A: 1.373 MB
B: 1.373 MB
C: 1.373 MB
================================================================================================================================================================================================================
REPETITION: 1/10:
APPROACH 1: QMATMUL_NAIVE_NUMBA_ST...
APPROACH 1: QMATMUL_NAIVE_NUMBA_ST DONE. [time: 2.01554536819458 s, all close: True, d_inf: 0.0, speed-up vs reference: 1.00, reference]
APPROACH 2: QMATMUL_NAIVE_NUMBA_PARALLEL...
APPROACH 2: QMATMUL_NAIVE_NUMBA_PARALLEL DONE. [time: 0.1522197723388672 s, all close: True, d_inf: 0.0, speed-up vs reference: 13.24]
APPROACH 3: QMATMUL_DIRECT_NUMPY...
APPROACH 3: QMATMUL_DIRECT_NUMPY DONE. [time: 0.008897542953491211 s, all close: True, d_inf: 0.004638671875, speed-up vs reference: 226.53]
APPROACH 4: QMATMUL_ALGO_NUMPY...
APPROACH 4: QMATMUL_ALGO_NUMPY DONE. [time: 0.009750843048095703 s, all close: True, d_inf: 0.005859375, speed-up vs reference: 206.70]
APPROACH 5: QMATMUL_DIRECT_NUMBA_CUDA...
APPROACH 5: QMATMUL_DIRECT_NUMBA_CUDA DONE. [time: 0.003576040267944336 s, all close: True, d_inf: 0.0087890625, speed-up vs reference: 563.62]
APPROACH 6: QMATMUL_ALGO_NUMBA_CUDA...
APPROACH 6: QMATMUL_ALGO_NUMBA_CUDA DONE. [time: 0.004696846008300781 s, all close: True, d_inf: 0.005859375, speed-up vs reference: 429.13]
REPETITION: 2/10:
APPROACH 1: QMATMUL_NAIVE_NUMBA_ST...
APPROACH 1: QMATMUL_NAIVE_NUMBA_ST DONE. [time: 2.0158233642578125 s, all close: True, d_inf: 0.0, speed-up vs reference: 1.00]
APPROACH 2: QMATMUL_NAIVE_NUMBA_PARALLEL...
APPROACH 2: QMATMUL_NAIVE_NUMBA_PARALLEL DONE. [time: 0.15215682983398438 s, all close: True, d_inf: 0.0, speed-up vs reference: 13.25]
APPROACH 3: QMATMUL_DIRECT_NUMPY...
APPROACH 3: QMATMUL_DIRECT_NUMPY DONE. [time: 0.009329557418823242 s, all close: True, d_inf: 0.004638671875, speed-up vs reference: 216.04]
APPROACH 4: QMATMUL_ALGO_NUMPY...
APPROACH 4: QMATMUL_ALGO_NUMPY DONE. [time: 0.008769512176513672 s, all close: True, d_inf: 0.005859375, speed-up vs reference: 229.84]
APPROACH 5: QMATMUL_DIRECT_NUMBA_CUDA...
APPROACH 5: QMATMUL_DIRECT_NUMBA_CUDA DONE. [time: 0.0038750171661376953 s, all close: True, d_inf: 0.0087890625, speed-up vs reference: 520.14]
APPROACH 6: QMATMUL_ALGO_NUMBA_CUDA...
APPROACH 6: QMATMUL_ALGO_NUMBA_CUDA DONE. [time: 0.004409074783325195 s, all close: True, d_inf: 0.005859375, speed-up vs reference: 457.14]
REPETITION: 3/10:
APPROACH 1: QMATMUL_NAIVE_NUMBA_ST...
APPROACH 1: QMATMUL_NAIVE_NUMBA_ST DONE. [time: 2.0151703357696533 s, all close: True, d_inf: 0.0, speed-up vs reference: 1.00]
APPROACH 2: QMATMUL_NAIVE_NUMBA_PARALLEL...
APPROACH 2: QMATMUL_NAIVE_NUMBA_PARALLEL DONE. [time: 0.1523137092590332 s, all close: True, d_inf: 0.0, speed-up vs reference: 13.23]
APPROACH 3: QMATMUL_DIRECT_NUMPY...
APPROACH 3: QMATMUL_DIRECT_NUMPY DONE. [time: 0.009320735931396484 s, all close: True, d_inf: 0.004638671875, speed-up vs reference: 216.24]
APPROACH 4: QMATMUL_ALGO_NUMPY...
APPROACH 4: QMATMUL_ALGO_NUMPY DONE. [time: 0.008722066879272461 s, all close: True, d_inf: 0.005859375, speed-up vs reference: 231.09]
APPROACH 5: QMATMUL_DIRECT_NUMBA_CUDA...
APPROACH 5: QMATMUL_DIRECT_NUMBA_CUDA DONE. [time: 0.0039408206939697266 s, all close: True, d_inf: 0.0087890625, speed-up vs reference: 511.45]
APPROACH 6: QMATMUL_ALGO_NUMBA_CUDA...
APPROACH 6: QMATMUL_ALGO_NUMBA_CUDA DONE. [time: 0.004338741302490234 s, all close: True, d_inf: 0.005859375, speed-up vs reference: 464.55]
REPETITION: 4/10:
APPROACH 1: QMATMUL_NAIVE_NUMBA_ST...
APPROACH 1: QMATMUL_NAIVE_NUMBA_ST DONE. [time: 2.014942169189453 s, all close: True, d_inf: 0.0, speed-up vs reference: 1.00]
APPROACH 2: QMATMUL_NAIVE_NUMBA_PARALLEL...
APPROACH 2: QMATMUL_NAIVE_NUMBA_PARALLEL DONE. [time: 0.15220022201538086 s, all close: True, d_inf: 0.0, speed-up vs reference: 13.24]
APPROACH 3: QMATMUL_DIRECT_NUMPY...
APPROACH 3: QMATMUL_DIRECT_NUMPY DONE. [time: 0.009315013885498047 s, all close: True, d_inf: 0.004638671875, speed-up vs reference: 216.38]
APPROACH 4: QMATMUL_ALGO_NUMPY...
APPROACH 4: QMATMUL_ALGO_NUMPY DONE. [time: 0.008745193481445312 s, all close: True, d_inf: 0.005859375, speed-up vs reference: 230.47]
APPROACH 5: QMATMUL_DIRECT_NUMBA_CUDA...
APPROACH 5: QMATMUL_DIRECT_NUMBA_CUDA DONE. [time: 0.0038530826568603516 s, all close: True, d_inf: 0.0087890625, speed-up vs reference: 523.10]
APPROACH 6: QMATMUL_ALGO_NUMBA_CUDA...
APPROACH 6: QMATMUL_ALGO_NUMBA_CUDA DONE. [time: 0.004476308822631836 s, all close: True, d_inf: 0.005859375, speed-up vs reference: 450.27]
REPETITION: 5/10:
APPROACH 1: QMATMUL_NAIVE_NUMBA_ST...
APPROACH 1: QMATMUL_NAIVE_NUMBA_ST DONE. [time: 2.0133674144744873 s, all close: True, d_inf: 0.0, speed-up vs reference: 1.00]
APPROACH 2: QMATMUL_NAIVE_NUMBA_PARALLEL...
APPROACH 2: QMATMUL_NAIVE_NUMBA_PARALLEL DONE. [time: 0.1522386074066162 s, all close: True, d_inf: 0.0, speed-up vs reference: 13.24]
APPROACH 3: QMATMUL_DIRECT_NUMPY...
APPROACH 3: QMATMUL_DIRECT_NUMPY DONE. [time: 0.009445905685424805 s, all close: True, d_inf: 0.004638671875, speed-up vs reference: 213.38]
APPROACH 4: QMATMUL_ALGO_NUMPY...
APPROACH 4: QMATMUL_ALGO_NUMPY DONE. [time: 0.008751153945922852 s, all close: True, d_inf: 0.005859375, speed-up vs reference: 230.32]
APPROACH 5: QMATMUL_DIRECT_NUMBA_CUDA...
APPROACH 5: QMATMUL_DIRECT_NUMBA_CUDA DONE. [time: 0.003868579864501953 s, all close: True, d_inf: 0.0087890625, speed-up vs reference: 521.00]
APPROACH 6: QMATMUL_ALGO_NUMBA_CUDA...
APPROACH 6: QMATMUL_ALGO_NUMBA_CUDA DONE. [time: 0.004274606704711914 s, all close: True, d_inf: 0.005859375, speed-up vs reference: 471.52]
REPETITION: 6/10:
APPROACH 1: QMATMUL_NAIVE_NUMBA_ST...
APPROACH 1: QMATMUL_NAIVE_NUMBA_ST DONE. [time: 2.1080548763275146 s, all close: True, d_inf: 0.0, speed-up vs reference: 0.96]
APPROACH 2: QMATMUL_NAIVE_NUMBA_PARALLEL...
APPROACH 2: QMATMUL_NAIVE_NUMBA_PARALLEL DONE. [time: 0.15210890769958496 s, all close: True, d_inf: 0.0, speed-up vs reference: 13.25]
APPROACH 3: QMATMUL_DIRECT_NUMPY...
APPROACH 3: QMATMUL_DIRECT_NUMPY DONE. [time: 0.009302854537963867 s, all close: True, d_inf: 0.004638671875, speed-up vs reference: 216.66]
APPROACH 4: QMATMUL_ALGO_NUMPY...
APPROACH 4: QMATMUL_ALGO_NUMPY DONE. [time: 0.008751869201660156 s, all close: True, d_inf: 0.005859375, speed-up vs reference: 230.30]
APPROACH 5: QMATMUL_DIRECT_NUMBA_CUDA...
APPROACH 5: QMATMUL_DIRECT_NUMBA_CUDA DONE. [time: 0.004052877426147461 s, all close: True, d_inf: 0.0087890625, speed-up vs reference: 497.31]
APPROACH 6: QMATMUL_ALGO_NUMBA_CUDA...
APPROACH 6: QMATMUL_ALGO_NUMBA_CUDA DONE. [time: 0.004111528396606445 s, all close: True, d_inf: 0.005859375, speed-up vs reference: 490.22]
REPETITION: 7/10:
APPROACH 1: QMATMUL_NAIVE_NUMBA_ST...
APPROACH 1: QMATMUL_NAIVE_NUMBA_ST DONE. [time: 2.0149402618408203 s, all close: True, d_inf: 0.0, speed-up vs reference: 1.00]
APPROACH 2: QMATMUL_NAIVE_NUMBA_PARALLEL...
APPROACH 2: QMATMUL_NAIVE_NUMBA_PARALLEL DONE. [time: 0.15223956108093262 s, all close: True, d_inf: 0.0, speed-up vs reference: 13.24]
APPROACH 3: QMATMUL_DIRECT_NUMPY...
APPROACH 3: QMATMUL_DIRECT_NUMPY DONE. [time: 0.009316682815551758 s, all close: True, d_inf: 0.004638671875, speed-up vs reference: 216.34]
APPROACH 4: QMATMUL_ALGO_NUMPY...
APPROACH 4: QMATMUL_ALGO_NUMPY DONE. [time: 0.008746623992919922 s, all close: True, d_inf: 0.005859375, speed-up vs reference: 230.44]
APPROACH 5: QMATMUL_DIRECT_NUMBA_CUDA...
APPROACH 5: QMATMUL_DIRECT_NUMBA_CUDA DONE. [time: 0.004185914993286133 s, all close: True, d_inf: 0.0087890625, speed-up vs reference: 481.51]
APPROACH 6: QMATMUL_ALGO_NUMBA_CUDA...
APPROACH 6: QMATMUL_ALGO_NUMBA_CUDA DONE. [time: 0.004733562469482422 s, all close: True, d_inf: 0.005859375, speed-up vs reference: 425.80]
REPETITION: 8/10:
APPROACH 1: QMATMUL_NAIVE_NUMBA_ST...
APPROACH 1: QMATMUL_NAIVE_NUMBA_ST DONE. [time: 2.0165815353393555 s, all close: True, d_inf: 0.0, speed-up vs reference: 1.00]
APPROACH 2: QMATMUL_NAIVE_NUMBA_PARALLEL...
APPROACH 2: QMATMUL_NAIVE_NUMBA_PARALLEL DONE. [time: 0.1522538661956787 s, all close: True, d_inf: 0.0, speed-up vs reference: 13.24]
APPROACH 3: QMATMUL_DIRECT_NUMPY...
APPROACH 3: QMATMUL_DIRECT_NUMPY DONE. [time: 0.00931549072265625 s, all close: True, d_inf: 0.004638671875, speed-up vs reference: 216.36]
APPROACH 4: QMATMUL_ALGO_NUMPY...
APPROACH 4: QMATMUL_ALGO_NUMPY DONE. [time: 0.008815288543701172 s, all close: True, d_inf: 0.005859375, speed-up vs reference: 228.64]
APPROACH 5: QMATMUL_DIRECT_NUMBA_CUDA...
APPROACH 5: QMATMUL_DIRECT_NUMBA_CUDA DONE. [time: 0.0032749176025390625 s, all close: True, d_inf: 0.0087890625, speed-up vs reference: 615.45]
APPROACH 6: QMATMUL_ALGO_NUMBA_CUDA...
APPROACH 6: QMATMUL_ALGO_NUMBA_CUDA DONE. [time: 0.005071163177490234 s, all close: True, d_inf: 0.005859375, speed-up vs reference: 397.45]
REPETITION: 9/10:
APPROACH 1: QMATMUL_NAIVE_NUMBA_ST...
APPROACH 1: QMATMUL_NAIVE_NUMBA_ST DONE. [time: 2.0138449668884277 s, all close: True, d_inf: 0.0, speed-up vs reference: 1.00]
APPROACH 2: QMATMUL_NAIVE_NUMBA_PARALLEL...
APPROACH 2: QMATMUL_NAIVE_NUMBA_PARALLEL DONE. [time: 0.1521608829498291 s, all close: True, d_inf: 0.0, speed-up vs reference: 13.25]
APPROACH 3: QMATMUL_DIRECT_NUMPY...
APPROACH 3: QMATMUL_DIRECT_NUMPY DONE. [time: 0.00933980941772461 s, all close: True, d_inf: 0.004638671875, speed-up vs reference: 215.80]
APPROACH 4: QMATMUL_ALGO_NUMPY...
APPROACH 4: QMATMUL_ALGO_NUMPY DONE. [time: 0.008807182312011719 s, all close: True, d_inf: 0.005859375, speed-up vs reference: 228.85]
APPROACH 5: QMATMUL_DIRECT_NUMBA_CUDA...
APPROACH 5: QMATMUL_DIRECT_NUMBA_CUDA DONE. [time: 0.003377676010131836 s, all close: True, d_inf: 0.0087890625, speed-up vs reference: 596.73]
APPROACH 6: QMATMUL_ALGO_NUMBA_CUDA...
APPROACH 6: QMATMUL_ALGO_NUMBA_CUDA DONE. [time: 0.0050737857818603516 s, all close: True, d_inf: 0.005859375, speed-up vs reference: 397.25]
REPETITION: 10/10:
APPROACH 1: QMATMUL_NAIVE_NUMBA_ST...
APPROACH 1: QMATMUL_NAIVE_NUMBA_ST DONE. [time: 2.0963058471679688 s, all close: True, d_inf: 0.0, speed-up vs reference: 0.96]
APPROACH 2: QMATMUL_NAIVE_NUMBA_PARALLEL...
APPROACH 2: QMATMUL_NAIVE_NUMBA_PARALLEL DONE. [time: 0.15221238136291504 s, all close: True, d_inf: 0.0, speed-up vs reference: 13.24]
APPROACH 3: QMATMUL_DIRECT_NUMPY...
APPROACH 3: QMATMUL_DIRECT_NUMPY DONE. [time: 0.009314775466918945 s, all close: True, d_inf: 0.004638671875, speed-up vs reference: 216.38]
APPROACH 4: QMATMUL_ALGO_NUMPY...
APPROACH 4: QMATMUL_ALGO_NUMPY DONE. [time: 0.008785247802734375 s, all close: True, d_inf: 0.005859375, speed-up vs reference: 229.42]
APPROACH 5: QMATMUL_DIRECT_NUMBA_CUDA...
APPROACH 5: QMATMUL_DIRECT_NUMBA_CUDA DONE. [time: 0.003314971923828125 s, all close: True, d_inf: 0.0087890625, speed-up vs reference: 608.01]
APPROACH 6: QMATMUL_ALGO_NUMBA_CUDA...
APPROACH 6: QMATMUL_ALGO_NUMBA_CUDA DONE. [time: 0.0051996707916259766 s, all close: True, d_inf: 0.005859375, speed-up vs reference: 387.63]
================================================================================================================================================================================================================
SUMMARY:
APPROACH 1: QMATMUL_NAIVE_NUMBA_ST (REFERENCE) -> MEAN TIME: 2.0324576139450072, STD: 0.03497095926481143, SPEED-UP: 1.00
APPROACH 2: QMATMUL_NAIVE_NUMBA_PARALLEL -> MEAN TIME: 0.15221047401428223, STD: 5.4795830781781205e-05, SPEED-UP: 13.35
APPROACH 3: QMATMUL_DIRECT_NUMPY -> MEAN TIME: 0.009289836883544922, STD: 0.0001364132771952807, SPEED-UP: 218.78
APPROACH 4: QMATMUL_ALGO_NUMPY -> MEAN TIME: 0.008864498138427735, STD: 0.00029674293555987123, SPEED-UP: 229.28
APPROACH 5: QMATMUL_DIRECT_NUMBA_CUDA -> MEAN TIME: 0.003731989860534668, STD: 0.00030644442663163145, SPEED-UP: 544.60
APPROACH 6: QMATMUL_ALGO_NUMBA_CUDA -> MEAN TIME: 0.004638528823852539, STD: 0.000358181448686882, SPEED-UP: 438.17
================================================================================================================================================================================================================
QUATERNIONS MAIN DONE. [time: 23.251962900161743 s]
