QUATERNIONS MAIN...
HASH STRING: 3152865216_81825_901_[3000;4000;5000;10;float32;3;FFFTTT]
================================================================================================================================================================================================================
EXPERIMENT INFO:
{
  M: 3000,
  N: 4000,
  P: 5000,
  SEED: 0,
  RANGE: 10,
  DTYPE: <class 'numpy.float32'>,
  REPETITIONS: 3,
  NUMPY_SINGLE_THREAD: True,
  QMATMUL_NAIVE_NUMBA_ST: (False, 'qmatmul_naive_numba_st_float32'),
  QMATMUL_NAIVE_NUMBA_PARALLEL: (False, 'qmatmul_naive_numba_parallel_float32'),
  QMATMUL_DIRECT_NUMPY: (False, 'qmatmul_direct_numpy'),
  QMATMUL_ALGO_NUMPY: (True, 'qmatmul_algo_numpy'),
  QMATMUL_DIRECT_NUMBA_CUDA: (True, 'qmatmul_direct_numba_cuda_float32'),
  QMATMUL_ALGO_NUMBA_CUDA: (True, 'qmatmul_algo_numba_cuda_float32')
}
================================================================================================================================================================================================================
CPU AND SYSTEM PROPS:
{
  cpu_name: AMD Ryzen 9 9950X 16-Core Processor,
  ram_size: 123.4 GB,
  os_name: Linux 6.14.0-37-generic,
  os_version: #37~24.04.1-Ubuntu SMP PREEMPT_DYNAMIC Thu Nov 20 10:25:38 UTC 2,
  os_machine: x86_64
}
GPU PROPS:
{
  name: NVIDIA GeForce RTX 5090,
  max_threads_per_block: 1024,
  max_block_dim_x: 1024,
  max_block_dim_y: 1024,
  max_block_dim_z: 64,
  max_grid_dim_x: 2147483647,
  max_grid_dim_y: 65535,
  max_grid_dim_z: 65535,
  max_shared_memory_per_block: 49152,
  async_engine_count: 2,
  can_map_host_memory: 1,
  multiprocessor_count: 170,
  warp_size: 32,
  unified_addressing: 1,
  pci_bus_id: 1,
  pci_device_id: 0,
  compute_capability: ComputeCapability(major=12, minor=0),
  cores_per_SM: 128,
  cores_total: 21760
}
================================================================================================================================================================================================================
MEMORY INFO:
A: 183.105 MB
B: 305.176 MB
C: 228.882 MB
================================================================================================================================================================================================================
REPETITION: 1/3:
APPROACH 1: QMATMUL_NAIVE_NUMBA_ST OFF.
APPROACH 2: QMATMUL_NAIVE_NUMBA_PARALLEL OFF.
APPROACH 3: QMATMUL_DIRECT_NUMPY OFF.
APPROACH 4: QMATMUL_ALGO_NUMPY...
APPROACH 4: QMATMUL_ALGO_NUMPY DONE. [time: 3.696380376815796 s, all close: True, d_inf: 0.0, speed-up vs reference: 1.00, reference]
APPROACH 5: QMATMUL_DIRECT_NUMBA_CUDA...
APPROACH 5: QMATMUL_DIRECT_NUMBA_CUDA DONE. [time: 0.9897885322570801 s, all close: True, d_inf: 0.16796875, speed-up vs reference: 3.73]
APPROACH 6: QMATMUL_ALGO_NUMBA_CUDA...
QMATMUL_ALGO_NUMBA_CUDA_FLOAT32...
[time stacks: 0.039103031158447266 s, tpb: 512]
[time h4s: 0.0008361339569091797 s, tpb: (8, 8)]
[time d4: 0.11178708076477051 s, bpg: (625, 375, 4), tpb: (8, 8)]
[time h4d4: 0.0003905296325683594 s, bpg: (625, 375), tpb: (8, 8)]
[time a4lb4l: 0.11368417739868164 s, bpg: (625, 375, 4), tpb: (8, 8)]
[time sub: 0.001271963119506836 s, bpg: (1500, 625), tpb: (8, 8)]
[time c: 0.025206327438354492 s, bpg: 117188, tpb: 512]
QMATMUL_ALGO_NUMBA_CUDA_FLOAT32 DONE. [time: 0.2924528121948242 s]
APPROACH 6: QMATMUL_ALGO_NUMBA_CUDA DONE. [time: 0.2998511791229248 s, all close: True, d_inf: 0.0791015625, speed-up vs reference: 12.33]
REPETITION: 2/3:
APPROACH 1: QMATMUL_NAIVE_NUMBA_ST OFF.
APPROACH 2: QMATMUL_NAIVE_NUMBA_PARALLEL OFF.
APPROACH 3: QMATMUL_DIRECT_NUMPY OFF.
APPROACH 4: QMATMUL_ALGO_NUMPY...
APPROACH 4: QMATMUL_ALGO_NUMPY DONE. [time: 3.6962807178497314 s, all close: True, d_inf: 0.0, speed-up vs reference: 1.00]
APPROACH 5: QMATMUL_DIRECT_NUMBA_CUDA...
APPROACH 5: QMATMUL_DIRECT_NUMBA_CUDA DONE. [time: 0.99530029296875 s, all close: True, d_inf: 0.16796875, speed-up vs reference: 3.71]
APPROACH 6: QMATMUL_ALGO_NUMBA_CUDA...
QMATMUL_ALGO_NUMBA_CUDA_FLOAT32...
[time stacks: 0.03912234306335449 s, tpb: 512]
[time h4s: 0.00080108642578125 s, tpb: (8, 8)]
[time d4: 0.11167073249816895 s, bpg: (625, 375, 4), tpb: (8, 8)]
[time h4d4: 0.0003871917724609375 s, bpg: (625, 375), tpb: (8, 8)]
[time a4lb4l: 0.11369180679321289 s, bpg: (625, 375, 4), tpb: (8, 8)]
[time sub: 0.0015175342559814453 s, bpg: (1500, 625), tpb: (8, 8)]
[time c: 0.02504253387451172 s, bpg: 117188, tpb: 512]
QMATMUL_ALGO_NUMBA_CUDA_FLOAT32 DONE. [time: 0.2924184799194336 s]
APPROACH 6: QMATMUL_ALGO_NUMBA_CUDA DONE. [time: 0.2998316287994385 s, all close: True, d_inf: 0.0791015625, speed-up vs reference: 12.33]
REPETITION: 3/3:
APPROACH 1: QMATMUL_NAIVE_NUMBA_ST OFF.
APPROACH 2: QMATMUL_NAIVE_NUMBA_PARALLEL OFF.
APPROACH 3: QMATMUL_DIRECT_NUMPY OFF.
APPROACH 4: QMATMUL_ALGO_NUMPY...
APPROACH 4: QMATMUL_ALGO_NUMPY DONE. [time: 3.6976921558380127 s, all close: True, d_inf: 0.0, speed-up vs reference: 1.00]
APPROACH 5: QMATMUL_DIRECT_NUMBA_CUDA...
APPROACH 5: QMATMUL_DIRECT_NUMBA_CUDA DONE. [time: 0.9948039054870605 s, all close: True, d_inf: 0.16796875, speed-up vs reference: 3.72]
APPROACH 6: QMATMUL_ALGO_NUMBA_CUDA...
QMATMUL_ALGO_NUMBA_CUDA_FLOAT32...
[time stacks: 0.03914332389831543 s, tpb: 512]
[time h4s: 0.0008749961853027344 s, tpb: (8, 8)]
[time d4: 0.11178851127624512 s, bpg: (625, 375, 4), tpb: (8, 8)]
[time h4d4: 0.0003910064697265625 s, bpg: (625, 375), tpb: (8, 8)]
[time a4lb4l: 0.11371779441833496 s, bpg: (625, 375, 4), tpb: (8, 8)]
[time sub: 0.0012962818145751953 s, bpg: (1500, 625), tpb: (8, 8)]
[time c: 0.02527928352355957 s, bpg: 117188, tpb: 512]
QMATMUL_ALGO_NUMBA_CUDA_FLOAT32 DONE. [time: 0.2926764488220215 s]
APPROACH 6: QMATMUL_ALGO_NUMBA_CUDA DONE. [time: 0.29982662200927734 s, all close: True, d_inf: 0.0791015625, speed-up vs reference: 12.33]
================================================================================================================================================================================================================
SUMMARY:
APPROACH 1: QMATMUL_NAIVE_NUMBA_ST OFF.
APPROACH 2: QMATMUL_NAIVE_NUMBA_PARALLEL OFF.
APPROACH 3: QMATMUL_DIRECT_NUMPY OFF.
APPROACH 4: QMATMUL_ALGO_NUMPY (REFERENCE) -> MEAN TIME: 3.696784416834513, STD: 0.000643156565301043, SPEED-UP: 1.00
APPROACH 5: QMATMUL_DIRECT_NUMBA_CUDA -> MEAN TIME: 0.9932975769042969, STD: 0.0024895308641208072, SPEED-UP: 3.72
APPROACH 6: QMATMUL_ALGO_NUMBA_CUDA -> MEAN TIME: 0.2998364766438802, STD: 1.0595255368072392e-05, SPEED-UP: 12.33
================================================================================================================================================================================================================
QUATERNIONS MAIN DONE. [time: 18.502506017684937 s]
