QUATERNIONS MAIN...
HASH STRING: 3601826931_16246_203_[100;100;100;10;float64;10;TTTTTT]
================================================================================================================================================================================================================
EXPERIMENT INFO:
{
  M: 100,
  N: 100,
  P: 100,
  SEED: 0,
  RANGE: 10,
  DTYPE: <class 'numpy.float64'>,
  REPETITIONS: 10,
  NUMPY_SINGLE_THREAD: True,
  QMATMUL_NAIVE_NUMBA_ST: (True, 'qmatmul_naive_numba_st_float64'),
  QMATMUL_NAIVE_NUMBA_PARALLEL: (True, 'qmatmul_naive_numba_parallel_float64'),
  QMATMUL_DIRECT_NUMPY: (True, 'qmatmul_direct_numpy'),
  QMATMUL_ALGO_NUMPY: (True, 'qmatmul_algo_numpy'),
  QMATMUL_DIRECT_NUMBA_CUDA: (True, 'qmatmul_direct_numba_cuda_float64'),
  QMATMUL_ALGO_NUMBA_CUDA: (True, 'qmatmul_algo_numba_cuda_float64')
}
================================================================================================================================================================================================================
CPU AND SYSTEM PROPS:
{
  cpu_name: Intel(R) Core(TM) i7-10700 CPU @ 2.90GHz,
  ram_size: 125.7 GB,
  os_name: Linux 6.8.0-63-generic,
  os_version: #66-Ubuntu SMP PREEMPT_DYNAMIC Fri Jun 13 20:25:30 UTC 2025,
  os_machine: x86_64
}
GPU PROPS:
{
  name: NVIDIA GeForce RTX 3090,
  max_threads_per_block: 1024,
  max_block_dim_x: 1024,
  max_block_dim_y: 1024,
  max_block_dim_z: 64,
  max_grid_dim_x: 2147483647,
  max_grid_dim_y: 65535,
  max_grid_dim_z: 65535,
  max_shared_memory_per_block: 49152,
  async_engine_count: 2,
  can_map_host_memory: 1,
  multiprocessor_count: 82,
  warp_size: 32,
  unified_addressing: 1,
  pci_bus_id: 1,
  pci_device_id: 0,
  compute_capability: (8, 6),
  cores_per_SM: 128,
  cores_total: 10496
}
================================================================================================================================================================================================================
MEMORY INFO:
A: 0.305 MB
B: 0.305 MB
C: 0.305 MB
================================================================================================================================================================================================================
REPETITION: 1/10:
APPROACH 1: QMATMUL_NAIVE_NUMBA_ST...
APPROACH 1: QMATMUL_NAIVE_NUMBA_ST DONE. [time: 0.07653975486755371 s, all close: True, d_inf: 0.0, speed-up vs reference: 1.00, reference]
APPROACH 2: QMATMUL_NAIVE_NUMBA_PARALLEL...
APPROACH 2: QMATMUL_NAIVE_NUMBA_PARALLEL DONE. [time: 0.006112575531005859 s, all close: True, d_inf: 0.0, speed-up vs reference: 12.52]
APPROACH 3: QMATMUL_DIRECT_NUMPY...
APPROACH 3: QMATMUL_DIRECT_NUMPY DONE. [time: 0.0013048648834228516 s, all close: True, d_inf: 2.9558577807620168e-12, speed-up vs reference: 58.66]
APPROACH 4: QMATMUL_ALGO_NUMPY...
APPROACH 4: QMATMUL_ALGO_NUMPY DONE. [time: 0.0011229515075683594 s, all close: True, d_inf: 2.7284841053187847e-12, speed-up vs reference: 68.16]
APPROACH 5: QMATMUL_DIRECT_NUMBA_CUDA...
APPROACH 5: QMATMUL_DIRECT_NUMBA_CUDA DONE. [time: 0.0018334388732910156 s, all close: True, d_inf: 4.320099833421409e-12, speed-up vs reference: 41.75]
APPROACH 6: QMATMUL_ALGO_NUMBA_CUDA...
APPROACH 6: QMATMUL_ALGO_NUMBA_CUDA DONE. [time: 0.0027060508728027344 s, all close: True, d_inf: 2.7284841053187847e-12, speed-up vs reference: 28.28]
REPETITION: 2/10:
APPROACH 1: QMATMUL_NAIVE_NUMBA_ST...
APPROACH 1: QMATMUL_NAIVE_NUMBA_ST DONE. [time: 0.07668733596801758 s, all close: True, d_inf: 0.0, speed-up vs reference: 1.00]
APPROACH 2: QMATMUL_NAIVE_NUMBA_PARALLEL...
APPROACH 2: QMATMUL_NAIVE_NUMBA_PARALLEL DONE. [time: 0.006390094757080078 s, all close: True, d_inf: 0.0, speed-up vs reference: 11.98]
APPROACH 3: QMATMUL_DIRECT_NUMPY...
APPROACH 3: QMATMUL_DIRECT_NUMPY DONE. [time: 0.0009114742279052734 s, all close: True, d_inf: 2.9558577807620168e-12, speed-up vs reference: 83.97]
APPROACH 4: QMATMUL_ALGO_NUMPY...
APPROACH 4: QMATMUL_ALGO_NUMPY DONE. [time: 0.0007634162902832031 s, all close: True, d_inf: 2.7284841053187847e-12, speed-up vs reference: 100.26]
APPROACH 5: QMATMUL_DIRECT_NUMBA_CUDA...
APPROACH 5: QMATMUL_DIRECT_NUMBA_CUDA DONE. [time: 0.0011138916015625 s, all close: True, d_inf: 4.320099833421409e-12, speed-up vs reference: 68.71]
APPROACH 6: QMATMUL_ALGO_NUMBA_CUDA...
APPROACH 6: QMATMUL_ALGO_NUMBA_CUDA DONE. [time: 0.002241373062133789 s, all close: True, d_inf: 2.7284841053187847e-12, speed-up vs reference: 34.15]
REPETITION: 3/10:
APPROACH 1: QMATMUL_NAIVE_NUMBA_ST...
APPROACH 1: QMATMUL_NAIVE_NUMBA_ST DONE. [time: 0.07672405242919922 s, all close: True, d_inf: 0.0, speed-up vs reference: 1.00]
APPROACH 2: QMATMUL_NAIVE_NUMBA_PARALLEL...
APPROACH 2: QMATMUL_NAIVE_NUMBA_PARALLEL DONE. [time: 0.006314516067504883 s, all close: True, d_inf: 0.0, speed-up vs reference: 12.12]
APPROACH 3: QMATMUL_DIRECT_NUMPY...
APPROACH 3: QMATMUL_DIRECT_NUMPY DONE. [time: 0.0008988380432128906 s, all close: True, d_inf: 2.9558577807620168e-12, speed-up vs reference: 85.15]
APPROACH 4: QMATMUL_ALGO_NUMPY...
APPROACH 4: QMATMUL_ALGO_NUMPY DONE. [time: 0.0007526874542236328 s, all close: True, d_inf: 2.7284841053187847e-12, speed-up vs reference: 101.69]
APPROACH 5: QMATMUL_DIRECT_NUMBA_CUDA...
APPROACH 5: QMATMUL_DIRECT_NUMBA_CUDA DONE. [time: 0.0011439323425292969 s, all close: True, d_inf: 4.320099833421409e-12, speed-up vs reference: 66.91]
APPROACH 6: QMATMUL_ALGO_NUMBA_CUDA...
APPROACH 6: QMATMUL_ALGO_NUMBA_CUDA DONE. [time: 0.002254486083984375 s, all close: True, d_inf: 2.7284841053187847e-12, speed-up vs reference: 33.95]
REPETITION: 4/10:
APPROACH 1: QMATMUL_NAIVE_NUMBA_ST...
APPROACH 1: QMATMUL_NAIVE_NUMBA_ST DONE. [time: 0.07664346694946289 s, all close: True, d_inf: 0.0, speed-up vs reference: 1.00]
APPROACH 2: QMATMUL_NAIVE_NUMBA_PARALLEL...
APPROACH 2: QMATMUL_NAIVE_NUMBA_PARALLEL DONE. [time: 0.0059931278228759766 s, all close: True, d_inf: 0.0, speed-up vs reference: 12.77]
APPROACH 3: QMATMUL_DIRECT_NUMPY...
APPROACH 3: QMATMUL_DIRECT_NUMPY DONE. [time: 0.0008990764617919922 s, all close: True, d_inf: 2.9558577807620168e-12, speed-up vs reference: 85.13]
APPROACH 4: QMATMUL_ALGO_NUMPY...
APPROACH 4: QMATMUL_ALGO_NUMPY DONE. [time: 0.0007543563842773438 s, all close: True, d_inf: 2.7284841053187847e-12, speed-up vs reference: 101.46]
APPROACH 5: QMATMUL_DIRECT_NUMBA_CUDA...
APPROACH 5: QMATMUL_DIRECT_NUMBA_CUDA DONE. [time: 0.0012938976287841797 s, all close: True, d_inf: 4.320099833421409e-12, speed-up vs reference: 59.15]
APPROACH 6: QMATMUL_ALGO_NUMBA_CUDA...
APPROACH 6: QMATMUL_ALGO_NUMBA_CUDA DONE. [time: 0.0024216175079345703 s, all close: True, d_inf: 2.7284841053187847e-12, speed-up vs reference: 31.61]
REPETITION: 5/10:
APPROACH 1: QMATMUL_NAIVE_NUMBA_ST...
APPROACH 1: QMATMUL_NAIVE_NUMBA_ST DONE. [time: 0.0766305923461914 s, all close: True, d_inf: 0.0, speed-up vs reference: 1.00]
APPROACH 2: QMATMUL_NAIVE_NUMBA_PARALLEL...
APPROACH 2: QMATMUL_NAIVE_NUMBA_PARALLEL DONE. [time: 0.005959510803222656 s, all close: True, d_inf: 0.0, speed-up vs reference: 12.84]
APPROACH 3: QMATMUL_DIRECT_NUMPY...
APPROACH 3: QMATMUL_DIRECT_NUMPY DONE. [time: 0.0008988380432128906 s, all close: True, d_inf: 2.9558577807620168e-12, speed-up vs reference: 85.15]
APPROACH 4: QMATMUL_ALGO_NUMPY...
APPROACH 4: QMATMUL_ALGO_NUMPY DONE. [time: 0.0007538795471191406 s, all close: True, d_inf: 2.7284841053187847e-12, speed-up vs reference: 101.53]
APPROACH 5: QMATMUL_DIRECT_NUMBA_CUDA...
APPROACH 5: QMATMUL_DIRECT_NUMBA_CUDA DONE. [time: 0.0012063980102539062 s, all close: True, d_inf: 4.320099833421409e-12, speed-up vs reference: 63.44]
APPROACH 6: QMATMUL_ALGO_NUMBA_CUDA...
APPROACH 6: QMATMUL_ALGO_NUMBA_CUDA DONE. [time: 0.0022187232971191406 s, all close: True, d_inf: 2.7284841053187847e-12, speed-up vs reference: 34.50]
REPETITION: 6/10:
APPROACH 1: QMATMUL_NAIVE_NUMBA_ST...
APPROACH 1: QMATMUL_NAIVE_NUMBA_ST DONE. [time: 0.07662510871887207 s, all close: True, d_inf: 0.0, speed-up vs reference: 1.00]
APPROACH 2: QMATMUL_NAIVE_NUMBA_PARALLEL...
APPROACH 2: QMATMUL_NAIVE_NUMBA_PARALLEL DONE. [time: 0.006322622299194336 s, all close: True, d_inf: 0.0, speed-up vs reference: 12.11]
APPROACH 3: QMATMUL_DIRECT_NUMPY...
APPROACH 3: QMATMUL_DIRECT_NUMPY DONE. [time: 0.0008993148803710938 s, all close: True, d_inf: 2.9558577807620168e-12, speed-up vs reference: 85.11]
APPROACH 4: QMATMUL_ALGO_NUMPY...
APPROACH 4: QMATMUL_ALGO_NUMPY DONE. [time: 0.0007529258728027344 s, all close: True, d_inf: 2.7284841053187847e-12, speed-up vs reference: 101.66]
APPROACH 5: QMATMUL_DIRECT_NUMBA_CUDA...
APPROACH 5: QMATMUL_DIRECT_NUMBA_CUDA DONE. [time: 0.0012226104736328125 s, all close: True, d_inf: 4.320099833421409e-12, speed-up vs reference: 62.60]
APPROACH 6: QMATMUL_ALGO_NUMBA_CUDA...
APPROACH 6: QMATMUL_ALGO_NUMBA_CUDA DONE. [time: 0.002202749252319336 s, all close: True, d_inf: 2.7284841053187847e-12, speed-up vs reference: 34.75]
REPETITION: 7/10:
APPROACH 1: QMATMUL_NAIVE_NUMBA_ST...
APPROACH 1: QMATMUL_NAIVE_NUMBA_ST DONE. [time: 0.07679939270019531 s, all close: True, d_inf: 0.0, speed-up vs reference: 1.00]
APPROACH 2: QMATMUL_NAIVE_NUMBA_PARALLEL...
APPROACH 2: QMATMUL_NAIVE_NUMBA_PARALLEL DONE. [time: 0.008850574493408203 s, all close: True, d_inf: 0.0, speed-up vs reference: 8.65]
APPROACH 3: QMATMUL_DIRECT_NUMPY...
APPROACH 3: QMATMUL_DIRECT_NUMPY DONE. [time: 0.0009095668792724609 s, all close: True, d_inf: 2.9558577807620168e-12, speed-up vs reference: 84.15]
APPROACH 4: QMATMUL_ALGO_NUMPY...
APPROACH 4: QMATMUL_ALGO_NUMPY DONE. [time: 0.0007610321044921875 s, all close: True, d_inf: 2.7284841053187847e-12, speed-up vs reference: 100.57]
APPROACH 5: QMATMUL_DIRECT_NUMBA_CUDA...
APPROACH 5: QMATMUL_DIRECT_NUMBA_CUDA DONE. [time: 0.0013430118560791016 s, all close: True, d_inf: 4.320099833421409e-12, speed-up vs reference: 56.99]
APPROACH 6: QMATMUL_ALGO_NUMBA_CUDA...
APPROACH 6: QMATMUL_ALGO_NUMBA_CUDA DONE. [time: 0.002907276153564453 s, all close: True, d_inf: 2.7284841053187847e-12, speed-up vs reference: 26.33]
REPETITION: 8/10:
APPROACH 1: QMATMUL_NAIVE_NUMBA_ST...
APPROACH 1: QMATMUL_NAIVE_NUMBA_ST DONE. [time: 0.07666254043579102 s, all close: True, d_inf: 0.0, speed-up vs reference: 1.00]
APPROACH 2: QMATMUL_NAIVE_NUMBA_PARALLEL...
APPROACH 2: QMATMUL_NAIVE_NUMBA_PARALLEL DONE. [time: 0.005944490432739258 s, all close: True, d_inf: 0.0, speed-up vs reference: 12.88]
APPROACH 3: QMATMUL_DIRECT_NUMPY...
APPROACH 3: QMATMUL_DIRECT_NUMPY DONE. [time: 0.0009059906005859375 s, all close: True, d_inf: 2.9558577807620168e-12, speed-up vs reference: 84.48]
APPROACH 4: QMATMUL_ALGO_NUMPY...
APPROACH 4: QMATMUL_ALGO_NUMPY DONE. [time: 0.0007624626159667969 s, all close: True, d_inf: 2.7284841053187847e-12, speed-up vs reference: 100.38]
APPROACH 5: QMATMUL_DIRECT_NUMBA_CUDA...
APPROACH 5: QMATMUL_DIRECT_NUMBA_CUDA DONE. [time: 0.0010731220245361328 s, all close: True, d_inf: 4.320099833421409e-12, speed-up vs reference: 71.32]
APPROACH 6: QMATMUL_ALGO_NUMBA_CUDA...
APPROACH 6: QMATMUL_ALGO_NUMBA_CUDA DONE. [time: 0.002450227737426758 s, all close: True, d_inf: 2.7284841053187847e-12, speed-up vs reference: 31.24]
REPETITION: 9/10:
APPROACH 1: QMATMUL_NAIVE_NUMBA_ST...
APPROACH 1: QMATMUL_NAIVE_NUMBA_ST DONE. [time: 0.07662558555603027 s, all close: True, d_inf: 0.0, speed-up vs reference: 1.00]
APPROACH 2: QMATMUL_NAIVE_NUMBA_PARALLEL...
APPROACH 2: QMATMUL_NAIVE_NUMBA_PARALLEL DONE. [time: 0.006353616714477539 s, all close: True, d_inf: 0.0, speed-up vs reference: 12.05]
APPROACH 3: QMATMUL_DIRECT_NUMPY...
APPROACH 3: QMATMUL_DIRECT_NUMPY DONE. [time: 0.0008950233459472656 s, all close: True, d_inf: 2.9558577807620168e-12, speed-up vs reference: 85.52]
APPROACH 4: QMATMUL_ALGO_NUMPY...
APPROACH 4: QMATMUL_ALGO_NUMPY DONE. [time: 0.0007538795471191406 s, all close: True, d_inf: 2.7284841053187847e-12, speed-up vs reference: 101.53]
APPROACH 5: QMATMUL_DIRECT_NUMBA_CUDA...
APPROACH 5: QMATMUL_DIRECT_NUMBA_CUDA DONE. [time: 0.0010602474212646484 s, all close: True, d_inf: 4.320099833421409e-12, speed-up vs reference: 72.19]
APPROACH 6: QMATMUL_ALGO_NUMBA_CUDA...
APPROACH 6: QMATMUL_ALGO_NUMBA_CUDA DONE. [time: 0.002429962158203125 s, all close: True, d_inf: 2.7284841053187847e-12, speed-up vs reference: 31.50]
REPETITION: 10/10:
APPROACH 1: QMATMUL_NAIVE_NUMBA_ST...
APPROACH 1: QMATMUL_NAIVE_NUMBA_ST DONE. [time: 0.07661604881286621 s, all close: True, d_inf: 0.0, speed-up vs reference: 1.00]
APPROACH 2: QMATMUL_NAIVE_NUMBA_PARALLEL...
APPROACH 2: QMATMUL_NAIVE_NUMBA_PARALLEL DONE. [time: 0.006322383880615234 s, all close: True, d_inf: 0.0, speed-up vs reference: 12.11]
APPROACH 3: QMATMUL_DIRECT_NUMPY...
APPROACH 3: QMATMUL_DIRECT_NUMPY DONE. [time: 0.0009016990661621094 s, all close: True, d_inf: 2.9558577807620168e-12, speed-up vs reference: 84.88]
APPROACH 4: QMATMUL_ALGO_NUMPY...
APPROACH 4: QMATMUL_ALGO_NUMPY DONE. [time: 0.0007536411285400391 s, all close: True, d_inf: 2.7284841053187847e-12, speed-up vs reference: 101.56]
APPROACH 5: QMATMUL_DIRECT_NUMBA_CUDA...
APPROACH 5: QMATMUL_DIRECT_NUMBA_CUDA DONE. [time: 0.001058816909790039 s, all close: True, d_inf: 4.320099833421409e-12, speed-up vs reference: 72.29]
APPROACH 6: QMATMUL_ALGO_NUMBA_CUDA...
APPROACH 6: QMATMUL_ALGO_NUMBA_CUDA DONE. [time: 0.0024902820587158203 s, all close: True, d_inf: 2.7284841053187847e-12, speed-up vs reference: 30.74]
================================================================================================================================================================================================================
SUMMARY:
APPROACH 1: QMATMUL_NAIVE_NUMBA_ST (REFERENCE) -> MEAN TIME: 0.07665538787841797, STD: 6.633591553844002e-05, SPEED-UP: 1.00
APPROACH 2: QMATMUL_NAIVE_NUMBA_PARALLEL -> MEAN TIME: 0.006456351280212403, STD: 0.0008151568418692958, SPEED-UP: 11.87
APPROACH 3: QMATMUL_DIRECT_NUMPY -> MEAN TIME: 0.0009424686431884766, STD: 0.00012090097773673116, SPEED-UP: 81.33
APPROACH 4: QMATMUL_ALGO_NUMPY -> MEAN TIME: 0.0007931232452392578, STD: 0.0001100144654050839, SPEED-UP: 96.65
APPROACH 5: QMATMUL_DIRECT_NUMBA_CUDA -> MEAN TIME: 0.0012349367141723632, STD: 0.00022022263673975828, SPEED-UP: 62.07
APPROACH 6: QMATMUL_ALGO_NUMBA_CUDA -> MEAN TIME: 0.0024322748184204103, STD: 0.00021696179908527115, SPEED-UP: 31.52
================================================================================================================================================================================================================
QUATERNIONS MAIN DONE. [time: 1.9804534912109375 s]
