QUATERNIONS MAIN...
HASH STRING: 3703776911_87377_044_[1000;3000;2000;10;float64;10;TTTTTT]
================================================================================================================================================================================================================
EXPERIMENT INFO:
{
  M: 1000,
  N: 3000,
  P: 2000,
  SEED: 0,
  RANGE: 10,
  DTYPE: <class 'numpy.float64'>,
  REPETITIONS: 10,
  NUMPY_SINGLE_THREAD: True,
  QMATMUL_NAIVE_NUMBA_ST: (True, 'qmatmul_naive_numba_st_float64'),
  QMATMUL_NAIVE_NUMBA_PARALLEL: (True, 'qmatmul_naive_numba_parallel_float64'),
  QMATMUL_DIRECT_NUMPY: (True, 'qmatmul_direct_numpy'),
  QMATMUL_ALGO_NUMPY: (True, 'qmatmul_algo_numpy'),
  QMATMUL_DIRECT_NUMBA_CUDA: (True, 'qmatmul_direct_numba_cuda_float64'),
  QMATMUL_ALGO_NUMBA_CUDA: (True, 'qmatmul_algo_numba_cuda_float64')
}
================================================================================================================================================================================================================
CPU AND SYSTEM PROPS:
{
  cpu_name: Intel(R) Core(TM) i7-10700 CPU @ 2.90GHz,
  ram_size: 125.7 GB,
  os_name: Linux 6.8.0-71-generic,
  os_version: #71-Ubuntu SMP PREEMPT_DYNAMIC Tue Jul 22 16:52:38 UTC 2025,
  os_machine: x86_64
}
GPU PROPS:
{
  name: NVIDIA GeForce RTX 3090,
  max_threads_per_block: 1024,
  max_block_dim_x: 1024,
  max_block_dim_y: 1024,
  max_block_dim_z: 64,
  max_grid_dim_x: 2147483647,
  max_grid_dim_y: 65535,
  max_grid_dim_z: 65535,
  max_shared_memory_per_block: 49152,
  async_engine_count: 2,
  can_map_host_memory: 1,
  multiprocessor_count: 82,
  warp_size: 32,
  unified_addressing: 1,
  pci_bus_id: 1,
  pci_device_id: 0,
  compute_capability: (8, 6),
  cores_per_SM: 128,
  cores_total: 10496
}
================================================================================================================================================================================================================
MEMORY INFO:
A: 91.553 MB
B: 183.105 MB
C: 61.035 MB
================================================================================================================================================================================================================
REPETITION: 1/10:
APPROACH 1: QMATMUL_NAIVE_NUMBA_ST...
APPROACH 1: QMATMUL_NAIVE_NUMBA_ST DONE. [time: 459.08888506889343 s, all close: True, d_inf: 0.0, speed-up vs reference: 1.00, reference]
APPROACH 2: QMATMUL_NAIVE_NUMBA_PARALLEL...
APPROACH 2: QMATMUL_NAIVE_NUMBA_PARALLEL DONE. [time: 42.90787625312805 s, all close: True, d_inf: 0.0, speed-up vs reference: 10.70]
APPROACH 3: QMATMUL_DIRECT_NUMPY...
APPROACH 3: QMATMUL_DIRECT_NUMPY DONE. [time: 3.089550256729126 s, all close: True, d_inf: 8.731149137020111e-11, speed-up vs reference: 148.59]
APPROACH 4: QMATMUL_ALGO_NUMPY...
APPROACH 4: QMATMUL_ALGO_NUMPY DONE. [time: 1.774550437927246 s, all close: True, d_inf: 8.731149137020111e-11, speed-up vs reference: 258.71]
APPROACH 5: QMATMUL_DIRECT_NUMBA_CUDA...
APPROACH 5: QMATMUL_DIRECT_NUMBA_CUDA DONE. [time: 0.6183881759643555 s, all close: True, d_inf: 1.9281287677586079e-10, speed-up vs reference: 742.40]
APPROACH 6: QMATMUL_ALGO_NUMBA_CUDA...
APPROACH 6: QMATMUL_ALGO_NUMBA_CUDA DONE. [time: 0.32564520835876465 s, all close: True, d_inf: 1.1391421139705926e-10, speed-up vs reference: 1409.78]
REPETITION: 2/10:
APPROACH 1: QMATMUL_NAIVE_NUMBA_ST...
APPROACH 1: QMATMUL_NAIVE_NUMBA_ST DONE. [time: 460.68167901039124 s, all close: True, d_inf: 0.0, speed-up vs reference: 1.00]
APPROACH 2: QMATMUL_NAIVE_NUMBA_PARALLEL...
APPROACH 2: QMATMUL_NAIVE_NUMBA_PARALLEL DONE. [time: 42.5981228351593 s, all close: True, d_inf: 0.0, speed-up vs reference: 10.78]
APPROACH 3: QMATMUL_DIRECT_NUMPY...
APPROACH 3: QMATMUL_DIRECT_NUMPY DONE. [time: 3.0979127883911133 s, all close: True, d_inf: 8.731149137020111e-11, speed-up vs reference: 148.19]
APPROACH 4: QMATMUL_ALGO_NUMPY...
APPROACH 4: QMATMUL_ALGO_NUMPY DONE. [time: 1.7751359939575195 s, all close: True, d_inf: 8.731149137020111e-11, speed-up vs reference: 258.62]
APPROACH 5: QMATMUL_DIRECT_NUMBA_CUDA...
APPROACH 5: QMATMUL_DIRECT_NUMBA_CUDA DONE. [time: 0.6242451667785645 s, all close: True, d_inf: 1.9281287677586079e-10, speed-up vs reference: 735.43]
APPROACH 6: QMATMUL_ALGO_NUMBA_CUDA...
APPROACH 6: QMATMUL_ALGO_NUMBA_CUDA DONE. [time: 0.3296792507171631 s, all close: True, d_inf: 1.1391421139705926e-10, speed-up vs reference: 1392.53]
REPETITION: 3/10:
APPROACH 1: QMATMUL_NAIVE_NUMBA_ST...
APPROACH 1: QMATMUL_NAIVE_NUMBA_ST DONE. [time: 460.6968653202057 s, all close: True, d_inf: 0.0, speed-up vs reference: 1.00]
APPROACH 2: QMATMUL_NAIVE_NUMBA_PARALLEL...
APPROACH 2: QMATMUL_NAIVE_NUMBA_PARALLEL DONE. [time: 42.81410336494446 s, all close: True, d_inf: 0.0, speed-up vs reference: 10.72]
APPROACH 3: QMATMUL_DIRECT_NUMPY...
APPROACH 3: QMATMUL_DIRECT_NUMPY DONE. [time: 3.085374593734741 s, all close: True, d_inf: 8.731149137020111e-11, speed-up vs reference: 148.80]
APPROACH 4: QMATMUL_ALGO_NUMPY...
APPROACH 4: QMATMUL_ALGO_NUMPY DONE. [time: 1.7741000652313232 s, all close: True, d_inf: 8.731149137020111e-11, speed-up vs reference: 258.77]
APPROACH 5: QMATMUL_DIRECT_NUMBA_CUDA...
APPROACH 5: QMATMUL_DIRECT_NUMBA_CUDA DONE. [time: 0.6317663192749023 s, all close: True, d_inf: 1.9281287677586079e-10, speed-up vs reference: 726.68]
APPROACH 6: QMATMUL_ALGO_NUMBA_CUDA...
APPROACH 6: QMATMUL_ALGO_NUMBA_CUDA DONE. [time: 0.32111430168151855 s, all close: True, d_inf: 1.1391421139705926e-10, speed-up vs reference: 1429.67]
REPETITION: 4/10:
APPROACH 1: QMATMUL_NAIVE_NUMBA_ST...
APPROACH 1: QMATMUL_NAIVE_NUMBA_ST DONE. [time: 460.69532322883606 s, all close: True, d_inf: 0.0, speed-up vs reference: 1.00]
APPROACH 2: QMATMUL_NAIVE_NUMBA_PARALLEL...
APPROACH 2: QMATMUL_NAIVE_NUMBA_PARALLEL DONE. [time: 42.764660358428955 s, all close: True, d_inf: 0.0, speed-up vs reference: 10.74]
APPROACH 3: QMATMUL_DIRECT_NUMPY...
APPROACH 3: QMATMUL_DIRECT_NUMPY DONE. [time: 3.088533639907837 s, all close: True, d_inf: 8.731149137020111e-11, speed-up vs reference: 148.64]
APPROACH 4: QMATMUL_ALGO_NUMPY...
APPROACH 4: QMATMUL_ALGO_NUMPY DONE. [time: 1.7761280536651611 s, all close: True, d_inf: 8.731149137020111e-11, speed-up vs reference: 258.48]
APPROACH 5: QMATMUL_DIRECT_NUMBA_CUDA...
APPROACH 5: QMATMUL_DIRECT_NUMBA_CUDA DONE. [time: 0.6134567260742188 s, all close: True, d_inf: 1.9281287677586079e-10, speed-up vs reference: 748.36]
APPROACH 6: QMATMUL_ALGO_NUMBA_CUDA...
APPROACH 6: QMATMUL_ALGO_NUMBA_CUDA DONE. [time: 0.3230741024017334 s, all close: True, d_inf: 1.1391421139705926e-10, speed-up vs reference: 1421.00]
REPETITION: 5/10:
APPROACH 1: QMATMUL_NAIVE_NUMBA_ST...
APPROACH 1: QMATMUL_NAIVE_NUMBA_ST DONE. [time: 462.7721166610718 s, all close: True, d_inf: 0.0, speed-up vs reference: 0.99]
APPROACH 2: QMATMUL_NAIVE_NUMBA_PARALLEL...
APPROACH 2: QMATMUL_NAIVE_NUMBA_PARALLEL DONE. [time: 42.271912574768066 s, all close: True, d_inf: 0.0, speed-up vs reference: 10.86]
APPROACH 3: QMATMUL_DIRECT_NUMPY...
APPROACH 3: QMATMUL_DIRECT_NUMPY DONE. [time: 3.0822560787200928 s, all close: True, d_inf: 8.731149137020111e-11, speed-up vs reference: 148.95]
APPROACH 4: QMATMUL_ALGO_NUMPY...
APPROACH 4: QMATMUL_ALGO_NUMPY DONE. [time: 1.7756469249725342 s, all close: True, d_inf: 8.731149137020111e-11, speed-up vs reference: 258.55]
APPROACH 5: QMATMUL_DIRECT_NUMBA_CUDA...
APPROACH 5: QMATMUL_DIRECT_NUMBA_CUDA DONE. [time: 0.630847692489624 s, all close: True, d_inf: 1.9281287677586079e-10, speed-up vs reference: 727.73]
APPROACH 6: QMATMUL_ALGO_NUMBA_CUDA...
APPROACH 6: QMATMUL_ALGO_NUMBA_CUDA DONE. [time: 0.32372593879699707 s, all close: True, d_inf: 1.1391421139705926e-10, speed-up vs reference: 1418.14]
REPETITION: 6/10:
APPROACH 1: QMATMUL_NAIVE_NUMBA_ST...
APPROACH 1: QMATMUL_NAIVE_NUMBA_ST DONE. [time: 462.79100275039673 s, all close: True, d_inf: 0.0, speed-up vs reference: 0.99]
APPROACH 2: QMATMUL_NAIVE_NUMBA_PARALLEL...
APPROACH 2: QMATMUL_NAIVE_NUMBA_PARALLEL DONE. [time: 43.40616703033447 s, all close: True, d_inf: 0.0, speed-up vs reference: 10.58]
APPROACH 3: QMATMUL_DIRECT_NUMPY...
APPROACH 3: QMATMUL_DIRECT_NUMPY DONE. [time: 3.0745866298675537 s, all close: True, d_inf: 8.731149137020111e-11, speed-up vs reference: 149.32]
APPROACH 4: QMATMUL_ALGO_NUMPY...
APPROACH 4: QMATMUL_ALGO_NUMPY DONE. [time: 1.766753911972046 s, all close: True, d_inf: 8.731149137020111e-11, speed-up vs reference: 259.85]
APPROACH 5: QMATMUL_DIRECT_NUMBA_CUDA...
APPROACH 5: QMATMUL_DIRECT_NUMBA_CUDA DONE. [time: 0.632155179977417 s, all close: True, d_inf: 1.9281287677586079e-10, speed-up vs reference: 726.23]
APPROACH 6: QMATMUL_ALGO_NUMBA_CUDA...
APPROACH 6: QMATMUL_ALGO_NUMBA_CUDA DONE. [time: 0.31580090522766113 s, all close: True, d_inf: 1.1391421139705926e-10, speed-up vs reference: 1453.73]
REPETITION: 7/10:
APPROACH 1: QMATMUL_NAIVE_NUMBA_ST...
APPROACH 1: QMATMUL_NAIVE_NUMBA_ST DONE. [time: 462.9703950881958 s, all close: True, d_inf: 0.0, speed-up vs reference: 0.99]
APPROACH 2: QMATMUL_NAIVE_NUMBA_PARALLEL...
APPROACH 2: QMATMUL_NAIVE_NUMBA_PARALLEL DONE. [time: 43.03925633430481 s, all close: True, d_inf: 0.0, speed-up vs reference: 10.67]
APPROACH 3: QMATMUL_DIRECT_NUMPY...
APPROACH 3: QMATMUL_DIRECT_NUMPY DONE. [time: 3.079233407974243 s, all close: True, d_inf: 8.731149137020111e-11, speed-up vs reference: 149.09]
APPROACH 4: QMATMUL_ALGO_NUMPY...
APPROACH 4: QMATMUL_ALGO_NUMPY DONE. [time: 1.7651567459106445 s, all close: True, d_inf: 8.731149137020111e-11, speed-up vs reference: 260.08]
APPROACH 5: QMATMUL_DIRECT_NUMBA_CUDA...
APPROACH 5: QMATMUL_DIRECT_NUMBA_CUDA DONE. [time: 0.6244654655456543 s, all close: True, d_inf: 1.9281287677586079e-10, speed-up vs reference: 735.17]
APPROACH 6: QMATMUL_ALGO_NUMBA_CUDA...
APPROACH 6: QMATMUL_ALGO_NUMBA_CUDA DONE. [time: 0.3225271701812744 s, all close: True, d_inf: 1.1391421139705926e-10, speed-up vs reference: 1423.41]
REPETITION: 8/10:
APPROACH 1: QMATMUL_NAIVE_NUMBA_ST...
APPROACH 1: QMATMUL_NAIVE_NUMBA_ST DONE. [time: 461.0711896419525 s, all close: True, d_inf: 0.0, speed-up vs reference: 1.00]
APPROACH 2: QMATMUL_NAIVE_NUMBA_PARALLEL...
APPROACH 2: QMATMUL_NAIVE_NUMBA_PARALLEL DONE. [time: 43.24670195579529 s, all close: True, d_inf: 0.0, speed-up vs reference: 10.62]
APPROACH 3: QMATMUL_DIRECT_NUMPY...
APPROACH 3: QMATMUL_DIRECT_NUMPY DONE. [time: 3.076427459716797 s, all close: True, d_inf: 8.731149137020111e-11, speed-up vs reference: 149.23]
APPROACH 4: QMATMUL_ALGO_NUMPY...
APPROACH 4: QMATMUL_ALGO_NUMPY DONE. [time: 1.7644305229187012 s, all close: True, d_inf: 8.731149137020111e-11, speed-up vs reference: 260.19]
APPROACH 5: QMATMUL_DIRECT_NUMBA_CUDA...
APPROACH 5: QMATMUL_DIRECT_NUMBA_CUDA DONE. [time: 0.6088528633117676 s, all close: True, d_inf: 1.9281287677586079e-10, speed-up vs reference: 754.02]
APPROACH 6: QMATMUL_ALGO_NUMBA_CUDA...
APPROACH 6: QMATMUL_ALGO_NUMBA_CUDA DONE. [time: 0.3406991958618164 s, all close: True, d_inf: 1.1391421139705926e-10, speed-up vs reference: 1347.49]
REPETITION: 9/10:
APPROACH 1: QMATMUL_NAIVE_NUMBA_ST...
APPROACH 1: QMATMUL_NAIVE_NUMBA_ST DONE. [time: 461.0078730583191 s, all close: True, d_inf: 0.0, speed-up vs reference: 1.00]
APPROACH 2: QMATMUL_NAIVE_NUMBA_PARALLEL...
APPROACH 2: QMATMUL_NAIVE_NUMBA_PARALLEL DONE. [time: 43.49492931365967 s, all close: True, d_inf: 0.0, speed-up vs reference: 10.55]
APPROACH 3: QMATMUL_DIRECT_NUMPY...
APPROACH 3: QMATMUL_DIRECT_NUMPY DONE. [time: 3.0847902297973633 s, all close: True, d_inf: 8.731149137020111e-11, speed-up vs reference: 148.82]
APPROACH 4: QMATMUL_ALGO_NUMPY...
APPROACH 4: QMATMUL_ALGO_NUMPY DONE. [time: 1.7654409408569336 s, all close: True, d_inf: 8.731149137020111e-11, speed-up vs reference: 260.04]
APPROACH 5: QMATMUL_DIRECT_NUMBA_CUDA...
APPROACH 5: QMATMUL_DIRECT_NUMBA_CUDA DONE. [time: 0.6188764572143555 s, all close: True, d_inf: 1.9281287677586079e-10, speed-up vs reference: 741.81]
APPROACH 6: QMATMUL_ALGO_NUMBA_CUDA...
APPROACH 6: QMATMUL_ALGO_NUMBA_CUDA DONE. [time: 0.33252739906311035 s, all close: True, d_inf: 1.1391421139705926e-10, speed-up vs reference: 1380.60]
REPETITION: 10/10:
APPROACH 1: QMATMUL_NAIVE_NUMBA_ST...
APPROACH 1: QMATMUL_NAIVE_NUMBA_ST DONE. [time: 460.62764716148376 s, all close: True, d_inf: 0.0, speed-up vs reference: 1.00]
APPROACH 2: QMATMUL_NAIVE_NUMBA_PARALLEL...
APPROACH 2: QMATMUL_NAIVE_NUMBA_PARALLEL DONE. [time: 43.199594497680664 s, all close: True, d_inf: 0.0, speed-up vs reference: 10.63]
APPROACH 3: QMATMUL_DIRECT_NUMPY...
APPROACH 3: QMATMUL_DIRECT_NUMPY DONE. [time: 3.0744621753692627 s, all close: True, d_inf: 8.731149137020111e-11, speed-up vs reference: 149.32]
APPROACH 4: QMATMUL_ALGO_NUMPY...
APPROACH 4: QMATMUL_ALGO_NUMPY DONE. [time: 1.764411449432373 s, all close: True, d_inf: 8.731149137020111e-11, speed-up vs reference: 260.19]
APPROACH 5: QMATMUL_DIRECT_NUMBA_CUDA...
APPROACH 5: QMATMUL_DIRECT_NUMBA_CUDA DONE. [time: 0.6203513145446777 s, all close: True, d_inf: 1.9281287677586079e-10, speed-up vs reference: 740.05]
APPROACH 6: QMATMUL_ALGO_NUMBA_CUDA...
APPROACH 6: QMATMUL_ALGO_NUMBA_CUDA DONE. [time: 0.3308558464050293 s, all close: True, d_inf: 1.1391421139705926e-10, speed-up vs reference: 1387.58]
================================================================================================================================================================================================================
SUMMARY:
APPROACH 1: QMATMUL_NAIVE_NUMBA_ST (REFERENCE) -> MEAN TIME: 461.2402976989746, STD: 1.1719769179665023, SPEED-UP: 1.00
APPROACH 2: QMATMUL_NAIVE_NUMBA_PARALLEL -> MEAN TIME: 42.97433245182037, STD: 0.35994790942499444, SPEED-UP: 10.73
APPROACH 3: QMATMUL_DIRECT_NUMPY -> MEAN TIME: 3.083312726020813, STD: 0.0071091638079381625, SPEED-UP: 149.59
APPROACH 4: QMATMUL_ALGO_NUMPY -> MEAN TIME: 1.7701755046844483, STD: 0.005000584255101538, SPEED-UP: 260.56
APPROACH 5: QMATMUL_DIRECT_NUMBA_CUDA -> MEAN TIME: 0.6223405361175537, STD: 0.00747064032924625, SPEED-UP: 741.14
APPROACH 6: QMATMUL_ALGO_NUMBA_CUDA -> MEAN TIME: 0.32656493186950686, STD: 0.006681378487211291, SPEED-UP: 1412.40
================================================================================================================================================================================================================
QUATERNIONS MAIN DONE. [time: 5105.42106461525 s]
