QUATERNIONS MAIN...
HASH STRING: 3769612192_81377_901_[3000;5000;7000;10;float32;3;FFFFTT]
================================================================================================================================================================================================================
EXPERIMENT INFO:
{
  M: 3000,
  N: 5000,
  P: 7000,
  SEED: 0,
  RANGE: 10,
  DTYPE: <class 'numpy.float32'>,
  REPETITIONS: 3,
  NUMPY_SINGLE_THREAD: True,
  QMATMUL_NAIVE_NUMBA_ST: (False, 'qmatmul_naive_numba_st_float32'),
  QMATMUL_NAIVE_NUMBA_PARALLEL: (False, 'qmatmul_naive_numba_parallel_float32'),
  QMATMUL_DIRECT_NUMPY: (False, 'qmatmul_direct_numpy'),
  QMATMUL_ALGO_NUMPY: (False, 'qmatmul_algo_numpy'),
  QMATMUL_DIRECT_NUMBA_CUDA: (True, 'qmatmul_direct_numba_cuda_float32'),
  QMATMUL_ALGO_NUMBA_CUDA: (True, 'qmatmul_algo_numba_cuda_float32')
}
================================================================================================================================================================================================================
CPU AND SYSTEM PROPS:
{
  cpu_name: AMD Ryzen 9 9950X 16-Core Processor,
  ram_size: 123.4 GB,
  os_name: Linux 6.14.0-37-generic,
  os_version: #37~24.04.1-Ubuntu SMP PREEMPT_DYNAMIC Thu Nov 20 10:25:38 UTC 2,
  os_machine: x86_64
}
GPU PROPS:
{
  name: NVIDIA GeForce RTX 5090,
  max_threads_per_block: 1024,
  max_block_dim_x: 1024,
  max_block_dim_y: 1024,
  max_block_dim_z: 64,
  max_grid_dim_x: 2147483647,
  max_grid_dim_y: 65535,
  max_grid_dim_z: 65535,
  max_shared_memory_per_block: 49152,
  async_engine_count: 2,
  can_map_host_memory: 1,
  multiprocessor_count: 170,
  warp_size: 32,
  unified_addressing: 1,
  pci_bus_id: 1,
  pci_device_id: 0,
  compute_capability: ComputeCapability(major=12, minor=0),
  cores_per_SM: 128,
  cores_total: 21760
}
================================================================================================================================================================================================================
MEMORY INFO:
A: 228.882 MB
B: 534.058 MB
C: 320.435 MB
================================================================================================================================================================================================================
REPETITION: 1/3:
APPROACH 1: QMATMUL_NAIVE_NUMBA_ST OFF.
APPROACH 2: QMATMUL_NAIVE_NUMBA_PARALLEL OFF.
APPROACH 3: QMATMUL_DIRECT_NUMPY OFF.
APPROACH 4: QMATMUL_ALGO_NUMPY OFF.
APPROACH 5: QMATMUL_DIRECT_NUMBA_CUDA...
APPROACH 5: QMATMUL_DIRECT_NUMBA_CUDA DONE. [time: 1.7341368198394775 s, all close: True, d_inf: 0.0, speed-up vs reference: 1.00, reference]
APPROACH 6: QMATMUL_ALGO_NUMBA_CUDA...
QMATMUL_ALGO_NUMBA_CUDA_FLOAT32...
[time stacks: 0.06041312217712402 s, tpb: 512]
[time h4s: 0.0012357234954833984 s, tpb: (16, 16)]
[time d4: 0.16275405883789062 s, bpg: (438, 188, 4), tpb: (16, 16)]
[time h4d4: 0.0005385875701904297 s, bpg: (438, 188), tpb: (16, 16)]
[time a4lb4l: 0.16222214698791504 s, bpg: (438, 188, 4), tpb: (16, 16)]
[time sub: 0.0011601448059082031 s, bpg: (750, 438), tpb: (16, 16)]
[time c: 0.036667585372924805 s, bpg: 164063, tpb: 512]
QMATMUL_ALGO_NUMBA_CUDA_FLOAT32 DONE. [time: 0.42517638206481934 s]
APPROACH 6: QMATMUL_ALGO_NUMBA_CUDA DONE. [time: 0.43546056747436523 s, all close: True, d_inf: 0.232421875, speed-up vs reference: 3.98]
REPETITION: 2/3:
APPROACH 1: QMATMUL_NAIVE_NUMBA_ST OFF.
APPROACH 2: QMATMUL_NAIVE_NUMBA_PARALLEL OFF.
APPROACH 3: QMATMUL_DIRECT_NUMPY OFF.
APPROACH 4: QMATMUL_ALGO_NUMPY OFF.
APPROACH 5: QMATMUL_DIRECT_NUMBA_CUDA...
APPROACH 5: QMATMUL_DIRECT_NUMBA_CUDA DONE. [time: 1.741865873336792 s, all close: True, d_inf: 0.0, speed-up vs reference: 1.00]
APPROACH 6: QMATMUL_ALGO_NUMBA_CUDA...
QMATMUL_ALGO_NUMBA_CUDA_FLOAT32...
[time stacks: 0.06060624122619629 s, tpb: 512]
[time h4s: 0.0013480186462402344 s, tpb: (16, 16)]
[time d4: 0.16202616691589355 s, bpg: (438, 188, 4), tpb: (16, 16)]
[time h4d4: 0.0005040168762207031 s, bpg: (438, 188), tpb: (16, 16)]
[time a4lb4l: 0.16437649726867676 s, bpg: (438, 188, 4), tpb: (16, 16)]
[time sub: 0.0013461112976074219 s, bpg: (750, 438), tpb: (16, 16)]
[time c: 0.03614640235900879 s, bpg: 164063, tpb: 512]
QMATMUL_ALGO_NUMBA_CUDA_FLOAT32 DONE. [time: 0.4265561103820801 s]
APPROACH 6: QMATMUL_ALGO_NUMBA_CUDA DONE. [time: 0.4371969699859619 s, all close: True, d_inf: 0.232421875, speed-up vs reference: 3.97]
REPETITION: 3/3:
APPROACH 1: QMATMUL_NAIVE_NUMBA_ST OFF.
APPROACH 2: QMATMUL_NAIVE_NUMBA_PARALLEL OFF.
APPROACH 3: QMATMUL_DIRECT_NUMPY OFF.
APPROACH 4: QMATMUL_ALGO_NUMPY OFF.
APPROACH 5: QMATMUL_DIRECT_NUMBA_CUDA...
APPROACH 5: QMATMUL_DIRECT_NUMBA_CUDA DONE. [time: 1.7408955097198486 s, all close: True, d_inf: 0.0, speed-up vs reference: 1.00]
APPROACH 6: QMATMUL_ALGO_NUMBA_CUDA...
QMATMUL_ALGO_NUMBA_CUDA_FLOAT32...
[time stacks: 0.060582637786865234 s, tpb: 512]
[time h4s: 0.0011985301971435547 s, tpb: (16, 16)]
[time d4: 0.16179895401000977 s, bpg: (438, 188, 4), tpb: (16, 16)]
[time h4d4: 0.0005042552947998047 s, bpg: (438, 188), tpb: (16, 16)]
[time a4lb4l: 0.16166400909423828 s, bpg: (438, 188, 4), tpb: (16, 16)]
[time sub: 0.001119852066040039 s, bpg: (750, 438), tpb: (16, 16)]
[time c: 0.03649449348449707 s, bpg: 164063, tpb: 512]
QMATMUL_ALGO_NUMBA_CUDA_FLOAT32 DONE. [time: 0.42354774475097656 s]
APPROACH 6: QMATMUL_ALGO_NUMBA_CUDA DONE. [time: 0.4335463047027588 s, all close: True, d_inf: 0.232421875, speed-up vs reference: 4.00]
================================================================================================================================================================================================================
SUMMARY:
APPROACH 1: QMATMUL_NAIVE_NUMBA_ST OFF.
APPROACH 2: QMATMUL_NAIVE_NUMBA_PARALLEL OFF.
APPROACH 3: QMATMUL_DIRECT_NUMPY OFF.
APPROACH 4: QMATMUL_ALGO_NUMPY OFF.
APPROACH 5: QMATMUL_DIRECT_NUMBA_CUDA (REFERENCE) -> MEAN TIME: 1.7389660676320393, STD: 0.003437695649583159, SPEED-UP: 1.00
APPROACH 6: QMATMUL_ALGO_NUMBA_CUDA -> MEAN TIME: 0.4354012807210286, STD: 0.0014909673463531505, SPEED-UP: 3.99
================================================================================================================================================================================================================
QUATERNIONS MAIN DONE. [time: 10.255104780197144 s]
