QUATERNIONS MAIN...
HASH STRING: 3862231655_01738_203_[3000;3000;3000;10;float64;3;TTTTTT]
================================================================================================================================================================================================================
EXPERIMENT INFO:
{
  M: 3000,
  N: 3000,
  P: 3000,
  SEED: 0,
  RANGE: 10,
  DTYPE: <class 'numpy.float64'>,
  REPETITIONS: 3,
  NUMPY_SINGLE_THREAD: True,
  QMATMUL_NAIVE_NUMBA_ST: (True, 'qmatmul_naive_numba_st_float64'),
  QMATMUL_NAIVE_NUMBA_PARALLEL: (True, 'qmatmul_naive_numba_parallel_float64'),
  QMATMUL_DIRECT_NUMPY: (True, 'qmatmul_direct_numpy'),
  QMATMUL_ALGO_NUMPY: (True, 'qmatmul_algo_numpy'),
  QMATMUL_DIRECT_NUMBA_CUDA: (True, 'qmatmul_direct_numba_cuda_float64'),
  QMATMUL_ALGO_NUMBA_CUDA: (True, 'qmatmul_algo_numba_cuda_float64')
}
================================================================================================================================================================================================================
CPU AND SYSTEM PROPS:
{
  cpu_name: Intel(R) Core(TM) i7-10700 CPU @ 2.90GHz,
  ram_size: 125.7 GB,
  os_name: Linux 6.8.0-63-generic,
  os_version: #66-Ubuntu SMP PREEMPT_DYNAMIC Fri Jun 13 20:25:30 UTC 2025,
  os_machine: x86_64
}
GPU PROPS:
{
  name: NVIDIA GeForce RTX 3090,
  max_threads_per_block: 1024,
  max_block_dim_x: 1024,
  max_block_dim_y: 1024,
  max_block_dim_z: 64,
  max_grid_dim_x: 2147483647,
  max_grid_dim_y: 65535,
  max_grid_dim_z: 65535,
  max_shared_memory_per_block: 49152,
  async_engine_count: 2,
  can_map_host_memory: 1,
  multiprocessor_count: 82,
  warp_size: 32,
  unified_addressing: 1,
  pci_bus_id: 1,
  pci_device_id: 0,
  compute_capability: (8, 6),
  cores_per_SM: 128,
  cores_total: 10496
}
================================================================================================================================================================================================================
MEMORY INFO:
A: 274.658 MB
B: 274.658 MB
C: 274.658 MB
================================================================================================================================================================================================================
REPETITION: 1/3:
APPROACH 1: QMATMUL_NAIVE_NUMBA_ST...
APPROACH 1: QMATMUL_NAIVE_NUMBA_ST DONE. [time: 2045.6691884994507 s, all close: True, d_inf: 0.0, speed-up vs reference: 1.00, reference]
APPROACH 2: QMATMUL_NAIVE_NUMBA_PARALLEL...
APPROACH 2: QMATMUL_NAIVE_NUMBA_PARALLEL DONE. [time: 185.67810893058777 s, all close: True, d_inf: 0.0, speed-up vs reference: 11.02]
APPROACH 3: QMATMUL_DIRECT_NUMPY...
APPROACH 3: QMATMUL_DIRECT_NUMPY DONE. [time: 13.429015398025513 s, all close: True, d_inf: 9.276845958083868e-11, speed-up vs reference: 152.33]
APPROACH 4: QMATMUL_ALGO_NUMPY...
APPROACH 4: QMATMUL_ALGO_NUMPY DONE. [time: 7.526186227798462 s, all close: True, d_inf: 9.458744898438454e-11, speed-up vs reference: 271.81]
APPROACH 5: QMATMUL_DIRECT_NUMBA_CUDA...
APPROACH 5: QMATMUL_DIRECT_NUMBA_CUDA DONE. [time: 2.45137619972229 s, all close: True, d_inf: 2.128217602148652e-10, speed-up vs reference: 834.50]
APPROACH 6: QMATMUL_ALGO_NUMBA_CUDA...
APPROACH 6: QMATMUL_ALGO_NUMBA_CUDA DONE. [time: 1.2466034889221191 s, all close: True, d_inf: 1.1823431123048067e-10, speed-up vs reference: 1640.99]
REPETITION: 2/3:
APPROACH 1: QMATMUL_NAIVE_NUMBA_ST...
APPROACH 1: QMATMUL_NAIVE_NUMBA_ST DONE. [time: 2046.0972301959991 s, all close: True, d_inf: 0.0, speed-up vs reference: 1.00]
APPROACH 2: QMATMUL_NAIVE_NUMBA_PARALLEL...
APPROACH 2: QMATMUL_NAIVE_NUMBA_PARALLEL DONE. [time: 185.5399124622345 s, all close: True, d_inf: 0.0, speed-up vs reference: 11.03]
APPROACH 3: QMATMUL_DIRECT_NUMPY...
APPROACH 3: QMATMUL_DIRECT_NUMPY DONE. [time: 13.409241199493408 s, all close: True, d_inf: 9.276845958083868e-11, speed-up vs reference: 152.56]
APPROACH 4: QMATMUL_ALGO_NUMPY...
APPROACH 4: QMATMUL_ALGO_NUMPY DONE. [time: 7.534200668334961 s, all close: True, d_inf: 9.458744898438454e-11, speed-up vs reference: 271.52]
APPROACH 5: QMATMUL_DIRECT_NUMBA_CUDA...
APPROACH 5: QMATMUL_DIRECT_NUMBA_CUDA DONE. [time: 2.4528424739837646 s, all close: True, d_inf: 2.128217602148652e-10, speed-up vs reference: 834.00]
APPROACH 6: QMATMUL_ALGO_NUMBA_CUDA...
APPROACH 6: QMATMUL_ALGO_NUMBA_CUDA DONE. [time: 1.2464227676391602 s, all close: True, d_inf: 1.1823431123048067e-10, speed-up vs reference: 1641.23]
REPETITION: 3/3:
APPROACH 1: QMATMUL_NAIVE_NUMBA_ST...
APPROACH 1: QMATMUL_NAIVE_NUMBA_ST DONE. [time: 2046.1318762302399 s, all close: True, d_inf: 0.0, speed-up vs reference: 1.00]
APPROACH 2: QMATMUL_NAIVE_NUMBA_PARALLEL...
APPROACH 2: QMATMUL_NAIVE_NUMBA_PARALLEL DONE. [time: 184.7712950706482 s, all close: True, d_inf: 0.0, speed-up vs reference: 11.07]
APPROACH 3: QMATMUL_DIRECT_NUMPY...
APPROACH 3: QMATMUL_DIRECT_NUMPY DONE. [time: 13.406756162643433 s, all close: True, d_inf: 9.276845958083868e-11, speed-up vs reference: 152.58]
APPROACH 4: QMATMUL_ALGO_NUMPY...
APPROACH 4: QMATMUL_ALGO_NUMPY DONE. [time: 7.525516986846924 s, all close: True, d_inf: 9.458744898438454e-11, speed-up vs reference: 271.83]
APPROACH 5: QMATMUL_DIRECT_NUMBA_CUDA...
APPROACH 5: QMATMUL_DIRECT_NUMBA_CUDA DONE. [time: 2.4625301361083984 s, all close: True, d_inf: 2.128217602148652e-10, speed-up vs reference: 830.72]
APPROACH 6: QMATMUL_ALGO_NUMBA_CUDA...
APPROACH 6: QMATMUL_ALGO_NUMBA_CUDA DONE. [time: 1.2473974227905273 s, all close: True, d_inf: 1.1823431123048067e-10, speed-up vs reference: 1639.95]
================================================================================================================================================================================================================
SUMMARY:
APPROACH 1: QMATMUL_NAIVE_NUMBA_ST (REFERENCE) -> MEAN TIME: 2045.9660983085632, STD: 0.21042284885849882, SPEED-UP: 1.00
APPROACH 2: QMATMUL_NAIVE_NUMBA_PARALLEL -> MEAN TIME: 185.32977215449014, STD: 0.39891273552728596, SPEED-UP: 11.04
APPROACH 3: QMATMUL_DIRECT_NUMPY -> MEAN TIME: 13.415004253387451, STD: 0.009959182784008746, SPEED-UP: 152.51
APPROACH 4: QMATMUL_ALGO_NUMPY -> MEAN TIME: 7.528634627660115, STD: 0.003945256853347556, SPEED-UP: 271.76
APPROACH 5: QMATMUL_DIRECT_NUMBA_CUDA -> MEAN TIME: 2.455582936604818, STD: 0.004948749051317917, SPEED-UP: 833.19
APPROACH 6: QMATMUL_ALGO_NUMBA_CUDA -> MEAN TIME: 1.2468078931172688, STD: 0.00042333908573605504, SPEED-UP: 1640.96
================================================================================================================================================================================================================
QUATERNIONS MAIN DONE. [time: 6774.7076115608215 s]
