QUATERNIONS MAIN...
HASH STRING: 3885002483_49140_901_[3000;4000;5000;10;float32;3;FFFTTT]
================================================================================================================================================================================================================
EXPERIMENT INFO:
{
  M: 3000,
  N: 4000,
  P: 5000,
  SEED: 0,
  RANGE: 10,
  DTYPE: <class 'numpy.float32'>,
  REPETITIONS: 3,
  NUMPY_SINGLE_THREAD: True,
  QMATMUL_NAIVE_NUMBA_ST: (False, 'qmatmul_naive_numba_st_float32'),
  QMATMUL_NAIVE_NUMBA_PARALLEL: (False, 'qmatmul_naive_numba_parallel_float32'),
  QMATMUL_DIRECT_NUMPY: (False, 'qmatmul_direct_numpy'),
  QMATMUL_ALGO_NUMPY: (True, 'qmatmul_algo_numpy'),
  QMATMUL_DIRECT_NUMBA_CUDA: (True, 'qmatmul_direct_numba_cuda_float32'),
  QMATMUL_ALGO_NUMBA_CUDA: (True, 'qmatmul_algo_numba_cuda_float32_PAPER')
}
================================================================================================================================================================================================================
CPU AND SYSTEM PROPS:
{
  cpu_name: AMD Ryzen 9 9950X 16-Core Processor,
  ram_size: 123.4 GB,
  os_name: Linux 6.14.0-37-generic,
  os_version: #37~24.04.1-Ubuntu SMP PREEMPT_DYNAMIC Thu Nov 20 10:25:38 UTC 2,
  os_machine: x86_64
}
GPU PROPS:
{
  name: NVIDIA GeForce RTX 5090,
  max_threads_per_block: 1024,
  max_block_dim_x: 1024,
  max_block_dim_y: 1024,
  max_block_dim_z: 64,
  max_grid_dim_x: 2147483647,
  max_grid_dim_y: 65535,
  max_grid_dim_z: 65535,
  max_shared_memory_per_block: 49152,
  async_engine_count: 2,
  can_map_host_memory: 1,
  multiprocessor_count: 170,
  warp_size: 32,
  unified_addressing: 1,
  pci_bus_id: 1,
  pci_device_id: 0,
  compute_capability: ComputeCapability(major=12, minor=0),
  cores_per_SM: 128,
  cores_total: 21760
}
================================================================================================================================================================================================================
MEMORY INFO:
A: 183.105 MB
B: 305.176 MB
C: 228.882 MB
================================================================================================================================================================================================================
REPETITION: 1/3:
APPROACH 1: QMATMUL_NAIVE_NUMBA_ST OFF.
APPROACH 2: QMATMUL_NAIVE_NUMBA_PARALLEL OFF.
APPROACH 3: QMATMUL_DIRECT_NUMPY OFF.
APPROACH 4: QMATMUL_ALGO_NUMPY...
APPROACH 4: QMATMUL_ALGO_NUMPY DONE. [time: 3.688246726989746 s, all close: True, d_inf: 0.0, speed-up vs reference: 1.00, reference]
APPROACH 5: QMATMUL_DIRECT_NUMBA_CUDA...
APPROACH 5: QMATMUL_DIRECT_NUMBA_CUDA DONE. [time: 0.9901993274688721 s, all close: True, d_inf: 0.16796875, speed-up vs reference: 3.72]
APPROACH 6: QMATMUL_ALGO_NUMBA_CUDA...
QMATMUL_ALGO_NUMBA_CUDA_FLOAT32...
[time stacks: 0.03918814659118652 s, tpb: 512]
[time h4s: 0.001501321792602539 s, tpb: (8, 8)]
[time d4: 0.11188292503356934 s, bpg: (375, 625, 4), tpb: (8, 8)]
[time h4d4: 0.0006806850433349609 s, bpg: (375, 625), tpb: (8, 8)]
[time a4lb4l: 0.11298704147338867 s, bpg: (375, 625, 4), tpb: (8, 8)]
[time sub: 0.0012814998626708984 s, bpg: (1500, 625), tpb: (8, 8)]
[time c: 0.025941848754882812 s, bpg: 117188, tpb: 512]
QMATMUL_ALGO_NUMBA_CUDA_FLOAT32 DONE. [time: 0.29363512992858887 s]
APPROACH 6: QMATMUL_ALGO_NUMBA_CUDA DONE. [time: 0.3010225296020508 s, all close: True, d_inf: 0.0791015625, speed-up vs reference: 12.25]
REPETITION: 2/3:
APPROACH 1: QMATMUL_NAIVE_NUMBA_ST OFF.
APPROACH 2: QMATMUL_NAIVE_NUMBA_PARALLEL OFF.
APPROACH 3: QMATMUL_DIRECT_NUMPY OFF.
APPROACH 4: QMATMUL_ALGO_NUMPY...
APPROACH 4: QMATMUL_ALGO_NUMPY DONE. [time: 3.664382219314575 s, all close: True, d_inf: 0.0, speed-up vs reference: 1.01]
APPROACH 5: QMATMUL_DIRECT_NUMBA_CUDA...
APPROACH 5: QMATMUL_DIRECT_NUMBA_CUDA DONE. [time: 0.9943788051605225 s, all close: True, d_inf: 0.16796875, speed-up vs reference: 3.71]
APPROACH 6: QMATMUL_ALGO_NUMBA_CUDA...
QMATMUL_ALGO_NUMBA_CUDA_FLOAT32...
[time stacks: 0.0392148494720459 s, tpb: 512]
[time h4s: 0.0014331340789794922 s, tpb: (8, 8)]
[time d4: 0.11230587959289551 s, bpg: (375, 625, 4), tpb: (8, 8)]
[time h4d4: 0.0006859302520751953 s, bpg: (375, 625), tpb: (8, 8)]
[time a4lb4l: 0.11399507522583008 s, bpg: (375, 625, 4), tpb: (8, 8)]
[time sub: 0.001528024673461914 s, bpg: (1500, 625), tpb: (8, 8)]
[time c: 0.025864124298095703 s, bpg: 117188, tpb: 512]
QMATMUL_ALGO_NUMBA_CUDA_FLOAT32 DONE. [time: 0.29521632194519043 s]
APPROACH 6: QMATMUL_ALGO_NUMBA_CUDA DONE. [time: 0.30258727073669434 s, all close: True, d_inf: 0.0791015625, speed-up vs reference: 12.19]
REPETITION: 3/3:
APPROACH 1: QMATMUL_NAIVE_NUMBA_ST OFF.
APPROACH 2: QMATMUL_NAIVE_NUMBA_PARALLEL OFF.
APPROACH 3: QMATMUL_DIRECT_NUMPY OFF.
APPROACH 4: QMATMUL_ALGO_NUMPY...
APPROACH 4: QMATMUL_ALGO_NUMPY DONE. [time: 3.6649739742279053 s, all close: True, d_inf: 0.0, speed-up vs reference: 1.01]
APPROACH 5: QMATMUL_DIRECT_NUMBA_CUDA...
APPROACH 5: QMATMUL_DIRECT_NUMBA_CUDA DONE. [time: 0.9964275360107422 s, all close: True, d_inf: 0.16796875, speed-up vs reference: 3.70]
APPROACH 6: QMATMUL_ALGO_NUMBA_CUDA...
QMATMUL_ALGO_NUMBA_CUDA_FLOAT32...
[time stacks: 0.03927803039550781 s, tpb: 512]
[time h4s: 0.0014827251434326172 s, tpb: (8, 8)]
[time d4: 0.11241984367370605 s, bpg: (375, 625, 4), tpb: (8, 8)]
[time h4d4: 0.0006570816040039062 s, bpg: (375, 625), tpb: (8, 8)]
[time a4lb4l: 0.1140599250793457 s, bpg: (375, 625, 4), tpb: (8, 8)]
[time sub: 0.0012989044189453125 s, bpg: (1500, 625), tpb: (8, 8)]
[time c: 0.025955677032470703 s, bpg: 117188, tpb: 512]
QMATMUL_ALGO_NUMBA_CUDA_FLOAT32 DONE. [time: 0.2953307628631592 s]
APPROACH 6: QMATMUL_ALGO_NUMBA_CUDA DONE. [time: 0.3025217056274414 s, all close: True, d_inf: 0.0791015625, speed-up vs reference: 12.19]
================================================================================================================================================================================================================
SUMMARY:
APPROACH 1: QMATMUL_NAIVE_NUMBA_ST OFF.
APPROACH 2: QMATMUL_NAIVE_NUMBA_PARALLEL OFF.
APPROACH 3: QMATMUL_DIRECT_NUMPY OFF.
APPROACH 4: QMATMUL_ALGO_NUMPY (REFERENCE) -> MEAN TIME: 3.6725343068440757, STD: 0.01111298500538652, SPEED-UP: 1.00
APPROACH 5: QMATMUL_DIRECT_NUMBA_CUDA -> MEAN TIME: 0.9936685562133789, STD: 0.0025917800299465835, SPEED-UP: 3.70
APPROACH 6: QMATMUL_ALGO_NUMBA_CUDA -> MEAN TIME: 0.3020438353220622, STD: 0.0007226680778816925, SPEED-UP: 12.16
================================================================================================================================================================================================================
QUATERNIONS MAIN DONE. [time: 18.44516634941101 s]
