QUATERNIONS MAIN...
HASH STRING: 4215122437_05064_203_[2000;2000;2000;10;float32;3;TTTTTT]
================================================================================================================================================================================================================
EXPERIMENT INFO:
{
  M: 2000,
  N: 2000,
  P: 2000,
  SEED: 0,
  RANGE: 10,
  DTYPE: <class 'numpy.float32'>,
  REPETITIONS: 3,
  NUMPY_SINGLE_THREAD: True,
  QMATMUL_NAIVE_NUMBA_ST: (True, 'qmatmul_naive_numba_st_float32'),
  QMATMUL_NAIVE_NUMBA_PARALLEL: (True, 'qmatmul_naive_numba_parallel_float32'),
  QMATMUL_DIRECT_NUMPY: (True, 'qmatmul_direct_numpy'),
  QMATMUL_ALGO_NUMPY: (True, 'qmatmul_algo_numpy'),
  QMATMUL_DIRECT_NUMBA_CUDA: (True, 'qmatmul_direct_numba_cuda_float32'),
  QMATMUL_ALGO_NUMBA_CUDA: (True, 'qmatmul_algo_numba_cuda_float32')
}
================================================================================================================================================================================================================
CPU AND SYSTEM PROPS:
{
  cpu_name: Intel(R) Core(TM) i7-10700 CPU @ 2.90GHz,
  ram_size: 125.7 GB,
  os_name: Linux 6.8.0-63-generic,
  os_version: #66-Ubuntu SMP PREEMPT_DYNAMIC Fri Jun 13 20:25:30 UTC 2025,
  os_machine: x86_64
}
GPU PROPS:
{
  name: NVIDIA GeForce RTX 3090,
  max_threads_per_block: 1024,
  max_block_dim_x: 1024,
  max_block_dim_y: 1024,
  max_block_dim_z: 64,
  max_grid_dim_x: 2147483647,
  max_grid_dim_y: 65535,
  max_grid_dim_z: 65535,
  max_shared_memory_per_block: 49152,
  async_engine_count: 2,
  can_map_host_memory: 1,
  multiprocessor_count: 82,
  warp_size: 32,
  unified_addressing: 1,
  pci_bus_id: 1,
  pci_device_id: 0,
  compute_capability: (8, 6),
  cores_per_SM: 128,
  cores_total: 10496
}
================================================================================================================================================================================================================
MEMORY INFO:
A: 61.035 MB
B: 61.035 MB
C: 61.035 MB
================================================================================================================================================================================================================
REPETITION: 1/3:
APPROACH 1: QMATMUL_NAIVE_NUMBA_ST...
APPROACH 1: QMATMUL_NAIVE_NUMBA_ST DONE. [time: 640.3342568874359 s, all close: True, d_inf: 0.0, speed-up vs reference: 1.00, reference]
APPROACH 2: QMATMUL_NAIVE_NUMBA_PARALLEL...
APPROACH 2: QMATMUL_NAIVE_NUMBA_PARALLEL DONE. [time: 53.21135187149048 s, all close: True, d_inf: 0.0, speed-up vs reference: 12.03]
APPROACH 3: QMATMUL_DIRECT_NUMPY...
APPROACH 3: QMATMUL_DIRECT_NUMPY DONE. [time: 2.003513813018799 s, all close: True, d_inf: 0.0322265625, speed-up vs reference: 319.61]
APPROACH 4: QMATMUL_ALGO_NUMPY...
APPROACH 4: QMATMUL_ALGO_NUMPY DONE. [time: 1.253793716430664 s, all close: True, d_inf: 0.0341796875, speed-up vs reference: 510.72]
APPROACH 5: QMATMUL_DIRECT_NUMBA_CUDA...
APPROACH 5: QMATMUL_DIRECT_NUMBA_CUDA DONE. [time: 0.34889960289001465 s, all close: True, d_inf: 0.1064453125, speed-up vs reference: 1835.30]
APPROACH 6: QMATMUL_ALGO_NUMBA_CUDA...
APPROACH 6: QMATMUL_ALGO_NUMBA_CUDA DONE. [time: 0.14832353591918945 s, all close: True, d_inf: 0.046875, speed-up vs reference: 4317.15]
REPETITION: 2/3:
APPROACH 1: QMATMUL_NAIVE_NUMBA_ST...
APPROACH 1: QMATMUL_NAIVE_NUMBA_ST DONE. [time: 640.3187720775604 s, all close: True, d_inf: 0.0, speed-up vs reference: 1.00]
APPROACH 2: QMATMUL_NAIVE_NUMBA_PARALLEL...
APPROACH 2: QMATMUL_NAIVE_NUMBA_PARALLEL DONE. [time: 53.39483070373535 s, all close: True, d_inf: 0.0, speed-up vs reference: 11.99]
APPROACH 3: QMATMUL_DIRECT_NUMPY...
APPROACH 3: QMATMUL_DIRECT_NUMPY DONE. [time: 2.0006179809570312 s, all close: True, d_inf: 0.0322265625, speed-up vs reference: 320.07]
APPROACH 4: QMATMUL_ALGO_NUMPY...
APPROACH 4: QMATMUL_ALGO_NUMPY DONE. [time: 1.2499327659606934 s, all close: True, d_inf: 0.0341796875, speed-up vs reference: 512.29]
APPROACH 5: QMATMUL_DIRECT_NUMBA_CUDA...
APPROACH 5: QMATMUL_DIRECT_NUMBA_CUDA DONE. [time: 0.36379218101501465 s, all close: True, d_inf: 0.1064453125, speed-up vs reference: 1760.16]
APPROACH 6: QMATMUL_ALGO_NUMBA_CUDA...
APPROACH 6: QMATMUL_ALGO_NUMBA_CUDA DONE. [time: 0.1478114128112793 s, all close: True, d_inf: 0.046875, speed-up vs reference: 4332.10]
REPETITION: 3/3:
APPROACH 1: QMATMUL_NAIVE_NUMBA_ST...
APPROACH 1: QMATMUL_NAIVE_NUMBA_ST DONE. [time: 640.8645579814911 s, all close: True, d_inf: 0.0, speed-up vs reference: 1.00]
APPROACH 2: QMATMUL_NAIVE_NUMBA_PARALLEL...
APPROACH 2: QMATMUL_NAIVE_NUMBA_PARALLEL DONE. [time: 53.194246768951416 s, all close: True, d_inf: 0.0, speed-up vs reference: 12.04]
APPROACH 3: QMATMUL_DIRECT_NUMPY...
APPROACH 3: QMATMUL_DIRECT_NUMPY DONE. [time: 2.0016074180603027 s, all close: True, d_inf: 0.0322265625, speed-up vs reference: 319.91]
APPROACH 4: QMATMUL_ALGO_NUMPY...
APPROACH 4: QMATMUL_ALGO_NUMPY DONE. [time: 1.2496819496154785 s, all close: True, d_inf: 0.0341796875, speed-up vs reference: 512.40]
APPROACH 5: QMATMUL_DIRECT_NUMBA_CUDA...
APPROACH 5: QMATMUL_DIRECT_NUMBA_CUDA DONE. [time: 0.3390209674835205 s, all close: True, d_inf: 0.1064453125, speed-up vs reference: 1888.77]
APPROACH 6: QMATMUL_ALGO_NUMBA_CUDA...
APPROACH 6: QMATMUL_ALGO_NUMBA_CUDA DONE. [time: 0.1479189395904541 s, all close: True, d_inf: 0.046875, speed-up vs reference: 4328.95]
================================================================================================================================================================================================================
SUMMARY:
APPROACH 1: QMATMUL_NAIVE_NUMBA_ST (REFERENCE) -> MEAN TIME: 640.5058623154958, STD: 0.253714906193373, SPEED-UP: 1.00
APPROACH 2: QMATMUL_NAIVE_NUMBA_PARALLEL -> MEAN TIME: 53.26680978139242, STD: 0.09079340486830541, SPEED-UP: 12.02
APPROACH 3: QMATMUL_DIRECT_NUMPY -> MEAN TIME: 2.001913070678711, STD: 0.001201812097028236, SPEED-UP: 319.95
APPROACH 4: QMATMUL_ALGO_NUMPY -> MEAN TIME: 1.2511361440022786, STD: 0.001881975136010481, SPEED-UP: 511.94
APPROACH 5: QMATMUL_DIRECT_NUMBA_CUDA -> MEAN TIME: 0.3505709171295166, STD: 0.010181624736785745, SPEED-UP: 1827.04
APPROACH 6: QMATMUL_ALGO_NUMBA_CUDA -> MEAN TIME: 0.14801796277364096, STD: 0.0002204869044036124, SPEED-UP: 4327.22
================================================================================================================================================================================================================
QUATERNIONS MAIN DONE. [time: 0.1479189395904541 s]
