QUATERNIONS MAIN...
HASH STRING: 4245543151_09073_044_[100;100;100;10;float32;10;TTTTTT]
================================================================================================================================================================================================================
EXPERIMENT INFO:
{
  M: 100,
  N: 100,
  P: 100,
  SEED: 0,
  RANGE: 10,
  DTYPE: <class 'numpy.float32'>,
  REPETITIONS: 10,
  NUMPY_SINGLE_THREAD: True,
  QMATMUL_NAIVE_NUMBA_ST: (True, 'qmatmul_naive_numba_st_float32'),
  QMATMUL_NAIVE_NUMBA_PARALLEL: (True, 'qmatmul_naive_numba_parallel_float32'),
  QMATMUL_DIRECT_NUMPY: (True, 'qmatmul_direct_numpy'),
  QMATMUL_ALGO_NUMPY: (True, 'qmatmul_algo_numpy'),
  QMATMUL_DIRECT_NUMBA_CUDA: (True, 'qmatmul_direct_numba_cuda_float32'),
  QMATMUL_ALGO_NUMBA_CUDA: (True, 'qmatmul_algo_numba_cuda_float32')
}
================================================================================================================================================================================================================
CPU AND SYSTEM PROPS:
{
  cpu_name: Intel(R) Core(TM) i7-10700 CPU @ 2.90GHz,
  ram_size: 125.7 GB,
  os_name: Linux 6.8.0-71-generic,
  os_version: #71-Ubuntu SMP PREEMPT_DYNAMIC Tue Jul 22 16:52:38 UTC 2025,
  os_machine: x86_64
}
GPU PROPS:
{
  name: NVIDIA GeForce RTX 3090,
  max_threads_per_block: 1024,
  max_block_dim_x: 1024,
  max_block_dim_y: 1024,
  max_block_dim_z: 64,
  max_grid_dim_x: 2147483647,
  max_grid_dim_y: 65535,
  max_grid_dim_z: 65535,
  max_shared_memory_per_block: 49152,
  async_engine_count: 2,
  can_map_host_memory: 1,
  multiprocessor_count: 82,
  warp_size: 32,
  unified_addressing: 1,
  pci_bus_id: 1,
  pci_device_id: 0,
  compute_capability: (8, 6),
  cores_per_SM: 128,
  cores_total: 10496
}
================================================================================================================================================================================================================
MEMORY INFO:
A: 0.153 MB
B: 0.153 MB
C: 0.153 MB
================================================================================================================================================================================================================
REPETITION: 1/10:
APPROACH 1: QMATMUL_NAIVE_NUMBA_ST...
APPROACH 1: QMATMUL_NAIVE_NUMBA_ST DONE. [time: 0.07429647445678711 s, all close: True, d_inf: 0.0, speed-up vs reference: 1.00, reference]
APPROACH 2: QMATMUL_NAIVE_NUMBA_PARALLEL...
APPROACH 2: QMATMUL_NAIVE_NUMBA_PARALLEL DONE. [time: 0.005962371826171875 s, all close: True, d_inf: 0.0, speed-up vs reference: 12.46]
APPROACH 3: QMATMUL_DIRECT_NUMPY...
APPROACH 3: QMATMUL_DIRECT_NUMPY DONE. [time: 0.0006725788116455078 s, all close: True, d_inf: 0.00146484375, speed-up vs reference: 110.47]
APPROACH 4: QMATMUL_ALGO_NUMPY...
APPROACH 4: QMATMUL_ALGO_NUMPY DONE. [time: 0.0006616115570068359 s, all close: True, d_inf: 0.00146484375, speed-up vs reference: 112.30]
APPROACH 5: QMATMUL_DIRECT_NUMBA_CUDA...
APPROACH 5: QMATMUL_DIRECT_NUMBA_CUDA DONE. [time: 0.0015833377838134766 s, all close: True, d_inf: 0.003173828125, speed-up vs reference: 46.92]
APPROACH 6: QMATMUL_ALGO_NUMBA_CUDA...
APPROACH 6: QMATMUL_ALGO_NUMBA_CUDA DONE. [time: 0.002315998077392578 s, all close: True, d_inf: 0.00146484375, speed-up vs reference: 32.08]
REPETITION: 2/10:
APPROACH 1: QMATMUL_NAIVE_NUMBA_ST...
APPROACH 1: QMATMUL_NAIVE_NUMBA_ST DONE. [time: 0.07472801208496094 s, all close: True, d_inf: 0.0, speed-up vs reference: 0.99]
APPROACH 2: QMATMUL_NAIVE_NUMBA_PARALLEL...
APPROACH 2: QMATMUL_NAIVE_NUMBA_PARALLEL DONE. [time: 0.006303310394287109 s, all close: True, d_inf: 0.0, speed-up vs reference: 11.79]
APPROACH 3: QMATMUL_DIRECT_NUMPY...
APPROACH 3: QMATMUL_DIRECT_NUMPY DONE. [time: 0.0005016326904296875 s, all close: True, d_inf: 0.00146484375, speed-up vs reference: 148.11]
APPROACH 4: QMATMUL_ALGO_NUMPY...
APPROACH 4: QMATMUL_ALGO_NUMPY DONE. [time: 0.0004229545593261719 s, all close: True, d_inf: 0.00146484375, speed-up vs reference: 175.66]
APPROACH 5: QMATMUL_DIRECT_NUMBA_CUDA...
APPROACH 5: QMATMUL_DIRECT_NUMBA_CUDA DONE. [time: 0.0009608268737792969 s, all close: True, d_inf: 0.003173828125, speed-up vs reference: 77.33]
APPROACH 6: QMATMUL_ALGO_NUMBA_CUDA...
APPROACH 6: QMATMUL_ALGO_NUMBA_CUDA DONE. [time: 0.0019338130950927734 s, all close: True, d_inf: 0.00146484375, speed-up vs reference: 38.42]
REPETITION: 3/10:
APPROACH 1: QMATMUL_NAIVE_NUMBA_ST...
APPROACH 1: QMATMUL_NAIVE_NUMBA_ST DONE. [time: 0.07473993301391602 s, all close: True, d_inf: 0.0, speed-up vs reference: 0.99]
APPROACH 2: QMATMUL_NAIVE_NUMBA_PARALLEL...
APPROACH 2: QMATMUL_NAIVE_NUMBA_PARALLEL DONE. [time: 0.005837917327880859 s, all close: True, d_inf: 0.0, speed-up vs reference: 12.73]
APPROACH 3: QMATMUL_DIRECT_NUMPY...
APPROACH 3: QMATMUL_DIRECT_NUMPY DONE. [time: 0.0005042552947998047 s, all close: True, d_inf: 0.00146484375, speed-up vs reference: 147.34]
APPROACH 4: QMATMUL_ALGO_NUMPY...
APPROACH 4: QMATMUL_ALGO_NUMPY DONE. [time: 0.0004146099090576172 s, all close: True, d_inf: 0.00146484375, speed-up vs reference: 179.20]
APPROACH 5: QMATMUL_DIRECT_NUMBA_CUDA...
APPROACH 5: QMATMUL_DIRECT_NUMBA_CUDA DONE. [time: 0.001005411148071289 s, all close: True, d_inf: 0.003173828125, speed-up vs reference: 73.90]
APPROACH 6: QMATMUL_ALGO_NUMBA_CUDA...
APPROACH 6: QMATMUL_ALGO_NUMBA_CUDA DONE. [time: 0.001958608627319336 s, all close: True, d_inf: 0.00146484375, speed-up vs reference: 37.93]
REPETITION: 4/10:
APPROACH 1: QMATMUL_NAIVE_NUMBA_ST...
APPROACH 1: QMATMUL_NAIVE_NUMBA_ST DONE. [time: 0.07472062110900879 s, all close: True, d_inf: 0.0, speed-up vs reference: 0.99]
APPROACH 2: QMATMUL_NAIVE_NUMBA_PARALLEL...
APPROACH 2: QMATMUL_NAIVE_NUMBA_PARALLEL DONE. [time: 0.006423234939575195 s, all close: True, d_inf: 0.0, speed-up vs reference: 11.57]
APPROACH 3: QMATMUL_DIRECT_NUMPY...
APPROACH 3: QMATMUL_DIRECT_NUMPY DONE. [time: 0.0005064010620117188 s, all close: True, d_inf: 0.00146484375, speed-up vs reference: 146.71]
APPROACH 4: QMATMUL_ALGO_NUMPY...
APPROACH 4: QMATMUL_ALGO_NUMPY DONE. [time: 0.0004177093505859375 s, all close: True, d_inf: 0.00146484375, speed-up vs reference: 177.87]
APPROACH 5: QMATMUL_DIRECT_NUMBA_CUDA...
APPROACH 5: QMATMUL_DIRECT_NUMBA_CUDA DONE. [time: 0.0009453296661376953 s, all close: True, d_inf: 0.003173828125, speed-up vs reference: 78.59]
APPROACH 6: QMATMUL_ALGO_NUMBA_CUDA...
APPROACH 6: QMATMUL_ALGO_NUMBA_CUDA DONE. [time: 0.0020618438720703125 s, all close: True, d_inf: 0.00146484375, speed-up vs reference: 36.03]
REPETITION: 5/10:
APPROACH 1: QMATMUL_NAIVE_NUMBA_ST...
APPROACH 1: QMATMUL_NAIVE_NUMBA_ST DONE. [time: 0.07472681999206543 s, all close: True, d_inf: 0.0, speed-up vs reference: 0.99]
APPROACH 2: QMATMUL_NAIVE_NUMBA_PARALLEL...
APPROACH 2: QMATMUL_NAIVE_NUMBA_PARALLEL DONE. [time: 0.006250858306884766 s, all close: True, d_inf: 0.0, speed-up vs reference: 11.89]
APPROACH 3: QMATMUL_DIRECT_NUMPY...
APPROACH 3: QMATMUL_DIRECT_NUMPY DONE. [time: 0.0004973411560058594 s, all close: True, d_inf: 0.00146484375, speed-up vs reference: 149.39]
APPROACH 4: QMATMUL_ALGO_NUMPY...
APPROACH 4: QMATMUL_ALGO_NUMPY DONE. [time: 0.0004177093505859375 s, all close: True, d_inf: 0.00146484375, speed-up vs reference: 177.87]
APPROACH 5: QMATMUL_DIRECT_NUMBA_CUDA...
APPROACH 5: QMATMUL_DIRECT_NUMBA_CUDA DONE. [time: 0.000946044921875 s, all close: True, d_inf: 0.003173828125, speed-up vs reference: 78.53]
APPROACH 6: QMATMUL_ALGO_NUMBA_CUDA...
APPROACH 6: QMATMUL_ALGO_NUMBA_CUDA DONE. [time: 0.0019049644470214844 s, all close: True, d_inf: 0.00146484375, speed-up vs reference: 39.00]
REPETITION: 6/10:
APPROACH 1: QMATMUL_NAIVE_NUMBA_ST...
APPROACH 1: QMATMUL_NAIVE_NUMBA_ST DONE. [time: 0.07472538948059082 s, all close: True, d_inf: 0.0, speed-up vs reference: 0.99]
APPROACH 2: QMATMUL_NAIVE_NUMBA_PARALLEL...
APPROACH 2: QMATMUL_NAIVE_NUMBA_PARALLEL DONE. [time: 0.006198406219482422 s, all close: True, d_inf: 0.0, speed-up vs reference: 11.99]
APPROACH 3: QMATMUL_DIRECT_NUMPY...
APPROACH 3: QMATMUL_DIRECT_NUMPY DONE. [time: 0.0005049705505371094 s, all close: True, d_inf: 0.00146484375, speed-up vs reference: 147.13]
APPROACH 4: QMATMUL_ALGO_NUMPY...
APPROACH 4: QMATMUL_ALGO_NUMPY DONE. [time: 0.000415802001953125 s, all close: True, d_inf: 0.00146484375, speed-up vs reference: 178.68]
APPROACH 5: QMATMUL_DIRECT_NUMBA_CUDA...
APPROACH 5: QMATMUL_DIRECT_NUMBA_CUDA DONE. [time: 0.0010035037994384766 s, all close: True, d_inf: 0.003173828125, speed-up vs reference: 74.04]
APPROACH 6: QMATMUL_ALGO_NUMBA_CUDA...
APPROACH 6: QMATMUL_ALGO_NUMBA_CUDA DONE. [time: 0.0019450187683105469 s, all close: True, d_inf: 0.00146484375, speed-up vs reference: 38.20]
REPETITION: 7/10:
APPROACH 1: QMATMUL_NAIVE_NUMBA_ST...
APPROACH 1: QMATMUL_NAIVE_NUMBA_ST DONE. [time: 0.0747368335723877 s, all close: True, d_inf: 0.0, speed-up vs reference: 0.99]
APPROACH 2: QMATMUL_NAIVE_NUMBA_PARALLEL...
APPROACH 2: QMATMUL_NAIVE_NUMBA_PARALLEL DONE. [time: 0.005856990814208984 s, all close: True, d_inf: 0.0, speed-up vs reference: 12.69]
APPROACH 3: QMATMUL_DIRECT_NUMPY...
APPROACH 3: QMATMUL_DIRECT_NUMPY DONE. [time: 0.0004973411560058594 s, all close: True, d_inf: 0.00146484375, speed-up vs reference: 149.39]
APPROACH 4: QMATMUL_ALGO_NUMPY...
APPROACH 4: QMATMUL_ALGO_NUMPY DONE. [time: 0.00041866302490234375 s, all close: True, d_inf: 0.00146484375, speed-up vs reference: 177.46]
APPROACH 5: QMATMUL_DIRECT_NUMBA_CUDA...
APPROACH 5: QMATMUL_DIRECT_NUMBA_CUDA DONE. [time: 0.0010471343994140625 s, all close: True, d_inf: 0.003173828125, speed-up vs reference: 70.95]
APPROACH 6: QMATMUL_ALGO_NUMBA_CUDA...
APPROACH 6: QMATMUL_ALGO_NUMBA_CUDA DONE. [time: 0.002037525177001953 s, all close: True, d_inf: 0.00146484375, speed-up vs reference: 36.46]
REPETITION: 8/10:
APPROACH 1: QMATMUL_NAIVE_NUMBA_ST...
APPROACH 1: QMATMUL_NAIVE_NUMBA_ST DONE. [time: 0.07477068901062012 s, all close: True, d_inf: 0.0, speed-up vs reference: 0.99]
APPROACH 2: QMATMUL_NAIVE_NUMBA_PARALLEL...
APPROACH 2: QMATMUL_NAIVE_NUMBA_PARALLEL DONE. [time: 0.006201028823852539 s, all close: True, d_inf: 0.0, speed-up vs reference: 11.98]
APPROACH 3: QMATMUL_DIRECT_NUMPY...
APPROACH 3: QMATMUL_DIRECT_NUMPY DONE. [time: 0.0005002021789550781 s, all close: True, d_inf: 0.00146484375, speed-up vs reference: 148.53]
APPROACH 4: QMATMUL_ALGO_NUMPY...
APPROACH 4: QMATMUL_ALGO_NUMPY DONE. [time: 0.0004181861877441406 s, all close: True, d_inf: 0.00146484375, speed-up vs reference: 177.66]
APPROACH 5: QMATMUL_DIRECT_NUMBA_CUDA...
APPROACH 5: QMATMUL_DIRECT_NUMBA_CUDA DONE. [time: 0.0009086132049560547 s, all close: True, d_inf: 0.003173828125, speed-up vs reference: 81.77]
APPROACH 6: QMATMUL_ALGO_NUMBA_CUDA...
APPROACH 6: QMATMUL_ALGO_NUMBA_CUDA DONE. [time: 0.0020682811737060547 s, all close: True, d_inf: 0.00146484375, speed-up vs reference: 35.92]
REPETITION: 9/10:
APPROACH 1: QMATMUL_NAIVE_NUMBA_ST...
APPROACH 1: QMATMUL_NAIVE_NUMBA_ST DONE. [time: 0.0747380256652832 s, all close: True, d_inf: 0.0, speed-up vs reference: 0.99]
APPROACH 2: QMATMUL_NAIVE_NUMBA_PARALLEL...
APPROACH 2: QMATMUL_NAIVE_NUMBA_PARALLEL DONE. [time: 0.005892276763916016 s, all close: True, d_inf: 0.0, speed-up vs reference: 12.61]
APPROACH 3: QMATMUL_DIRECT_NUMPY...
APPROACH 3: QMATMUL_DIRECT_NUMPY DONE. [time: 0.0005042552947998047 s, all close: True, d_inf: 0.00146484375, speed-up vs reference: 147.34]
APPROACH 4: QMATMUL_ALGO_NUMPY...
APPROACH 4: QMATMUL_ALGO_NUMPY DONE. [time: 0.0004162788391113281 s, all close: True, d_inf: 0.00146484375, speed-up vs reference: 178.48]
APPROACH 5: QMATMUL_DIRECT_NUMBA_CUDA...
APPROACH 5: QMATMUL_DIRECT_NUMBA_CUDA DONE. [time: 0.0009059906005859375 s, all close: True, d_inf: 0.003173828125, speed-up vs reference: 82.01]
APPROACH 6: QMATMUL_ALGO_NUMBA_CUDA...
APPROACH 6: QMATMUL_ALGO_NUMBA_CUDA DONE. [time: 0.002007007598876953 s, all close: True, d_inf: 0.00146484375, speed-up vs reference: 37.02]
REPETITION: 10/10:
APPROACH 1: QMATMUL_NAIVE_NUMBA_ST...
APPROACH 1: QMATMUL_NAIVE_NUMBA_ST DONE. [time: 0.07471632957458496 s, all close: True, d_inf: 0.0, speed-up vs reference: 0.99]
APPROACH 2: QMATMUL_NAIVE_NUMBA_PARALLEL...
APPROACH 2: QMATMUL_NAIVE_NUMBA_PARALLEL DONE. [time: 0.006256818771362305 s, all close: True, d_inf: 0.0, speed-up vs reference: 11.87]
APPROACH 3: QMATMUL_DIRECT_NUMPY...
APPROACH 3: QMATMUL_DIRECT_NUMPY DONE. [time: 0.0005006790161132812 s, all close: True, d_inf: 0.00146484375, speed-up vs reference: 148.39]
APPROACH 4: QMATMUL_ALGO_NUMPY...
APPROACH 4: QMATMUL_ALGO_NUMPY DONE. [time: 0.0004191398620605469 s, all close: True, d_inf: 0.00146484375, speed-up vs reference: 177.26]
APPROACH 5: QMATMUL_DIRECT_NUMBA_CUDA...
APPROACH 5: QMATMUL_DIRECT_NUMBA_CUDA DONE. [time: 0.0009028911590576172 s, all close: True, d_inf: 0.003173828125, speed-up vs reference: 82.29]
APPROACH 6: QMATMUL_ALGO_NUMBA_CUDA...
APPROACH 6: QMATMUL_ALGO_NUMBA_CUDA DONE. [time: 0.0021202564239501953 s, all close: True, d_inf: 0.00146484375, speed-up vs reference: 35.04]
================================================================================================================================================================================================================
SUMMARY:
APPROACH 1: QMATMUL_NAIVE_NUMBA_ST (REFERENCE) -> MEAN TIME: 0.07468991279602051, STD: 0.0001319280455505028, SPEED-UP: 1.00
APPROACH 2: QMATMUL_NAIVE_NUMBA_PARALLEL -> MEAN TIME: 0.006118321418762207, STD: 0.000199882818237766, SPEED-UP: 12.21
APPROACH 3: QMATMUL_DIRECT_NUMPY -> MEAN TIME: 0.000518965721130371, STD: 5.128904561817606e-05, SPEED-UP: 143.92
APPROACH 4: QMATMUL_ALGO_NUMPY -> MEAN TIME: 0.00044226646423339844, STD: 7.314626054413022e-05, SPEED-UP: 168.88
APPROACH 5: QMATMUL_DIRECT_NUMBA_CUDA -> MEAN TIME: 0.0010209083557128906, STD: 0.0001929322563839684, SPEED-UP: 73.16
APPROACH 6: QMATMUL_ALGO_NUMBA_CUDA -> MEAN TIME: 0.0020353317260742186, STD: 0.00011398506769364216, SPEED-UP: 36.70
================================================================================================================================================================================================================
QUATERNIONS MAIN DONE. [time: 1.938295841217041 s]
