QUATERNIONS MAIN...
HASH STRING: 4251119333_67238_901_[3000;3500;4000;10;float32;3;FFFTTT]
================================================================================================================================================================================================================
EXPERIMENT INFO:
{
  M: 3000,
  N: 3500,
  P: 4000,
  SEED: 0,
  RANGE: 10,
  DTYPE: <class 'numpy.float32'>,
  REPETITIONS: 3,
  NUMPY_SINGLE_THREAD: True,
  QMATMUL_NAIVE_NUMBA_ST: (False, 'qmatmul_naive_numba_st_float32'),
  QMATMUL_NAIVE_NUMBA_PARALLEL: (False, 'qmatmul_naive_numba_parallel_float32'),
  QMATMUL_DIRECT_NUMPY: (False, 'qmatmul_direct_numpy'),
  QMATMUL_ALGO_NUMPY: (True, 'qmatmul_algo_numpy'),
  QMATMUL_DIRECT_NUMBA_CUDA: (True, 'qmatmul_direct_numba_cuda_float32'),
  QMATMUL_ALGO_NUMBA_CUDA: (True, 'qmatmul_algo_numba_cuda_float32')
}
================================================================================================================================================================================================================
CPU AND SYSTEM PROPS:
{
  cpu_name: AMD Ryzen 9 9950X 16-Core Processor,
  ram_size: 123.4 GB,
  os_name: Linux 6.14.0-37-generic,
  os_version: #37~24.04.1-Ubuntu SMP PREEMPT_DYNAMIC Thu Nov 20 10:25:38 UTC 2,
  os_machine: x86_64
}
GPU PROPS:
{
  name: NVIDIA GeForce RTX 5090,
  max_threads_per_block: 1024,
  max_block_dim_x: 1024,
  max_block_dim_y: 1024,
  max_block_dim_z: 64,
  max_grid_dim_x: 2147483647,
  max_grid_dim_y: 65535,
  max_grid_dim_z: 65535,
  max_shared_memory_per_block: 49152,
  async_engine_count: 2,
  can_map_host_memory: 1,
  multiprocessor_count: 170,
  warp_size: 32,
  unified_addressing: 1,
  pci_bus_id: 1,
  pci_device_id: 0,
  compute_capability: ComputeCapability(major=12, minor=0),
  cores_per_SM: 128,
  cores_total: 21760
}
================================================================================================================================================================================================================
MEMORY INFO:
A: 160.217 MB
B: 213.623 MB
C: 183.105 MB
================================================================================================================================================================================================================
REPETITION: 1/3:
APPROACH 1: QMATMUL_NAIVE_NUMBA_ST OFF.
APPROACH 2: QMATMUL_NAIVE_NUMBA_PARALLEL OFF.
APPROACH 3: QMATMUL_DIRECT_NUMPY OFF.
APPROACH 4: QMATMUL_ALGO_NUMPY...
APPROACH 4: QMATMUL_ALGO_NUMPY DONE. [time: 2.619462728500366 s, all close: True, d_inf: 0.0, speed-up vs reference: 1.00, reference]
APPROACH 5: QMATMUL_DIRECT_NUMBA_CUDA...
APPROACH 5: QMATMUL_DIRECT_NUMBA_CUDA DONE. [time: 0.6910338401794434 s, all close: True, d_inf: 0.123046875, speed-up vs reference: 3.79]
APPROACH 6: QMATMUL_ALGO_NUMBA_CUDA...
QMATMUL_ALGO_NUMBA_CUDA_FLOAT32...
[time stacks: 0.030022382736206055 s, tpb: 512]
[time h4s: 0.0006682872772216797 s, tpb: (8, 8)]
[time d4: 0.07830643653869629 s, bpg: (500, 375, 4), tpb: (8, 8)]
[time h4d4: 0.0003762245178222656 s, bpg: (500, 375), tpb: (8, 8)]
[time a4lb4l: 0.0795283317565918 s, bpg: (500, 375, 4), tpb: (8, 8)]
[time sub: 0.0010488033294677734 s, bpg: (1500, 500), tpb: (8, 8)]
[time c: 0.02068948745727539 s, bpg: 93750, tpb: 512]
QMATMUL_ALGO_NUMBA_CUDA_FLOAT32 DONE. [time: 0.21080350875854492 s]
APPROACH 6: QMATMUL_ALGO_NUMBA_CUDA DONE. [time: 0.21670174598693848 s, all close: True, d_inf: 0.0654296875, speed-up vs reference: 12.09]
REPETITION: 2/3:
APPROACH 1: QMATMUL_NAIVE_NUMBA_ST OFF.
APPROACH 2: QMATMUL_NAIVE_NUMBA_PARALLEL OFF.
APPROACH 3: QMATMUL_DIRECT_NUMPY OFF.
APPROACH 4: QMATMUL_ALGO_NUMPY...
APPROACH 4: QMATMUL_ALGO_NUMPY DONE. [time: 2.6294965744018555 s, all close: True, d_inf: 0.0, speed-up vs reference: 1.00]
APPROACH 5: QMATMUL_DIRECT_NUMBA_CUDA...
APPROACH 5: QMATMUL_DIRECT_NUMBA_CUDA DONE. [time: 0.6937830448150635 s, all close: True, d_inf: 0.123046875, speed-up vs reference: 3.78]
APPROACH 6: QMATMUL_ALGO_NUMBA_CUDA...
QMATMUL_ALGO_NUMBA_CUDA_FLOAT32...
[time stacks: 0.03051471710205078 s, tpb: 512]
[time h4s: 0.0006232261657714844 s, tpb: (8, 8)]
[time d4: 0.07829928398132324 s, bpg: (500, 375, 4), tpb: (8, 8)]
[time h4d4: 0.00032782554626464844 s, bpg: (500, 375), tpb: (8, 8)]
[time a4lb4l: 0.0794675350189209 s, bpg: (500, 375, 4), tpb: (8, 8)]
[time sub: 0.0012488365173339844 s, bpg: (1500, 500), tpb: (8, 8)]
[time c: 0.021794795989990234 s, bpg: 93750, tpb: 512]
QMATMUL_ALGO_NUMBA_CUDA_FLOAT32 DONE. [time: 0.21245956420898438 s]
APPROACH 6: QMATMUL_ALGO_NUMBA_CUDA DONE. [time: 0.21835827827453613 s, all close: True, d_inf: 0.0654296875, speed-up vs reference: 12.00]
REPETITION: 3/3:
APPROACH 1: QMATMUL_NAIVE_NUMBA_ST OFF.
APPROACH 2: QMATMUL_NAIVE_NUMBA_PARALLEL OFF.
APPROACH 3: QMATMUL_DIRECT_NUMPY OFF.
APPROACH 4: QMATMUL_ALGO_NUMPY...
APPROACH 4: QMATMUL_ALGO_NUMPY DONE. [time: 2.6249160766601562 s, all close: True, d_inf: 0.0, speed-up vs reference: 1.00]
APPROACH 5: QMATMUL_DIRECT_NUMBA_CUDA...
APPROACH 5: QMATMUL_DIRECT_NUMBA_CUDA DONE. [time: 0.6947100162506104 s, all close: True, d_inf: 0.123046875, speed-up vs reference: 3.77]
APPROACH 6: QMATMUL_ALGO_NUMBA_CUDA...
QMATMUL_ALGO_NUMBA_CUDA_FLOAT32...
[time stacks: 0.030109167098999023 s, tpb: 512]
[time h4s: 0.0007138252258300781 s, tpb: (8, 8)]
[time d4: 0.0782926082611084 s, bpg: (500, 375, 4), tpb: (8, 8)]
[time h4d4: 0.00035190582275390625 s, bpg: (500, 375), tpb: (8, 8)]
[time a4lb4l: 0.07967138290405273 s, bpg: (500, 375, 4), tpb: (8, 8)]
[time sub: 0.001058340072631836 s, bpg: (1500, 500), tpb: (8, 8)]
[time c: 0.02070450782775879 s, bpg: 93750, tpb: 512]
QMATMUL_ALGO_NUMBA_CUDA_FLOAT32 DONE. [time: 0.21108198165893555 s]
APPROACH 6: QMATMUL_ALGO_NUMBA_CUDA DONE. [time: 0.21689486503601074 s, all close: True, d_inf: 0.0654296875, speed-up vs reference: 12.08]
================================================================================================================================================================================================================
SUMMARY:
APPROACH 1: QMATMUL_NAIVE_NUMBA_ST OFF.
APPROACH 2: QMATMUL_NAIVE_NUMBA_PARALLEL OFF.
APPROACH 3: QMATMUL_DIRECT_NUMPY OFF.
APPROACH 4: QMATMUL_ALGO_NUMPY (REFERENCE) -> MEAN TIME: 2.6246251265207925, STD: 0.0041014635502793365, SPEED-UP: 1.00
APPROACH 5: QMATMUL_DIRECT_NUMBA_CUDA -> MEAN TIME: 0.6931756337483724, STD: 0.0015610421261685612, SPEED-UP: 3.79
APPROACH 6: QMATMUL_ALGO_NUMBA_CUDA -> MEAN TIME: 0.21731829643249512, STD: 0.0007395924173083046, SPEED-UP: 12.08
================================================================================================================================================================================================================
QUATERNIONS MAIN DONE. [time: 13.626763582229614 s]
